
art. 6 ust. 4
art. 24 ust. 3
art. 30 ust. 1
art. 9 ust. 1
art. 24 ust. 3
art. 28 ust. 3
art. 10 ust. 1
art. 30 ust. 1
art. 12 ust. 3
art. 14 ust. 2
art. 10 ust. 1
 ust. 3
art. 21 ust. 1
art. 22 ust. 9
art. 23 ust. 1
art. 24 ust. 3
art. 25 ust. 2
art. 26 ust. 1
art. 24 ust. 3
art. 24 ust. 1
art. 27 ust. 3
art. 30 ust. 4
art. 21 ust. 1
art. 21 ust. 1
art. 14 ust. 1
art. 8 ust. 1
art. 26 ust. 1
art. 26 ust. 2
art. 27 ust. 1
art. 27 ust. 4
art. 32 ust. 1
art. 6 ust. 4
art. 6 ust. 1
art. 33 ust. 2
art. 32 ust. 1
art. 32 ust. 1
art. 32 ust. 3
art. 17 ust. 1
art. 34 ust. 2
art. 32 ust. 1
art. 32 ust. 1
art. 32 ust. 3
art. 32 ust. 3
art. 26 ust. 1
art. 32 ust. 1
art. 39 ust. 7
art. 26 ust. 1
art. 6 ust. 4
art. 27 ust. 5
art. 35 ust. 3
art. 32 ust. 1
 ust. 4
art. 32 ust. 3
art. 28 ust. 3
art. 37 ust. 1
art. 31 ust. 1
art. 31 ust. 1
art. 28 ust. 3
art. 26 ust. 1
art. 26 ust. 1
art. 26 ust. 1
art. 13 ust. 4
art. 22 ust. 9
art. 26 ust. 1
art. 30 ust. 1
art. 30 ust. 1
art. 42 ust. 1
art. 41 ust. 1
art. 41 ust. 4
art. 41 ust. 1
art. 44 ust. 2
 ust. 8
art. 45 ust. 1
art. 24 ust. 3
art. 28 ust. 3
art. 26 ust. 1
art. 15 ust. 6
art. 26 ust. 10
art. 53 ust. 2
art. 11 ust. 3
art. 12 ust. 4
 ust. 6
art. 16 ust. 1
art. 12 ust. 4
art. 17 ust. 1
art. 2 ust. 2
art. 18 ust. 1
art. 40 ust. 2
art. 37 ust. 2
art. 2 ust. 1
art. 20 ust. 2
art. 22 ust. 1
art. 22 ust. 1
art. 26 ust. 2
 ust. 2
art. 29 ust. 4
art. 31 ust. 1
art. 36 ust. 1
art. 40 ust. 1
art. 3 ust. 3
 ust. 3
 ust. 3
art. 3 ust. 3
art. 3 ust. 3
art. 3 ust. 3
art. 3 ust. 3
art. 13 ust. 3
art. 3 ust. 3
art. 3 
art. 9 ust. 1
art. 27 ust. 1
art. 32 ust. 1
art. 34 ust. 3
art. 26 ust. 1
art. 26 ust. 6
art. 26 ust. 1
art. 26 ust. 10
art. 37 ust. 3
art. 22 ust. 1
art. 3 ust. 3
art. 3 ust. 3
