
art. 3 ust. 1
art. 6 ust. 4
art. 21 ust. 2
art. 7 ust. 1
art. 12 ust. 1
art. 9 ust. 1
art. 10 ust. 2
art. 7 ust. 1
art. 2 ust. 1
art. 18 ust. 3
 ust. 1
art. 16 ust. 1
 ust. 1
art. 2 ust. 1
 ust. 6
 ust. 6
 ust. 3
 ust. 1
 ust. 1
art. 5 ust. 2
art. 15 ust. 1
art. 19 ust. 2
art. 14 ust. 3
art. 20 ust. 3
art. 21 ust. 3
art. 2 ust. 1
art. 21 ust. 4
art. 18 ust. 1
art. 21 ust. 3
art. 7 ust. 1
art. 25 ust. 2
art. 25 ust. 1
art. 14 ust. 3
art. 32 ust. 2
art. 21 ust. 3
art. 2 ust. 3
art. 2 ust. 3
art. 26 ust. 1
art. 27 ust. 1
art. 14 ust. 1
art. 14 ust. 1
art. 14 ust. 1
art. 14 ust. 1
art. 29 ust. 4
art. 30 ust. 1
art. 32 ust. 1
art. 2 ust. 3
art. 33 ust. 1
art. 34 ust. 2
art. 36 ust. 2
 ust. 5
art. 37 ust. 1
art. 36 ust. 2
art. 36 ust. 2
art. 39 ust. 1
art. 2 ust. 1
 ust. 1
art. 49 ust. 1
art. 21 ust. 6
art. 51 ust. 1
art. 54 ust. 2
