
art. 28 ust. 1
art. 10 ust. 4
art. 7 ust. 1
art. 36 ust. 1
art. 5 ust. 1
ust. 1

art. 32 ust. 1
art. 32 ust. 1
art. 30 ust. 2
art. 35 ust. 3
art. 35 ust. 3
art. 1 ust. 1
art. 1 ust. 3
ust. 1
art. 17 ust. 4
art. 17 ust. 1
art. 17 ust. 57
ust. 1

art. 5 ust. 2
art. 8 ust. 2
 ust. 2
art. 16 ust. 1
art. 16 ust. 1
art. 17 ust. 1
art. 17 ust. 1
art. 16 ust. 2
art. 57 ust. 1
art. 28 ust. 2
art. 17 ust. 2
art. 24 ust. 1
art. 17 ust. 4
art. 6 ust. 1
art. 6 ust. 2
art. 17 ust. 5
art. 6 ust. 4
art. 30 ust. 3
art. 30 ust. 4
art. 103 ust. 2
art. 17 ust. 4
art. 13 ust. 1
art. 17 ust. 6
art. 121 ust. 1
art. 57 ust. 2
art. 2 ust. 2
art. 2 
ust. 1
art. 9 ust. 1
art. 9 ust. 1
art. 32 ust. 1
ust. 1

art. 14 ust. 1
art. 29 ust. 2
art. 52 ust. 1
art. 56 ust.1
art. 231 ust. 3
art. 231 
art. 411 ust. 1
art. 8 ust. 4
art. 8 
art. 49 ust. 1
art. 60 ust. 1
art. 25 ust. 1
ust. 1

ust. 1

ust. 1

art. 26 ust. 1
art. 26 ust. 2
 ust. 2
 
 ust. 1
ust. 1

art. 56 ust. 3
art. 101 ust. 3
art. 102 ust. 3
art. 62 ust. 1
art. 62 
art. 2 ust. 4
ust. 4

art. 6 ust. 6
art. 22 ust. 1
art. 4 ust. 1
art. 25 ust. 1
art. 8 ust. 1
art. 8 
art. 20 ust. 2
art. 49 ust. 2
ust. 1

art. 109 ust. 3
