
art. 7 ust. 1
art. 10 ust. 1
art. 13 ust. 1
art. 13 ust. 1
art. 14 ust. 1
art. 17 ust. 1
art. 20 ust. 1
art. 21 ust. 3
art. 22 ust. 2
art. 23 ust. 1
art. 24 ust. 1
art. 26 ust. 3
art. 27 ust. 2
art. 28 ust. 2
art. 29 ust. 1
art. 36 ust. 2
art. 37 ust. 1
art. 38 ust. 1
art. 7 ust. 6
art. 7 ust. 2
art. 20 ust. 4
art. 21 ust. 3
art. 22 ust. 2
art. 23 ust. 2
art. 24 ust. 2
art. 26 ust. 2
art. 30 ust. 1
art. 31 ust. 4
art. 36 ust. 7
art. 31 ust. 3
art. 30 ust. 1
art. 31 ust. 3
art. 10 ust. 2
art. 13 ust. 3
art. 7 ust. 2
