
art. 2 ust. 3
art. 3 ust. 1
art. 5 ust. 5
art. 6 ust. 4
art. 6 ust. 1
art. 14 ust. 1
 ust. 1
art. 2 ust. 1
 ust. 1
art. 15 ust. 3
art. 21 ust. 1
 ust. 1
art. 7 ust. 1
art. 12 ust. 1
art. 17 ust. 1
art. 20 ust. 1
art. 12 ust. 1
art. 13 ust. 1
art. 13 
art. 17 ust. 1
art. 10 ust. 2
art. 11 ust. 1
art. 11 
 ust. 1
art. 19 ust. 2
art. 14 ust. 1
art. 18 ust. 4
art. 27 ust. 4
art. 19 ust. 3
art. 6 ust. 8
art. 21 ust. 6
art. 37 ust. 1
art. 38 ust. 1
art. 35 ust. 2
art. 51 ust. 1
art. 54 ust. 1
art. 18 ust. 1
art. 55 ust. 2
