
art. 80 ust. 1
art. 2 ust. 1
ust. 1

 ust. 1
art. 15 ust. 3
art. 28 ust. 1
ust. 1

 ust. 1
ust. 1

 ust. 1
art. 17 ust. 2
 ust. 1
 
 ust. 1
 ust. 5
 
art. 5 ust. 2
 ust. 1
ust. 4

ust. 3

art. 31 ust. 2
art. 32 ust. 1
ust. 1

art. 28 ust. 1
ust. 1

art. 29 ust. 3
art. 33 ust. 4
art. 40 ust. 1
art. 28 ust. 3
art. 42 ust. 4
art. 42 ust. 4
art. 12 ust. 2
art. 64 ust. 1
art. 35 ust. 3
art. 37 ust. 1
 ust. 2
 
art. 12 ust. 2
art. 63 ust. 3
art. 64 ust. 1
art. 50 ust. 2
 ust. 1
ust. 2
 ust. 3
art. 51 ust. 3
art. 52 ust. 2
 ust. 1
art. 51 ust. 1
 ust. 1
ust. 1
art. 64 ust. 1
art. 64 ust. 1
art. 10 ust. 1
art. 14 ust. 4
art. 15 ust. 3
ust. 1

 ust. 2
 
ust. 1

art. 2 ust. 1
art. 2 ust. 1
art. 80 ust. 3
art. 11 ust. 3
art. 42 ust. 7
art. 50 ust. 1
art. 51 ust. 2
art. 51 
art. 26 ust. 1
art. 20 ust. 2
art. 41 ust. 3
art. 29 ust. 2
art. 30 ust. 2
art. 61 ust. 2
art. 45 ust. 2
