
art. 7 ust. 1
ust. 2

art. 14 ust. 4
art. 14 ust. 1
art. 11 ust. 3
art. 22 ust. 2
 ust. 1
 
art. 25 ust. 3
ust. 1
art. 31 ust. 1
art. 35 ust. 3
art. 31 ust. 1
 ust. 2
art. 31 ust. 1
art. 31 ust. 2
ust. 2
art. 13 ust. 4
art. 31 ust. 4
art. 31 ust. 3
art. 43 ust. 1
ust. 2

art. 49 ust. 2
art. 49 ust. 1
art. 44 ust. 1
 ust. 1
art. 45 ust. 3
ust. 2

 ust. 1
 ust. 1
art. 74 ust. 1
art. 74 
 ust. 1
 ust. 4
art. 68 ust. 1
art. 68 ust. 4
art. 82 ust. 1
ust. 2
art. 31 ust. 3
art. 131 ust. 2
art. 31 ust. 2
ust. 1
art. 52 ust. 2
ust. 2
art. 35 ust. 2
art. 174 ust. 3
art. 120 ust. 1
art. 13 ust. 3
art. 125 ust. 1
art. 19 ust. 2
art. 129 ust. 1
art. 131 ust. 2
art. 169 ust. 1
ust. 1
art. 31 ust. 4
art. 39 ust. 3
ust. 2

art. 41 ust. 1
art. 45 ust. 1
art. 46 ust. 1
ust. 3
art. 169 ust. 1
art. 67 ust. 2
art. 122 ust. 2
art. 76 ust. 1
art. 78 ust.3
art. 129 ust. 1
art. 169 ust. 1
art. 169 ust. 1
art. 169 ust. 7
art. 131 ust. 2
ust. 2

art. 174 ust. 2
art. 154 ust. 1
art. 176 ust. 2
ust. 1
art. 49 ust.2
art. 31 ust. 4
art. 69 ust. 2
art. 67 ust. 2
art. 222 ust. 3
art. 223 ust. 2
art. 224 ust. 1
art. 223 ust. 2
art. 224 ust. 1
art. 224 ust. 1
art. 224 ust. 1
art. 223 ust. 4
art. 228 ust. 2
ust. 2

art. 223 ust. 4
art. 237 ust. 3
art. 236 ust. 2
art. 246 ust. 1
art. 246 
ust. 1
 ust. 1
art. 207 ust. 2
art. 90 ust.1
art. 192 ust. 1
art. 221 ust. 2
art. 188 ust. 3
art. 264 ust. 2
art. 261 ust. 2
art. 268 ust. 3
art. 248 ust. 1
art. 271 ust. 3
art. 264 ust. 3
art. 269 ust. 3
ust. 1

art. 270 ust. 6
art. 53 ust. 3
art. 264 ust. 3
art. 9 ust. 2
art. 281 ust. 2
art. 281 ust. 2
ust. 2
ust. 2
art. 287 ust. 2
art. 287 ust. 2
art. 299 ust. 6
art. 288 ust. 1
ust. 8
art. 296 ust. 2
ust. 1
art. 305 ust. 3
art. 305 ust. 1
ust.1
art. 305 ust. 1
art. 16 ust. 2
art. 57 ust. 2
art. 37 ust. 2
art. 318 ust. 2
art. 318 ust. 4
art. 261 ust. 2
art. 267 ust. 3
