
art. 1 ust. 2
art. 26 ust. 1
art. 1 ust. 2
 ust. 1
art. 18 ust. 4
art. 57 ust. 1
art. 8 ust. 2
art. 27 ust. 3
art. 2 ust. 1
art. 19 ust. 5
art. 19 ust. 5
art. 25 ust. 2
art. 27 ust. 2
art. 25 ust. 11
art. 25 ust. 4
art. 23 ust. 1
art. 23 ust. 1
art. 24 ust. 3
art. 27 ust. 1
art. 13 ust. 2
art. 27 ust. 4
art. 2 ust. 1
art. 16 ust. 5
art. 16 ust. 5
art. 16 ust. 5
art. 16 ust. 5
art. 16 ust. 5
art. 16 ust. 7
art. 53 ust. 1
art. 16 ust. 4
art. 16 ust. 2
art. 37 ust. 1
ust. 2
ust. 1
art. 48 ust. 2
art. 48 ust. 2
 ust. 1
 
art. 50 ust. 1
ust. 1

art. 57 ust. 1
art. 48 ust. 2
art. 50 ust. 11
art. 10 ust. 8
art. 15 ust. 5
art. 16 ust. 10
art. 16 ust. 1
art. 31 ust. 4
art. 39 ust. 1
art. 47 ust. 2
art. 26 ust. 1
art. 61 ust. 1
art. 15 ust. 2
art. 25 ust. 8
art. 27 ust. 1
