
art. 1 ust. 3
art. 2 ust. 1
art. 7 ust. 2
art. 2 ust. 1
art. 2 ust. 4
art. 3 ust. 3
art. 8 ust. 3
art. 1 ust. 1
art. 4 ust. 1
art. 8 ust. 1
art. 10 ust. 1
art. 13 ust. 1
art. 13 ust. 1
art. 14 ust. 1
art. 15 ust. 1
art. 16 ust. 1
art. 17 ust. 1
art. 16 ust. 1
art. 18 ust. 1
art. 17 ust. 1
art. 276 ust. 1
art. 276 ust. 1
art. 19 ust. 1
art. 19 ust. 2
art. 19 ust. 1
art. 20 ust. 1
art. 1 ust. 2
art. 22 ust. 1
art. 21 ust. 1
art. 14 ust. 4
art. 22 ust. 1
art. 7 ust. 1
art. 7 
art. 7 ust. 2
art. 7 
art. 23 ust. 1
art. 23 
art. 24 ust. 1
art. 24 ust. 3
art. 24 
art. 15 ust. 1
art. 16 ust. 1
art. 25 ust. 1
art. 32 ust. 1
art. 36 ust. 4
art. 38 ust. 2
art. 39 ust. 3
art. 41 ust. 1
art. 42 ust. 2
art. 43 ust. 1
art. 44 ust. 1
art. 41 ust. 2
art. 41 ust. 2
art. 47 ust. 1
art. 48 ust. 2
art. 49 ust. 2
art. 52 ust. 1
art. 71 ust. 1
art. 73 ust. 3
art. 90 ust. 1
art. 91 ust. 2
art. 92 ust. 2
art. 93 ust. 1
art. 94 ust. 1
art. 96 ust. 2
art. 97 ust. 2
art. 108 ust. 1
art. 109 ust. 1
art. 112 ust. 1
art. 114 ust. 1
art. 73 ust. 4
art. 117 ust. 3
art. 41 ust. 2
art. 134 ust. 1
art. 135 ust. 3
art. 19 ust. 1
art. 19 ust. 4
art. 19 ust. 1
art. 1 ust. 1
art. 4 ust. 2
art. 6 ust. 1
art. 7 ust. 1
art. 9 ust. 1
art. 8 ust. 1
art. 1 ust. 2
art. 122 ust. 1
art. 10 ust. 1
art. 10 ust. 2
art. 1 ust. 2
art. 1 ust. 2
art. 13 ust. 1
art. 12 ust. 1
art. 6 ust. 1
art. 13 ust. 1
art. 7 ust. 1
art. 7 
art. 7 ust. 2
art. 7 
art. 18 ust. 5
art. 25 ust. 2
art. 26 ust. 2
art. 29 ust. 1
art. 30 ust. 2
art. 31 ust. 1
art. 32 ust. 1
art. 29 ust. 2
art. 33 ust. 1
art. 29 ust. 2
art. 37 ust. 1
art. 38 ust. 1
art. 50 ust. 1
art. 60 ust. 3
art. 77 ust. 1
art. 78 ust. 2
art. 79 ust. 2
art. 80 ust. 1
art. 81 ust. 1
art. 83 ust. 2
art. 84 ust. 2
art. 95 ust. 1
art. 96 ust. 1
art. 99 ust. 1
art. 101 ust. 1
art. 60 ust. 4
art. 104 ust. 3
art. 29 ust. 2
art. 108 ust. 2
art. 114 ust. 4
art. 120 ust. 3
art. 10 ust. 1
art. 10 ust. 4
art. 10 ust. 1
art. 1 ust. 2
art. 3 ust. 2
art. 4 ust. 1
art. 5 ust. 2
art. 6 ust. 1
art. 9 ust. 1
art. 9 ust. 1
art. 9 ust. 1
art. 7 ust. 1
art. 7 
art. 7 ust. 1
art. 7 
art. 1 ust. 2
art. 1 ust. 2
art. 11 ust. 1
art. 11 ust. 1
art. 23 ust. 1
art. 24 ust. 1
art. 23 ust. 1
 ust. 1
art. 30 ust. 2
art. 31 ust. 1
art. 33 ust. 1
art. 34 ust. 2
art. 35 ust. 3
art. 36 ust. 1
art. 41 ust. 2
art. 42 ust. 2
art. 43 ust. 3
art. 45 ust. 1
art. 46 ust. 2
art. 47 ust. 1
art. 48 ust. 1
art. 45 ust. 2
art. 49 ust. 2
art. 45 ust. 2
art. 55 ust. 1
art. 57 ust. 1
art. 61 ust. 3
art. 65 ust. 2
art. 77 ust. 3
art. 94 ust. 1
art. 95 ust. 2
art. 96 ust. 2
art. 97 ust. 1
art. 98 ust. 2
art. 100 ust. 1
art. 101 ust. 2
art. 112 ust. 1
art. 113 ust. 1
art. 116 ust. 1
art. 118 ust. 1
art. 77 ust. 4
art. 121 ust. 3
art. 45 ust. 2
art. 136 ust. 1
art. 137 ust. 3
art. 9 ust. 1
art. 153 ust. 2
art. 72 ust. 4
art. 112 ust. 4
art. 124 ust. 6
art. 154 ust. 1
art. 154 
art. 70 ust. 6
art. 4 ust. 4
art. 62 ust. 1
art. 62 ust. 1
art. 4 ust. 1
art. 4 ust. 3
art. 6 ust. 2
art. 28 ust. 3
