
art. 3 ust. 1
art. 4 ust. 1
art. 8 ust. 1
art. 10 ust. 1
art. 8 ust. 1
art. 9 ust. 3
art. 11 ust. 2
 ust. 2
 ust. 2
art. 2 ust. 2
art. 2 
art. 11 ust. 8
art. 16 ust. 2
art. 11 ust. 2
art. 11 ust. 3
art. 11 ust. 1
art. 11 
art. 11 ust. 4
art. 11 ust. 1
art. 12 ust. 2
art. 14 ust. 1
art. 10 ust. 1
art. 8 ust. 1
art. 9 ust. 2
art. 15 ust. 1
art. 8 ust. 1
art. 11 ust. 4
art. 11 ust. 4
art. 11 ust. 2
art. 11 ust. 2
art. 11 ust. 2
art. 14 ust. 3
art. 15 ust. 1
art. 16 ust. 1
art. 11 ust. 1
art. 19 ust. 1
art. 19 ust. 1
art. 20 ust. 4
art. 20 ust. 1
art. 20 ust. 1
art. 21 ust. 1
art. 11 ust. 2
art. 11 ust. 4
art. 21 ust. 1
