
art. 12 ust. 1
art. 13 ust. 1
art. 13 ust. 1
art. 13 ust. 1
art. 62 ust. 1
art. 27 ust. 1
art. 9 ust. 2
art. 27 ust. 2
art. 10 ust. 4
art. 12 ust. 2
art. 12 
art. 13 ust. 1
art. 18 ust. 4
art. 14 ust. 1
art. 27 ust. 4
art. 12 ust. 1
art. 14 ust. 1
art. 15 ust. 3
art. 12 ust. 2
art. 13 ust. 1
art. 27 ust. 1
art. 13 ust. 1
art. 18 ust. 1
art. 14 ust. 3
art. 104 ust. 4
 ust. 5
art. 14 ust. 4
 ust. 4
 ust. 5
 ust. 6
art. 27 ust. 2
art. 27 
art. 14 ust. 3
art. 27 ust. 2
art. 27 ust. 2
art. 13 ust. 1
art. 13 ust. 2
art. 13 ust. 1
art. 52 ust. 2
