
art. 2 ust. 1
art. 2 
art. 5 ust. 1
art. 23 ust. 1
art. 8 ust. 3
art. 10 ust. 2
art. 13 ust. 1
art. 13 
art. 14 ust. 3
art. 14 
art. 39 ust. 1
art. 66 ust. 2
art. 70 ust. 2
art. 16 ust. 2
art. 17 ust. 3
art. 20 ust. 1
art. 18 ust. 2
art. 19 ust. 1
art. 6 ust. 6
art. 25 ust. 3
art. 25 ust. 3
art. 41 ust. 1
art. 33 ust. 2
art. 36 ust. 3
art. 38 ust. 1
art. 28 ust. 1
art. 36 ust. 2
art. 42 ust. 2
art. 45 ust. 1
art. 47 ust. 3
art. 55 ust. 8
art. 63 ust. 1
art. 48 ust. 1
art. 59 ust. 2
art. 66 ust. 2
art. 66 ust. 2
 ust. 7
art. 55 ust. 1
art. 52 ust. 1
art. 52 
art. 54 ust. 1
art. 54 
art. 55 ust. 8
art. 59 ust. 1
art. 55 ust. 1
 ust. 6
art. 56 ust. 3
art. 57 ust. 1
art. 55 ust. 1
art. 55 ust. 1
art. 59 ust. 4
art. 60 ust. 3
art. 61 ust. 1
art. 63 ust. 1
art. 64 ust. 1
 ust. 2
art. 66 ust. 1
art. 67 ust. 2
art. 64 ust. 1
art. 64 ust. 1
art. 69 ust. 1
art. 66 ust. 1
art. 72 ust. 2
art. 72 ust. 2
art. 73 ust. 1
art. 66 ust. 2
art. 45 ust. 1
art. 59 ust. 2
art. 64 ust. 1
