
art. 4 ust. 3
art. 11 ust. 2
art. 19 ust. 1
art. 6 ust. 2
art. 6 ust. 2
art. 4 ust. 1
art. 4 ust. 1
art. 4 ust. 1
art. 6 ust. 2
art. 11 ust. 4
art. 13 ust. 1
art. 3642 ust. 1
ust. 1

ust. 1
art. 27 ust. 1
art. 11 ust. 4
art. 12 ust. 1
art. 32 ust. 1
art. 32 ust. 1
art. 11 ust. 4
ust. 1

art. 36 ust. 13
art. 37 ust. 2
art. 37 ust. 2
ust. 2

 ust. 1
 
art. 774 ust. 1
art. 36 ust. 3
art. 38 ust. 1
art. 48 ust. 1
art. 48 
art. 36 ust. 3
art. 38 ust. 1
art. 55 ust. 1
art. 55 
art. 59 ust. 14
art. 57 ust. 2
art. 54 ust. 1
art. 9 ust. 2
art. 11 ust. 2
ust. 3

art. 229 ust. 8
art. 57 ust. 1
ust. 1

art. 61 ust. 1
art. 61 ust. 1
art. 15 ust. 6
art. 61 ust. 1
art. 61 ust. 1
art. 61 ust. 1
art. 51 ust. 1
art. 14 ust. 2
art. 46 ust. 1
art. 3 ust. 3
art. 4 ust. 2
art. 2 ust. 1
art. 2 ust. 3
art. 5 ust. 1
art. 15 ust. 3
art. 13 ust. 3
art. 13 ust. 4
art. 2 ust. 1
art. 15 ust. 3
art. 16 ust. 2
art. 17 ust. 1
art. 17 
art. 20 ust. 1
art. 17 ust. 1
art. 24 ust. 1
art. 26 ust. 1
art. 27 ust. 2
art. 28 ust. 1
art. 32 ust. 3
art. 35 ust. 1
art. 2 ust. 1
art. 6 ust. 2
art. 57 ust. 1
art. 50 ust. 5
art. 20 ust. 1
ust. 1

art. 53 ust. 1
art. 57 ust. 1
art. 1 ust. 2
art. 1 ust. 1
art. 6 ust. 1
art. 3 ust. 1
art. 15 ust. 1
art. 7 ust. 1
art. 23 ust. 1
art. 23 
