
art. 1 ust. 2
art. 3 ust. 2
art. 4 ust. 1
art. 4 
art. 4 ust. 1
art. 4 ust. 1
art. 4 ust. 2
art. 5 ust. 4
art. 7 ust. 1
art. 8 ust. 2
art. 74 ust. 3
art. 9 ust. 1
art. 10 ust. 1
art. 14 ust. 1
art. 18 ust. 2
art. 8 ust. 2
art. 18 ust. 1
art. 19 ust. 1
art. 19 ust. 2
art. 20 ust. 1
art. 21 ust. 1
art. 23 ust. 1
art. 23 ust. 2
art. 24 ust. 2
art. 24 ust. 1
art. 24 ust. 1
art. 25 ust. 1
art. 28 ust. 1
art. 28 ust. 3
art. 24 ust. 6
art. 28 ust. 1
art. 28 ust. 1
art. 28 
art. 28 ust. 2
art. 28 ust. 3
art. 28 ust. 1
art. 30 ust. 2
art. 35 ust. 1
art. 36 ust. 2
art. 37 ust. 1
art. 39 ust. 1
art. 41 ust. 2
art. 52 ust. 1
art. 60 ust. 2
art. 69 ust. 3
art. 72 ust. 1
art. 73 ust. 5
art. 84 ust. 1
art. 89 ust. 1
art. 90 ust. 1
art. 91 ust. 1
art. 92 ust. 1
art. 94 ust. 1
art. 96 ust. 1
art. 97 ust. 1
art. 98 ust. 1
art. 96 ust. 2
art. 97 ust. 1
art. 89 ust. 3
art. 190 ust. 2
art. 194 ust. 1
art. 24 ust. 6
art. 5 ust. 1
art. 5 
art. 34 ust. 3
art. 2 ust. 5
art. 3 ust. 1
art. 3 
art. 3 ust. 1
art. 3 ust. 3
art. 3 ust. 1
art. 3 ust. 2
art. 3 ust. 1
art. 4 ust. 1
art. 5 ust. 4
art. 9 ust. 3
art. 14 ust. 3
art. 15 ust. 3
art. 15 
art. 16 ust. 2
art. 14 ust. 1
art. 21 ust. 1
art. 23 ust. 2
art. 26 ust. 3
art. 27 ust. 2
art. 29 ust. 3
art. 197 ust. 1
art. 30 ust. 1
art. 31 ust. 1
art. 31 
art. 31 ust. 2
art. 29 ust. 3
art. 31 ust. 1
art. 32 ust. 2
art. 36 ust. 2
art. 33 ust. 2
art. 33 
art. 35 ust. 3
art. 42 ust. 4
art. 47 ust. 1
art. 68 ust. 4
art. 75 ust. 1
art. 77 ust. 2
art. 78 ust. 1
art. 79 ust. 2
art. 80 ust. 1
art. 82 ust. 2
art. 84 ust. 1
art. 85 ust. 1
art. 84 ust. 1
art. 77 ust. 3
art. 190 ust. 2
art. 194 ust. 1
art. 29 ust. 6
art. 5 ust. 1
art. 5 
art. 34 ust. 3
art. 92 ust. 2
art. 1 ust. 2
art. 8 ust. 3
art. 24 ust. 4
art. 8 ust. 1
art. 11 ust. 1
art. 12 ust. 1
art. 14 ust. 1
art. 16 ust. 3
art. 19 ust. 2
art. 20 ust. 1
art. 20 
art. 21 ust. 3
art. 21 
art. 23 ust. 1
art. 25 ust. 2
art. 31 ust. 2
art. 32 ust. 2
art. 24 ust. 1
art. 33 ust. 1
art. 32 ust. 2
art. 32 ust. 1
art. 32 ust. 1
art. 197 ust. 1
art. 34 ust. 1
art. 37 ust. 1
art. 37 
art. 38 ust. 2
art. 33 ust. 3
art. 40 ust. 1
art. 46 ust. 2
art. 57 ust. 3
art. 77 ust. 3
art. 80 ust. 2
art. 81 ust. 2
art. 82 ust. 1
art. 82 ust. 1
art. 81 ust. 1
art. 85 ust. 1
art. 86 ust. 1
art. 84 ust. 2
art. 85 ust. 1
art. 84 ust. 2
art. 85 ust. 1
art. 80 ust. 2
art. 190 ust. 2
art. 194 ust. 1
art. 33 ust. 7
art. 5 ust. 1
art. 5 
art. 34 ust. 3
art. 33 ust. 1
art. 88 ust. 3
art. 9 ust. 4
art. 27 ust. 2
art. 26 ust. 1
art. 27 ust. 1
art. 81 ust. 2
art. 90 ust. 2
art. 123 ust. 1
art. 151 ust. 1
art. 178 ust. 3
art. 136 ust. 1
art. 190 ust. 1
art. 197 ust. 1
art. 2 ust. 3
art. 47 ust. 1
art. 73 ust. 3
art. 87 ust. 1
art. 23 ust. 1
art. 16 ust. 1
art. 103 ust. 4
art. 18 ust. 3
art. 19 ust. 2
art. 20 ust. 3
art. 66 ust. 4
art. 2 ust. 1
art. 13 ust. 3
art. 14 ust. 6
art. 17 ust. 1
art. 47 ust. 2
art. 47 ust. 2
art. 4 ust. 3
art. 3 ust. 3
art. 18 ust. 2
art. 21 ust. 2
art. 24 ust. 2
art. 24 ust. 1
art. 25 ust. 5
art. 37 ust. 1
art. 21 ust. 8
art. 23 ust. 2
art. 26 ust. 3
art. 16 ust. 3
art. 23 ust. 4
art. 25 ust. 2
art. 31 ust. 3
art. 9 ust. 4
