
ust. 1

art. 67 ust. 3
art. 49 ust. 1
art. 19 ust. 1
art. 4 ust. 2
art. 35 ust. 1
art. 54 ust. 2
ust. 1
art. 40 ust. 4
art. 53 ust. 1
art. 32 ust. 5
art. 53 ust. 3
art. 35 ust. 2
art. 35 ust. 2
art. 36 ust. 1
art. 37 ust. 2
art. 36 ust. 1
art. 35 ust. 2
art. 58 ust. 2
art. 53 ust. 2
art. 72 ust. 2
art. 29 ust. 1
art. 30 ust. 1
art. 42 ust. 1
art. 48 ust. 1
art. 24 ust. 2
art. 36 ust. 7
art. 36 ust. 7
art. 47 ust. 3
art. 36 ust. 4
art. 42 ust. 1
art. 2 ust. 2
art. 85 ust. 2
art. 4 ust. 1
art. 88 ust. 1
art. 88 
