
art. 2 ust. 1
art. 26 ust. 1
art. 2 ust. 3
art. 5 ust. 1
art. 6 ust. 1
art. 7 ust. 2
art. 8 ust. 2
art. 9 ust. 2
art. 15 ust. 5
art. 12 ust. 5
art. 13 ust. 3
art. 15 ust. 5
art. 16 ust. 1
art. 24 ust. 1
art. 16 ust. 1
art. 15 ust. 3
art. 18 ust. 5
 ust. 1
art. 20 ust. 5
art. 22 ust. 1
art. 23 ust. 1
art. 27 ust. 2
art. 24 ust. 1
art. 23 ust. 1
art. 23 ust. 2
art. 23 ust. 2
art. 37 ust. 1
art. 25 ust. 1
art. 27 ust. 1
art. 28 ust. 1
art. 29 ust. 4
art. 29 ust. 1
art. 30 ust. 1
art. 31 ust. 1
art. 16 ust. 5
art. 16 ust. 6
art. 37 ust. 4
art. 37 ust. 5
art. 37 ust. 4
art. 24 ust. 5
art. 37 ust. 3
art. 24 ust. 1
art. 24 ust. 1
art. 24 ust. 1
art. 37 ust. 2
art. 37 ust. 2
art. 23 ust. 4
art. 27 ust. 1
art. 31 ust. 1
art. 31 ust. 1
art. 2 ust. 1
art. 16 ust. 2
art. 48 ust. 2
art. 50 ust. 13
art. 53 ust. 1
art. 56 ust. 2
art. 57 ust. 1
art. 17 ust. 5
art. 37 ust. 2
art. 27 ust. 3
art. 2 ust. 1
art. 4 ust. 1
art. 10 ust. 1
art. 27 ust. 1
art. 31 ust. 4
art. 21 ust. 1
art. 27 ust. 4
art. 4 ust. 1
art. 4 ust. 1
art. 27 ust. 4
art. 31 ust. 1
art. 4 ust. 1
art. 4 ust. 1
art. 4 ust. 1
art. 4 ust. 1
art. 4 ust. 1
art. 4 ust. 1
art. 4 ust. 1
art. 4 ust. 1
art. 4 ust. 1
art. 27 ust. 1
art. 31 ust. 4
art. 27 ust. 1
art. 31 ust. 4
art. 2 ust. 1
art. 4 ust. 1
art. 4 ust. 1
art. 4 ust. 1
art. 4 ust. 1
art. 4 ust. 1
art. 20 ust. 2
art. 35 ust. 1
art. 43 ust. 6
art. 49 ust. 2
art. 51 ust. 1
art. 8 ust. 3
art. 27 ust. 1
art. 28 ust. 1
art. 27 ust. 2
art. 27 ust. 2
art. 35 ust. 3
art. 25 ust. 6
art. 23 ust. 1
art. 25 ust. 11
art. 27 ust. 1
art. 25 ust. 1
