
art. 25 ust. 3
art. 1 ust. 1
art. 1 ust. 1
art. 4 ust. 2
art. 5 ust. 1
art. 6 ust. 1
art. 6 
art. 10 ust. 2
art. 7 ust. 3
art. 9 ust. 1
art. 10 ust. 2
art. 6 ust. 2
art. 10 ust. 2
art. 18 ust. 3
art. 19 ust. 1
art. 22 ust. 2
art. 20 ust. 1
art. 6 ust. 1
art. 26 ust. 1
art. 23 ust. 1
art. 28 ust. 1
art. 31 ust. 2
art. 23 ust. 1
art. 29 ust. 1
art. 32 ust. 1
art. 1 ust. 2
art. 33 ust. 2
art. 36 ust. 1
 ust. 1
art. 39 ust. 3
art. 42 ust. 3
 ust. 3
 
 ust. 6
 
 ust. 3
art. 42 ust. 6
art. 53 ust. 1
art. 54 ust. 1
art. 56 ust. 2
art. 61 ust. 1
art. 10 ust. 4
art. 64 ust. 1
art. 66 ust. 1
art. 70 ust. 1
art. 72 ust. 1
art. 73 ust. 4
art. 75 ust. 1
art. 6 ust. 1
art. 76 ust. 1
art. 82 ust. 2
art. 83 ust. 1
art. 28 ust. 1
art. 88 ust. 1
art. 20 ust. 1
art. 25 ust. 3
art. 30 ust. 3
art. 30 ust. 3
art. 6 ust. 2
art. 61 ust. 3
art. 47 ust. 1
art. 64 ust. 3
art. 66 ust. 2
