
art. 32 ust. 1
art. 32 ust. 1
art. 6 ust. 1
art. 6 ust. 1
art. 22 ust. 2
art. 10 ust. 2
art. 134 ust. 1
ust. 1

 ust. 1
art. 23 ust. 1
ust. 1

ust. 4

art. 124 ust. 3
art. 122 ust. 2
art. 122 
art. 5 ust. 2
art. 13 ust. 3
art. 25 ust. 2
art. 26 ust. 2
art. 29 ust. 1
art. 38 ust. 8
art. 42 ust. 1
art. 43 ust. 2
art. 38 ust. 3
art. 20 ust. 1
art. 127 ust. 4
art. 10 ust. 2
art. 20 ust. 1
art. 158 ust. 2
art. 164 ust. 1
art. 172 ust. 3
art. 16 ust. 2
art. 16 ust. 3
art. 35 ust. 3
art. 39 ust. 2
art. 35 ust. 3
 ust. 1
art. 33 ust. 1
art. 33 ust. 1
art. 35 ust. 1
art. 35 ust. 3
art. 35 ust. 1
art. 35 
art. 35 ust. 3
 ust. 1
 ust. 2
art. 127 ust. 8
art. 39 ust. 1
art. 16 ust. 1
