
art. 1 ust. 2
art. 2 ust. 2
art. 3 ust. 2
 ust. 1
art. 1 ust. 3
art. 6 ust. 1
 ust. 1
art. 6 ust. 4
art. 6 
art. 12 ust. 1
 ust. 3
art. 13 ust. 2
art. 13 ust. 2
art. 12 ust. 1
art. 6 ust. 1
art. 60 ust. 1
art. 61 ust. 2
 ust. 1
art. 60 ust. 2
art. 62 ust. 1
art. 64 ust. 1
art. 65 ust. 1
art. 66 ust. 4
art. 66 
art. 2 ust. 2
 ust. 1
 
art. 3 ust. 1
art. 5 ust. 1
art. 5 
art. 6 ust. 6
art. 7 ust. 1
art. 10 ust. 1
art. 11 ust. 3
art. 12 ust. 1
art. 13 ust. 2
art. 15 ust. 2
art. 15 ust. 1
art. 20 ust. 1
art. 14 ust. 13
