
art. 6 ust. 2
art. 26 ust. 4
art. 10 ust. 2
art. 26 ust. 1
art. 26 ust. 1
art. 11 ust. 1
art. 19 ust. 2
art. 12 ust. 3
art. 14 ust. 2
 ust. 3
art. 12 ust. 2
art. 16 ust. 1
art. 12 ust. 3
art. 21 ust. 1
art. 23 ust. 5
art. 24 ust. 1
art. 22 ust. 7
 ust. 7
 
 ust. 8
 ust. 7
art. 14 ust. 9
art. 23 ust. 1
art. 41 ust. 1
 ust. 2
 
art. 24 ust. 1
 ust. 5
art. 25 ust. 1
art. 25 
art. 24 ust. 3
art. 24 ust. 1
art. 25 ust. 1
art. 25 
 ust. 1
art. 30 ust. 1
 ust. 1
art. 27 ust. 8
art. 30 ust. 4
art. 26 ust. 1
art. 10 ust. 1
art. 22 ust. 7
art. 14 ust. 5
 ust. 3
 ust. 3
art. 22 ust. 7
 ust. 3
art. 22 ust. 7
 ust. 28
art. 24 ust. 1
art. 14 ust. 28
art. 14 
 ust. 3
art. 10 ust. 1
art. 10 ust. 1
art. 10 ust. 1
art. 10 ust. 1
art. 10 ust. 1
art. 14 ust. 5
art. 14 ust. 5
art. 45 ust. 1
art. 22 ust. 7
art. 27 ust. 1
art. 28 ust. 4
art. 3 ust. 1
art. 27 ust. 2
 ust. 1
 ust. 1
art. 12 ust. 1
 ust. 1
 
art. 27 ust. 1
art. 30 ust. 4
art. 21 ust. 1
art. 21 ust. 1
art. 26 ust. 2
art. 29 ust. 1
art. 30 ust. 4
art. 26 ust. 1
art. 27 ust. 1
art. 26 ust. 2
art. 27 ust. 2
art. 32 ust. 1
art. 33 ust. 2
art. 32 ust. 1
art. 32 ust. 1
art. 34 ust. 2
art. 32 ust. 1
art. 32 ust. 1
art. 26 ust. 1
art. 26 ust. 1
art. 32 ust. 1
art. 32 ust. 1
art. 26 ust. 1
art. 35 ust. 1
art. 32 ust. 1
art. 32 ust. 1
art. 32 ust. 3
art. 37 ust. 1
art. 26 ust. 1
art. 27 ust. 1
art. 22 ust. 11
art. 26 ust. 1
art. 26 ust. 1
art. 34 ust. 5
art. 35 ust. 7
art. 38 ust. 1
art. 31 ust. 1
art. 12 ust. 3
art. 41 ust. 3
art. 27 ust. 13
art. 27 ust. 2
art. 42 ust. 3
art. 41 ust. 1
art. 41 ust. 1
art. 44 ust. 1
art. 26 ust. 3
art. 13 ust. 6
art. 13 
art. 45 ust. 3
art. 24 ust. 3
art. 27 ust. 13
art. 21 ust. 1
art. 26 ust. 1
art. 27 ust. 1
art. 27 ust. 3
art. 27 ust. 1
art. 27 ust. 3
art. 26 ust. 1
art. 26 ust. 9
art. 1 ust. 4
art. 27 ust. 8
art. 26 ust. 1
art. 26 ust. 5
art. 26 ust. 4
art. 27 ust. 7
art. 34 ust. 9
art. 37 ust. 1
art. 23 ust. 1
art. 23 ust. 1
art. 23 ust. 1
art. 26 ust. 13
art. 26 ust. 13
art. 6 ust. 1
art. 42 ust. 2
art. 26 ust. 14
