
ust. 3

art. 8 ust. 4
art. 6 ust. 1
art. 180 ust. 4
art. 180 
 ust. 6
 ust. 6
 ust. 9
 
art. 6 ust. 1
art. 6 ust. 1
art. 6 ust. 1
art. 6 ust. 1
art. 6 ust. 4
art. 6 ust. 1
art. 6 ust. 1
art. 6 ust. 1
art. 6 ust. 1
art. 6 ust. 1
art. 8 ust. 12
art. 6 ust. 1
art. 9 ust. 6
art. 6 ust. 1
art. 6 ust. 1
art. 6 ust. 1
art. 25 ust. 13
art. 25 
art. 16 ust. 1
art. 6 ust. 1
art. 4 ust. 2
art. 6 ust. 1
art. 6 ust. 1
art. 6 ust. 1
art. 7 ust. 3
art. 6 ust. 1
 ust. 9
 ust. 9
 
art. 6 ust. 1
art. 6 ust. 2
art. 6 
 ust.1
art. 18 ust. 1
 ust. 1
art. 14 ust. 2
art. 19 ust. 1
art. 19 ust. 1
art. 112 ust.2
art. 22 ust. 3
ust. 2
art. 83 ust. 5
ust. 3

ust. 2

ust. 1

ust. 1

 ust. 1
art. 33 ust. 1
art. 6 ust. 1
art. 8 ust. 11
art. 6 ust. 1
art. 33 ust. 1
art. 33 ust. 2
 ust. 2
 
art. 36 ust. 2
art. 8 ust. 6
art. 36 ust. 4
art. 111 ust. 1
 ust. 2
 ust. 2
art. 22 ust. 3
 ust. 2
 ust. 3
 
art. 24 ust. 3
art. 43 ust. 4
art. 33 ust. 2
art. 19 ust. 5
art. 42 ust. 6
art. 42 
 ust. 1
 ust. 8
 ust. 11
art. 6 ust. 1
art. 6 ust. 1
ust. 1

art. 33 ust. 3
art. 3 ust. 2
art. 19 ust. 1
art. 41 ust. 6
art. 41 ust. 6
art. 49 ust. 3
art. 33 ust. 3
art. 49 ust. 3
art. 118 ust. 12
art. 41 ust. 8
art. 48 ust. 2
 ust. 15
art. 45 ust. 3
art. 6 ust. 1
art. 24 ust. 1
ust. 1

art. 3 ust. 2
art. 52 ust. 1
art. 6 ust. 1
art. 76 ust. 1
art. 22 ust. 4
art. 63 ust. 2
art. 65 ust. 2
art. 112 ust. 1
ust. 1
ust. 3

art. 64 ust. 2
ust. 1

art. 61 ust. 2
ust. 3

art. 55 ust. 1
art. 55 
ust. 2

ust. 1
art. 89 ust. 1
art. 88 ust. 1
art. 88 ust. 1
ust. 1

art. 9 ust. 1
art. 60 ust. 2
art. 26 ust. 1
art. 32 ust. 2
art. 26 ust. 1
art. 33 ust. 3
art. 26 ust. 1
art. 35 ust. 1
art. 37 ust. 1
art. 26 ust. 1
art. 39 ust. 1
art. 26 ust. 1
art. 6 ust. 1
art. 4 ust. 1
art. 6 ust. 2
art. 6 ust. 2
art. 6 ust. 2
art. 4 ust. 2
art. 4 ust. 2
art. 18 ust. 1
art. 19 ust. 1
art. 31 ust. 1
art. 37 ust. 1
art. 48 ust. 2
art. 49 ust. 1
art. 53 ust. 1
art. 19 ust. 1
art. 56 ust. 1
art. 8 ust. 3
art. 21 ust. 1
art. 8 ust. 2
art. 8 ust. 2
art. 8 ust. 1
art. 8 
art. 19 ust. 1
art. 169 ust. 1
art. 26 ust. 4
art. 25 ust. 2
art. 25 
art. 31 ust. 3
art. 25 ust. 3
art. 22 ust. 3
art. 39 ust. 2
 ust. 3
 ust. 6
 ust. 4
art. 22 ust. 3
 ust. 1
 ust. 8
art. 39 ust. 4
art. 22 ust 1
art. 122 ust. 1
ust. 1

art. 122 ust. 1
art. 55 ust. 1
art. 55 
ust. 1

art. 47 ust. 9
art. 122 ust. 1
art. 29 ust. 1
art. 26 ust. 1
art. 50 ust. 1
art. 47 ust. 4
art. 76 ust. 1
art. 50 ust. 1
art. 24 ust. 2
art. 74 ust. 1
art. 75 ust. 1
art. 109 ust. 2
art. 39 ust. 1
art. 15 ust. 2
art. 22 ust. 1
