
art. 5 ust. 1
art. 14 ust. 3
art. 15 ust. 3
art. 16 ust. 2
art. 19 ust. 1
art. 26 ust. 4
art. 31 ust. 7
art. 37 ust. 3
art. 46 ust. 4
art. 51 ust. 2
art. 53 ust. 2
art. 54 ust. 4
art. 56 ust. 5
art. 60 ust. 1
art. 63 ust. 3
art. 66 ust. 3
art. 69 ust. 2
art. 70 ust. 1
art. 74 ust. 4
art. 76 ust. 2
art. 79 ust. 3
art. 81 ust. 3
art. 82 ust. 3
art. 87 ust. 7
art. 89 ust. 2
art. 90 ust. 1
art. 93 ust. 5
art. 95 ust. 3
art. 106 ust. 1
art. 114 ust. 2
art. 117 ust. 1
art. 121 ust. 2
art. 129 ust. 2
art. 188 ust. 3
art. 192 ust. 2
art. 206 ust. 2
art. 248 ust. 1
art. 6 ust. 2
art. 14 ust. 2
art. 15 ust. 2
art. 18 ust. 2
art. 139 ust. 3
art. 20 ust. 3
art. 35 ust. 1
art. 38 ust. 2
art. 45 ust. 1
art. 54 ust. 2
art. 60 ust. 9
art. 67 ust. 3
art. 68 ust. 1
art. 75 ust. 3
art. 82 ust. 4
art. 86 ust. 3
art. 95 ust. 4
art. 96 ust. 2
art. 109 ust. 2
art. 111 ust. 2
art. 138 ust. 3
art. 139 ust. 4
art. 143 ust. 5
art. 149 ust. 2
art. 158 ust. 2
art. 166 ust. 3
art. 173 ust. 2
art. 174 ust. 2
art. 187 ust. 3
art. 176 ust. 3
art. 188 ust. 4
art. 189 ust. 5
art. 191 ust. 5
art. 193 ust. 1
art. 208 ust. 5
art. 223 ust. 1
art. 1 ust. 1
art. 5 ust. 2
art. 6 ust. 1
art. 2 ust. 2
art. 10 ust. 2
art. 17 ust. 2
art. 32 ust. 2
art. 4 ust. 2
art. 14 ust. 2
art. 20 ust. 3
art. 47 ust. 1
art. 14 ust. 4
art. 15 ust. 9
art. 22 ust. 2
art. 27 ust. 2
art. 35 ust. 3
art. 36 ust. 4
art. 39 ust. 4
art. 70 ust. 2
art. 73 ust. 1
art. 81 ust. 1
art. 83 ust. 2
art. 91 ust. 2
art. 92 ust. 2
art. 94 ust. 2
art. 96 ust. 3
art. 97 ust. 1
art. 111 ust. 2
art. 112 ust. 1
art. 113 ust. 1
art. 120 ust. 2
art. 121 ust. 2
art. 122 ust. 1
art. 1 ust. 4
art. 4 ust. 3
art. 5 ust. 2
art. 10 ust. 1
art. 27 ust. 1
art. 27 
art. 7 ust. 6
art. 8 ust. 3
art. 9 ust. 3
art. 10 ust. 7
art. 10 ust. 6
art. 10 ust. 4
art. 18 ust. 5
art. 21 ust. 2
art. 23 ust. 3
art. 25 ust. 2
art. 34 ust. 3
art. 38 ust. 1
art. 57 ust. 2
art. 58 ust. 2
art. 60 ust. 1
art. 68 ust. 1
art. 70 ust. 2
art. 78 ust. 2
art. 79 ust. 2
art. 81 ust. 2
art. 83 ust. 3
art. 84 ust. 1
art. 78 ust. 1
art. 81 ust. 1
art. 91 ust. 3
art. 98 ust. 2
art. 100 ust. 1
art. 108 ust. 2
art. 109 ust. 1
art. 114 ust. 4
art. 132 ust. 1
art. 3 ust. 1
art. 19 ust. 3
art. 23 ust. 3
art. 24 ust. 2
art. 28 ust. 3
art. 29 ust. 1
art. 29 ust. 2
art. 32 ust. 3
art. 35 ust. 2
art. 36 ust. 4
art. 37 ust. 2
art. 42 ust. 3
art. 44 ust. 2
art. 51 ust. 4
art. 53 ust. 3
art. 56 ust. 2
art. 62 ust. 2
art. 63 ust. 3
art. 65 ust. 5
art. 73 ust. 2
art. 77 ust. 2
art. 78 ust. 2
art. 80 ust. 2
art. 83 ust. 1
art. 88 ust. 2
art. 95 ust. 7
art. 95 ust. 2
art. 96 ust. 2
art. 97 ust. 1
art. 97 ust. 3
art. 105 ust. 2
art. 112 ust. 4
art. 113 ust. 5
art. 121 ust. 1
art. 123 ust. 3
art. 124 ust. 1
art. 3 ust. 3
art. 8 ust. 4
art. 13 ust. 1
art. 35 ust. 3
art. 20 ust. 1
art. 20 ust. 2
art. 30 ust. 2
art. 44 ust. 1
art. 48 ust. 3
art. 49 ust. 2
art. 61 ust. 4
art. 62 ust. 2
art. 77 ust. 2
art. 78 ust. 2
art. 80 ust. 2
art. 63 ust. 1
art. 72 ust. 2
art. 82 ust. 3
art. 83 ust. 1
art. 96 ust. 2
art. 100 ust. 1
art. 98 ust. 1
art. 103 ust. 2
art. 104 ust. 2
art. 106 ust. 1
art. 110 ust. 4
art. 36 ust. 8
art. 20 ust. 4
art. 38 ust. 1
art. 40 ust. 3
art. 104 ust. 8
art. 53 ust. 7
art. 15 ust. 6
art. 20 ust. 4
art. 21 ust. 1
art. 32 ust. 1
art. 41 ust. 3
art. 104 ust. 8
art. 58 ust. 7
art. 19 ust. 6
art. 20 ust. 2
art. 23 ust. 2
art. 58 ust. 5
art. 25 ust. 3
art. 23 ust. 4
art. 23 ust. 5
art. 47 ust. 3
art. 23 ust. 1
art. 23 ust. 1
art. 23 ust. 2
art. 53 ust. 2
art. 56 ust. 1
art. 59 ust. 1
art. 58 ust. 2
art. 23 ust. 1
art. 59 ust. 1
art. 56 ust. 1
art. 56 ust. 1
art. 10 ust. 3
art. 15 ust. 4
art. 43 ust. 2
art. 43 
art. 23 ust. 2
art. 26 ust. 2
art. 27 ust. 2
art. 31 ust. 3
art. 32 ust. 2
art. 34 ust. 4
art. 44 ust. 3
art. 65 ust. 2
art. 69 ust. 4
art. 72 ust. 1
art. 84 ust. 2
art. 88 ust. 2
art. 89 ust. 1
art. 86 ust. 3
art. 90 ust. 2
art. 95 ust. 1
art. 100 ust. 1
art. 101 ust. 2
art. 106 ust. 3
art. 107 ust. 3
art. 108 ust. 3
art. 109 ust. 2
art. 118 ust. 2
art. 119 ust. 2
art. 123 ust. 3
art. 27 ust. 7
