
art. 28 ust. 1
art. 19 ust. 1
art. 3 ust. 1
art. 9 ust. 1
art. 4 ust. 4
art. 5 ust. 1
art. 6 ust. 1
art. 7 ust. 1
art. 7 ust. 217
art. 7 ust. 2
 ust. 4
 ust. 7
art. 63 ust. 4
 ust. 6
 ust. 8
 ust. 6
art. 7 ust. 1
art. 9 ust. 1
art. 14 ust. 3
art. 10 ust. 2
art. 11 ust. 1
art. 14 ust. 2
art. 10 ust. 3
art. 15 ust. 5
art. 17 ust. 2
art. 17 ust. 2
art. 18 ust. 1
art. 19 ust. 1
art. 20 ust. 1
art. 26 ust. 1
art. 27 ust. 2
art. 28 ust. 1
art. 29 ust. 1
art. 34 ust. 1
art. 31 ust. 3
art. 32 ust. 1
art. 34 ust. 1
art. 35 ust. 1
art. 10 ust. 3
art. 36 ust. 3
art. 40 ust. 2
art. 16 ust. 2
art. 45 ust. 1
art. 45 
art. 45 ust. 1
art. 1 ust. 2
art. 21 ust. 1
art. 159 ust. 1
art. 161 ust. 2
ust. 1

art. 37 ust. 2
