
art. 2 ust. 1
art. 2 ust. 2
art. 2 
art. 1 ust. 3
art. 22 ust. 1
art. 40 ust. 1
art. 4 ust. 1
art. 1 ust. 2
art. 93 ust. 2
art. 10 ust. 3
art. 10 ust. 1
art. 36 ust. 2
art. 24 ust. 3
art. 5 ust. 2
art. 7 ust. 2
art. 54 ust. 1
art. 19 ust. 1
art. 40 ust. 3
art. 32 ust. 1
art. 51 ust. 2
art. 38 ust. 1
art. 38 
art. 8 ust. 3
art. 37 ust. 1
art. 70 ust. 2
art. 1 ust. 2
art. 1 
art. 2 ust. 1
art. 28 ust. 1
art. 28 ust. 6
art. 1 ust. 8
art. 1 
art. 1 ust. 4
art. 1 ust. 1
art. 1 
art. 27 ust. 3
art. 27 ust. 3
art. 1 ust. 1
art. 2 ust. 3
art. 5 ust. 1
art. 17 ust. 2
art. 25 ust. 1
art. 20 ust. 1
art. 22 ust. 1
art. 1 ust. 4
art. 1 ust. 1
art. 32 ust. 2
art. 23 ust. 1
art. 24 ust. 1
art. 1 ust. 2
art. 104 ust. 4
art. 22 ust. 1
art. 27 ust. 1
art. 28 ust. 1
art. 11 ust. 1
art. 32 ust. 6
art. 32 ust. 11
art. 28 ust. 1
art. 28 ust. 5
art. 11 ust. 1
art. 31 ust. 1
art. 24 ust. 1
art. 4 ust. 1
