
art. 25 ust. 3
art. 19 ust. 1
art. 19 ust. 1
art. 25 ust. 3
art. 30 ust. 2
art. 25 ust. 4
ust. 2

art. 5 ust. 2
 ust. 4
 
ust. 1
art. 13 ust. 1
art. 6 ust. 4
ust. 3
art. 19 ust. 1
 ust. 2
 
art. 19 ust. 1
art. 24 ust. 1
art. 19 ust. 1
art. 19 ust. 1
art. 19 ust. 1
art. 37 ust. 1
 ust. 3
 
art. 25 ust. 3
art. 25 ust. 3
art. 25 ust. 3
art. 25 ust. 3
art. 25 ust. 4
art. 30 ust. 1
art. 31 ust. 1
art. 37 ust. 1
art. 25 ust. 3
art. 30 ust. 1
art. 25 ust. 3
art. 28 ust. 2
art. 37 ust. 1
art. 25 ust. 3
 ust. 1
 ust. 1
art. 25 ust. 3
art. 25 ust. 3
art. 25 ust. 3
art. 25 ust. 3
art. 25 ust. 3
art. 25 ust. 3
art. 25 ust. 2
art. 25 ust. 3
art. 30 ust. 1
art. 30 ust. 1
art. 25 ust. 4
art. 25 ust. 3
art. 19 ust. 1
art. 40 ust. 1
art. 28 ust. 2
art. 40 ust. 1
art. 25 ust. 3
art. 25 ust. 3
art. 25 ust. 3
art. 13 ust. 1
art. 25 ust. 3
art. 19 ust. 1
art. 51 ust. 1
art. 25 ust. 2
art. 55 ust. 2
art. 30 ust. 1
art. 120 ust. 2
art. 1 ust. 2
art. 6 ust. 4
art. 20 ust. 3
art. 28 ust. 3
art. 30 ust. 1
art. 30 ust. 2
art. 30 ust. 1
art. 51 ust. 2
art. 30 ust. 1
art. 67 ust. 2
art. 30 ust. 1
 ust. 1
art. 68 ust. 5
art. 70 ust. 1
art. 20 ust. 3
art. 68 ust. 6
art. 70 ust. 1
art. 71 ust. 2
art. 67 ust. 1
art. 30 ust. 1
art. 82 ust. 2
art. 30 ust. 1
art. 86 ust. 6
art. 86 ust. 1
art. 86 ust. 4
art. 100 ust. 2
art. 110 ust. 1
art. 30 ust. 1
art. 20 ust. 1
art. 30 ust. 1
art. 20 ust. 2
art. 21 ust. 2
art. 29 ust. 1
art. 30 ust. 1
art. 32 ust. 1
art. 33 ust. 2
art. 38 ust. 3
art. 10 ust. 2
art. 18 ust. 2
art. 10 ust. 2
art. 40 ust. 3
art. 41 ust. 2
art. 50 ust. 1
art. 60 ust. 1
art. 7 ust. 2
art. 20 ust. 1
art. 8 ust. 6
art. 30 ust. 1
art. 11 ust. 3
art. 30 ust. 1
art. 30 ust. 1
art. 30 ust. 1
art. 28 ust. 2
art. 37 ust. 1
art. 37 ust. 1
art. 30 ust. 1
