
art. 1 ust. 2
art. 7 ust. 1
art. 10 ust. 1
art. 11 ust. 1
art. 11 
art. 12 ust. 1
art. 16 ust. 1
art. 17 ust. 1
 ust. 2
 
 ust. 3
art. 17 ust. 1
art. 222 ust. 3
art. 18 ust. 1
art. 7 ust. 3
art. 7 ust. 1
art. 7 ust. 3
art. 7 ust. 1
 ust. 3
art. 18 ust. 2
art. 15 ust. 5
art. 12 ust. 7
 ust. 2
 ust. 2
art. 15 ust. 5
 ust. 2
art. 15 ust. 5
 ust. 28
art. 7 ust. 3
art. 7 ust. 1
art. 12 ust. 28
art. 12 
 ust. 2
art. 12 ust. 7
art. 12 ust. 7
art. 27 ust. 1
art. 15 ust. 5
art. 21 ust. 1
art. 21 ust. 1
art. 26 ust. 1
art. 21 ust. 2
art. 17 ust. 1
art. 17 ust. 1
art. 27 ust. 1
art. 6 ust. 1
art. 40 ust. 2
art. 6 ust. 1
art. 6 ust. 2
art. 28 ust. 1
art. 28 
art. 37 ust. 1
art. 16 ust. 1
art. 16 ust. 1
art. 1 ust. 2
art. 18 ust. 1
art. 16 ust. 1
art. 18 ust. 2
art. 32 ust. 7
art. 18 ust. 7
art. 18 ust. 7
