
art. 73 ust. 1
art. 74 ust. 1
art. 77 ust. 3
art. 78 ust. 3
art. 73 ust. 3
art. 75 ust. 1
art. 73 ust. 5
 ust. 1
art. 25 ust. 1
art. 80 ust. 2
art. 80 
art. 73 ust. 3
art. 73 ust. 5
art. 80 ust. 1
art. 80 ust. 4
art. 80 ust. 1
art. 80 ust. 5
art. 73 ust. 3
art. 89 ust. 2
art. 93 ust. 2
art. 97 ust. 1
art. 100 ust. 1
art. 25 ust. 1
art. 80 ust. 4
art. 100 ust. 1
art. 100 
art. 100 ust. 1
art. 100 ust. 3
art. 100 ust. 1
art. 114 ust. 1
art. 122 ust. 1
art. 138 ust. 1
art. 140 ust. 1
art. 9 ust. 2
art. 60 ust. 2
art. 60 
art. 80 ust. 1
art. 80 ust. 1
art. 80 ust. 1
art. 73 ust. 1
art. 74 ust. 1
art. 77 ust. 3
art. 78 ust. 3
art. 89 ust. 2
art. 93 ust. 2
art. 97 ust. 1
art. 114 ust. 1
art. 122 ust. 1
art. 138 ust. 1
art. 140 ust. 1
art. 3 ust. 2
