
art. 10 ust. 1
art. 13 ust. 4
art. 11 ust. 1
art. 14 ust. 4
art. 23 ust. 1
art. 34 ust. 1
art. 35 ust. 1
art. 35 ust. 1
art. 35 ust. 1
art. 34 ust. 1
art. 37 ust. 2
art. 38 ust. 2
art. 34 ust. 4
art. 34 ust. 1
art. 43 ust. 3
art. 47 ust. 1
art. 48 ust. 1
art. 46 ust. 2
art. 51 ust. 1
art. 53 ust. 1
art. 58 ust. 1
art. 59 ust. 1
art. 59 ust. 3
art. 61 ust. 2
art. 63 ust. 1
art. 68 ust. 1
art. 209 ust. 1
art. 72 ust. 3
art. 73 ust. 3
art. 68 ust. 1
art. 74 ust. 1
art. 73 ust. 3
art. 77 ust. 4
art. 148 ust. 4
art. 79 ust. 7
art. 83 ust. 3
art. 84 ust. 3
art. 85 ust. 1
art. 87 ust. 4
art. 148 ust. 4
art. 93 ust. 1
art. 95 ust. 6
art. 94 ust. 1
art. 96 ust. 3
art. 98 ust. 1
art. 146 ust. 2
art. 148 ust. 1
art. 93 ust. 3
art. 105 ust. 2
art. 106 ust. 1
art. 105 ust. 2
art. 109 ust. 3
art. 113 ust. 5
art. 114 ust. 1
art. 115 ust. 3
art. 114 ust. 4
art. 116 ust. 1
art. 117 ust. 2
art. 118 ust. 1
art. 114 ust. 4
art. 119 ust. 1
art. 107 ust. 2
art. 107 
art. 122 ust. 3
art. 124 ust. 6
art. 124 ust. 3
art. 114 ust. 3
art. 115 ust. 3
art. 118 ust. 2
art. 129 ust. 1
art. 130 ust. 1
art. 131 ust. 5
art. 132 ust. 1
art. 136 ust. 1
art. 137 ust. 2
art. 140 ust. 1
art. 141 ust. 1
art. 140 ust. 3
art. 147 ust. 2
art. 150 ust. 1
 ust. 6
art. 22 ust. 2
art. 174 ust. 6
art. 175 ust. 4
art. 174 ust. 3
art. 174 ust. 6
art. 179 ust. 2
art. 232 ust. 3
art. 180 ust. 1
art. 179 ust. 3
art. 181 ust. 3
art. 180 ust. 1
art. 179 ust. 3
art. 182 ust. 1
art. 183 ust. 1
art. 184 ust. 2
art. 232 ust. 3
art. 185 ust. 2
art. 184 ust. 3
 ust. 4
art. 184 ust. 3
art. 186 ust. 3
art. 185 ust. 1
art. 184 ust. 3
art. 187 ust. 1
art. 188 ust. 1
art. 20 ust. 1
art. 193 ust. 1
art. 194 ust. 1
art. 200 ust. 2
art. 202 ust. 3
art. 41 ust. 1
art. 41 
art. 207 ust. 1
art. 208 ust. 1
art. 199 ust. 1
art. 210 ust. 1
art. 211 ust. 3
art. 34 ust. 1
art. 2 ust. 1
art. 38 ust. 3
art. 217 ust. 1
art. 219 ust. 1
art. 221 ust. 1
art. 72 ust. 3
art. 78 ust. 2
art. 222 ust. 1
art. 223 ust. 1
art. 60 ust. 1
art. 230 ust. 2
art. 191 ust. 4
art. 191 ust. 1
art. 232 ust. 1
art. 179 ust. 2
art. 184 ust. 2
art. 189 ust. 1
art. 189 ust. 1
art. 29 ust. 1
art. 38 ust. 3
art. 2 ust. 1
art. 58 ust. 1
 ust. 3
 
art. 2 ust. 1
art. 22 ust. 2
art. 73 ust. 4
