
art. 2 ust. 1
art. 4 ust. 2
art. 2 ust. 1
art. 6 ust. 1
art. 9 ust. 4
art. 9 ust. 4
art. 11 ust. 2
art. 12 ust. 1
art. 13 ust. 2
art. 14 ust. 1
art. 13 ust. 1
art. 13 ust. 2
art. 16 ust. 1
art. 2 ust. 1
art. 17 ust. 1
art. 19 ust. 2
art. 20 ust. 2
art. 9 ust. 4
art. 23 ust. 3
art. 23 ust. 3
art. 24 ust. 2
art. 24 ust. 2
art. 24 ust. 2
art. 32 ust. 1
art. 33 ust. 1
art. 33 ust. 1
art. 33 ust. 1
art. 33 ust. 1
art. 33 ust. 4
art. 33 ust. 5
art. 10 ust. 3
art. 33 ust. 1
art. 33 ust. 1
art. 33 ust. 4
art. 33 ust. 1
art. 27 ust. 2
art. 33 ust. 1
art. 5 ust. 1
art. 9 ust. 4
art. 10 ust. 2
art. 16 ust. 1
art. 18 ust. 1
art. 17 ust. 1
art. 35 ust. 1
art. 35 ust. 2
art. 35 ust. 1
art. 35 ust. 1
art. 35 ust. 1
art. 2 ust. 1
art. 2 ust. 1
 ust. 1
art. 36 ust. 1
art. 36 ust. 1
art. 36 ust. 1
art. 38 ust. 3
art. 16 ust. 4
art. 39 ust. 1
art. 40 ust. 1
art. 39 ust. 1
art. 1 ust. 1
art. 1 
art. 33 ust. 1
art. 1 ust. 1
