
art. 1 ust. 4
art. 2 ust. 2
art. 3 ust. 1
art. 2 ust. 1
art. 2 ust. 1
art. 2 ust. 1
art. 2 ust. 1
art. 31 ust. 1
art. 1 ust. 1
 ust. 2
art. 2 ust. 3
art. 1 ust. 4
art. 3 ust. 1
art. 3 ust. 4
art. 3 ust. 4
art. 10 ust. 2
art. 3 ust. 1
art. 3 ust. 1
art. 3 ust. 2
art. 3 ust. 1
art. 3 ust. 1
art. 3 ust. 1
art. 3 ust. 1
art. 3 ust. 1
art. 3 ust. 2
art. 3 ust. 2
art. 3 ust. 3
art. 3 ust. 2
art. 3 ust. 2
art. 3 ust. 2
art. 3 ust. 1
art. 3 ust. 1
art. 3 ust. 1
art.3 ust. 3
art. 3 ust. 4
art. 1 ust. 4
art. 3 ust. 4
art. 3 ust. 1
 ust. 1
art. 7 ust. 4
art. 34 ust. 3
art. 7 ust. 2
art. 10 ust. 3
art. 2 ust. 3
art. 3 ust. 3
art. 3 ust. 2
art. 10 ust. 2
art. 1 ust. 1
art. 1 
art. 1 ust. 4
art. 2 ust. 2
art. 2 ust. 2
art. 2 ust. 3
art. 3 ust. 1
art. 3 ust. 1
art. 2 ust. 1
art. 2 
art. 58 ust. 2
art. 2 ust. 2
art. 2 ust. 3
art. 2 ust. 1
art. 2 ust. 2
art. 3 ust 1
