
art. 9 ust. 2
art. 5 ust. 1
art. 6 ust. 2
art. 7 ust. 1
art. 23 ust. 3
art. 7 ust. 2
art. 8 ust. 1
art. 12 ust. 2
art. 14 ust. 1
art. 11 ust. 2
art. 15 ust. 1
art. 21 ust. 1
art. 22 ust. 1
art. 15 ust. 4
art. 17 ust. 2
art. 31 ust. 7
art. 161 ust. 2
art. 170 ust. 2
art. 28 ust. 2
art. 31 ust. 1
art. 51 ust. 3
art. 83 ust. 1
art. 11 ust. 2
art. 13 ust. 1
art. 19 ust. 1
 ust. 2
art. 22 ust. 1
art. 24 ust. 2
art. 25 ust. 1
art. 34 ust. 1
art. 45 ust. 1
art. 69 ust. 1
art. 45 ust. 1
art. 46 ust. 3
art. 46 ust. 1
art. 46 ust. 3
art. 49 ust. 1
art. 46 ust. 3
art. 49 ust. 1
art. 66 ust. 3
art. 77 ust. 1
art. 6 ust. 1
art. 13 ust. 2
art. 18 ust. 1
art. 12 ust. 2
art. 13 ust. 3
art. 75 ust. 1
art. 79 ust. 3
art. 7 ust. 2
art. 21 ust. 3
art. 36 ust. 5
art. 7 ust. 6
art. 5 ust. 3
art. 29 ust. 1
art. 10 ust. 2
art. 22 ust. 5
art. 24 ust. 5
art. 26 ust. 2
art. 2 ust. 1
art. 4 ust. 8
art. 38 ust. 5
art. 33 ust. 2
art. 2 ust. 1
art. 35 ust. 3
art. 36 ust. 1
art. 2 ust. 1
art. 30 ust. 4
art. 59 ust. 2
art. 86 ust. 2
art. 100 ust. 2
art. 117 ust. 2
art. 65 ust. 2
art. 7 ust. 2
art. 70 ust. 5
art. 106 ust. 3
art. 107 ust. 1
art. 108 ust. 1
art. 112 ust. 1
art. 118 ust. 3
art. 118 ust. 2
art. 5 ust. 1
art. 9 ust. 2
art. 14 ust. 2
art. 17 ust. 1
art. 19 ust. 1
art. 8 ust. 1
art. 9 ust. 1
art. 10 ust. 1
art. 11 ust. 1
art. 11 ust. 1
art. 11 ust. 1
art. 12 ust. 2
art. 14 ust. 1
art. 15 ust. 1
art. 15 ust. 1
art. 16 ust. 1
art. 18 ust. 1
art. 19 ust. 1
art. 21 ust. 4
art. 21 ust. 1
art. 18 ust. 1
art. 19 ust. 1
art. 20 ust. 1
art. 20 ust. 1
art. 21 ust. 4
art. 21 ust. 4
art. 3 ust. 2
art. 5 ust. 4
art. 96 ust. 1
art. 28 ust. 3
art. 68 ust. 2
art. 97 ust. 1
art. 1 ust. 3
art. 4 ust. 1
art. 5 ust. 2
art. 11 ust. 2
art. 12 ust. 4
art. 13 ust. 1
art. 11 ust. 4
art. 11 ust. 4
art. 18 ust. 5
art. 25 ust. 2
art. 50 ust. 4
art. 62 ust. 1
art. 68 ust. 1
art. 77 ust. 1
art. 84 ust. 1
art. 77 ust. 1
art. 98 ust. 2
art. 107 ust. 2
art. 6 ust. 2
art. 13 ust. 4
art. 16 ust. 2
art. 33 ust. 2
art. 34 ust. 3
art. 36 ust. 4
art. 43 ust. 2
art. 44 ust. 2
art. 124 ust. 2
art. 10 ust. 1
art. 10 ust. 2
art. 10 ust. 1
art. 11 ust. 4
art. 13 ust. 3
art. 16 ust. 1
art. 17 ust. 2
art. 30 ust. 1
art. 36 ust. 3
art. 57 ust. 2
art. 58 ust. 2
art. 60 ust. 1
art. 70 ust. 2
art. 78 ust. 2
art. 79 ust. 2
art. 81 ust. 2
art. 83 ust. 3
art. 88 ust. 1
art. 90 ust. 2
art. 91 ust. 3
art. 94 ust. 3
art. 97 ust. 1
art. 99 ust. 1
art. 101 ust. 3
art. 103 ust. 3
art. 106 ust. 2
art. 109 ust. 1
art. 60 ust. 1
art. 101 ust. 1
art. 106 ust. 2
art. 5 ust. 3
art. 14 ust. 5
art. 97 ust. 1
art. 18 ust. 3
art. 2 ust. 2
art. 2 ust. 1
art. 379 ust. 1
art. 18 ust. 3
art. 19 ust. 1
art. 20 ust. 1
art. 20 
art. 20 ust. 2
art. 19 ust. 1
art. 39 ust. 1
art. 45 ust. 2
art. 45 ust. 1
art. 2 ust. 1
art. 2 
art. 2 ust. 1
art. 3 ust. 2
art. 9 ust. 1
art. 101 ust. 1
art. 4 ust. 1
art. 7 ust. 8
art. 4 ust. 1
art. 27 ust. 2
art. 70 ust. 1
art. 4 ust. 2
art. 1 ust. 2
art. 5 ust. 2
art. 13 ust. 5
art. 17 ust. 3
art. 23 ust. 4
art. 14 ust. 2
art. 11 ust. 2
art. 12 ust. 1
art. 13 ust. 1
art. 83 ust. 1
art. 3 ust. 1
art. 25 ust. 1
art. 35 ust. 5
art. 25 ust. 4
art. 25 ust. 3
art. 48 ust. 1
art. 5 ust. 1
art. 3 ust. 2
art. 9 ust. 1
art. 10 ust. 1
art. 7 ust. 1
art. 31 ust. 4
art. 36 ust. 2
art. 38 ust. 6
art. 39 ust. 1
art. 45 ust. 2
art. 4 ust. 2
art. 2 ust. 2
art. 28 ust. 1
art. 29 ust. 1
art. 64 ust. 1
art. 65 ust. 1
art. 47 ust. 4
art. 19 ust. 1
art. 14 ust. 3
art. 15 ust. 3
art. 1 ust. 2
art. 58 ust. 2
art. 69 ust. 3
art. 18 ust. 1
art. 29 ust. 9
art. 8 ust. 2
art. 9 ust. 1
art. 10 ust. 7
art. 13 ust. 3
art. 7 ust. 2
art. 10 ust. 3
art. 85 ust. 6
art. 102 ust. 3
art. 19 ust. 2
art. 34 ust. 6
art. 43 ust. 4
art. 45 ust. 4
art. 81 ust. 3
art. 5 ust. 1
art. 56 ust. 1
art. 58 ust. 2
art. 5 ust. 2
art. 8 ust. 4
art. 52 ust. 2
art. 54 ust. 2
art. 57 ust. 3
art. 59 ust. 2
art. 52 ust. 4
art. 61 ust. 2
art. 7 ust. 1
art. 24 ust. 1
art. 4 ust. 1
art. 2 ust. 1
art. 19 ust. 1
art. 23 ust. 2
art. 5 ust. 1
art. 5 ust. 1
art. 2 ust. 2
art. 8 ust. 2
art. 9 ust. 1
art. 11 ust. 1
art. 12 ust. 1
art. 83 ust. 1
art. 17 ust. 4
art. 17 ust. 3
art. 22 ust. 1
art. 24 ust. 3
art. 24 ust. 4
art. 7 ust. 2
art. 3 ust. 6
art. 95 ust. 2
art. 73 ust. 1
art. 73 ust. 1
art. 73 ust. 1
art. 31 ust. 4
art. 38 ust. 6
art. 45 ust. 2
art. 12 ust. 3
art. 15 ust. 2
art. 82 ust. 1
art. 52 ust. 2
art. 73 ust. 1
