
art. 2 ust. 1
art. 3 ust. 1
art. 12 ust. 3
art. 13 ust. 3
art. 16 ust. 5
art. 18 ust. 1
art. 19 ust. 1
art. 24 ust. 1
art. 20 ust. 1
art. 23 ust. 1
art. 25 ust. 2
art. 24 ust. 1
art. 25 ust. 4
art. 25 ust. 1
art. 27 ust. 1
art. 27 ust. 1
art. 26 ust. 1
art. 2 ust. 1
art. 27 ust. 1
art. 23 ust. 1
art. 28 ust. 2
art. 29 ust. 1
art. 30 ust. 1
art. 37 ust. 2
art. 31 ust. 2
art. 35 ust. 1
art. 37 ust. 3
art. 24 ust. 1
art. 16 ust. 4
art. 37 ust. 1
art. 24 ust. 1
art. 16 ust. 4
art. 24 ust. 1
art. 24 ust. 1
art. 37 ust. 1
art. 37 ust. 2
art. 37 ust. 1
art. 37 
art. 37 ust. 1
art. 37 
art. 37 ust. 1
art. 24 ust. 5
art. 47 ust. 5
art. 48 ust. 3
art. 49 ust. 2
art. 50 ust. 13
art. 53 ust. 1
art. 56 ust. 2
art. 57 ust. 1
art. 37 ust. 4
art. 56 ust. 2
art. 31 ust. 6
art. 57 ust. 4
art. 73 ust. 3
art. 84 ust. 1
art. 12 ust. 6
art. 24 ust. 5
art. 49 ust. 2
ust. 1

art. 27 ust. 1
