
art. 11 ust. 1
art. 54 ust. 1
art. 11 ust. 3
art. 41 ust. 2
art. 54 ust. 1
art. 3 ust. 3
art. 143 ust. 2
art. 4 ust. 1
art. 29 ust. 1
art. 29 ust. 1
art. 15 ust. 1
 ust. 2
 
 ust. 1
ust. 1
art. 5 ust. 3
art. 13 ust. 2
art. 14 ust. 2
art. 14 ust. 5
art. 6 ust. 2
art. 11 ust. 2
art. 7 ust. 2
art. 5 ust. 3
art. 17 ust. 1
 ust. 1
art. 3 ust. 2
 ust. 2
 
art. 7 ust. 2
art. 14 ust. 2
art. 13 ust. 3
art. 13 ust. 4
art. 12 ust. 1
art. 12 
art. 17 ust. 1
ust. 1
art. 22 ust. 1
art. 22 ust. 2
art. 15 ust. 4
art. 15 ust. 4
ust. 1

art. 15 ust. 1
art. 15 ust. 1
art. 15 ust. 1
art. 14 ust. 2
art. 14 ust. 2
ust. 1
art. 29 ust. 1
art. 88 ust. 3
art. 9 ust. 2
art. 15 ust. 2
art. 7 ust. 3
art. 11 ust. 3
art. 4 ust. 4
art. 19 ust. 1
art. 22 ust. 2
art. 7 ust. 3
art. 14 ust. 1
art. 15 ust. 1
art. 2 ust. 1
art. 39 ust. 1
art. 51 ust. 3
art. 11 ust. 4
art. 12 ust. 1
art. 12 ust. 1
art. 11 ust. 2
art. 13 ust. 1
art. 80 ust. 2
art. 86 ust. 1
art. 80 ust. 2
art. 80 ust. 2
art. 110 ust. 1
art. 12 ust. 1
 ust. 1
 
art. 9 ust. 3
art. 11 ust. 6
