
art. 5 ust. 1
art. 5 ust. 1
ust. 1
art. 14 ust. 6
art. 11 ust. 1
art. 11 ust. 1
ust. 1
art. 14 ust. 4
art. 23 ust. 1
art. 23 ust. 1
art. 19 ust. 1
art. 10 ust. 1
ust. 1
art. 31 ust. 1
art. 5 ust. 1
art. 31 ust. 1
ust. 1

art. 44 ust. 3
art. 49 ust. 1
art. 5 ust. 1
art. 31 ust. 1
art. 43 ust. 1
 ust. 1
 
art. 23 ust. 1
art. 5 ust. 1
art. 31 ust. 1
art. 15 ust. 1
art. 27 ust. 2
art. 5 ust. 1
art. 31 ust. 1
art. 11 ust. 1
art. 15 ust. 2
art. 44 ust. 1
art. 44 ust. 1
art. 7 ust. 1
art. 12 ust. 2
art. 14 ust. 1
art. 3 ust. 1
art. 1 ust. 1
art. 58 ust. 2
art. 3 ust. 2
art. 7 ust. 1
