
art. 4 ust. 2
art. 7 ust. 2
art. 9 ust. 4
art. 17 ust. 4
art. 13 ust. 1
art. 14 ust. 1
art. 16 ust. 1
art. 15 ust. 3
 ust. 4
art. 17 ust. 1
art. 19 ust. 2
art. 4 ust. 2
art. 4 ust. 2
art. 105 ust. 8
art. 4 ust. 2
art. 22 ust. 2
art. 28 ust. 3
art. 23 ust. 2
 ust. 2
 ust. 3
 ust. 5
art. 25 ust. 2
art. 30 ust. 2
art. 26 ust. 1
 ust. 3
art. 25 ust. 2
art. 2 ust. 1
art. 2 
art. 31 ust. 1
art. 29 ust. 3
art. 27 ust. 2
art. 27 ust. 3
art. 28 ust. 7
art. 27 ust. 1
art. 27 ust. 1
art. 99 ust. 1
art. 27 ust. 1
art. 27 ust. 1
art. 29 ust. 1
art. 33 ust. 1
art. 27 ust. 1
art. 35 ust. 3
art. 28 ust. 1
art. 28 ust. 1
art. 38 ust. 4
 ust. 6
art. 42 ust. 1
art. 26 ust. 1
art. 48 ust. 1
art. 78 ust. 3
art. 105 ust. 1
art. 108 ust. 1
art. 108 ust. 3
art. 111 ust. 1
