
art. 2 ust. 1
art. 1 ust. 1
art. 5 ust. 1
art. 7 ust. 1
art. 11 ust. 1
art. 16 ust. 2
art. 20 ust. 1
art. 20 
art. 23 ust. 1
art. 30 ust. 1
art. 30 ust. 4
art. 29 ust. 3
 ust. 1
art. 31 ust. 1
art. 30 ust. 1
art. 30 ust. 1
art. 30 ust. 4
art. 32 ust. 1
art. 34 ust. 1
art. 36 ust. 1
art. 37 ust. 1
art. 5 ust. 1
art. 42 ust. 2
art. 43 ust. 2
art. 48 ust. 2
art. 51 ust. 2
art. 51 ust. 2
art. 60 ust. 2
art. 63 ust. 1
art. 64 ust. 1
art. 68 ust. 3
art. 69 ust. 1
art. 70 ust. 1
art. 68 ust. 6
art. 15 ust. 1
art. 15 
art. 20 ust. 3
art. 68 ust. 6
art. 71 ust. 2
art. 20 ust. 3
art. 68 ust. 6
art. 70 ust. 1
art. 25 ust. 2
art. 40 ust. 1
art. 71 ust. 1
art. 71 ust. 2
art. 74 ust. 4
art. 76 ust. 1
art. 76 
art. 79 ust. 2
art. 82 ust. 1
art. 84 ust. 1
art. 71 ust. 1
art. 86 ust. 2
art. 86 ust. 2
art. 86 ust. 2
 ust. 4
art. 30 ust. 1
art. 86 ust. 2
art. 86 ust. 1
art. 86 ust. 4
art. 86 ust. 6
art. 86 ust. 2
art. 86 ust. 1
art. 86 ust. 2
art. 86 ust. 3
art. 86 ust. 2
art. 87 ust. 2
art. 87 ust. 1
art. 18 ust. 5
art. 18 
art. 88 ust. 1
art. 88 
art. 88 ust. 1
art. 88 ust. 5
art. 88 
art. 88 ust. 1
art. 88 ust. 1
art. 88 ust. 1
art. 89 ust. 2
art 90 ust. 3
art. 97 ust. 3
art. 99 ust. 1
 ust. 2
 
art. 99 ust. 1
art. 99 ust. 1
art. 99 ust. 2
art. 104 ust. 1
art. 105 ust. 3
art. 105 ust. 1
art. 105 ust. 4
art. 106 ust. 1
art. 110 ust. 1
art. 110 ust. 1
art. 110 ust. 2
art. 30 ust. 4
art. 1 ust. 1
art. 105 ust. 4
ust. 1
art. 84 ust. 2
art. 1 ust. 1
art. 25 ust. 2
art. 31 ust. 4
art. 17 ust. 2
art. 18 ust. 1
art. 2 ust. 1
art. 40 ust. 2
art. 105 ust. 1
art. 105 
art. 10 ust. 2
art. 40 ust. 4
art. 41 ust. 2
art. 20 ust. 1
