
art. 4 ust. 4
ust. 1
ust. 1
ust. 1

ust. 1
art. 1053 ust. 1
art. 24 ust. 1
art. 24 ust. 1
art. 26 ust. 1
art. 24 ust. 1
art. 24 ust. 1
art. 1 ust. 2
art. 35 ust. 1
art. 17 ust. 1
ust. 1

art. 49 ust. 1
art. 49 ust. 1
art. 65 ust. 3
art. 4 ust. 1
art. 51 ust. 3
art. 55 ust. 3
art. 18 ust. 1
art. 18 ust. 1
art. 8 ust. 2
art. 6 ust. 4
art. 8 ust. 2
art. 9 ust. 2
art. 10 ust. 4
art. 2 ust. 2
art. 20 ust. 3
art. 22 ust. 2
art. 19 ust. 1
art. 8 ust. 1
art. 17 ust. 1
art. 37 ust. 2
art. 5 ust. 1
art. 9 ust. 6
art. 9 ust. 1
art. 9 
art. 11 ust. 4
art. 12 ust. 5
art. 12 ust. 2
art. 27 ust. 2
art. 39 ust. 2
art. 41 ust. 2
art. 15 ust. 2
art. 17 ust. 3
art. 18 ust. 3
art. 36 ust. 3
art. 11 ust. 3
art. 12 ust. 1
art. 13 ust. 3
art. 19 ust. 3
art. 60 ust. 5
art. 29 ust. 2
art. 38 ust. 2
art. 42 ust. 1
art. 43 ust. 1
art. 44 ust. 1
art. 45 ust. 1
art. 46 ust. 1
art. 13 ust. 1
art. 17 ust. 1
art. 22 ust. 1
art. 23 ust. 3
art. 24 ust. 2
art. 37 ust. 2
art. 39 ust. 3
art. 40 ust. 2
art. 41 ust. 2
 ust. 5
art. 50 ust. 1
art. 19 ust. 4
