
art. 1 ust. 1
art. 2 ust. 1
art. 2 
art. 6 ust. 4
art. 8 ust. 1
art. 1 ust. 2
art. 1 ust. 2
art. 1 ust. 2
art. 9 ust. 1
art. 10 ust. 1
art. 11 ust. 2
art. 12 ust. 3
art. 8 ust. 1
art. 8 ust. 4
art. 13 ust. 1
art. 11 ust. 2
art. 12 ust. 5
art. 14 ust. 2
art. 9 ust. 2
art. 9 
art. 18 ust. 1
 ust. 1
art. 18 ust. 1
art. 8 ust. 2
art. 19 ust. 1
art. 19 
art. 18 ust. 2
art. 19 ust. 1
art. 21 ust. 2
art. 22 ust. 1
art. 23 ust. 1
art. 24 ust. 4
art. 24 
art. 27 ust. 1
art. 35 ust. 1
art. 18 ust. 1
art. 35 ust. 1
art. 33 ust. 1
art. 33 ust. 1
art. 34 ust. 1
art. 34 
art. 8 ust. 1
art. 33 ust. 5
art. 35 ust. 1
 ust. 3
art. 8 ust. 1
art. 35 ust. 1
art. 12 ust. 3
art. 8 ust. 1
art. 35 ust. 1
art. 1 ust. 2
art. 8 ust. 2
art. 37 ust. 1
art. 38 ust. 1
art. 39 ust. 1
art. 11 ust. 2
art. 40 ust. 1
art. 8 ust. 4
art. 41 ust. 1
art. 43 ust. 2
art. 44 ust. 2
art. 1 ust. 2
art. 8 ust. 1
art. 1 ust. 2
art. 8 ust. 2
art. 35 ust. 2
art. 54 ust. 1
art. 67 ust. 1
art. 56 ust. 1
art. 60 ust. 1
art. 35 ust. 3
art. 63 ust. 1
art. 1 ust. 2
art. 63 ust. 2
art. 63 ust. 1
art. 63 ust. 1
art. 63 ust. 2
art. 63 ust. 3
art. 63 ust. 1
art. 63 ust. 3
art. 8 ust. 2
art. 63 ust. 2
art. 19 ust. 1
art. 18 ust. 1
art. 66 ust. 1
art. 66 ust. 2
art. 67 ust. 2
art. 67 ust. 1
art. 66 ust. 1
art. 66 
art. 70 ust. 1
art. 2 ust. 3
art. 47 ust. 1
art. 100 ust. 1
art. 105 ust. 7
art. 116 ust. 1
art. 56 ust. 2
art. 6 ust. 4
art. 4 ust. 1
art. 8 ust. 1
art. 9 ust. 2
art. 13 ust. 5
art. 4 ust. 4
art. 8 ust. 1
art. 8 ust. 1
art. 35 ust. 1
art. 35 ust. 2
art. 1 ust. 1
art. 15 ust. 1
art. 35 ust. 1
art. 1 ust. 1
art. 9 ust. 3
