
art. 33 ust. 1
art. 39 ust. 1
art. 39 
art. 134 ust. 2
ust. 1
art. 6 ust. 3
art. 9 ust. 3
art. 12 ust. 3
art. 12 ust. 4
art. 3 ust. 2
art. 4 ust. 2
art. 9 ust. 3
art. 30 ust. 3
art. 24 ust. 5
art. 43 ust. 3
art. 29 ust. 1
art. 33 ust. 1
art. 34 ust. 3
art. 31 ust. 2
art. 74 ust. 1
art. 75 ust. 1
art. 24 ust. 2
art. 9 ust. 2
art. 42 ust. 5
art. 73 ust. 4
art. 60 ust. 4
art. 97 ust. 2
art. 3 ust. 6
art. 9 ust. 5
art. 19 ust. 5
art. 70 ust. 1
art. 7 ust. 2
art. 1 ust. 4
art. 22 ust. 4
art. 29 ust. 1
art. 10 ust. 4
art. 10 
art. 3 ust. 1
art. 29 ust. 1
art. 5 ust. 10
art. 9 ust. 3
art. 10 ust. 2
art. 29 ust. 2
art. 35 ust. 2
art. 36 ust. 2
 ust. 3
art. 58 ust. 3
art. 85 ust. 2
art. 90 ust. 5
art. 26 ust. 14
art. 27 ust. 19
art. 15 ust. 6
art. 25 ust. 4
art. 39 ust. 1
art. 7 ust. 3
art. 4 ust. 10
art. 51 ust. 6
art. 19 ust. 2
art. 5 ust. 3
art. 52 ust. 4
art. 56 ust. 3
art. 5 ust. 9
art. 6 ust. 1
art. 8 ust. 1
art. 9 ust. 1
art. 33 ust. 1
art. 17 ust. 1
art. 18 ust. 2
ust. 2

art. 3 ust. 1
ust. 2

art. 39 ust. 1
art. 3 ust. 1
art. 39 ust. 5
art. 3 ust. 1
