
ust. 2

art. 3 ust. 1
art. 11 ust. 1
 ust. 1
art. 3 ust. 2
art. 17 ust. 1
art. 21 ust. 7
art. 22 ust. 2
art. 6 ust. 2
art. 6 ust. 2
art. 20 ust. 1
art. 12 ust. 1
art. 13 ust. 1
art. 13 ust. 1
art. 13 ust. 1
art. 62 ust. 1
art. 18 ust. 1
art. 31 ust. 1
art. 84 ust. 6
ust. 2

art. 10 ust. 2
art. 10 
ust. 2

art. 11 ust. 3
art. 34 ust. 2
art. 3 ust. 1
art. 35 ust. 1
art. 23 ust. 1
art. 38 ust. 8
art. 26 ust. 2
art. 36 ust. 1
art. 21 ust. 4
art. 25 ust. 2
art. 26 ust. 2
art. 23 ust. 1
art. 23 
art. 20 ust. 2
art. 34 ust. 2
ust. 1
art. 45 ust. 4
art. 44 ust. 3
art. 44 ust. 3
ust. 1

art. 44 ust. 3
art. 44 ust. 3
art. 44 ust. 3
art. 23 ust. 1
art. 44 ust. 3
art. 13 ust. 2
art. 3 ust. 2
art. 3 ust. 1
art. 2 ust. 1
art. 2 ust. 1
art. 2 ust. 1
art. 32 ust. 1
art. 5 ust. 5
art. 44 ust. 3
art. 7 ust. 2
art. 14 ust. 2
art. 25 ust. 2
art. 26 ust. 2
