
art. 1 ust. 1
art. 1 ust. 1
art. 4 ust. 1
art. 7 ust. 3
art. 8 ust. 2
art. 11 ust. 1
art. 12 ust. 3
art. 15 ust. 2
art. 16 ust. 1
art. 18 ust. 1
art. 4 ust. 2
art. 5 ust. 2
art. 7 ust. 1
art. 34 ust. 3
art. 5 ust. 2
art. 5 ust. 5
art. 4 ust. 5
art. 7 ust. 1
art. 6 ust. 1
art. 8 ust. 1
art. 9 ust. 1
art. 11 ust. 1
 ust. 2
art. 12 ust. 1
art. 5 ust. 2
art. 15 ust. 1
art. 17 ust. 1
art. 79 ust. 5
art. 80 ust. 1
art. 81 ust. 1
art. 19 ust. 1
art. 1 ust. 3
art. 20 ust. 1
art. 21 ust. 1
art. 22 ust. 1
art. 5 ust. 3
art. 1 ust. 1
art. 3 ust. 1
art. 3 ust. 1
