
art. 7 ust. 2
art. 6 ust. 1
art. 6 ust. 2
art. 6 ust. 1
art. 6 ust. 1
art. 12 ust. 1
art. 6 ust. 2
art. 6 ust. 2
art. 12 ust. 2
art. 6 ust. 2
art. 6 ust. 2
art. 6 ust. 1
art. 6 ust. 1
ust. 3
art. 4 ust. 2
 ust. 3
ust. 5
art. 6 ust. 1
art. 25 ust. 1
art. 21 ust. 5
 ust. 1
art. 23 ust. 2
art. 23 ust. 2
art. 21 ust. 1
art. 21 ust. 1
 ust. 1
 
art. 6 ust. 1
art. 6 ust. 1
art. 6 ust. 1
art. 6 ust. 2
art. 6 ust. 2
art. 6 ust. 2
art. 6 ust. 1
art. 6 ust. 1
art. 12 ust. 1
art. 14 ust. 1
art. 12 ust. 1
art. 6 ust. 1
art. 19 ust. 1
art. 19 ust. 2
art. 19 ust. 1
art. 12 ust. 2
art. 12 ust. 2
art. 12 ust. 1
art. 6 ust. 1
art. 6 ust. 1
art. 12 ust. 2
art. 12 ust. 1
art. 6 ust. 1
art. 6 ust. 1
art. 12 ust. 2
art. 37 ust. 2
art. 44 ust. 1
ust. 1

art. 4 ust. 1
art. 4 ust. 1
 ust. 2
 ust. 4
 ust. 1
 ust. 1
 ust. 1
 
art. 4 ust. 1
art. 4 ust. 1
art. 4 ust. 1
art. 20 ust. 1
art. 6 ust. 1
art. 6 ust. 2
art. 10 ust. 2
art. 20 ust. 3
art. 21 ust 1
art. 37 ust. 1
art. 38 ust. 1
art. 43 ust. 2
art. 2 ust. 1
art. 5 ust. 1
art. 11 ust. 3
art. 19 ust. 1
art. 23 ust. 1
art. 25 ust. 4
art. 41 ust. 1
art. 48 ust. 1
art. 49 ust. 1
