
art. 5 ust. 1
art. 5 ust. 1
ust. 3

art. 3 ust. 1
art. 3 ust. 1
art. 4 ust. 2
art. 12 ust. 2
art. 67 ust. 4
ust. 3

art. 1822 ust. 1
art. 10 ust. 1
 ust. 1
ust. 1
ust. 1
art. 8 ust. 3
art. 28 ust. 4
art. 12 ust. 1
art. 12 ust. 3
art. 12 ust. 1
art. 12 ust. 3
art. 12 ust. 1
art. 12 ust. 1
art. 12 ust. 1
art. 12 ust. 1
art. 12 ust. 1
ust. 1
art. 48 ust. 1
 ust. 2
art. 48 ust. 1
 ust. 1
 ust. 1
 
ust. 4

ust. 2

art. 83 ust. 2
art. 83 ust. 2
art. 67 ust. 4
art. 74 ust. 2
art. 69 ust. 4
 ust. 1
 ust. 2
art. 82 ust. 4
ust. 1

art. 61 ust. 5
art. 84 ust. 1
art. 84 
ust. 1

art. 66 ust. 2
art. 96 ust. 4
 ust. 3
art. 29 ust. 4
ust. 1

ust. 5
art. 86 ust. 1
art. 92 ust. 1
art. 83 ust. 2
 ust. 1
art. 28 ust. 4
art. 86 ust. 5
art. 12 ust. 1
art. 83 ust. 2
art. 83 ust. 2
art. 12 ust. 1
ust. 1

art. 128 ust. 2
art. 89 ust. 2
art. 126 ust. 5
art. 102 ust. 2
art. 100 ust. 1
ust. 1
art. 28 ust. 4
art. 138 ust. 1
art. 138 ust. 1
art. 138 ust. 1
art. 5 ust. 7
ust. 2

art. 140 ust. 3
art. 140 ust. 1
art. 138 ust. 1
art. 147 ust. 1
art. 147 ust. 5
art. 147 ust. 1
art. 161 ust. 1
art. 161 ust. 1
art. 155 ust. 2
art. 156 ust. 1
art. 161 ust. 1
art. 147 ust. 1
art. 165 ust. 2
art. 39 ust. 5
art. 47 ust. 2
art. 47 ust. 1
art. 17 ust. 2
art. 2 ust. 1
art. 2 ust. 1
art. 6 ust. 2
art. 1 ust. 2
art. 64 ust. 1
art. 65 ust. 3
art. 66 ust. 2
art. 64 ust. 1
art. 55 ust. 2
art. 60 ust. 2
ust. 1

art. 194 ust. 2
art. 194 ust. 3
art. 216 ust. 5
 ust. 1
art. 45 ust. 1
art. 45 ust. 1
art. 12 ust. 1
