
art. 2 ust. 1
art. 2 
art. 3 ust. 3
art. 3 
art. 4 ust. 1
 ust. 1
art. 4 ust. 1
 ust. 1
 ust. 1
art. 4 ust. 1
art. 6 ust. 1
art. 9 ust. 1
art. 13 ust 1
art. 14 ust. 3
art. 54 ust. 3
art. 14 ust. 5
art. 14 ust. 1
art. 14 ust. 1
art. 15 ust. 1
art. 17 ust. 1
art. 18 ust. 2
art. 19 ust. 1
art. 22 ust 2
art. 22 ust. 2
art. 21 ust. 3
art. 22 ust. 2
art. 25 ust. 2
art. 27 ust. 1
art. 28 ust. 3
art. 34 ust. 2
art. 35 ust. 1
art. 37 ust. 1
art. 38 ust. 2
art. 14 ust. 1
art. 41 ust. 1
art. 43 ust. 2
art. 50 ust. 3
art. 22 ust. 2
art. 38 ust. 3
art. 52 ust. 1
art. 52 ust. 2
art. 14 ust. 1
art. 28 ust. 1
art. 34 ust. 1
art. 37 ust. 3
art. 38 ust. 1
art. 35 ust. 1
art. 57 ust. 2
art. 66 ust. 4
art. 68 ust. 1
 ust. 3
art. 69 ust. 4
art. 71 ust. 1
 ust. 1
art. 79 ust. 1
art. 81 ust. 1
art. 88 ust. 5
art. 19 ust. 1
art. 22 ust. 7
art. 27 ust. 2
art. 43 ust. 2
art. 22 ust. 5
