
art. 14 ust. 1
art. 14 ust. 3
art. 14 ust. 1
art. 14 ust. 1
art. 14 ust. 3
ust. 2

art. 14 ust. 1
art. 5 ust. 3
art. 14 ust. 1
art. 5 ust. 3
art. 88 ust. 1
art. 88 
art. 101 ust. 1
art. 28 ust. 1
art. 28 ust. 1
art. 5 ust. 3
art. 5 ust. 3
art. 24 ust. 1
art. 15 ust. 2
art. 5 ust. 3
art. 54 ust. 1
art. 96 ust. 1
art. 14 ust. 1
ust. 3

art. 19 ust. 1
art. 12 ust. 1
art. 88 ust. 1
art. 12 ust. 1
art. 14 ust. 3
art. 15 ust. 1
art. 88 ust. 1
art. 97 ust. 3
art. 14 ust. 1
art. 14 ust. 1
art. 101 ust. 1
art. 5 ust. 3
