
art. 4 ust. 1
art. 228 ust. 1
art. 228 ust. 1
art. 4 ust. 1
art. 4 ust. 1
art. 12 ust. 1
art. 4 ust. 1
art. 4 ust. 1
art. 13 ust. 1
art. 14 ust. 1
art. 15 ust. 1
ust. 1

art. 12 ust. 1
art. 12 ust. 1
art. 12 ust. 1
art. 12 ust. 1
art. 12 ust. 1
art. 14 ust. 1
art. 15 ust. 1
art. 4 ust. 1
art. 4 ust. 1
art. 4 ust. 1
art. 4 ust. 1
art. 4 ust. 1
ust. 1

art. 38 ust. 1
art. 38 ust. 1
art. 38 ust. 1
art. 38 ust. 1
art. 38 ust. 1
art. 38 ust. 1
art. 38 ust. 1
art. 38 ust. 1
art. 38 ust. 1
art. 40 ust. 1
art. 38 ust. 1
art. 40 ust. 1
art. 40 ust. 1
art. 38 ust. 1
art. 39 ust. 3
art. 40 ust. 1
art. 38 ust. 1
art. 43 ust. 1
ust. 1
art. 38 ust. 1
art. 44 ust. 2
art. 47 ust. 1
 ust. 1
 ust. 1
 ust. 1
 ust. 1
art. 38 ust. 1
art. 4 ust. 2
art. 6 ust. 2
art. 53 ust. 2
art. 55 ust. 2
art. 111 ust. 1
art. 112 ust. 2
art. 188 ust. 1
art. 187 ust. 3
art. 189 ust. 1
art. 190 ust. 1
art. 200 ust. 1
art. 202 ust. 1
art. 208 ust. 2
art. 209 ust. 1
art. 210 ust. 1
art. 211 ust. 1
art. 212 ust. 2
art. 216 ust. 1
art. 217 ust. 1
art. 225 ust. 1
art. 244 ust. 1
art. 247 ust. 1
art. 71 ust. 1
art. 73 ust. 1
art. 76 ust. 1
art. 16 ust. 1
art. 41 ust. 4
art. 31 ust. 1
art. 2 ust. 1
art. 2 
art. 2 ust. 1
art. 4 ust. 3
art. 5 ust. 2
art. 6 ust. 2
art. 7 ust. 2
art. 13 ust. 1
art. 22 ust. 2
art. 23 ust. 3
art. 39 ust. 2
art. 4 ust. 4
art. 6 ust. 2
art. 11 ust. 2
art. 11 ust. 1
art. 11 
art. 14 ust. 3
art. 16 ust. 1
art. 22 ust. 2
art. 23 ust. 1
art. 24 ust. 1
art. 26 ust. 1
art. 32 ust. 1
art. 33 ust. 1
art. 35 ust. 2
art. 22 ust. 1
art. 25 ust. 2
art. 25 ust. 3
art. 26 ust. 1
art. 28 ust. 7
art. 34 ust. 2
art. 31 ust. 1
art. 32 ust. 3
art. 28 ust. 6
art. 4 ust. 3
art. 35 ust. 3
art. 39 ust. 1
art. 1 ust. 1
art. 8 ust. 1
art. 9 ust. 1
art. 10 ust. 1
art. 12 ust. 5
art. 13 ust. 3
art. 17 ust. 2
art. 20 ust 1
art. 28 ust. 1
art. 29 ust. 1
art. 32 ust. 1
art. 37 ust. 1
art. 43 ust. 4
art. 63 ust. 1
art. 103 ust. 2
art. 104 ust. 4
art. 49 ust. 1
art. 51 ust. 3
art. 57 ust. 1
art. 62 ust. 1
art. 114 ust. 1
art. 121 ust. 1
art. 3 ust. 2
art. 3 ust. 1
art. 5 ust. 1
art. 57 ust. 1
art. 25 ust. 1
art. 5 ust. 3
art. 55 ust. 3
art. 47 ust. 1
art. 29 ust. 1
art. 34 ust. 1
art. 40 ust. 1
art. 65 ust. 1
art. 27 ust. 1
art. 131 ust. 1
art. 63 ust. 1
art. 5 ust. 3
art. 5 ust. 3
