
ust. 2

art. 8 ust. 1
art. 2 ust. 3
art. 2 ust. 1
art. 20 ust. 1
art. 8 ust. 1
ust. 1

art. 34 ust. 1
art. 35 ust. 1
art. 47 ust. 1
art. 31 ust. 1
art. 2 ust. 3
art. 8 ust. 1
art. 8 
art. 2 ust. 1
art. 37 ust. 5
art. 37 ust. 5
art. 37 ust. 1
art. 37 ust. 5
ust. 1
art. 38 ust. 4
art. 39 ust. 2
art. 50 ust. 1
art. 58 ust. 2
 ust. 2
art. 31 ust. 1
art. 56 ust. 2
art. 70 ust. 1
art. 37 ust. 5
art. 39 ust. 2
art. 44 ust. 2
ust. 2

art. 72 ust. 2
art. 147 ust. 1
art. 82 ust. 2
art. 72 ust. 2
art. 87 ust. 2
art. 87 
art. 89 ust. 1
art. 79 ust. 4
art. 81 ust. 4
art. 31 ust. 1
art. 71 ust. 3
art. 72 ust. 2
art. 89 ust. 1
art. 103 ust. 2
ust. 2

art. 81 ust. 4
ust. 3

art. 127 ust. 2
art. 135 ust. 2
art. 24 ust. 1
art. 99 ust. 2
art. 89 ust. 1
art. 106 ust. 1
art. 69 ust. 1
art. 78 ust. 1
art. 79 ust. 1
art. 23 ust. 1
art. 27 ust. 1
art. 30 ust. 4
art. 26 ust. 1
art. 27 ust. 1
art. 27 ust. 1
art. 26 ust. 2
art. 27 ust. 2
art. 27 ust. 2
art. 32 ust. 3
art. 33 ust. 3
art. 34 ust. 4
art. 35 ust. 8
art. 37 ust. 1
art. 38 ust. 1
art. 39 ust. 1
art. 41 ust. 1
art. 42 ust. 3
art. 43 ust. 4
art. 44 ust. 3
art. 16 ust. 1
art. 17 ust. 1
art. 1 ust. 1
art. 2 ust. 4
art. 5 ust. 2
art. 7 ust. 1
art. 5 ust. 3
art. 10 ust. 1
art. 12 ust. 1
art. 9 ust. 2
art. 2 ust. 3
art. 135 ust. 1
art. 170 ust. 1
art. 193 ust. 3
art. 206 ust. 1
art. 99 ust. 2
art. 21 ust. 3
art. 23 ust. 4
art. 10 ust. 1
art. 10 
art. 10 ust. 3
art. 74 ust. 4
art. 74 
art. 56 ust. 2
art. 6 ust. 1
art. 3 ust. 1
art. 1 ust. 2
art. 7 ust. 1
art. 112 ust. 1
art. 30 ust. 1
art. 6 ust. 3
art. 92 ust. 1
art. 31 ust. 1
