
art. 11 ust. 1
art. 2 ust. 1
ust. 2

art. 7 ust. 2
art. 7 ust. 4
art. 7 ust. 2
art. 2 ust. 1
art. 7 ust. 2
art. 2 ust. 1
art. 7 ust. 5
art. 8 ust. 1
art. 11 ust. 1
art. 2 ust. 1
art. 2 ust. 1
art. 2 ust. 1
 ust. 11
art. 2 ust. 1
ust. 1
art. 11 ust. 1
 ust. 1
art. 5 ust. 2
 ust. 2
 
art. 16 ust. 1
art. 16 ust. 1
art. 16 ust. 1
art. 11 ust. 1
art. 17 ust. 1
art. 28 ust. 5
art. 28 ust. 1
art. 23 ust. 3
art. 23 ust. 3
art. 15 ust. 3
art. 16 ust. 1
art. 16 
art. 15 ust. 2
art. 20 ust. 2
art. 15 ust. 5
art. 16 ust. 5
art. 16 ust. 1
art. 11 ust. 1
art. 20 ust. 4
art. 12 ust. 7
art. 12 ust. 15
art. 12 ust. 11
 ust. 4
 
art. 23 ust. 1
art. 23 
art. 12 ust. 1
art. 28 ust. 1
