
art. 201 ust. 2
art. 46 ust. 4
art. 51 ust. 6
art. 52 ust. 5
art. 2 ust. 2
art. 2 
art. 51 ust. 1
art. 51 ust. 1
art. 47 ust. 3
art. 47 ust. 4
art. 47 ust. 2
art. 51 ust. 1
art. 49 ust. 2
art. 51 ust. 1
art. 51 ust. 6
art. 50 ust. 2
art. 51 ust. 2
art. 57 ust. 1
art. 52 ust. 8
art. 72 ust. 4
art. 113 ust. 2
art. 90 ust. 2
art. 88 ust. 2
art. 102 ust. 1
art. 110 ust. 4
art. 103 ust. 2
art. 118 ust. 1
art. 119 ust. 1
art. 118 ust. 1
art. 119 ust. 1
art. 179 ust. 1
art. 251 ust. 4
art. 261 ust. 2
art. 181 ust. 1
art. 138 ust. 2
art. 2 ust. 1
art. 129 ust. 1
art. 17 ust. 2
art. 4 ust. 1
art. 65 ust. 18
art. 68 ust. 3
ust. 2

art. 49 ust. 1
art. 17 ust. 1
art. 17 ust. 2
art. 293 ust. 1
art. 293 ust. 1
art. 55 ust. 1
art. 55 ust. 1
art. 2 ust. 2
art. 2 
art. 309 ust. 2
art. 18 ust. 1
art. 19 ust. 1
art. 19 ust. 1
art. 25 ust. 2
art. 28 ust 3
art. 31 ust. 5
art. 55 ust. 2
art. 56 ust. 1
art. 56 ust. 1
art. 56 ust. 1
art. 56 ust. 1
art. 56 ust. 8
art. 59 ust. 1
art. 60 ust. 1
art. 60 ust. 3
art. 62 ust. 3
art. 19 ust. 1
art. 62 ust. 3
art. 80 ust. 2
art. 120 ust. 3
art. 126 ust. 2
art. 132 ust. 3
art. 2 ust. 1
art. 4 ust. 6
art. 8 ust. 1
art. 9 ust. 2
art. 17 ust. 2
art. 18 ust. 1
art. 18 ust. 1
art. 18 ust. 1
art. 18 ust. 1
art. 18 ust. 1
art. 23 ust. 2
art. 25 ust. 2
art. 28 ust. 2
art. 25 ust. 2
art. 31 ust. 3
art. 31 ust. 1
art. 2 ust. 1
art. 13 ust. 9
art. 13 ust. 1
art. 24 ust. 5
art. 26 ust. 1
art. 30 ust. 2
art. 34 ust. 1
art. 31 ust. 1
art. 36 ust. 1
art. 41 ust. 1
art. 41 
art. 46 ust. 6
art. 47 ust. 2
art. 47 ust. 2
art. 47 ust. 1
art. 47 ust. 2
art. 47 ust. 1
art. 47 
art. 47 ust. 3
art. 47 
art. 47 ust. 1
art. 47 
art. 47 ust. 1
art. 47 ust. 1
art. 34 ust. 3
art. 47 ust. 3
art. 29 ust. 1
art. 30 ust. 1
art. 32 ust. 1
art. 38 ust. 4
art. 10 ust. 1
art. 18 ust. 2
art. 41 ust. 2
art. 50 ust. 2
art. 60 ust. 2
art. 7 ust. 2
art. 20 ust. 4
art. 16 ust. 1
art. 25 ust. 1
art. 28 ust. 8
art. 4 ust. 4
art. 1 ust. 2
art. 2 ust. 1
art. 3 ust. 2
art. 5 ust. 4
art. 4 ust. 1
art. 5 ust. 1
art. 5 ust. 1
art. 5 ust. 1
art. 6 ust. 4
art. 7 ust. 1
art. 8 ust. 1
art. 9 ust. 1
art. 7 ust. 1
art. 10 ust. 2
art. 4 ust. 1
art. 14 ust. 2
art. 2 ust. 1
art. 33 ust. 2
art. 38 ust. 1
art. 3 ust. 2
art. 5 ust. 1
art. 28 ust. 3
art. 54 ust. 3
art. 1 ust. 3
art. 17 ust. 3
art. 34 ust. 1
