
art. 1 ust. 2
art. 2 ust. 1
art. 28 ust. 5
art. 28 
art. 3 ust. 1
art. 3 
 ust. 1
 
art. 4 ust. 2
art. 3 ust. 2
art. 3 ust. 2
art. 2 ust. 1
art. 3 ust. 2
art. 9 ust. 1
art. 4 ust. 3
art. 13 ust. 1
art. 14 ust. 3
art. 14 ust. 1
art. 17 ust. 3
art. 14 ust. 3
art. 20 ust. 1
art. 24 ust. 1
art. 17 ust. 1
art. 25 ust. 2
art. 26 ust. 6
art. 20 ust. 3
art. 27 ust. 2
art. 28 ust. 1
art. 29 ust. 4
art. 30 ust. 3
art. 107 ust. 1
art. 2 ust. 1
art. 19 ust. 2
art. 20 ust. 1
art. 27 ust. 1
art. 27 ust. 1
art. 29 ust. 1
art. 31 ust. 4
art. 31 ust. 1
art. 27 ust. 1
art. 31 ust. 4
art. 35 ust. 4
art. 43 ust. 2
art. 34 ust. 4
art. 2 ust. 1
art. 24 ust. 4
art. 37 ust. 3
art. 53 ust. 1
art. 31 ust. 4
art. 3 ust. 1
art. 3 
art. 31 ust. 1
art. 13 ust. 1
