
art. 14 ust. 2
art. 14 
 ust. 1
 
 ust. 4
 ust. 4
art. 6 ust. 2
 ust. 4
 
art. 7 ust. 1
art. 29 ust. 3
 ust. 3
art. 21 ust. 1
art. 6 ust. 1
art. 6 ust. 1
art. 9 ust. 3
art. 26 ust. 1
art. 9 ust. 3
art. 26 ust. 2
art. 6 ust. 2
art. 6 ust. 2
art. 6 ust. 2
art. 6 ust. 2
art. 14 ust. 2
art. 6 ust. 2
art. 27 ust. 1
art. 27 ust. 2
art. 6 ust. 1
art. 27 ust. 1
art. 27 ust. 2
art. 6 ust. 2
art. 6 ust. 2
art. 15 ust. 1
art. 6 ust. 2
art. 6 ust. 2
art. 13 ust. 1
art. 6 ust. 2
art. 6 ust. 2
art. 6 ust. 2
art. 6 ust. 1
art. 15 ust. 2
ust. 1
ust. 1

 ust. 1
art. 6 ust. 2
 ust. 1
art. 23 ust. 1
art. 23 ust. 1
art. 23 ust. 1
art. 23 ust. 1
art. 27 ust. 4
art. 23 ust. 1
art. 23 ust. 1
art. 25 ust. 5
art. 25 ust. 6
art. 23 ust. 1
art. 23 ust. 1
art. 25 ust. 6
art. 25 ust. 6
 ust. 1
art. 23 ust. 1
art. 25 ust. 6
 ust. 1
art. 25 ust. 5
art. 23 ust. 1
art. 25 ust. 5
art. 25 ust. 6
 ust. 1
 
art. 23 ust. 1
ust. 2

art. 15 ust. 1
art. 25 ust. 5
 ust. 1
ust. 1

ust. 1

ust. 1
art. 25 ust. 6
art. 25 ust. 6
 ust. 2
art. 37 ust. 4
 ust. 1
art. 25 ust. 6
art. 36 ust. 1
art. 32 ust. 2
ust. 1

art. 36 ust. 7
art. 30 ust. 1
ust. 1
 ust. 1
 
 ust. 1
art. 42 ust. 1
ust. 1

 ust. 1
art. 48 ust. 1
art. 42 ust. 2
art. 9 ust. 3
art. 19 ust. 2
art. 21 ust. 2
art. 29 ust. 1
art. 31 ust. 4
art. 2 ust. 1
art. 6 ust. 1
 ust. 6
 ust. 1
art. 6 ust. 2
 ust. 1
art. 9 ust. 3
art. 30 ust. 1
art. 26 ust. 5
art. 30 ust. 1
art. 30 ust. 4
art. 11 ust. 13
art. 11 
art. 27 ust. 7
art. 14 ust. 16
art. 14 
art. 30 ust. 4
art. 30 ust. 1
art. 41 ust. 4
 ust. 1
art. 51 ust. 1
art. 35 ust. 4
art. 52 ust. 2
art. 25 ust. 6
art. 4 ust. 3
art. 4 
