
art. 11 ust. 2
art. 12 ust. 2
art. 19 ust. 2
art. 14 ust. 1
art. 16 ust. 1
art. 18 ust. 1
art. 19 ust. 6
art. 20 ust. 2
art. 23 ust. 4
art. 26 ust. 7
art. 36 ust. 1
art. 44 ust. 1
art. 37 ust. 1
art. 41 ust. 1
art. 23 ust. 1
art. 17 ust. 2
art. 44 ust. 1
art. 47 ust. 2
 ust. 9
art. 28 ust. 3
art. 53 ust. 1
art. 26 ust. 2
art. 58 ust. 1
 ust. 2
 
art. 47 ust. 2
 ust. 7
art. 56 ust. 1
art. 58 ust. 2
art. 60 ust. 2
art. 83 ust. 1
art. 1 ust. 2
art. 22 ust. 4
art. 26 ust. 7
art. 28 ust. 6
art. 35 ust. 3
art. 39 ust. 3
art. 48 ust. 2
art. 49 ust. 6
art. 53 ust. 2
art. 54 ust. 2
art. 58 ust. 8
art. 83 ust. 1
art. 9 ust. 1
art. 11 ust. 2
art. 16 ust. 2
art. 19 ust. 2
art. 58 ust. 1
art. 58 ust. 1
art. 47 ust. 4
art. 24 ust. 1
art. 47 ust. 1
art. 47 ust. 4
art. 24 ust. 1
art. 8 ust. 3
art. 79 ust. 2
art. 80 ust. 1
