
art. 2 ust. 5
art. 6 ust. 1
art. 8 ust. 2
art. 9 ust. 1
art. 13 ust. 1
art. 14 ust. 1
art. 15 ust. 1
art. 16 ust. 1
art. 17 ust. 1
art. 21 ust. 1
art. 27 ust. 1
art. 32 ust. 1
art. 34 ust. 1
art. 35 ust. 1
art. 36 ust. 1
art. 40 ust. 1
art. 42 ust. 1
art. 47 ust. 2
art. 62 ust. 2
art. 76 ust. 1
art. 78 ust. 1
art. 92 ust. 1
art. 6 ust. 1
art. 32 ust. 2
art. 35 ust. 1
art. 36 ust. 1
art. 35 ust. 3
art. 91 ust. 2
art. 2 ust. 1
art. 16 ust. 1
art. 19 ust. 1
art. 21 ust. 1
art. 24 ust. 1
art. 30 ust. 1
art. 41 ust. 2
art. 43 ust. 1
art. 46 ust. 4
art. 73 ust. 1
art. 89 ust. 1
art. 41 ust. 2
art. 89 ust. 1
art. 41 ust. 2
art. 24 ust. 1
art. 29 ust. 1
art. 26 ust. 1
art. 33 ust. 1
art. 78 ust. 1
