
art. 2 ust. 1
art. 2 ust. 2
art. 2 ust. 1
art. 3 ust. 1
art. 5 ust. 2
art. 19 ust. 2
art. 19 ust. 3
art. 8 ust. 2
art. 7 ust. 1
art. 8 ust. 1
art. 1 ust. 1
art. 4 ust. 2
art. 2 ust. 5
art. 18 ust. 4
art. 139 ust. 5
art. 6 ust. 2
art. 17 ust. 7
art. 18 ust. 2
art. 20 ust. 4
art. 25 ust. 3
art. 174 ust. 3
art. 189 ust. 3
art. 208 ust. 1
art. 217 ust. 1
art. 221 ust. 1
art. 21 ust. 2
art. 50 ust. 1
art. 9 ust. 1
art. 20 ust. 3
art. 98 ust. 1
art. 98 ust. 1
art. 111 ust. 1
art. 9 ust. 2
art. 20 ust. 4
art. 60 ust. 2
art. 124 ust. 1
art. 14 ust. 3
art. 26 ust. 2
art. 37 ust. 1
art. 42 ust. 1
art. 27 ust. 1
art. 1 ust. 1
art. 6 ust. 1
art. 9 ust. 1
art. 13 ust. 1
art. 27 ust. 1
art. 36 ust. 4
art. 1 ust. 2
art. 9 ust. 5
art. 18 ust. 6
art. 45 ust. 3
art. 45 ust. 4
art. 36 ust. 5
art. 15 ust. 3
art. 32 ust. 2
art. 3 ust. 3
art. 24 ust. 1
art. 25 ust. 1
art. 25 ust. 1
art. 47 ust. 3
art. 2 ust. 2
art. 3 ust. 1
art. 4 ust. 1
art. 6 ust. 1
art. 12 ust. 1
art. 15 ust. 2
art. 16 ust. 1
art. 22 ust. 6
art. 22 ust. 1
art. 24 ust. 2
art. 25 ust. 3
art. 25 ust. 1
art. 49 ust. 1
art. 13 ust. 3
art. 26 ust. 2
art. 48 ust. 3
art. 21 ust. 1
art. 4 ust. 1
art. 7 ust. 1
art. 2 ust. 1
art. 1 ust. 1
art. 5 ust. 2
art. 12 ust. 1
art. 8 ust. 2
art. 5 ust. 1
art. 11 ust. 2
art. 11 ust. 4
art. 5 ust. 1
art. 7 ust. 1
art. 8 ust. 3
art. 9 ust. 1
art. 11 ust. 1
art. 11 ust. 1
art. 12 ust. 2
art. 14 ust. 2
art. 15 ust. 1
art. 15 ust. 1
art. 16 ust. 1
art. 19 ust. 1
art. 19 ust. 1
art. 20 ust. 1
art. 20 ust. 1
art. 21 ust. 2
art. 22 ust. 1
art. 11 ust. 4
art. 20 ust. 3
art. 4 ust. 2
art. 61 ust. 2
art. 37 ust. 1
art. 89 ust. 2
art. 23 ust. 2
art. 12 ust. 1
art. 42 ust. 1
art. 19 ust. 3
art. 19 ust. 1
art. 27 ust. 1
art. 29 ust. 5
art. 8 ust. 2
art. 14 ust. 2
art. 5 ust. 3
art. 23 ust. 2
art. 1 ust. 1
art. 16 ust. 1
art. 23 ust. 2
art. 1 ust. 1
art. 11 ust. 1
art. 6 ust. 1
art. 7 ust. 1
art. 24 ust. 3
art. 41 ust. 1
art. 6 ust. 1
art. 14 ust. 3
art. 25 ust. 2
art. 17 ust. 1
art. 7 ust. 4
art. 18 ust. 21
art. 26 ust. 1
art. 44 ust. 1
art. 8 ust. 3
art. 14 ust. 2
art. 16 ust. 4
art. 11 ust. 2
art. 26 ust. 1
art. 27 ust. 1
art. 1 ust. 2
art. 7 ust. 1
art. 14 ust. 1
art. 21 ust. 1
art. 153 ust. 1
art. 4 ust. 2
art. 7 ust. 2
art. 7 ust. 4
art. 28 ust. 2
art. 1 ust. 2
art. 11 ust. 1
art. 12 ust. 3
art. 16 ust. 7
art. 17 ust. 1
art. 8 ust. 1
art. 10 ust. 3
art. 12 ust. 5
art. 16 ust. 3
art. 17 ust. 1
art. 19 ust. 1
art. 20 ust. 1
art. 49 ust. 2
art. 60 ust. 4
art. 18 ust. 7
art. 19 ust. 4
art. 28 ust. 5
art. 50 ust. 8
art. 4 ust. 3
art. 4 ust. 1
art. 5 ust. 1
art. 7 ust. 4
art. 4 ust. 1
art. 2 ust. 3
art. 5 ust. 3
art. 3 ust. 1
art. 4 ust. 1
art. 7 ust. 1
art. 32 ust. 1
art. 23 ust. 4
art. 24 ust. 1
art. 14 ust. 1
art. 44 ust. 1
art. 55 ust. 2
art. 56 ust. 4
art. 63 ust. 1
art. 64 ust. 1
art. 69 ust. 1
art. 55 ust. 4
art. 63 ust. 2
art. 67 ust. 1
art. 68 ust. 1
art. 69 ust. 2
art. 5 ust. 1
art. 2 ust. 1
art. 4 ust. 1
art. 4 ust. 1
art. 39 ust. 2
art. 3 ust. 1
art. 34 ust. 2
art. 8 ust. 1
art. 22 ust. 1
art. 23 ust. 1
art. 23 ust. 4
art. 12 ust. 1
art. 5 ust. 7
art. 13 ust. 1
art. 11 ust. 1
