
art. 11 ust. 2
art. 9 ust. 1
art. 12 ust. 1
 ust. 3
ust. 3
 ust. 1
art. 9 ust. 1
art. 14 ust. 2
art. 6 ust. 2
art. 6 
ust. 1
ust. 1

 ust. 3
 
art. 28 ust. 4
art. 28 ust. 5
art. 28 ust. 4
art. 28 ust. 5
ust. 1

 ust. 2
art. 28 ust. 1
ust. 1
ust. 1

 ust. 2
 
 ust. 2
 ust. 4
art. 24 ust. 4
ust. 1

ust. 1

art. 45 ust. 1
art. 47 ust. 1
art. 38 ust. 3
art. 44 ust. 3
art. 1 ust. 1
art. 1 ust. 1
art. 20 ust. 6
art. 77 ust. 3
art. 81 ust. 6
art. 150 ust. 2
art. 154 ust. 2
 ust. 4
 ust. 2
art. 7 ust. 8
art. 17 ust. 4
art. 18 ust. 2
art. 23 ust. 3
 ust. 2
 
 ust. 1
 ust. 1
