
art. 2 ust. 1
art. 4 ust. 1
art. 33 ust. 1
art. 33 ust. 1
art. 33 ust. 1
art. 6 ust. 1
art. 31 ust. 3
art. 11 ust. 1
art. 12 ust. 1
art. 18 ust. 2
art. 19 ust. 1
art. 21 ust. 1
art. 27 ust. 3
art. 27 ust. 4
art. 31 ust. 4
art. 6 ust. 1
art. 31 ust. 3
art. 33 ust. 4
art. 33 ust. 1
art. 33 ust. 7
art. 33 ust. 4
art. 33 ust. 1
art. 33 ust. 1
art. 33 ust. 3
art. 33 ust. 4
art. 33 ust. 1
art. 33 ust. 1
art. 33 ust. 1
art. 33 
 ust. 1
art. 35 ust. 2
art. 4 ust. 1
art. 33 ust. 1
art. 35 ust. 1
art. 35 
art. 20 ust. 1
art. 20 
art. 36 ust. 2
art. 37 ust. 3
art. 38 ust. 2
art. 39 ust. 1
art. 43 ust. 3
art. 39 ust. 3
art. 39 
art. 39 ust. 6
art. 47 ust. 2
art. 49 ust. 2
art. 51 ust. 3
art. 51 ust. 1
art. 55 ust. 2
art. 6 ust. 2
art. 16 ust. 6
art. 18 ust. 5
