
art. 1 ust. 1
art. 2 ust. 2
art. 3 ust. 5
art. 5 ust. 1
art. 25 ust. 3
art. 9 ust. 1
art. 17 ust. 1
art. 10 ust. 2
art. 18 ust. 1
art. 21 ust. 1
art. 23 ust. 1
art. 24 ust. 1
art. 25 ust. 1
art. 26 ust. 1
art. 26 ust. 1
art. 32 ust. 2
art. 33 ust. 1
art. 34 ust. 1
art. 39 ust. 2
art. 40 ust. 2
art. 41 ust. 3
art. 42 ust. 1
art. 43 ust. 2
art. 40 ust. 3
art. 44 ust. 3
art. 43 ust. 3
art. 45 ust. 2
art. 45 ust. 3
art. 45 ust. 1
art. 45 ust. 6
art. 3 ust. 3
art. 3 
art. 14 ust. 3
art. 3 ust. 3
art. 3 
art. 45 ust. 3
art. 45 ust. 2
art. 56 ust. 2
art. 32 ust. 2
art. 33 ust. 1
art. 58 ust. 2
art. 56 ust. 3
art. 25 ust. 1
art. 8 ust. 1
art. 8 ust. 1
art. 28 ust. 1
art. 28 
art. 58 ust. 3
art. 25 ust. 5
art. 9 ust. 2
art. 8 ust. 1
art. 66 ust. 1
ust. 1

art. 5 ust. 1
art. 5 ust. 2
art. 58 ust. 2
