
art. 4 ust. 1
art. 5 ust. 1
art. 7 ust. 2
art. 8 ust. 4
art. 8 ust. 1
 ust. 4
art. 13 ust. 3
art. 14 ust. 1
art. 18 ust. 2
art. 19 ust. 1
art. 21 ust. 2
art. 21 ust. 1
art. 19 ust. 1
art. 19 
art. 20 ust. 2
art. 23 ust. 1
art. 24 ust. 1
art. 24 ust. 1
 ust. 1
 
art. 28 ust. 2
art. 28 ust. 1
art. 28 ust. 1
art. 28 ust. 1
art. 18 ust. 3
art. 28 ust. 1
art. 28 
art. 28 ust. 2
art. 28 ust. 1
art. 28 ust. 1
art. 28 ust. 1
art. 28 ust. 1
art. 36 ust. 2
art. 39 ust. 1
art. 9 ust. 1
art. 40 ust. 2
art. 48 ust. 1
art. 35 ust. 2
art. 51 ust. 3
art. 53 ust. 3
art. 54 ust. 2
art. 59 ust. 2
art. 64 ust. 5
art. 8 ust. 2
art. 39 ust. 4
art. 72 ust. 3
art. 64 ust. 4
art. 77 ust. 1
art. 39 ust. 4
art. 78 ust. 1
art. 82 ust. 1
art. 79 ust. 1
art. 82 ust. 1
art. 90 ust. 2
art. 92 ust. 1
art. 99 ust. 1
art. 38 ust. 3
art. 41 ust. 2
art. 43 ust. 1
art. 48 ust. 2
art. 51 ust. 1
art. 102 ust. 3
art. 43 ust. 2
art. 51 ust. 2
art. 106 ust. 2
art. 107 ust. 2
art. 106 ust. 3
art. 109 ust. 1
art. 110 ust. 2
art. 111 ust. 1
art. 112 ust. 4
art 110 ust. 1
art. 43 ust. 2
art. 51 ust. 2
art. 112 ust. 4
art. 113 ust. 1
art. 109 ust. 3
art. 114 ust. 1
art. 111 ust. 2
art. 113 ust. 1
art. 114 ust. 2
art. 7 ust. 2
art. 7 ust. 2
art. 38 ust. 2
art. 5 ust. 2
art. 8 ust. 5
art. 13 ust. 1
art. 10 ust. 3
art. 11 ust. 1
art. 10 ust. 1
art. 18 ust. 1
art. 10 ust. 1
art. 21 ust. 1
art. 6 ust. 1
art. 7 ust. 1
art. 25 ust. 2
art. 26 ust. 4
art. 32 ust. 1
art. 38 ust. 1
art. 36 ust. 1
art. 40 ust. 1
art. 36 ust. 1
art. 42 ust. 2
art. 42 
art. 11 ust. 1
art. 19 ust. 1
art. 17 ust. 2
art. 1 ust. 4
art. 19 ust. 1
art. 21 ust. 8
art. 19 ust. 3
art. 22 ust. 1
art. 14 ust. 1
art. 24 ust. 1
art. 25 ust. 1
art. 27 ust. 1
art. 29 ust. 1
art. 32 ust. 1
art. 27 ust. 2
art. 33 ust. 2
art. 27 ust. 2
art. 27 ust. 2
art. 27 ust. 2
art. 27 ust. 2
art. 110 ust. 1
art. 111 ust. 4
art. 111 
art. 112 ust. 4
ust. 1

art. 10 ust. 1
art. 18 ust. 2
art. 78 ust. 1
