
art. 18 ust. 1
ust. 1
art. 18 ust. 1
art. 18 ust. 1
art. 18 ust. 1
art. 22 ust. 1
art. 18 ust. 1
art. 22 ust. 1
art. 29 ust. 1
art. 22 ust. 1
art. 29 ust. 1
art. 54 ust. 2
art. 38 ust. 1
art. 39 ust. 1
art. 38 ust. 1
art. 39 ust. 1
art. 38 ust. 1
art. 39 ust. 1
art. 42 ust. 1
art. 42 ust. 3
art. 38 ust. 1
art. 39 ust. 1
art. 38 ust. 1
art. 39 ust. 1
ust. 2

art. 38 ust. 1
art. 39 ust. 1
art. 49 ust. 1
art. 49 ust. 1
art. 49 ust. 1
art. 49 ust. 1
art. 74 ust. 2
art. 22 ust. 2
art. 32 ust. 1
art. 5 ust. 1
art. 18 ust. 1
art. 54 ust. 2
art. 22 ust. 1
art. 22 ust. 1
art. 22 ust. 1
art. 22 ust. 1
art. 22 ust. 1
art. 54 ust. 2
art. 54 ust. 2
art. 18 ust. 1
art. 59 ust. 4
art. 36 ust. 1
art. 22 ust. 1
art. 22 ust. 1
art. 50 ust. 2
art. 51 ust. 3
art. 59 ust. 4
ust. 1
art. 22 ust. 1
art. 22 ust. 1
art. 22 ust. 1
art. 94 ust. 1
art. 50 ust. 2
art. 22 ust. 1
art. 58 ust. 1
art. 22 ust. 1
art. 22 ust. 1
art. 22 ust. 1
art. 99 ust. 1
art. 76 ust. 3
art. 99 ust. 1
ust. 3
art. 22 ust. 1
art. 108 ust. 2
art. 109 ust. 2
art. 112 ust. 1
art. 89 ust. 4
art. 112 ust. 1
art. 78 ust. 1
art. 80 ust. 1
art. 31 ust. 1
art. 13 ust. 3
art. 17 ust. 5
art. 18 ust. 2
art. 37 ust. 1
art. 38 ust. 2
art. 40 ust. 1
art. 42 ust. 1
art. 16 ust. 2
art. 9 ust. 1
