
art. 5 ust. 1
art. 9 ust. 1
art. 34 ust. 3
art. 5 ust. 1
art. 5 ust. 1
art. 5 ust. 1
art. 13 ust. 3
art. 12 ust. 1
art. 14 ust. 1
art. 20 ust. 1
art. 10 ust. 3
art. 28 ust. 2
art. 29 ust. 1
art. 30 ust. 1
art. 30 ust. 1
art. 29 ust. 1
art. 29 ust. 2
art. 29 ust. 1
art. 32 ust. 4
art. 33 ust. 1
art. 34 ust. 3
art. 34 ust. 1
art. 35 ust. 3
art. 36 ust. 1
art. 37 ust. 2
art. 36 ust. 2
art. 40 ust. 1
art. 41 ust. 5
art. 49 ust. 1
art. 50 ust. 4
art. 51 ust. 1
art. 51 ust. 1
art. 50 ust. 1
art. 54 ust. 1
art. 57 ust. 2
art. 59 ust. 4
art. 57 ust. 1
art. 62 ust. 6
art. 7 ust. 3
art. 64 ust. 1
art. 20 ust. 2
art. 67 ust. 1
art. 70 ust. 1
art. 71 ust. 3
art. 51 ust. 1
art. 72 ust. 1
art. 76 ust. 1
art. 85 ust. 1
art. 85 ust. 1
art. 81 ust. 2
art. 80 ust. 2
art. 82 ust. 1
art. 84 ust. 1
art. 85 ust. 1
art. 85 
art. 85 ust. 1
art. 85 ust. 2
art. 85 ust. 1
art. 85 ust. 1
art. 14 ust. 1
art. 87 ust. 1
art. 80 ust. 2
art. 89 ust. 1
art. 92 ust. 1
art. 70 ust. 1
art. 28 ust. 1
art. 62 ust. 1
art. 64 ust. 1
art. 70 ust. 2
art. 97 ust. 1
art. 99 ust. 1
art. 85 ust. 3
art. 80 ust. 2
art. 1 ust. 1
art. 4 ust. 1
art. 6 ust. 5
art. 8 ust. 4
art. 10 ust. 1
art. 11 ust. 2
art. 12 ust. 1
art. 10 ust. 1
art. 13 ust. 1
art. 6 ust. 5
art. 62 ust. 6
art. 65 ust. 1
art. 15 ust. 1
art. 18 ust. 2
art. 19 ust. 1
art. 27 ust. 1
art. 18 ust. 2
art. 36 ust. 2
art. 40 ust. 1
art. 13 ust. 1
art. 41 ust. 2
art. 42 ust. 1
art. 44 ust. 3
art. 45 ust. 2
art. 18 ust. 2
art. 46 ust. 1
ust. 1
art. 58 ust. 1
art. 59 ust. 2
art. 56 ust. 1
art. 57 ust. 1
art. 42 ust. 2
art. 53 ust. 1
art. 59 ust. 1
