
art. 2 ust. 1
art. 3 ust. 1
art. 7 ust. 1
art. 7 ust. 1
art. 8 ust. 5
art. 51 ust. 2
art. 51 ust. 2
art. 9 ust. 1
art. 10 ust. 1
art. 11 ust. 3
art. 11 ust. 1
art. 11 ust. 1
 ust. 2
art. 12 ust. 1
art. 17 ust. 1
art. 24 ust. 2
art. 27 ust. 3
art. 17 ust. 2
art. 30 ust. 1
art. 30 ust. 3
art. 30 ust. 2
art. 30 ust. 2
art. 30 ust. 2
art. 30 ust. 2
art. 48 ust. 1
art. 36 ust. 2
art. 37 ust. 3
art. 37 ust. 1
art. 37 ust. 4
art. 37 ust. 3
art. 37 
art. 2 ust. 1
art. 37 ust. 3
art. 37 ust. 2
art. 37 ust. 1
art. 37 ust. 1
art. 37 ust. 1
art. 37 ust. 1
art. 37 ust. 1
art. 37 ust. 1
art. 37 
art. 37 ust. 1
art. 37 ust. 1
art. 11 ust. 1
art. 39 ust. 1
art. 30 ust. 2
art. 39 ust. 3
art. 41 ust. 1
art. 41 ust. 1
art. 30 ust. 2
art. 46 ust. 1
art. 46 ust. 1
art. 41 ust 1
art. 43 ust. 1
art. 45 ust. 2
 ust. 1
 ust. 1
art. 46 ust. 1
art. 46 ust. 1
art. 48 ust. 1
art.48 ust. 1
art. 50 ust. 2
 ust. 2
art. 5 ust. 2
art. 5 
art.4 ust.2
art. 90 ust. 1
art. 90 ust. 3
art. 53 ust. 1
art. 51 ust. 2
art. 51 ust. 2
art. 4 ust. 1
art. 51 ust. 4
art. 56 ust. 2
art. 63 ust. 3
 ust. 1
art. 63 ust. 1
art. 63 ust. 1
art. 63 ust. 1
art. 63 ust. 1
art. 63 ust. 1
art. 63 ust. 1
art. 66 ust. 2
art. 68 ust. 1
art. 70 ust. 2
art. 48 ust. 3
art. 48 ust. 3
art. 82 ust. 2
art. 83 ust. 4
art. 83 ust. 1
art. 83 ust. 1
art. 84 ust. 1
art. 86 ust. 1
art. 89 ust. 2
art. 4 ust. 3
art. 4 
art. 84 ust. 1
art. 4 ust. 1
art. 4 ust. 1
art. 4 ust. 1
art. 4 
art. 90 ust. 1
art. 90 ust. 1
art. 90 ust. 1
art. 90 ust. 1
art. 90 ust. 1
art. 98 ust. 2
art. 15 ust. 1
art. 25 ust. 1
art. 17 ust. 1
art. 37 ust. 2
ust. 1

art. 37 ust. 1
art. 1 ust. 1
art. 1 
ust. 3

art. 19 ust. 1
art. 86 ust. 2
art. 86 ust. 1
art. 1 ust. 3
art. 1 
art. 46 ust. 2
art. 62 ust. 1
art. 70 ust. 2
