
art. 1 ust. 3
art. 4 ust. 1
art. 6 ust. 1
art. 7 ust. 1
art. 8 ust. 2
art. 11 ust. 4
art. 14 ust. 1
art. 16 ust. 1
art. 16 
art. 24 ust. 3
art. 4 ust. 1
art. 32 ust. 2
art. 4 ust. 1
art. 4 ust. 1
art. 38 ust. 1
art. 44 ust. 1
art. 45 ust. 2
art. 47 ust. 1
art. 48 ust. 3
art. 55 ust. 2
art. 16 ust. 2
art. 4 ust. 1
art. 59 ust. 3
art. 66 ust. 1
art. 68 ust. 3
art. 4 ust. 1
art. 69 ust. 3
art. 72 ust. 1
art. 68 ust. 1
art. 77 ust. 2
art. 79 ust. 1
art. 72 ust. 1
art. 81 ust. 1
art. 84 ust. 2
art. 85 ust. 1
art. 8 ust. 2
art. 8 ust. 2
art. 85 ust. 2
art. 92 ust. 2
art. 92 
art. 95 ust. 1
art. 3 ust. 2
art. 8 ust. 1
art. 5 ust. 1
art. 6 ust. 1
art. 8 ust. 1
art. 11 ust. 2
art. 13 ust. 2
art. 16 ust. 2
art. 18 ust. 3
art. 19 ust. 1
art. 22 ust. 1
art. 8 ust. 1
art. 8 ust. 1
art. 8 ust. 1
art. 24 ust. 1
art. 25 ust. 1
art. 24 ust. 1
art. 27 ust. 1
art. 28 ust. 1
art. 30 ust. 1
art. 31 ust. 1
art. 31 ust. 1
art. 32 ust. 2
art. 24 ust. 1
art. 3 ust. 3
art. 12 ust. 1
art. 24 ust. 1
art. 29 ust. 2
art. 29 
art. 38 ust. 1
art. 50 ust. 1
art. 52 ust. 3
art. 56 ust. 1
art. 58 ust. 2
art. 65 ust. 1
art. 70 ust. 1
art. 71 ust. 1
art. 30 ust. 2
ust. 1

art. 10 ust. 2
