
ust. 1

ust. 2

art. 6 ust. 1
art. 8 ust. 2
art. 9 ust. 3
art. 11 ust. 1
art. 6 ust. 1
art. 6 ust. 1
art. 13 ust. 1
art. 8 ust. 3
art. 13 ust. 1
ust. 1
ust. 1
art. 13 ust. 1
art. 13 ust. 1
art. 13 ust. 1
ust. 2
art. 32 ust. 1
art. 34 ust. 2
art. 34 ust. 4
art. 8 ust. 2
art. 18 ust. 1
ust. 1
art. 59 ust. 1
art. 59 ust. 2
ust. 1
art. 13 ust. 1
ust. 1
art. 45 ust. 1
art. 59 ust. 1
art. 15 ust. 2
art. 15 ust. 6
art. 13 ust. 1
art. 90 ust. 2
ust. 1
art. 6 ust. 1
art. 6 ust. 1
art. 8 ust. 3
art. 6 ust. 1
art. 9 ust. 4
art. 14 ust. 1
art. 39 ust. 1
art. 13 ust. 4
art. 85 ust. 6
 ust. 1
 ust. 5
art. 36 ust. 1
art. 34 ust. 4
art. 35 ust. 2
art. 38 ust. 3
art. 37 ust. 3
art. 37 ust. 2
art. 38 ust. 1
art. 38 ust. 1
art. 35 ust. 1
art. 39 ust. 1
art. 40 ust. 1
art. 38 ust. 1
art. 58 ust. 2
art. 13 ust. 1
art. 68 ust. 2
art. 68 ust. 6
ust. 1
art. 1 ust. 3
art. 1 ust. 3
art. 10 ust. 4
ust. 1

art. 12 ust. 4
art. 22 ust. 1
art. 8 ust. 1
art. 9 ust. 1
art. 12 ust. 2
art. 23 ust. 1
art. 15 ust. 3
art. 112 ust. 1
art. 19 ust. 3
art. 13 ust. 1
ust. 2
art. 8 ust. 1
art. 9 ust. 1
art. 19 ust. 1
art. 85 ust. 1
