
art. 2 ust. 2
art. 2 
art. 4 ust. 2
art. 9 ust. 1
art. 10 ust. 1
art. 46 ust. 3
art. 12 ust. 2
art. 18 ust. 2
art. 19 ust. 2
art. 19 ust. 1
art. 11 ust. 1
art. 20 ust. 2
art. 12 ust. 3
art. 24 ust. 3
art. 41 ust. 3
art. 23 ust. 2
art. 1053 ust. 1
art. 24 ust. 1
art. 24 ust. 1
 ust. 1
 
art. 26 ust. 1
art. 29 ust. 1
art. 31 ust. 1
art. 32 ust. 1
art. 1 ust. 2
art. 37 ust. 1
art. 44 ust. 1
art. 44 
art. 44 ust. 1
art. 44 ust. 1
art. 44 ust. 1
art. 49 ust. 1
art. 57 ust. 1
art. 59 ust. 2
art. 12 ust. 2
art. 20 ust. 3
art. 44 ust. 1
art. 46 ust. 2
art. 60 ust. 1
art. 41 ust. 5
art. 35 ust. 3
art. 70 ust. 3
art. 70 ust. 1
art. 42 ust. 5
art. 1 ust. 3
art. 7 ust. 1
art. 11 ust. 1
art. 88 ust. 2
art. 1 ust. 3
art. 88 ust. 3
art. 96 ust. 1
art. 98 ust. 1
