
art. 12 ust. 2
ust. 5
art. 20 ust. 2
ust. 1
art. 23 ust. 3
ust. 1
art. 35 ust. 3
ust. 1
ust. 1

art. 12 ust. 3
art. 14 ust. 2
ust. 1
ust. 1
art. 51 ust. 1
art. 51 ust. 1
art. 51 ust. 1
art. 22 ust. 1
art. 51 ust. 1
art. 26 ust. 4
ust. 2

 ust. 4
 ust. 1
ust. 2
art. 3 ust. 3
art. 3 ust. 3
art. 71 ust. 1
art. 71 ust. 1
ust. 4
 ust. 1
 ust. 4
art. 71 ust. 1
art. 72 ust. 3
art. 73 ust. 3
art. 75 ust. 1
 ust. 1
art. 70 ust. 3
 ust. 2
art. 3 ust. 3
 ust. 1
ust. 1

ust. 1

art. 38 ust. 3
art. 5 ust. 1
art. 26 ust. 4
art. 93 ust. 1
ust. 1
 ust. 2
art. 77 ust. 2
art. 98 ust. 1
art. 26 ust. 4
art. 26 ust. 4
art. 109 ust. 1
art. 109 ust. 2
 ust. 1
art. 3 ust. 3
art. 113 ust. 1
 ust. 1
art. 114 ust. 1
art. 114 ust. 1
ust. 2
art. 115 ust. 3
art. 3 ust. 3
 ust. 1
ust. 1

art. 26 ust. 2
ust. 1
art. 17 ust. 1
art. 76 ust. 2
art. 97 ust. 1
art. 100 ust. 2
art. 117 ust. 2
 ust. 1
 
art. 21 ust. 1
art. 21 
art. 48 ust. 2
art. 8 ust. 2
art. 141 ust. 1
art. 48 ust. 3
art. 136 ust. 1
ust. 1
ust. 1

art. 21 ust. 1
art. 23 ust. 1
art. 6 ust. 1
art. 12 ust. 4
art. 16 ust. 1
art. 17 ust. 1
art. 2 ust. 1
art. 64 ust. 1
 ust. 4
art. 64 ust. 1
art. 64 ust. 4
