
art. 5 ust. 5
art. 5 ust. 5
art. 7 ust. 2
art. 10 ust. 1
art. 7 ust. 2
art. 5 ust. 5
art. 27 ust. 1
art. 29 ust. 1
art. 16 ust. 1
art. 17 ust. 1
art. 19 ust. 1
art. 25 ust. 2
art. 18 ust. 2
art. 26 ust. 1
art. 27 ust. 1
art. 28 ust. 1
art. 29 ust. 1
art. 36 ust. 1
art. 26 ust. 2
art. 26 ust. 3
art. 26 ust. 2
art. 26 ust. 3
art. 26 ust. 2
art. 26 ust. 3
art. 26 ust. 2
art. 27 ust. 2
art. 28 ust. 2
art. 29 ust. 2
art. 30 ust. 3
art. 26 ust. 2
art. 32 ust. 1
art. 26 ust. 3
art. 27 ust. 3
art. 38 ust. 2
 ust. 1
art. 36 ust. 1
art. 38 ust. 2
art. 36 ust. 1
art. 37 ust. 1
art. 37 
art. 41 ust. 1
art. 44 ust. 1
art. 4 ust. 1
art. 43 ust. 2
art. 43 ust. 2
art. 14 ust. 1
art. 11 ust. 1
art. 11 ust. 1
art. 11 ust. 1
