
art. 3 ust. 3
art. 4 ust. 1
art. 5 ust. 1
art. 9 ust. 1
art. 15 ust. 2
art. 14 ust. 3
 ust. 2
art. 5 ust. 1
art. 71 ust. 1
art. 14 ust. 1
art. 14 
art. 15 ust. 1
art. 18 ust. 5
art. 17 ust. 1
art. 19 ust. 1
art. 22 ust. 2
art. 15 ust. 1
art. 15 ust. 1
 ust. 5
art. 25 ust. 3
art. 40 ust. 1
art. 29 ust. 2
art. 30 ust. 2
art. 33 ust. 3
art. 32 ust. 7
art. 35 ust. 2
 ust. 3
art. 36 ust. 1
art. 37 ust. 1
art. 38 ust. 2
 ust. 3
art. 40 ust. 1
art. 41 ust. 2
 ust. 2
art. 40 ust. 1
art. 50 ust. 1
art. 51 ust. 1
art. 27 ust. 1
art. 35 ust. 1
art. 38 ust. 2
art. 44 ust. 1
art. 56 ust. 3
art. 66 ust. 4
art. 68 ust. 1
art. 15 ust. 1
art. 69 ust. 4
art. 71 ust. 1
 ust. 1
 ust. 3
 ust. 2
art. 72 ust. 1
 ust. 2
art. 75 ust. 2
 ust. 2
art. 81 ust. 3
art. 84 ust. 5
art. 86 ust. 2
art. 88 ust. 1
art. 90 ust. 1
art. 57 ust. 1
art. 15 ust. 2
art. 19 ust. 1
art. 71 ust. 1
