
art. 6 ust. 1
art. 6 ust. 2
art. 42 ust. 2
art. 6 ust. 1
art. 7 ust. 3
art. 6 ust. 2
art. 6 ust. 2
art. 6 ust. 2
art. 5 ust. 1
art. 5 ust. 1
ust. 4

art. 176 ust. 4
art. 176 
 ust. 3
 
art. 19 ust. 4
art. 19 
art. 15 ust. 1
art. 15 ust. 1
art. 58 ust. 1
art. 15 ust. 3
art. 15 ust. 1
art. 58 ust. 1
art. 15 ust. 2
art. 15 ust. 1
art. 15 ust. 1
art. 150 ust. 2
art. 150 
art. 185 ust. 1
art. 25 ust. 5
art. 183 ust. 3
art. 183 
ust. 2
art. 15 ust. 1
art. 15 
art. 36 ust. 1
art. 36 ust. 1
art. 6 ust. 1
art. 36 ust. 1
art. 36 ust. 1
art. 36 ust. 1
ust. 1

art. 29 ust. 1
ust. 2
art. 49 ust. 1
art. 36 ust. 2
art. 46 ust. 2
art. 46 ust. 2
art. 34 ust. 2
art. 36 ust. 1
art. 36 ust. 1
art. 37 ust. 1
art. 55 ust. 1
art. 53 ust. 1
art. 5 ust. 2
art. 53 ust. 1
art. 53 
art. 10 ust. 3
art. 10 
art. 6 ust. 1
art. 57 ust. 1
art. 57 ust. 2
art. 19 ust.1
art. 10 ust. 1
art. 104 ust. 1
art. 67 ust. 1
ust. 1

art. 70 ust. 1
art. 70 ust. 5
ust. 3
art. 56 ust. 3
art. 195 ust. 3
art. 63 ust. 1
art. 129 ust. 1
ust. 4
ust. 2

art. 77 ust. 1
art. 77 ust. 1
ust. 1

art. 82 ust. 2
art. 54 ust. 1
art. 89 ust. 1
art. 89 
art. 56 ust. 3
art. 73 ust. 3
art. 56 ust. 3
art. 73 ust. 3
art. 56 ust. 3
art. 73 ust. 3
art. 85 ust. 2
art. 5 ust. 2
art. 104 ust. 1
art. 104 ust. 1
ust. 2

art. 88 ust. 2
art. 88 ust. 2
art. 89 ust. 1
art. 104 ust. 9
art. 1 ust. 2
art. 3 ust. 1
ust. 2

art. 104 ust. 1
art. 105 ust. 2
art. 6 ust. 1
 ust. 1
 ust. 8
 ust. 7
art. 104 ust. 8
art. 24 ust. 2
art. 24 
art. 25 ust. 4
art. 25 
art. 15 ust. 3
art. 15 ust. 1
ust. 2
art. 15 ust. 1
art. 15 
art. 62 ust. 2
art. 73 ust. 1
ust. 1

art. 1 ust. 2
art. 115 ust. 2
art. 6 ust. 1
art. 10 ust. 1
art. 6 ust. 1
art. 6 ust. 1
art. 6 ust. 1
ust. 2

art. 120 ust. 1
art. 120 
art. 60 ust. 2
art. 182 ust. 1
art. 182 
art. 134 ust. 1
art. 104 ust. 1
art. 96 ust. 1
art. 96 
ust. 2
ust. 4

art. 138 ust. 2
 ust. 4
art. 74 ust. 2
art. 138 ust. 2
art. 138 ust. 2
art. 102 ust. 1
art. 134 ust. 1
art. 104 ust. 1
art. 140 ust. 4
art. 141 ust. 1
art. 141 
art. 139 ust. 1
art. 139 ust. 1
art. 139 ust. 1
art. 139 ust.1
art. 139 ust. 1
art. 139 ust. 1
art. 139 ust. 1
art. 139 ust. 1
art. 140 ust. 1
art. 139 ust. 1
art. 139 ust. 1
art. 139 ust. 1
art. 139 ust. 1
art. 139 ust. 1
art. 139 ust.1
art. 139 ust. 1
art. 138 ust. 2
art. 9 ust. 2
art. 21 ust. 2
art. 54 ust. 2
art. 12 ust. 4
art. 48 ust. 1
art. 48 
art. 54 ust. 1
art. 58 ust. 2
art. 18 ust. 4
art. 24 ust. 2
art. 104 ust. 1
art. 7 ust. 5
art. 88 ust. 2
art. 90 ust. 4
art. 27 ust. 3
art. 23 ust. 1
art. 7 ust. 1
art. 23 ust. 3
art. 112 ust. 2
art. 2 ust. 1
art. 12 ust. 1
art. 27 ust. 1
art. 4 ust. 1
art. 31 ust. 7
art. 27 ust. 1
art. 31 ust. 4
art. 27 ust. 1
art. 4 ust. 1
art. 4 ust. 3
art. 27 ust. 1
art. 31 ust. 2
art. 31 ust. 4
art. 31 ust. 3
art. 27 ust. 1
art. 14 ust. 2
art. 15 ust. 5
art. 2 ust. 2
art. 2 ust. 1
art. 16 ust. 5
art. 23 ust. 2
art. 28 ust. 2
art. 29 ust. 1
art. 30 ust. 1
art. 31 ust. 3
art. 16 ust. 4
art. 31 ust. 3
art. 16 ust. 4
art. 31 ust. 3
art. 37 ust. 5
art. 16 ust. 4
art. 31 ust. 3
art. 16 ust. 4
art. 31 ust. 3
art. 37 ust. 6
art. 37 ust. 1
art. 49 ust. 1
art. 53 ust. 1
art. 57 ust. 1
art. 16 ust. 5
art. 46 ust. 2
art. 46 
art. 2 ust. 1
art. 3 ust. 1
art. 338 ust. 2
art. 5 ust. 1
art. 6 ust. 1
art. 9 ust. 1
art. 6 ust. 1
art. 6 ust. 1
art. 9 ust. 1
art. 6 ust. 1
art. 9 ust. 1
art. 6 ust. 1
art. 10 ust. 1
art. 6 ust. 1
art. 11 ust. 3
art. 12 ust. 2
art. 13 ust. 3
art. 14 ust. 2
art. 15 ust. 2
art. 17 ust. 1
art. 8 ust. 3
art. 9 ust. 1
art. 22 ust. 1
art. 28 ust. 3
art. 3 ust. 2
art. 3 ust. 2
art. 4 ust. 2
art. 7 ust. 1
art. 11 ust. 1
art. 14 ust. 2
art. 17 ust. 3
art. 34 ust. 1
art. 7 ust. 1
 ust. 3
art. 7 ust. 1
art. 35 ust. 2
art. 36 ust. 2
art. 39 ust. 3
art. 45 ust. 1
art. 7 ust. 1
art. 9 ust. 1
art. 12 ust. 2
art. 13 ust. 5
art. 12 ust. 2
art. 12 ust. 3
art. 119 ust. 2
art. 13 ust. 2
art. 134 ust. 1
art. 35 ust. 2
art. 38 ust. 4
art. 42 ust. 1
art. 62 ust. 3
art. 64 ust. 2
art. 71 ust. 6
art. 81 ust. 3
art. 89 ust. 2
 ust. 6
art. 82 ust. 1
art. 83 ust. 1
art. 132 ust. 1
art. 83 ust. 3
art. 82 ust. 1
 ust. 4
art. 132 ust. 1
art. 83 ust. 2
 ust. 2
 ust. 1
art. 134 ust. 1
art. 24 ust. 1
art. 24 
art. 24 ust. 1
art. 24 
art. 89 ust. 2
art. 93 ust. 1
art. 92 ust. 3
 ust. 2
 
art. 92 ust. 3
art. 94 ust. 2
art. 99 ust. 2
art. 100 ust. 1
 ust. 2
 
 ust. 6
art. 119 ust. 2
art. 122 ust. 1
art. 123 ust. 1
 ust. 2
 
art. 70 ust. 2
art. 128 ust. 1
art. 131 ust. 1
art. 122 ust. 3
art. 83 ust. 1
art. 83 ust. 3
 ust. 2
art. 132 ust. 1
art. 134 ust. 1
art. 77 ust. 2
art. 135 ust. 1
art. 229 ust. 2
 ust. 2
 ust. 1
art. 141 ust. 1
art. 142 ust. 4
art. 146 ust. 1
art. 160 ust. 1
art. 64 ust. 1
art. 176 ust. 2
art. 176 ust. 2
art. 177 ust. 2
art. 185 ust. 3
art. 186 ust. 2
art. 197 ust. 1
art. 201 ust. 4
art. 202 ust. 3
art. 219 ust. 3
art. 6 ust. 1
art. 6 ust. 5
art. 41 ust. 2
art. 47 ust. 1
art. 84 ust. 7
art. 24 ust. 4
art. 85 ust. 2
art. 110 ust. 1
art. 16 ust. 1
art. 111 ust. 3
art. 122 ust. 1
art. 113 ust. 1
art. 67 ust. 1
art. 122 ust. 1
art. 117 ust. 1
art. 113 ust. 1
art. 122 ust. 1
art. 26 ust. 3
art. 25 ust. 3
art. 53 ust. 2
art. 5 ust. 2
art. 15 ust. 1
art. 15 ust. 1
 ust. 12
 ust. 8
art. 115 ust. 1
art. 116 ust. 5
art. 117 ust. 1
art. 15 ust. 4
art. 104 ust. 8
art. 1 ust. 2
art. 19 ust. 2
art. 19 
art. 73 ust. 3
art. 74 ust. 1
ust. 1

art. 26 ust. 1
art. 26 ust. 1
art. 26 ust. 1
art. 26 ust. 1
art. 26 ust. 1
art. 26 
art. 27 ust. 1
art. 173 ust. 3
art. 28 ust. 3
art. 130 ust. 3
art. 138 ust. 2
art. 85 ust. 1
art. 6 ust. 2
art. 195 ust. 1
art. 195 
art. 4 ust. 1
art. 7 ust. 1
art. 6 ust. 1
art. 33 ust. 1
art. 1 ust. 2
art. 11 ust. 1
art. 15 ust. 2
art. 7 ust. 1
