
art. 3 ust. 1
art. 5 ust. 2
art. 29 ust. 5
 ust. 5
art. 2 ust. 6
art. 2 ust. 10
art. 9 ust. 1
art. 9 ust. 1
art. 5 ust. 6
art. 7 ust. 1
art. 9 ust. 1
art. 9 ust. 1
art. 10 ust. 1
art. 12 ust. 1
art. 16 ust. 4
art. 17 ust. 1
art. 22 ust. 2
art. 32 ust. 1
 ust. 1
art. 10 ust. 2
art. 22 ust. 1
art. 33 ust. 2
art. 34 ust. 2
art. 35 ust. 1
art. 32 ust. 5
art. 34 ust. 2
art. 45 ust. 3
art. 48 ust. 2
art. 48 ust. 1
art. 58 ust. 1
 ust. 3
art. 59 ust. 1
art. 58 ust. 3
art. 60 ust. 4
art. 61 ust. 1
art. 62 ust. 1
 ust. 6
art. 68 ust. 2
art. 68 ust. 1
art. 69 ust. 2
art. 71 ust. 1
art. 78 ust. 2
art. 5 ust. 2
art. 79 ust. 1
art. 82 ust. 1
art. 7 ust. 3
 ust. 3
art. 82 ust. 1
art. 7 ust. 3
art. 82 ust. 1
art. 7 ust. 3
art. 85 ust. 1
art. 86 ust. 1
art. 90 ust. 1
 ust. 3
art. 2 ust. 4
art. 91 ust. 1
art. 1 ust. 1
art. 104 ust. 4
ust. 1

art. 22 ust. 2
art. 62 ust. 1
