
art. 3 ust. 1
ust. 1

art. 20 ust. 1
art. 21 ust. 2
art. 11 ust. 5
ust. 4

art. 15 ust. 5
art. 10 ust. 2
art. 17 ust. 1
art. 18 ust. 1
art. 43 ust. 2
art. 10 ust. 2
ust. 1
art. 25 ust. 1
art. 25 
art. 26 ust. 1
art. 26 
ust. 2

art. 30 ust. 3
art. 30 ust. 2
art. 44 ust. 2
art. 48 ust. 1
ust. 3

ust. 5

art. 54 ust. 5
art. 56 ust. 1
art. 101 ust. 2
art. 58 ust. 2
art. 58 ust. 1
art. 59 ust. 2
art. 61 ust. 4
art. 61 ust. 2
art. 70 ust. 5
art. 70 
art. 65 ust. 1
art. 76 ust. 4
art. 76 ust. 1
art. 20 ust. 1
art. 21 ust. 2
ust. 2

art. 89 ust. 2
art. 92 ust. 3
art. 92 ust. 1
ust. 2

ust. 4

ust. 2

art. 99 ust. 3
art. 102 ust. 3
 ust. 3
art. 100 ust. 1
art. 100 
art. 105 ust. 1
art. 166 ust. 1
art. 166 ust. 1
art. 99 ust. 5
art. 100 ust. 1
art. 101 ust. 2
art. 101 ust. 2
art. 111 ust. 3
art. 110 ust. 1
 ust. 2
art. 110 ust. 3
art. 102 ust. 1
art. 113 ust. 2
art. 113 ust. 2
art. 118 ust. 3
art. 88 ust. 2
art. 121 ust. 2
art. 122 ust. 2
art. 123 ust. 5
art. 54 ust. 6
ust. 1
art. 166 ust. 1
art. 109 ust. 3
art. 109 ust. 5
art. 110 ust. 2
art. 110 ust. 3
art. 96 ust. 1
art. 113 ust. 2
art. 113 ust. 2
art. 147 ust. 3
art. 150 ust. 2
art. 134 ust. 2
art. 150 ust. 2
art. 151 ust. 4
art. 54 ust. 6
ust. 1
art. 135 ust. 5
art. 136 ust. 1
art. 109 ust. 3
art. 109 ust. 5
art. 110 ust. 2
art. 110 ust. 3
art. 96 ust. 1
art. 113 ust. 2
art. 113 ust. 2
art. 173 ust. 2
art. 124 ust. 5
art. 127 ust. 2
art. 173 ust. 2
art. 162 ust. 2
art. 178 ust. 2
art. 178 ust. 6
art. 54 ust. 6
ust. 1
ust. 1
ust. 1
art. 190 ust. 1
art. 192 ust. 1
ust. 1
ust. 1
art. 48 ust. 1
art. 84 ust. 2
art. 84 ust. 3
ust. 1

art. 9 ust. 2
art. 32 ust. 1
art. 32 
art. 135 ust. 5
art. 164 ust. 1
