
art. 2 ust. 2
art. 9 ust. 2
art. 133 ust. 2
art. 16 ust. 2
art. 20 ust. 4
art. 23 ust. 5
art. 25 ust. 1
art. 30 ust. 4
art. 31 ust. 2
art. 52 ust. 3
art. 56 ust. 1
art. 29 ust. 2
art. 60 ust. 1
art. 127 ust. 2
art. 48 ust. 2
art. 48 
 ust. 3
 
 ust. 5
art. 61 ust. 2
art. 3 ust. 3
art. 76 ust. 2
art. 79 ust. 1
art. 81 ust. 5
art. 82 ust. 2
art. 89 ust. 2
art. 95 ust. 1
art. 99 ust. 2
art. 100 ust. 2
art. 109 ust. 1
art. 137 ust. 3
art. 110 ust. 1
art. 112 ust. 2
art. 113 ust. 2
art. 117 ust. 1
art. 137 ust. 3
art. 134 ust. 1
art. 137 ust. 2
art. 143 ust. 3
 ust. 2
art. 143 ust. 3
art. 149 ust. 3
art. 86 ust. 4
art. 159 ust. 1
art. 56 ust. 4
 ust. 1
art. 81 ust. 2
