
art. 12 ust. 1
art. 13 ust. 7
art. 14 ust. 2
art. 19 ust. 2
art. 19 ust. 1
art. 20 ust. 3
art. 21 ust. 1
art. 21 
art. 22 ust. 3
art. 27 ust. 1
art. 30 ust. 1
art. 31 ust. 2
art. 12 ust. 3
art. 32 ust. 2
art. 32 
art. 33 ust. 2
art. 32 ust. 3
art. 32 ust. 1
art. 32 ust. 1
art. 27 ust. 1
art. 35 ust. 1
art. 35 
art. 38 ust. 1
art. 38 ust. 1
art. 41 ust. 1
art. 42 ust. 4
art. 1 ust. 1
art. 3 ust. 3
art. 7 ust. 1
art. 9 ust. 1
art. 10 ust. 1
art. 19 ust. 3
art. 47 ust. 1
art. 48 ust. 2
art. 47 ust. 1
art. 48 ust. 2
art. 46 ust. 4
art. 48 ust. 1
art. 34 ust. 6
art. 39 ust. 3
art. 45 ust. 1
art. 19 ust. 6
art. 23 ust. 3
art. 13 ust. 2
art. 36 ust. 1
art. 12 ust. 2
art. 5 ust. 4
art. 43 ust. 3
art. 12 ust. 2
art. 33 ust. 1
art. 33 
art. 34 ust. 1
art. 34 ust. 1
art. 10 ust. 2
art. 34 ust. 3
art. 12 ust. 2
art. 10 ust. 2
art. 10 ust. 2
art. 13 ust. 2
