
art. 1 ust. 2
art. 5 ust. 1
art. 6 ust. 1
art. 7 ust. 3
art. 8 ust. 1
art. 9 ust. 2
art. 3 ust. 2
art. 3 ust. 2
art. 10 ust. 1
 ust. 2
art. 11 ust. 1
art. 12 ust. 1
 ust. 4
art. 14 ust. 4
art. 12 ust. 4
art. 15 ust. 5
art. 15 ust. 1
art. 16 ust. 1
art. 17 ust. 1
 ust. 2
 ust. 1
art. 15 ust. 5
art. 17 ust. 1
art. 18 ust. 1
art. 18 ust. 8
art. 3 ust. 2
 ust. 1
 
art. 25 ust. 1
art. 27 ust. 6
art. 18 ust. 1
art. 18 ust. 1
art. 26 ust. 1
art. 21 ust. 1
art. 22 ust. 1
art. 21 ust. 1
art. 27 ust. 1
art. 28 ust. 1
art. 37 ust. 1
art. 18 ust. 1
art. 1 ust. 4
art. 1 
art. 21 ust. 2
