
art. 8 ust. 1
art. 8 ust. 3
art. 12 ust. 4
art. 35 ust. 1
art. 8 ust. 1
art. 39 ust. 2
art. 43 ust. 1
art. 43 ust. 5
art. 36 ust. 2
art. 53 ust. 2
art. 60 ust. 3
art. 33 ust. 1
art. 43 ust. 2
art. 44 ust. 4
art. 43 ust. 7
art. 44 ust. 1
art. 45 ust. 1
art. 48 ust. 1
art. 67 ust. 3
art. 43 ust. 1
art. 70 ust. 3
art. 70 ust. 6
art. 70 ust. 1
art. 70 ust. 1
art. 70 ust. 6
art. 70 ust. 1
art. 70 ust. 1
art. 70 ust. 1
art. 70 ust. 2
art. 70 ust. 3
art. 67 ust. 2
art. 70 ust. 7
art. 65 ust. 1
art. 11 ust. 1
art. 70 ust. 2
art. 35 ust. 5
art. 70 ust. 2
art. 14 ust. 1
art. 20 ust. 1
art. 106 ust. 2
art. 7 ust. 1
art. 50 ust. 1
art. 50 ust. 6
art. 50 ust. 1
art. 50 ust. 1
art. 50 ust. 1
art. 50 ust. 4
art. 50 ust. 4
art. 50 ust. 5
art. 50 ust. 1
art. 50 ust. 2
art. 50 ust. 5
art. 50 ust. 1
art. 50 ust. 1
art. 50 ust. 3
art. 50 ust. 1
art. 50 ust. 2
art. 53 ust. 1
art. 50 ust. 3
art. 54 ust. 1
art. 50 ust. 1
art. 50 ust. 3
art. 2 ust. 1
art. 57 ust. 1
art. 7 ust. 1
art. 8 ust. 1
art. 11 ust. 1
art. 12 ust. 1
art. 63 ust. 1
art. 25 ust. 2
art. 27 ust. 2
art. 25 ust. 1
art. 25 ust. 2
art. 25 ust. 2
art. 25 ust. 4
art. 25 ust. 2
art. 25 ust. 8
 ust. 3
art. 25 ust. 6
art. 25 ust. 7
art. 25 ust. 4
art. 19 ust. 3
art. 25 ust. 1
art. 25 ust. 3
art. 26 ust. 1
art. 25 ust. 3
art. 25 ust. 2
art. 25 ust. 2
art. 26 ust. 1
art. 30 ust. 1
art. 47 ust. 1
art. 65 ust. 1
art. 100 ust. 1
 ust. 2
art. 2 ust. 1
art. 100 ust. 1
art. 44 ust. 1
