
art. 3 ust. 2
art. 6 ust. 1
art. 8 ust. 1
art. 9 ust. 1
art. 6 ust. 1
art. 18 ust. 4
art. 16 ust. 10
art. 6 ust. 1
 ust. 7
art. 6 ust. 1
art. 11 ust. 1
art. 12 ust. 2
art. 6 ust. 1
art. 6 ust. 1
art. 14 ust. 2
art. 7 ust. 2
art. 16 ust.1
art.6 ust. 6
 ust. 8
art. 9 ust. 1
art. 18 ust. 4
art. 18 ust. 1
art. 6 ust. 1
art. 4 ust. 2
art. 6 ust. 1
art. 4 ust. 1
art. 8 ust. 2
art. 6 ust. 1
art.19 ust.5
art.23 ust.4
art. 24 ust. 6
 ust. 8
 ust. 8
 ust. 8
art. 27 ust.2
art. 33 ust. 2
art. 36 ust. 4
 ust. 9
 
art. 33 ust. 2
art. 40 ust. 2
art. 16 ust. 1
art. 16 ust. 1
art. 41 ust. 3
art. 33 ust. 2
art. 35 ust. 4
art. 43 ust. 4
art. 35 ust. 5
art. 46 ust. 4
art. 33 ust. 3
art. 47 ust. 1
art. 18 ust. 1
art. 19 ust. 1
art. 20 ust. 1
 ust. 4
art. 49 ust. 3
art. 49 ust. 3
art. 35 ust. 9
art. 49 ust. 3
 ust.10
 ust.10
art. 41 ust. 1
art. 46 ust. 2
art. 47 ust. 3
art. 50 ust. 1
art. 52 ust.1
art. 74 ust. 3
art. 76 ust. 1
art.84 ust.1
art. 98 ust.1
art.15 ust. 2
art. 21 ust. 3
art. 26 ust. 4
art.169 ust. 3
art. 89 ust. 2
art. 93 ust. 6
art. 62 ust. 1
art. 100 ust. 1
art. 100 
 ust. 2
 ust. 4
 ust. 3
 ust. 3
 ust. 6
art. 119 ust. 3
art. 119 ust. 4
 ust. 3
 
 ust. 4
 ust. 1
art. 204 ust. 2
art. 28 ust.3
art. 89 ust. 1
art. 89 ust. 2
art. 47 ust. 9
art. 50 ust. 1
art. 1 ust. 2
art. 1 
art. 1 ust. 4
art. 1 
art. 46 ust. 4
art. 1 ust. 1
art. 47 ust. 11
art. 39 ust. 2
art. 39 ust. 2
