
art. 1 ust. 2
art. 9 ust. 1
art. 14 ust. 5
art. 15 ust. 5
art. 15 ust. 5
art. 16 ust. 1
art. 16 ust. 1
art. 16 ust. 13
art. 16 ust. 1
 ust. 5
 ust. 6
art. 16 ust. 1
art. 16 ust. 13
art. 16 ust. 1
art. 16 ust. 1
art. 12 ust. 7
art. 12 ust. 7
art. 12 ust. 7
art. 16 ust. 2
art. 9 ust. 1
art. 16 ust. 1
art. 16 ust. 1
art. 16 ust. 1
 ust. 1
art. 16 ust. 1
art. 16 ust. 2
art. 16 ust. 1
art. 16 ust. 2
 ust. 3
 
 ust. 3
 
 ust. 1
 ust. 3
 
art. 5 ust. 1
art. 9 ust. 1
 ust. 2
 
art. 12 ust. 5
 ust. 1
 
art. 14 ust. 1
art. 14 
 ust. 1
 
art. 9 ust. 1
art. 16 ust. 1
art. 16 ust. 2
art. 16 ust. 9
art. 16 ust. 2
art. 16 ust. 1
art. 16 ust. 1
art. 16 
 ust. 1
 ust. 1
 
art. 16 ust. 2
art. 16 ust. 1
art. 16 ust. 1
art. 16 ust. 2
art. 16 ust. 1
art. 16 ust. 2
art. 16 ust. 1
art. 16 ust. 1
art. 16 
 ust. 1
 ust. 1
 ust. 1
art. 12 ust. 7
art. 16 ust. 4
art. 12 ust. 7
art. 16 ust. 2
art. 16 ust. 1
 ust. 1
art. 17 ust. 1
art. 19 ust 1
art. 21 ust. 3
art. 25 ust. 3
art. 31 ust 2
art. 16 ust. 15
art. 16 ust. 1
art. 1 ust. 4
art. 16 ust. 2
art. 16 ust. 2
art. 16 ust. 2
