
art. 6 ust. 1
art. 15 ust. 2
art. 15 ust. 3
art. 15 ust. 2
ust. 4

art. 2 ust. 1
art. 29 ust. 1
art. 30 ust. 2
art. 73 ust. 4
art. 31 ust. 4
art. 31 ust. 7
art. 31 ust. 5
art. 31 ust. 5
art. 31 ust. 5
art. 6 ust. 1
art. 31 ust. 7
art. 6 ust. 1
art. 2 ust. 1
art. 41 ust. 1
art. 41 ust. 1
art. 48 ust. 2
art. 41 ust. 1
art. 22 ust. 2
art. 41 ust. 1
art. 41 ust. 1
art. 42 ust. 2
art. 41 ust. 1
art. 41 ust. 1
art. 41 ust. 1
art. 41 ust. 1
art. 41 ust. 1
art. 41 ust. 1
art. 57 ust. 4
art. 74 ust. 1
art. 54 ust. 1
art. 61 ust. 2
art. 69 ust. 2
art. 55 ust. 1
art. 69 ust. 2
ust. 1

art. 74 ust. 1
art. 2 ust. 1
art. 2 
ust. 1

art. 51 ust. 2
art. 2 ust. 1
art. 2 
art. 61 ust. 1
art. 32 ust. 3
ust. 1

ust. 2
art. 107 ust. 1
art. 107 ust. 1
art. 107 ust. 1
art. 118 ust. 1
art. 107 ust. 1
art. 107 ust. 1
art. 107 ust. 1
art. 107 ust. 4
art. 1 ust. 1
art. 48 ust. 1
art. 241 ust. 1
art. 7 ust. 6
art. 30 ust. 1
art. 1 ust. 1
art. 21 ust. 3
art. 22 ust. 2
art. 23 ust. 2
art. 471 ust. 3
art. 24 ust. 2
art. 1 ust. 1
art. 1 ust. 1
art. 20 ust. 5
art. 82 ust. 4
art. 1 ust. 2
art. 4 ust. 1
art. 6 ust. 2
art. 73 ust. 4
art. 84 ust. 3
art. 15 ust. 2
art. 16 ust. 3
art. 16 ust. 2
art. 151 ust. 3
art. 6 ust. 4
art. 137 ust. 1
art. 10 ust. 1
art. 27 ust. 3
art. 45 ust. 2
art. 2 ust. 4
art. 7 ust. 6
art. 21 ust. 3
art. 22 ust. 2
art. 23 ust. 2
art. 30 ust. 1
art. 471 ust. 3
art. 41 ust. 1
art. 41 ust. 1
art. 41 ust. 1
art. 93 ust. 1
art. 93 
art. 31 ust. 3
art. 40 ust. 1
art. 93 ust. 1
art. 93 
art. 15 ust. 2
