
art. 46 ust. 4
art. 20 ust. 4
ust. 1

art. 8 ust. 1
art. 17 ust. 1
art. 8 ust. 2
 ust. 1
 ust.2
art. 3 ust. 2
art. 21 ust. 2
art. 18 ust. 2
art. 25 ust. 1
art. 39 ust.1
art. 25 ust. 1
art. 26 ust. 1
ust. 2

ust. 3

 ust.1
art. 25 ust. 1
art. 26 ust. 1
ust. 2

art. 50 ust. 2
ust. 2

ust. 1

art. 60 ust.1
art. 63 ust. 1
art. 72 ust. 2
art. 63 ust. 1
art. 63 ust. 1
art. 63 ust. 1
art. 63 ust. 2
art. 81 ust.1
art. 19 ust. 2
art. 2 ust. 1
art. 1 ust. 3
art. 6 ust. 1
art. 8 ust. 15
art. 9 ust. 1
art. 16 ust. 1
art. 18 ust. 1
art. 36 ust. 2
art. 6 ust. 1
art. 32 ust. 3
art. 17 ust. 2
art. 2 ust. 5
art. 131 ust. 8
art. 131 
art. 91 ust. 2
art. 91 ust. 3
art. 91 ust. 1
art. 44 ust. 2
