
art. 1 ust.2
ust. 1
art. 49 ust. 1
art. 36 ust. 2
art. 36 ust. 2
ust. 2
art. 21 ust. 1
art. 21 ust. 1
art. 26 ust. 2
art. 67 ust. 4
art. 27 ust. 2
art. 29 ust. 1
art. 29 
art. 37 ust. 2
art. 36 ust. 1
 ust. 2
 ust. 5
art. 35 ust. 2
art. 37 ust. 2
art. 104 ust. 2
art. 33 ust. 1
art. 12 ust. 1
art. 37 ust. 7
art. 44 ust. 1
art. 45 ust. 2
art. 42 ust. 5
art. 42 ust. 7
art. 50 ust. 1
ust. 1
art. 27 ust. 3
art. 61 ust. 4
art. 61 ust. 2
art. 61 ust. 1
art. 63 ust. 1
art. 18 ust. 5
art. 1 ust. 2
art. 65 ust. 1
art. 28 ust. 1
art. 67 ust. 3
art. 67 ust. 1
art. 68 ust. 3
art. 65 ust. 1
art. 65 ust. 1
art. 67 ust. 1
art. 67 ust. 1
art. 12 ust. 1
art.12 ust. 1
art. 34 ust. 1
art. 50 ust. 2
art. 39 ust. 3
art. 105 ust. 1
art. 21 ust. 1
art. 25 ust. 5
art. 25 ust. 2
art. 44 ust. 2
art. 16 ust. 3
art. 16 
