
art. 1 ust. 2
art. 1 
art. 2 ust. 1
art. 7 ust. 2
art. 9 ust. 1
art. 16 ust. 1
art. 17 ust. 1
art. 47 ust. 1
art. 55 ust. 1
art. 2 ust. 1
art. 3 ust. 4
art. 3 
art. 39 ust. 1
art. 39 ust. 8
art. 39 
art. 7 ust. 2
art. 10 ust. 2
art. 11 ust. 2
art. 12 ust. 3
art. 13 ust. 1
art. 13 
art. 39 ust. 1
art. 14 ust. 2
art. 17 ust. 4
art. 20 ust. 1
art. 25 ust. 2
art. 26 ust. 1
art. 27 ust. 4
art. 12 ust. 3
art. 29 ust. 1
art. 31 ust. 2
art. 33 ust. 2
art. 12 ust. 3
art. 36 ust. 1
art. 36 
art. 38 ust. 2
art. 12 ust. 3
art. 3 ust. 4
art. 3 ust. 6
art. 39 ust. 1
art. 39 ust. 1
art. 39 ust. 1
art. 39 ust. 1
art. 39 ust. 1
art. 18 ust. 1
art. 13 ust. 1
art. 13 ust. 2
art. 39 ust. 1
art. 42 ust. 1
art. 47 ust. 1
art. 47 
art. 39 ust. 1
art. 39 ust. 2
art. 39 ust. 1
art. 39 ust. 2
art. 39 ust. 3
art. 39 ust. 1
art. 42 ust. 1
art. 43 ust. 2
 ust. 1
art. 48 ust. 3
art. 50 ust. 2
art. 51 ust. 1
art. 52 ust. 1
art. 55 ust. 3
art. 57 ust. 2
art. 58 ust. 1
art. 60 ust. 2
art. 58 ust. 1
art. 61 ust. 1
art. 62 ust. 1
art. 63 ust. 2
art. 13 ust. 2
art. 17 ust. 1
art. 14 ust. 3
art. 7 ust. 2
art. 12 ust. 1
art. 14 ust. 1
