
art. 33 ust. 4
art. 33 ust. 2
art. 33 
 ust. 2
 ust. 3
art. 33 ust. 5
art. 33 ust. 4
art. 64 ust. 6
art. 84 ust. 1
art. 150 ust. 3
art. 44 ust. 2
art. 52 ust. 1
art. 56 ust. 2
art. 13 ust. 1
art. 37 ust. 1
art. 38 ust. 1
art. 25 ust. 1
art. 13 ust. 1
art. 13 ust. 1
art. 7 ust. 3
art. 35 ust. 2
art. 34 ust. 1
art. 41 ust. 1
art. 34 ust. 1
art. 34 ust. 1
art. 41 ust. 1
art. 54 ust. 1
art. 5 ust. 3
art. 6 
art. 7 ust. 4
art. 8 ust. 4
art. 5 ust. 1
art. 9 ust. 1
art. 4 ust. 1
 ust. 2
 
art. 10 
art. 9 ust. 2
art. 11 ust. 1
art. 11 ust. 2
art. 12 ust. 1
art. 13 ust. 1
art. 14 ust. 2
art. 16 ust. 2
art. 15 
art. 16 ust. 1
art. 16 
art. 16 ust. 1
art. 17 ust. 1
art. 40 ust. 4
art. 44 ust. 1
art. 34 ust. 2
art. 44 ust. 2
art. 27 ust. 2
art. 3 ust. 1
art. 11 ust. 2
art. 9 ust. 1
art. 10 ust 1
