
art. 1 ust. 1
art. 3 ust. 1
art. 4 ust. 1
art. 5 ust. 1
art. 6 ust. 1
art. 5 ust. 3
art. 7 ust. 1
art. 8 ust. 1
art. 25 ust. 2
art. 9 ust. 1
art. 5 ust. 1
art. 10 ust. 1
art. 11 ust. 2
art. 10 ust. 1
art. 10 ust. 1
art. 10 ust. 1
art. 12 ust. 2
art. 20 ust. 1
art. 14 ust. 1
art. 9 ust. 1
art. 10 ust. 1
art. 11 ust. 2
art. 10 ust. 3
art. 16 ust. 1
art. 14 ust. 1
art. 6 ust. 3
art. 14 ust. 1
art. 9 ust. 1
art. 10 ust. 1
art. 17 ust. 1
art. 12 ust. 2
art. 10 ust. 1
art. 17 ust. 1
art. 18 ust. 1
art. 31 ust. 2
art. 19 ust. 1
art. 20 ust. 1
 ust. 2
 
art. 21 ust. 1
art. 22 ust. 4
art. 23 ust. 1
art. 21 ust. 1
art. 20 ust. 1
art. 25 ust. 2
art. 20 ust. 1
art. 20 ust. 1
art. 26 ust. 2
art. 27 ust. 1
art. 28 ust. 1
art. 10 ust. 1
art. 30 ust. 1
art. 31 ust. 1
art. 31 ust. 1
art. 32 ust. 3
art. 32 ust. 3
art. 6 ust. 1
art. 14 ust. 1
art. 24 ust. 1
