
art. 4 ust. 3
art. 5 ust. 1
art. 8 ust. 5
art. 8 ust. 3
art. 8 
art. 8 ust. 5
art. 4 ust. 5
art. 8 ust. 1
art. 12 ust. 1
art. 9 ust. 2
art. 14 ust. 2
art. 8 ust. 1
art. 8 ust. 1
art. 14 ust. 2
art. 14 ust. 2
art. 14 ust. 2
art. 10 ust. 2
art. 13 ust. 2
art. 8 ust. 1
art. 14 ust. 2
art. 14 ust. 2
art. 8 ust. 1
art. 15 ust. 1
art. 14 ust. 2
art. 14 ust. 2
 ust. 3
art. 14 ust. 2
art. 14 ust. 2
art. 14 ust. 4
art. 14 ust. 2
art. 14 ust. 2
art. 8 ust. 3
art. 19 ust. 1
art. 20 ust. 1
art. 21 ust. 1
art. 8 ust. 3
art. 14 ust. 2
 ust. 1
