
art. 4 ust. 1
 ust. 3
art. 5 ust. 1
art. 5 ust. 2
art. 5 ust. 1
art. 5 
art. 7 ust. 1
art. 6 ust. 2
art. 8 ust. 2
art. 2 ust. 1
art. 2 ust. 1
art. 5 ust. 1
art. 10 ust. 1
 ust. 3
 
art. 9 ust. 4
art. 2 ust. 3
art. 12 ust. 1
art. 9 ust. 3
art. 20 ust. 1
art. 322 ust. 8
art. 21 ust. 1
art. 23 ust. 1
art. 23 
art. 23 ust. 1
art. 23 ust. 1
art. 23 ust. 1
art. 23 ust. 2
art. 24 ust. 2
art. 25 ust. 3
art. 28 ust. 1
art. 30 ust. 1
art. 29 ust. 1
art. 31 ust. 2
art. 9 ust. 2
art. 9 ust. 2
art. 39 ust. 1
art. 9 ust. 1
art. 40 ust. 1
art. 10 ust. 3
art. 23 ust. 5
art. 23 ust. 1
art. 23 ust. 1
art. 25 ust. 2
art. 1 ust. 1
art. 2 ust. 4
art. 4 ust. 2
 ust. 2
 
art. 17 ust. 1
art. 95 ust. 2
art. 99 ust. 2
art. 112 ust. 2
art. 113 ust. 1
art. 126 ust. 6
art. 142 ust. 1
art. 8 ust. 1
art. 7 ust. 1
art. 111 ust. 2
