
art. 1 ust. 1
art. 1 
 ust. 3
 
art. 2 ust. 1
art. 27 ust. 1
art. 32 ust. 6
art. 57 ust. 1
art. 68 ust. 1
art. 82 ust. 2
art. 87 ust. 1
art. 90 ust. 3
art. 90 ust. 3
art. 5 ust. 1
art. 30 ust. 1
art. 36 ust. 1
art. 37 ust. 3
art. 37 ust. 3
art. 54 ust. 4
art. 68 ust. 2
art. 90 ust. 6
art. 90 ust. 5
art. 5 ust. 1
art. 7 ust. 2
art. 8 ust. 7
art. 90 ust. 3
art. 9 ust. 1
 ust. 2
art. 4 ust. 3
art. 11 ust. 2
art. 11 ust. 2
 ust. 3
 ust. 1
art. 35 ust. 1
art. 36 ust. 1
art. 37 ust. 1
art. 37 ust. 2
art. 37 ust. 2
art. 37 ust. 1
art. 37 ust. 6
art. 37 ust. 1
art. 37 ust. 1
art. 42 ust. 3
art. 42 ust. 2
art. 45 ust. 1
art. 46 ust. 1
art. 46 ust. 2
art. 51 ust. 4
art. 53 ust. 2
art. 53 ust. 1
art. 56 ust. 4
art. 51 ust. 7
art. 57 ust. 1
art. 63 ust. 5
art. 63 
art. 64 ust. 1
art. 82 ust. 1
art. 83 ust. 6
art. 84 ust. 2
art. 88 ust. 2
art. 90 ust. 4
art. 90 ust. 6
art. 63 ust. 1
