
art. 1 ust. 2
art. 1 
art. 9 ust. 1
art. 1 ust. 1
art. 1 ust. 1
art. 9 ust. 2
art. 47 ust. 2
art. 51 ust. 2
art. 72 ust. 2
art. 77 ust. 2
art. 6 ust. 1
art. 9 ust. 6
 ust. 12
art. 1 ust. 2
art. 7 ust. 3
art. 9 ust. 3
art. 9 ust. 3
art. 9 ust. 1
art. 9 ust. 1
art. 9 ust. 6
art. 9 ust. 3
art. 1 ust. 2
art. 9 ust. 3
art. 9 ust. 3
art. 9 ust. 2
art. 9 ust. 3
art. 9 ust. 10
art. 1 ust. 2
art. 9 ust. 1
art. 9 ust. 1
art. 9 ust. 1
art. 9 ust. 11
art. 9 ust. 8
art. 9 ust. 1
art. 1 ust. 2
art. 1 ust. 2
art. 9 ust. 4
art. 9 ust. 1
art. 1 ust. 2
art. 9 ust. 1
art. 9 ust. 2
art. 9 ust. 3
art. 9 ust. 1
art. 10 ust. 5
art. 9 ust. 1
art. 9 ust. 3
art. 9 ust. 1
art. 10 ust. 8
art. 9 ust. 11
art. 9 ust. 8
art. 9 ust. 11
art. 9 ust. 8
art. 12 ust. 1
art. 18 ust. 1
art. 19 ust. 1
art. 20 ust. 2
art. 22 ust. 2
art. 23 ust. 1
art. 28 ust. 13
art. 70 ust. 1
art. 17 ust. 2
art. 1 ust. 2
art. 18 ust. 2
art. 20 ust. 1
art. 22 ust. 2
art. 22 ust. 1
art. 91 ust. 1
art. 23 ust. 1
art. 10 ust. 5
art. 28 ust. 2
art. 29 ust. 3
 ust. 1
art. 6 ust. 1
art. 42 ust. 3
art. 42 ust. 7
art. 42 ust. 4
art. 35 ust. 3
art. 33 ust. 1
art. 1 ust. 2
art. 33 ust. 1
art. 34 ust. 1
art. 35 ust. 3
art. 34 ust. 4
art. 36 ust. 2
art. 39 ust. 1
art. 42 ust. 2
art. 42 ust. 2
art. 49 ust. 1
art. 51 ust. 3
art. 53 ust. 1
art. 54 ust. 1
art. 30 ust. 6
art. 61 ust. 1
art. 64 ust. 2
art. 66 ust. 2
art. 67 ust. 3
art. 68 ust. 2
art. 70 ust. 2
art. 72 ust. 3
art. 73 ust. 1
art. 75 ust. 1
art. 77 ust. 3
art. 79 ust. 1
art. 87 ust. 1
art. 88 ust. 2
art. 1 ust. 2
art. 91 ust. 2
art. 1 ust. 2
art. 6 ust. 3
art. 6 ust. 3
art. 26 ust. 2
art. 1 ust. 2
art. 6 ust. 3
art. 30 ust. 2
art. 36 ust. 1
art. 34 ust. 2
art. 51 ust. 3
art. 1 ust. 1
art. 1 ust. 1
art. 1 ust. 2
art. 1 
art. 9 ust. 4
art. 1 ust. 2
art. 1 ust. 1
art. 9 ust. 3
art. 1 ust. 2
art. 1 
art. 9 ust. 3
art. 9 ust. 1
art. 1 ust. 1
art. 7 ust. 10
art. 9 ust. 1
art. 1 ust. 2
art. 1 ust. 3
art. 1 
art. 7 ust. 1
art. 10 ust. 3
art. 1 ust. 2
art. 30 ust. 5
art. 1 ust. 2
art. 30 ust. 2
art. 30 ust. 4
