
art. 2 ust. 1
 ust. 2
art. 3 ust. 1
art. 2 ust. 1
 ust. 4
 
 ust. 4
art. 44 ust. 9
 ust. 2
 
 ust. 4
 
art. 4 ust. 1
art. 4 
art. 6 ust. 1
art. 7 ust. 1
art. 8 ust. 1
art. 7 ust. 2
art. 10 ust. 1
art. 10 
art. 13 ust. 2
art. 12 ust. 1
art. 13 ust. 2
art. 13 ust. 2
art. 16 ust. 1
 ust. 2
art. 20 ust. 1
art. 21 ust. 1
art. 22 ust. 3
art. 23 ust. 1
art. 24 ust. 3
art. 26 ust. 1
art. 17 ust. 2
 ust. 1
art. 35 ust. 4
art. 63 ust. 1
 ust. 11
 
art. 29 ust. 1
art. 5 ust. 2
 ust. 2
 
art. 35 ust. 2
art. 31 ust. 3
art. 32 ust. 5
art. 32 ust. 4
art. 32 
art. 31 ust. 2
art. 32 ust. 1
art. 44 ust. 10
art. 34 ust. 1
art. 28 ust. 1
art. 34 ust. 2
art. 34 ust. 5
art. 28 ust. 1
 ust. 4
 ust. 6
art. 34 ust. 4
art. 35 ust. 1
 ust. 3
art. 35 ust. 3
art. 35 ust. 1
art. 36 ust. 2
art. 30 ust. 2
art. 37 ust. 9
art. 37 
art. 39 ust. 1
art. 33 ust. 4
art. 44 ust. 11
art. 28 ust. 4
art. 42 ust. 4
art. 42 ust. 4
art. 44 ust. 7
art. 44 
 ust. 5
 
 ust. 12
 
 ust. 2
 
 ust. 11
art. 44 ust. 4
 ust. 5
art. 12 ust. 2
art. 64 ust. 1
art. 46 ust. 1
 ust. 2
art. 47 ust. 1
art. 4 ust. 1
art. 48 ust. 1
art. 48 
art. 48 ust. 1
art. 48 
art. 50 ust. 2
art. 50 
art. 4 ust. 1
art. 52 ust. 3
art. 12 ust. 2
art. 53 ust. 2
art. 64 ust. 1
art. 54 ust. 1
art. 4 ust. 1
art. 49 ust. 2
art. 62 ust. 1
art. 60 ust. 2
art. 58 ust. 1
art. 4 ust. 1
art. 59 ust. 2
art. 4 ust. 1
art. 4 ust. 1
art. 60 ust. 1
art. 61 ust. 1
art. 55 ust. 5
art. 57 ust. 2
art. 57 ust. 1
art. 62 ust. 1
art. 62 ust. 1
art. 60 ust. 2
 ust. 3
 ust. 2
art. 28 ust. 5
art. 44 ust. 4
 ust. 6
art. 4 ust. 1
 ust. 6
 
art. 61 ust. 3
 ust. 2
art. 28 ust. 5
art. 44 ust. 4
 ust. 6
art. 4 ust. 1
art. 60 ust. 2
 ust. 1
 
art. 58 ust. 1
art. 28 ust. 1
art. 60 ust. 2
art. 44 ust. 11
art. 62 ust. 3
art. 57 ust. 1
art. 4 ust. 1
art. 51 ust. 2
art. 55 ust. 1
art. 52 ust. 2
art. 64 ust. 1
 ust. 2
art. 51 ust. 1
art. 65 ust. 1
art. 49 ust. 2
 ust. 1
art. 66 ust. 2
art. 10 ust. 1
art. 67 ust. 1
art. 66 ust. 1
art. 69 ust. 1
art. 64 ust. 1
art. 53 ust. 1
art. 64 ust. 1
art. 64 ust. 4
art. 71 ust. 1
art. 13 ust. 2
art. 71 ust. 2
art. 71 ust. 2
art. 13 ust. 6
art. 73 ust. 1
art. 74 ust. 2
art. 80 ust. 2
art. 2 ust. 1
art. 11 ust. 3
art. 10 ust. 3
art. 80 ust. 3
art. 83 ust. 2
ust. 2

art. 4 ust. 1
art. 3 ust. 4
art. 34 ust. 2
art. 34 
art. 50 ust. 2
art. 56 ust. 1
art. 70 ust. 2
art. 81 ust. 2
art. 81 ust. 2
art. 81 ust. 2
