
art. 10 ust. 1
art. 41 ust. 1
art. 47 ust. 1
art. 69 ust. 2
art. 72 ust. 1
art. 76 ust. 1
art. 76 ust. 1
art. 7 ust. 1
art. 7 ust. 2
art. 7 ust. 2
art. 7 ust. 2
art. 8 ust. 1
art. 10 ust. 1
art. 19 ust. 1
art. 15 ust. 1
art. 16 ust. 1
art. 16 
art. 23 ust. 4
art. 19 ust. 1
art. 19 
art. 21 ust. 1
art. 21 ust. 1
art. 22 ust. 3
art. 22 
art. 23 ust. 1
art. 24 ust. 1
art. 26 ust. 2
art. 27 ust. 1
art. 27 
art. 27 ust. 1
art. 30 ust. 2
art. 31 ust. 1
art. 32 ust. 1
art. 31 ust. 1
art. 32 ust. 1
art. 33 ust. 1
art. 35 ust. 1
art. 36 ust. 1
art. 38 ust. 1
art. 39 ust. 1
art. 40 ust. 1
 ust. 2
art. 40 ust. 2
art. 6 ust. 1
art. 40 ust. 5
art. 40 ust. 5
art. 41 ust. 1
art. 40 ust. 7
art. 40 ust. 4
art. 40 ust. 5
art. 40 ust. 2
art. 41 ust. 1
art. 40 ust. 3
art. 127 ust. 3
art. 40 ust. 4
art. 41 ust. 1
art. 43 ust. 1
art. 40 ust. 3
art. 42 ust. 3
 ust. 3
art. 47 ust. 2
art. 49 ust. 1
art. 50 ust. 2
art. 51 ust. 1
art. 50 ust. 2
art. 56 ust. 1
art. 57 ust. 1
art. 41 ust. 1
art. 45 ust. 2
art. 58 ust. 3
art. 61 ust. 1
 ust. 3
 
art. 62 ust. 1
art. 63 ust. 2
art. 65 ust. 1
art. 66 ust. 1
art. 61 ust. 1
art. 63 ust. 2
art. 65 ust. 2
art. 49 ust. 4
art. 66 ust. 1
art. 66 ust. 1
art. 68 ust. 1
art. 68 
art. 69 ust. 2
art. 8 ust. 1
art. 70 ust. 1
art. 35 ust. 3
art. 36 ust. 3
art. 72 ust. 1
art. 73 ust. 1
art. 72 ust. 2
art. 75 ust. 1
art. 76 ust. 2
art. 76 ust. 2
art. 77 ust. 1
art. 78 ust. 1
art. 79 ust. 1
art. 79 
art. 80 ust. 1
art. 76 ust. 2
art. 83 ust. 1
art. 83 
art. 8 ust. 3
art. 83 ust. 1
art. 83 ust. 1
art. 40 ust. 7
art. 85 ust. 1
art. 86 ust. 4
 ust. 5
art. 86 ust. 1
art. 86 
art. 87 ust. 1
art. 85 ust. 2
art. 85 ust. 2
art. 87 ust. 1
art. 87 ust. 4
art. 85 ust. 4
 ust. 5
art. 87 ust. 7
 ust. 5
art. 87 ust. 1
art. 87 ust. 2
art. 88 ust. 2
art. 88 
art. 40 ust. 1
art. 76 ust. 2
art. 78 ust. 3
art. 78 ust. 4
art. 85 ust. 2
art. 85 ust. 4
art. 85 ust. 5
art. 85 ust. 7
art. 84 ust. 2
art. 87 ust. 1
art. 87 ust. 1
art. 87 ust. 8
art. 87 ust. 1
art. 84 ust. 1
art. 90 ust. 1
art. 90 
art. 17 ust. 1
art. 39 ust. 2
art. 42 ust. 2
art. 43 ust. 2
art. 43 ust. 1
art. 44 ust. 1
art. 40 ust. 2
