
art. 3 ust. 4
art. 3 ust. 4
art. 3 ust. 4
art. 3 ust. 4
ust. 1

 ust. 1
ust. 1

art. 8 ust. 4
art. 8 ust. 1
art. 8 ust. 4
art. 11 ust. 1
art. 8 ust. 4
art. 8 ust. 1
art. 14 ust. 1
art. 299 ust. 1
art. 16 ust. 1
art. 16 ust. 2
art. 3 ust. 4
ust. 3

art. 3 ust. 4
 ust. 3
 
art. 21 ust. 1
art. 25 ust. 3
art. 21 ust. 1
art. 29 ust. 1
art. 29 
art. 29 ust. 2
art. 29 ust. 1
art. 18 ust. 1
art. 18 
art. 14 ust. 1
art. 15 ust. 1
art. 35 ust. 1
art. 9 ust. 2
art. 82 ust. 2
art. 34 ust. 1
art. 11 ust. 6
art. 15 ust. 2
art. 161 ust. 5
art. 104 ust. 2
art. 106 ust. 3
art. 105 ust. 2
art. 106 ust. 2
art. 106 ust. 1
art. 43 ust. 1
art. 106 ust. 5
