
art. 6 ust. 2
art. 8 ust. 4
art. 8 ust. 1
art. 1 ust. 1
art. 3 ust. 1
art. 8 ust. 1
art. 3 ust. 4
art. 8 ust. 1
art. 6 ust. 1
art. 7 ust. 1
art. 1 ust. 1
art. 2 ust. 3
art. 1 ust. 1
art. 2 ust. 3
art. 2 ust. 3
art. 6 ust. 1
art. 6 ust. 1
art. 2 ust. 3
art. 6 ust. 1
art. 14 ust. 2
art. 23 ust. 3
art. 22 ust. 2
art. 5 ust. 1
art. 6 ust. 1
art. 7 ust. 3
art. 2 ust. 1
art. 3 ust. 1
art. 4 ust. 2
art. 5 ust. 1
art. 9 ust. 2
art. 4 ust. 1
art. 11 ust. 1
art. 6 ust. 3
art. 19 ust. 2
art. 4 ust. 1
art. 6 ust. 3
art. 11 ust. 1
art. 19 ust. 2
art. 10 ust. 1
art. 11 ust. 1
art. 11 ust. 1
art. 5 ust. 2
art. 5 
art. 6 ust. 2
art. 1 ust. 2
art. 7 ust. 1
art. 2 ust. 1
art. 5 ust. 2
art. 6 ust.1
art. 9 ust. 3
art. 10 ust. 2
art. 11 ust. 2
art. 13 ust. 2
art. 14 ust. 1
art. 15 ust. 1
art. 2 ust. 1
art. 6 ust. 1
art. 10 ust. 1
art. 11 ust. 1
art. 17 ust. 2
art. 2 ust. 1
art. 2 ust. 1
art. 4 ust. 2
art. 7 ust. 3
art. 6 ust. 2
art. 7 ust. 3
art. 1 ust. 2
art. 10 ust. 1
art. 11 ust. 1
art. 12 ust. 1
art. 13 ust. 1
art.14 ust.1
art.15 ust. 1
art. 16 ust. 2
art. 10 ust. 2
art. 21 ust. 1
art. 22 ust. 1
art. 23 ust. 2
art. 24 ust. 3
art. 31 ust. 2
art. 34 ust. 1
art. 23 ust. 2
art. 37 ust. 1
art. 37 
art. 38 ust. 2
art.41 ust. 2
art. 70 ust. 2
art. 10 ust. 1
art. 11 ust. 1
art. 13 ust. 1
art. 6 ust. 3
art. 6 ust. 1
art. 8 ust. 5
art. 12 ust. 3
art. 13 ust. 3
art. 6 ust. 2
art. 13 ust. 4
art. 17 ust. 4
art. 16 ust. 2
art. 17 ust. 2
art. 50 ust. 1
art. 11 ust. 1
art. 8 ust. 1
art. 1 ust. 1
art. 1 
art. 9 ust. 2
art. 18 ust. 1
art. 21 ust. 6
art. 25 ust. 1
art. 26 ust. 1
art. 27 ust. 2
art. 6 ust. 2
art. 26 ust. 2
art. 2 ust.1
art. 3 ust. 1
art. 7 ust. 3
art. 26 ust. 1
art. 5 ust.1
art. 6 ust.1
art. 7 ust. 1
art. 8 ust. 1
art. 2 ust. 2
art. 7 ust. 1
art. 12 ust.1
art. 13 ust. 2
art. 15 ust. 1
art. 16 ust. 1
art. 17 ust. 1
art. 20 ust.1
art. 21 ust. 2
art. 1 ust. 1
art. 3 ust. 1
art. 4 ust. 1
art. 5 ust. 1
art. 7 ust. 1
art. 9 ust. 1
art. 10 ust. 3
art. 1 ust. 2
art. 4 ust. 2
art. 7 ust. 2
art. 5 ust. 2
art. 22 ust. 2
art. 24 ust. 2
art. 28 ust. 2
art. 34 ust. 1
art. 13 ust. 3
art. 17 ust. 2
 ust. 2
 ust. 1
art. 14 ust. 2
art. 18 ust. 2
art. 20 ust. 1
art. 8 ust. 3
art. 9 ust. 3
art. 11 ust. 2
art. 12 ust. 1
art. 13 ust. 3
art. 18 ust. 1
art. 19 ust. 3
art. 20 ust. 2
art. 25 ust. 2
art. 35 ust. 2
art. 38 ust. 1
art. 47 ust. 2
art. 48 ust. 2
art. 49 ust. 2
art. 50 ust. 2
art. 55 ust. 1
art. 61 ust. 1
art. 66 ust. 2
art. 67 ust. 2
art. 73 ust. 1
art. 76 ust. 1
art. 80 ust. 2
art. 82 ust. 3
art. 85 ust. 1
art. 86 ust. 1
art. 93 ust. 2
art. 97 ust. 2
art. 101 ust. 1
art. 106 ust. 1
art. 112 ust. 2
art. 115 ust. 3
art. 117 ust. 1
art. 18 ust. 4
art. 22 ust.3
art. 7 ust. 1
art. 20 ust. 3
art. 23 ust. 1
art. 28 ust. 2
art. 30 ust. 2
art. 31 ust. 1
art. 32 ust. 1
art. 44 ust. 3
art. 51 ust. 1
art. 68 ust. 6
art. 70 ust. 1
art. 70 ust. 1
art. 71 ust. 3
art. 82 ust. 2
art. 83 ust. 1
art.84 ust.2
art. 86 ust. 1
 ust. 4
 ust. 6
art. 87 ust. 1
art. 87 ust. 1
art. 87 ust. 1
 ust. 3
 
art. 88 ust. 5
art. 88 ust. 1
art. 88 ust. 1
art. 88 ust. 2
art 90 ust. 1
art. 91 ust. 1
art.13 ust. 3
art.13 
art. 104 ust. 1
art. 105 ust. 2
art. 8 ust. 1
art. 12 ust. 2
art. 21 ust. 1
art. 1 ust. 1
art. 17 ust. 2
art. 18 ust. 3
art. 94 ust. 1
art. 4 ust. 1
art. 6 ust. 12
art. 36 ust. 1
art. 42 ust. 3
art. 42 ust. 1
art. 61 ust. 2
art. 72 ust. 1
art. 79 ust. 1
art. 81 ust. 1
art. 91 ust. 1
art. 25 ust. 3
art. 18 ust. 2
art. 18 
art. 3 ust. 1
art. 4 ust. 2
art. 3 ust. 3
art. 7 ust. 1
art. 9 ust. 2
art. 10 ust. 1
art. 11 ust. 1
art. 12 ust. 1
art. 13 ust. 2
art. 16 ust. 2
art. 21 ust. 2
art. 24 ust. 1
art. 27 ust. 3
art. 5 ust. 1
art. 8 ust. 5
art. 17 ust. 3
art. 21 ust. 1
art. 49 ust. 2
art. 5 ust. 2
art. 19 ust. 2
art. 5 ust. 1
art. 1 ust. 1
art. 3 ust. 3
art.4 ust.3
art. 4 ust. 1
art. 11 ust. 2
art. 21 ust.1
art. 22 ust. 1
art. 23 ust. 1
art. 32 ust. 3
art. 33 ust. 1
art. 40 ust. 2
art. 40 ust.1
art. 78 ust. 3
art. 89 ust.2
art. 901 ust. 2
art. 96 ust.1
art. 97 ust.1
art. 96 ust.1
art. 5 ust. 1
art. 6 ust. 1
art. 15 ust. 1
art. 18 ust. 1
art. 25 ust. 2
art. 22 ust. 1
art. 33 ust. 1
art. 36 ust. 1
art. 2 ust. 3
art. 8 ust. 1
art. 9 ust. 1
art. 15 ust. 4
art. 34 ust. 1
art. 34 
art. 57 ust. 3
art. 9 ust. 1
art. 14 ust. 1
art. 20 ust. 1
art. 36 ust. 1
art. 9 ust. 2
art. 12 ust. 1
art. 12 
art. 12 ust. 5
art. 13 ust. 1
art. 23 ust. 1
art. 25 ust. 1
art. 26 ust. 1
art. 28 ust. 1
art. 35 ust. 1
art. 13 ust. 2
art. 27 ust. 1
art. 28 ust. 2
art. 30 ust. 1
art. 31 ust. 1
art. 34 ust. 1
art. 15 ust. 1
art. 19 ust. 1
art. 30 ust. 2
art. 2 ust. 1
art. 5 ust. 1
art. 5 ust. 1
art. 6 ust. 1
art. 8 ust. 2
art. 10 ust. 1
art. 13 ust. 2
art. 18 ust. 9
art. 19 ust. 3
art. 19 ust. 2
art. 18 ust. 5
art. 22 ust. 1
art. 35 ust. 2
art. 38 ust. 2
art. 40 ust. 1
art. 39 ust 3
art. 43 ust. 1
art. 6 ust. 3
art. 7 ust. 5
art. 17 ust. 1
art. 17 ust. 1
art. 20 ust. 3
art. 20 ust. 3
art. 22 ust. 7
art. 24 ust. 1
art. 25 ust. 1
art. 23 ust. 1
art. 23 ust. 2
art. 9 ust.3
art. 11 ust.1
art. 24 ust.5
art. 39 ust.1
art. 13 ust. 1
art. 16 ust. 1
art. 21 ust. 5
art. 23 ust. 1
art. 24 ust. 1
art. 27 ust. 1
art.1 ust. 1
art. 7 ust. 1
art. 8 ust. 5
art. 2 ust. 2
art. 4 ust. 2
art. 17 ust. 2
art. 18 ust. 1
art. 35 ust. 1
art. 13 ust. 2
art. 16 ust. 1
art. 42 ust. 2
art. 57 ust. 2
art. 60 ust. 5
art. 3 ust. 1
art. 4 ust. 3
art. 6 ust. 2
art. 6 ust. 1
art. 6 
art. 7 ust. 1
 ust. 2
art. 8 ust. 1
art. 9 ust. 1
art. 10 ust. 1
 ust. 1
art. 15 ust. 3
art. 19 ust. 1
 ust. 2
art. 20 ust. 1
art. 22 ust. 1
art. 24 ust. 2
art. 25 ust. 2
art. 26 ust. 1
 ust. 3
art. 27 ust. 2
art. 28 ust. 1
art. 29 ust. 3
art. 30 ust.1
art. 31 ust.1
art. 33 ust.1
art. 34 ust. 1
art. 33 ust. 1
art. 37 ust. 2
art. 39 ust. 5
art. 40 ust. 1
 ust. 3
 ust. 5
art. 41 ust. 1
art. 6 ust. 4
art. 44 ust. 4
art. 45 ust. 3
art. 46 ust. 2
art. 19 ust. 1
art. 19 ust. 2
art. 19 ust. 1
art. 21 ust. 2
art. 4 ust. 3
art. 5 ust. 1
art. 5 ust. 1
art. 6 ust. 1
art. 6 
art. 6 ust. 6
art. 6 ust. 3
art. 35 ust. 3
art. 6 ust. 1
art. 6 ust. 1
art. 6 ust. 1
art. 6 ust. 2
art. 6 ust. 1
art. 7 ust. 1
art. 8 ust. 1
art. 10 ust. 1
art. 11 ust. 1
art. 12 ust. 2
 ust. 4
art. 25 ust. 2
art. 29 ust. 3
art. 32 ust. 1
art. 32 ust. 1
art. 36 ust. 2
art. 41 ust. 2
art. 41 ust. 3
art. 41 ust. 2
art. 43 ust. 2
art. 41 ust. 2
art. 41 ust. 2
art. 32 ust. 1
art. 56 ust. 3
art. 52 ust. 3
art. 49 ust. 1
art. 54 ust. 2
art. 55 ust. 2
art. 56 ust. 3
art. 63 ust. 4
art. 96 ust. 4
art. 114 ust. 3
art. 124 ust. 2
art. 139 ust. 1
art. 54 ust. 2
art. 54 ust. 3
art. 3 ust. 4
art. 100 ust.1
art. 10 ust. 2
art. 23 ust. 1
art. 84 ust. 3
art. 2 ust 1
art. 9 ust 1
art. 10 ust 2
art. 31 ust. 1
art. 11 ust. 1
art. 20 ust. 1
art. 19 ust. 1
art. 20 ust. 2
art. 4 ust. 1
art. 24 ust. 6
art. 25 ust. 2
art. 27 ust. 7
art. 31 ust. 2
art. 31 ust. 1
 ust. 1
art. 31 ust 3
art. 31 ust 3
art. 31 ust. 1
art. 34 ust. 5
art. 10 ust 5
art. 37 ust 3
art. 17 ust 1
art. 22 ust. 3
art. 46 ust. 4
art. 47 ust. 3
art. 47 ust. 6
art. 47 
art. 55 ust. 1
art. 55 
art. 2 ust. 1
art. 55 ust. 1
art. 2 ust. 1
art. 2 ust. 1
art. 19 ust. 3
art. 20 ust. 1
art. 37 ust. 3
art. 47 ust. 1
art. 118 ust. 3
art. 9 ust. 3
art. 10 ust. 2
art. 21 ust. 1
art. 22 ust. 1
art. 1 ust. 2
art. 4 ust. 2
art. 8 ust. 2
art. 14 ust. 2
art. 2 ust. 1
art. 73 ust. 1
art. 9 ust.1
art. 11 ust.1
art. 20 ust. 6
art. 23 ust. 3
art. 2 ust. 2
art. 11 ust. 1
art. 41 ust. 3
art. 19 ust. 1
art. 44 ust. 4
art. 2 ust. 2
art. 7 ust. 1
art. 10 ust. 3
art. 23 ust. 1
art. 1 ust. 2
art. 10 ust. 1
art. 33 ust. 2
art. 42 ust. 2
art. 4 ust. 1
art. 9 ust. 1
art. 11 ust. 3
art. 13 ust. 2
art. 17 ust. 1
art. 18 ust. 2
art. 2 ust. 1
art. 4 ust. 2
art. 5 ust. 2
art. 8 ust. 2
art. 8 
art. 8 ust. 4
art. 17 ust. 1
art. 25 ust. 1
art. 28 ust. 2
art. 4 ust. 1
art. 6 ust. 2
art. 10 ust. 1
art. 13 ust. 1
art. 2 ust. 4
art. 2 
art. 19 ust. 1
art. 21 ust. 1
art. 28 ust. 3
art. 32 ust. 2
art. 35 ust. 1
art. 15 ust. 1
art. 39 ust. 1
art. 28 ust. 6
art. 33 ust. 1
art. 34 ust. 1
art. 1 ust. 2
art. 8 ust. 1
art. 11 ust. 1
art. 11 
art. 12 ust. 2
art. 10 ust. 1
art. 35 ust. 3
art. 12 ust. 3
art. 8 ust. 1
art. 14 ust. 1
art. 20 ust. 1
art. 23 ust. 1
art. 24 ust. 1
art. 26 ust. 1
art. 32 ust. 1
art. 37 ust. 1
art. 43 ust. 2
art. 73 ust. 1
art. 113 ust. 2
art. 114 ust. 3
art. 61 ust. 1
art. 121 ust. 1
art. 8 ust. 1
art. 32 ust. 1
art. 43 ust. 2
art. 45 ust. 1
art. 8 ust. 1
art. 53 ust. 2
art. 60 ust. 6
art. 63 ust. 2
art. 5 ust. 1
art. 9 ust. 2
art. 10 ust. 1
art. 12 ust. 2
art. 13 ust. 3
art. 14 ust. 5
art. 14 ust. 3
art. 16 ust. 1
art. 19 ust. 3
art. 21 ust. 1
art. 22 ust. 1
art. 23 ust. 4
art. 19 ust. 3
art. 35 ust. 2
art. 36 ust. 2
art. 58 ust. 3
art. 57 ust. 1
art. 33 ust. 4
art. 38 ust. 2
art. 40 ust. 1
art. 45 ust. 2
art. 42 ust. 2
art. 52 ust. 2
art. 62 ust. 1
art. 53 ust. 2
art. 56 ust. 2
art. 60 ust. 1
art. 60 
art. 61 ust. 3
art. 62 ust. 1
art. 5 ust. 1
art. 8 ust. 1
art. 9 ust. 1
art. 12 ust. 1
art. 23 ust. 3
art. 37 ust. 1
art. 24 ust. 4
art. 39 ust. 1
art. 49 ust. 2
art. 16 ust. 3
art. 24 ust. 4
art. 1 ust. 3
art. 7 ust. 1
 ust. 1
art. 7 ust. 1
 ust. 1
art. 10 ust. 2
art. 13 ust. 2
art. 14 ust. 1
art. 15 ust. 3
 ust. 5
 
art. 19 ust. 1
art. 21 ust. 1
art. 19 ust. 1
art. 21 ust. 1
art. 21 ust. 7
art. 21 ust. 2
art. 21 ust. 5
art. 14 ust. 4
art. 22 ust. 1
art. 28 ust. 2
art. 32 ust. 2
art. 34 ust. 1
art. 22 ust. 2
art. 19 ust. 1
art. 4 ust. 1
art. 10 ust. 1
art. 7 ust. 1
art. 8 ust. 1
art. 12 ust. 4
art. 15 ust. 2
art. 3 ust. 1
art. 16 ust. 1
art. 15 ust. 2
art. 24 ust. 4
art. 33 ust. 1
art. 45 ust. 1
art. 47 ust. 2
art. 105 ust. 1
art. 33 ust. 2
art. 35 ust. 1
art. 35 ust. 3
art. 38 ust. 1
art. 53 ust. 5
art. 59 ust. 2
art. 60 ust. 4
art. 67 ust. 1
art. 69 ust. 4
art. 75 ust. 2
art. 77 ust. 3
art. 81 ust. 4
art. 90 ust. 1
art. 105 ust. 3
art. 109 ust. 1
art. 113 ust. 1
art. 114 ust. 1
art. 115 ust. 1
art. 117 ust. 1
art. 45 ust. 4
art. 47 ust. 6
art. 64 ust. 5
art. 81 ust. 3
art. 106 ust. 1
art. 109 ust. 3
art. 8 ust. 2
art. 27 ust. 1
art. 44 ust. 6
art. 36 ust. 2
art. 18 ust. 1
art. 2 ust. 4
art. 18 ust. 1
art. 12 ust. 1
art. 33 ust. 2
art. 82 ust. 3
art. 82 ust. 2
art. 56 ust. 1
art. 76 ust. 1
art. 76 ust. 1
art. 80 ust. 3
art. 81 ust. 1
art. 81 
art. 81 ust. 2
art. 59 ust. 1
art. 81 ust. 4
art. 81 ust. 1
art. 82 ust. 3
art. 82 
art. 62 ust. 3
art. 67 ust. 1
art. 70 ust. 2
art. 75 ust. 1
art. 97 ust. 1
art. 82 ust. 3
art. 14 ust. 1
art. 82 ust. 3
art. 33 ust. 2
art. 89 ust. 1
art. 97 ust. 1
art. 4 ust. 2
art. 5 ust. 4
art. 6 ust. 2
art. 9 ust. 2
art. 13 ust. 1
art. 58 ust. 1
art. 59 ust. 1
art. 58 ust. 1
art. 18 ust. 2
art. 61 ust. 1
art. 21 ust. 2
art. 30 ust. 2
art. 36 ust. 14
art. 40 ust. 3
art. 13 ust. 1
art. 61 ust. 1
art. 36 ust. 1
art.58 ust.1
art. 54 ust. 1
art. 36 ust. 1
art. 54 ust. 6
art. 61 ust. 1
art.56 ust. 2
art. 58 ust. 1
art. 58 ust. 1
art. 61 ust. 1
art. 62 ust. 1
art. 59 ust. 1
art. 59 ust. 5
art. 63 ust. 1
art. 36 ust. 1
art. 65 ust. 2
art. 10 ust.1
art. 2 ust. 1
art. 80 ust. 1
art. 6 ust. 1
art. 15 ust. 1
art. 20 ust. 2
art. 27 ust. 1
art. 32 ust. 2
art. 20 ust. 1
art. 24 ust. 1
art. 32 ust. 1
art. 1 ust. 2
art. 2 ust. 1
art. 4 ust. 4
art. 4 
art. 5 ust. 1
art. 5 
art. 7 ust. 1
art. 8 ust. 1
art. 9 ust. 1
art. 10 ust. 2
art. 13 ust. 3
art. 18 ust. 4
art. 19 ust. 1
art. 22 ust. 1
art. 31 ust. 6
art. 37 ust. 1
art. 37 ust. 1
art. 20 ust. 3
art. 24 ust. 6
art. 31 ust. 7
art. 36 ust. 1
art. 37 ust. 6
art. 37 ust. 1
art. 37 ust. 2
art. 37 ust. 1
art. 37 
art. 42 ust. 2
art. 48 ust. 2
art. 49 ust. 1
art. 50 ust. 1
 ust. 3
 
art. 51 ust. 1
art. 50 ust. 1
art. 57 ust. 1
art. 57 ust. 1
art. 64 ust. 1
art. 5 ust. 1
art. 9 ust. 3
art. 7 ust. 2
art. 18 ust. 1
art. 22 ust. 2
art. 24 ust. 4
art. 2 ust. 1
art. 3 ust.1
art. 4 ust. 1
art. 18 ust. 4
art. 72 ust. 1
art. 1 ust. 1
art. 3 ust. 2
art. 36 ust. 1
art. 47 ust. 9
art. 86 ust. 1
art. 47 ust. 9
art. 86 ust. 1
art. 13 ust. 6
art. 14 ust. 4
art. 25 ust. 5
art. 2 ust. 1
art 5 ust. 1
art. 6 ust. 2
art. 2 ust. 1
art. 10 ust. 5
art. 24 ust. 3
art. 11 ust. 2
art. 37 ust. 1
art. 10 ust. 3
art. 43 ust. 1
art. 10 ust. 3
art. 23 ust. 3
art. 35 ust. 1
art. 9 ust. 2
art. 34 ust. 1
art. 10 ust. 3
art. 13 ust. 6
art. 50 ust. 1
art. 3 ust. 2
art. 5 ust. 1
art. 39 ust. 1
art. 42 ust. 1
art. 43 ust. 2
art. 44 ust. 1
art. 49 ust. 2
art. 49 
art. 49 ust. 4
art. 9 ust. 2
art. 29 ust. 1
art. 45 ust. 1
art. 43 ust. 1
art. 44 ust. 1
art. 45 ust. 2
art. 56 ust. 3
art. 59 ust. 2
art. 56 ust. 1
art. 57 ust. 1
art. 59 ust. 1
art. 63 ust. 1
art. 64 ust. 1
art. 3 ust. 2
art. 5 ust. 3
art. 6 ust. 1
art. 5 ust. 3
art. 7 ust. 4
art. 15 ust. 1
art. 42 ust. 1
art. 54 ust. 1
art. 53 ust. 3
art. 54 ust. 2
art. 4 ust. 2
art. 5 ust. 1
art. 10 ust. 5
art. 11 ust. 1
art. 23 ust. 1
art. 24 ust. 1
art. 13 ust. 3
art. 5 ust. 3
art. 5 ust. 3
art. 29 ust. 2
art. 32 ust. 4
art. 7 ust. 4
art. 15 ust. 4
art. 49 ust. 2
art. 1 ust. 1
art. 1 ust. 1
art. 4 ust. 1
art. 4 
art. 6 ust. 1
art. 10 ust. 4
art. 13 ust. 2
art. 18 ust. 5
art. 22 ust. 1
art. 27 ust. 2
art. 8 ust. 2
art. 8 ust. 2
art. 11 ust. 2
art. 36 ust. 1
art. 18 ust. 1
art. 18 ust. 1
art. 19 ust. 1
art. 19 ust. 3
art. 16 ust. 1
art. 19 ust. 8
art. 19 ust. 1
art. 23 ust. 3
art. 25 ust. 2
art. 56 ust. 1
art. 20 ust. 6
art. 3 ust. 1
art. 5 ust. 4
art. 9 ust. 2
art. 3 ust. 3
art. 14 ust. 1
art. 3 ust. 3
art. 15 ust. 2
art. 23 ust. 1
art. 24 ust. 1
art. 25 ust. 2
art. 33 ust. 2
art. 19 ust. 1
art. 25 ust. 1
art. 34 ust. 1
art. 41 ust. 1
art. 43 ust. 1
art. 44 ust. 1
art. 45 ust. 2
art. 48 ust. 3
art. 49 ust. 1
art. 50 ust. 1
art. 51 ust. 2
art. 5 ust. 1
art. 6 ust. 1
art. 7 ust. 6
art. 8 ust. 2
art. 11 ust. 1
art. 15 ust. 3
art. 17 ust. 3
art. 19 ust. 2
art. 25 ust. 3
art. 26 ust. 1
art. 29 ust. 3
art. 30 ust. 1
art. 31 ust. 1
art. 51 ust. 1
art. 34 ust. 3
art. 38 ust. 1
art. 39 ust. 1
art. 39 
art. 39 ust. 5
art. 10 ust. 1
art. 37 ust. 5
art. 61 ust. 12
art. 65 ust. 1
art. 67 ust. 2
art. 73 ust. 1
art. 74 ust. 1
art. 75 ust. 1
art. 77 ust. 3
art. 78 ust. 2
art. 81 ust. 8
art. 89 ust. 2
art. 93 ust. 2
art. 97 ust. 1
art. 98 ust. 1
art. 103 ust. 1
art. 104 ust. 1
art. 106 ust. 1
art. 107 ust. 1
art. 108 ust. 1
art. 109 ust. 2
art. 122 ust. 1
art. 136 ust. 1
art. 137 ust. 2
art. 138 ust. 1
art. 140 ust. 1
art. 83 ust. 1
art. 84 ust. 1
art. 86 ust. 2
art. 105 ust. 2
art. 109 ust. 2
art. 110 ust. 1
art. 89 ust. 5
art. 109 ust. 3
art. 116 ust. 1
art. 118 ust. 2
art. 120 ust. 1
art. 124 ust. 2
art. 82 ust. 5
art. 10 ust. 4
art. 7 ust. 4
art. 10 ust. 2
art. 16 ust. 2
art. 10 ust. 2
art. 10 ust. 2
art. 19 ust. 1
art. 10 ust. 2
art. 10 ust. 2
art. 21 ust. 3
art. 10 ust. 2
art. 10 ust. 2
art. 22 ust. 1
art. 23 ust. 1
art. 59 ust. 3
art. 7 ust. 7
art. 8 ust. 2
art. 11 ust. 4
art. 18 ust. 2
art. 27 ust. 5
art. 20 ust. 1
art. 20 ust. 2
art. 8 ust. 1
art. 9 ust. 1
art. 8 ust. 1
art. 10 ust. 1
art. 8 ust. 3
art. 8 ust. 3
art. 11 ust. 3
art. 12 ust. 1
art. 8 ust. 1
art. 11 ust. 3
art. 8 ust. 1
art. 21 ust. 6
art. 23 ust. 3
art. 27 ust. 2
art. 29 ust. 1
art. 33 ust. 1
art. 2 ust. 3
art. 10 ust. 1
art. 15 ust. 1
art. 17 ust. 1
art. 18 ust. 2
art. 20 ust. 1
art. 17 ust. 1
art. 6 ust. 1
art. 6 ust. 3
art. 6 ust. 1
art. 21 ust. 1
art. 5 ust. 1
art. 22 ust. 1
art. 22 
art. 27 ust. 2
art. 43 ust. 1
art. 24 ust. 2
art. 25 ust. 1
art. 23 ust. 2
art. 29 ust. 1
art. 8 ust. 3
art. 13 ust. 1
art. 19 ust. 4
art. 22 ust. 1
art. 23 ust. 2
art. 29 ust. 2
art. 13 ust. 4
art. 15 ust. 1
art. 16 ust. 1
art. 23 ust. 1
art. 26 ust. 1
art. 34 ust. 3
art. 68 ust. 1
art. 70 ust. 2
art. 113 ust. 1
art. 114 ust. 2
art. 115 ust. 1
art. 116 ust. 1
art. 121 ust. 1
art. 124 ust. 2
art. 128 ust. 3
art. 140 ust. 1
art. 143 ust. 1
art. 189 ust. 1
art. 218 ust. 1
art. 219 ust. 1
art. 13 ust. 4
art. 67 ust. 1
art. 13 ust. 2
art. 59 ust. 1
art. 14 ust. 3
art. 16 ust. 1
art. 17 ust. 1
art. 23 ust. 1
art. 54 ust. 2
art. 60 ust. 2
art. 223 ust. 2
art. 23 ust. 1
art. 25 ust. 2
art. 25 ust. 2
art. 32 ust. 3
art. 34 ust. 6
art. 35 ust. 1
art. 37 ust. 2
art. 38 ust. 2
art. 43 ust. 1
art. 57 ust. 2
art. 60 ust. 1
art. 223 ust. 1
art. 61 ust. 3
art. 68 ust. 1
art. 73 ust. 4
art. 84 ust. 3
art. 70 ust. 4
art. 73 ust. 3
art. 74 ust. 1
art. 76 ust. 1
art. 97 ust. 4
art. 98 ust. 1
art. 110 ust. 4
art. 109 ust. 1
art. 112 ust. 4
art. 114 ust. 1
art. 115 ust. 2
art. 117 ust. 1
art. 118 ust. 1
art. 122 ust. 1
art. 124 ust. 1
art. 126 ust. 1
art. 129 ust. 1
art. 132 ust. 4
art. 136 ust. 3
art. 114 ust. 2
art. 115 ust. 1
art. 124 ust. 7
art. 131 ust. 2
art. 132 ust. 5
art. 140 ust. 1
art. 141 ust. 2
art. 162 ust. 2
art. 23 ust. 2
art. 24 ust. 5
art. 23 ust. 2
art. 23 ust. 3
art. 90 ust. 2
art. 6 ust. 1
art. 12 ust. 2
art. 13 ust. 2
art. 26 ust. 1
art. 27 ust. 1
art. 29 ust. 1
art. 30 ust. 1
art. 33 ust. 4
art. 34 ust. 1
art. 10 ust. 1
art. 10 ust. 5
art. 36 ust. 1
art. 38 ust. 1
art. 39 ust. 2
art. 40 ust. 1
art. 41 ust. 3
art. 43 ust. 1
art. 47 ust. 1
art. 48 ust. 1
art. 65 ust. 1
art. 141 ust. 1
art. 2 ust. 1
art. 3 ust. 1
art. 2 ust. 1
art. 2 ust. 1
art. 3 ust. 1
art. 4 ust. 1
art. 10 ust. 1
art. 11 ust. 1
art. 10 ust. 2
art. 11 ust. 1
art. 12 ust. 1
art. 12 
art. 13 ust. 1
art. 14 ust. 1
art. 13 ust. 3
art. 13 ust. 3
art. 13 ust. 3
art. 22 ust. 3
art. 2 ust. 1
art. 5 ust. 4
art. 6 ust. 2
ust. 2
art. 46 ust. 1
art. 47 ust. 1
art. 5 ust.3
art. 145 ust. 2
art. 146 ust. 2
art. 147 ust. 2
