
art. 5 ust. 2
art. 6 ust. 1
 ust. 1
art. 7 ust. 1
art. 19 ust. 4
art. 19 
art. 16 ust. 5
art. 9 ust. 1
art. 12 ust. 3
art. 16 ust. 1
art. 19 ust. 1
art. 17 ust. 1
art. 19 ust. 5
art. 18 ust. 2
art. 23 ust. 2
art. 48 ust. 3
art. 32 ust. 1
art. 28 ust. 1
art. 31 ust. 3
art. 32 ust. 1
art. 32 
art. 45 ust. 1
art. 47 ust. 1
art. 49 ust. 1
art. 49 ust. 1
art. 46 ust. 1
art. 9 ust. 3
art. 45 ust. 1
art. 45 ust. 1
art. 47 ust. 1
art. 48 ust. 2
art. 47 ust. 2
art. 47 ust. 2
art. 49 ust. 1
art. 52 ust. 3
art. 54 ust. 3
art. 56 ust. 1
art. 9 ust. 3
art. 47 ust. 3
