
art. 7 ust. 1
art. 8 ust. 2
art. 17 ust. 2
art. 8 ust. 2
art. 30 ust. 1
art. 20 ust. 1
art. 20 
art. 66 ust. 3
art. 75 ust. 1
art. 92 ust. 1
art. 107 ust. 3
art. 111 ust. 2
art. 117 ust. 1
art. 112 ust. 4
art. 85 ust. 1
art. 86 ust. 1
art. 92 ust. 1
art. 93 ust. 1
art. 95 ust. 3
art. 97 ust. 3
art. 99 ust. 1
art. 6 ust. 1
art. 32 ust. 1
art. 68 ust. 5
art. 70 ust. 1
art. 71 ust. 1
art. 86 ust. 3
art. 88 ust. 2
art. 90 ust. 3
art. 91 ust. 2
art. 1 ust. 1
art. 5 ust. 1
art. 53 ust. 2
art. 8 ust. 2
art. 13 ust. 3
art. 16 ust. 3
art. 3 ust. 1
art. 4 ust. 2
art. 3 ust. 3
art. 7 ust. 1
art. 9 ust. 2
art. 10 ust. 1
art. 11 ust. 1
art. 12 ust. 1
art. 13 ust. 2
art. 16 ust. 2
art. 21 ust. 1
art. 24 ust. 1
art. 27 ust. 3
art. 11 ust. 2
art. 2 ust. 3
art. 15 ust. 5
art. 33 ust. 4
art. 34 ust. 1
art. 10 ust. 1
art. 11 ust. 1
art. 12 ust. 1
art. 12 ust. 2
art. 4 ust. 1
art. 5 ust. 1
art. 6 ust. 3
art. 6 ust. 2
art. 7 ust. 2
art. 10 ust. 1
art. 13 ust. 2
art. 13 ust. 2
art. 13 ust. 2
art. 18 ust. 2
art. 19 ust. 2
art. 20 ust. 3
art. 21 ust. 1
art. 19 ust. 2
art. 22 ust. 2
art. 43 ust. 3
art. 4 ust. 1
art. 37 ust. 2
art. 40 ust. 1
art. 22 ust. 2
art. 22 ust. 2
art. 13 ust. 2
art. 13 ust. 2
art. 41 ust. 1
art. 4 ust. 1
art. 22 ust. 3
art. 22 
art. 7 ust. 1
art. 6 ust. 4
art. 8 ust. 1
art. 7 ust. 1
art. 10 ust. 1
art. 13 ust. 3
art. 19 ust. 1
art. 24 ust. 1
 ust. 3
art. 26 ust. 1
 ust. 3
art. 33 ust. 2
art. 41 ust. 2
 ust. 4
art. 42 ust. 2
art. 45 ust. 5
art. 42 ust. 3
art. 42 ust. 2
art. 21 ust. 1
art. 28 ust. 1
art. 5 ust. 1
art. 17 ust. 1
art. 2 ust. 1
art. 10 ust. 2
art. 31 ust. 1
art. 27 ust. 1
art. 12 ust. 1
art. 19 ust. 1
art. 37 ust. 2
art. 37 
art. 27 ust. 4
art. 27 ust. 1
art. 55 ust. 5
art. 19 ust. 1
art. 73 ust. 2
art. 18 ust. 1
art. 19 ust. 6
art. 23 ust. 3
art. 5 ust. 2
art. 8 ust. 2
art. 18 ust. 3
art. 18 ust. 1
art. 44 ust. 4
art. 50 ust. 3
art. 19 ust. 10
art. 53 ust. 2
art. 70 ust. 3
art. 70 ust. 2
art. 70 ust. 1
art. 70 ust. 1
art. 16 ust. 7
art. 3 ust. 1
art. 5 ust. 2
art. 5 ust. 2
art. 5 ust. 5
art. 5 ust. 5
art. 5 ust. 6
art. 7 ust. 1
art. 9 ust. 1
art. 9 ust. 2
art. 9 ust. 2
art. 9 ust. 2
art. 22 ust. 2
art. 30 ust. 2
art. 33 ust. 2
art. 35 ust. 1
art. 5 ust. 3
art. 21 ust. 2
art. 21 
art. 35 ust. 2
art. 36 ust. 3
art. 58 ust. 2
art. 60 ust. 2
art. 62 ust. 1
art. 5 ust. 3
art. 2 ust. 1
art. 71 ust. 1
art. 79 ust. 1
art. 5 ust. 2
art. 19 ust. 10
art. 79 ust. 1
art. 83 ust. 1
art. 90 ust. 3
art. 16 ust. 7
art. 5 ust. 1
art. 9 ust. 3
art. 49 ust. 3
art. 10 ust. 2
art. 38 ust. 4
art. 6 ust. 3
art. 18 ust. 1
art. 26 ust. 2
art. 42 ust. 2
art. 54 ust. 4
art. 16 ust. 3
art. 17 ust. 1
art. 24 ust. 1
art. 1 ust. 3
art. 32 ust. 1
art. 8 ust. 1
 ust. 4
 
art. 1 ust. 2
art. 7 ust. 3
art. 11 ust. 1
art. 15 ust. 6
art. 22 ust. 5
art. 2 ust. 3
art. 34 ust. 3
art. 37 ust. 2
art. 39 ust. 1
art. 83 ust. 1
art. 70 ust. 2
art. 71 ust. 3
art. 86 ust. 3
art. 88 ust. 1
art. 80 ust. 3
art. 89 ust. 1
art. 81 ust. 1
art. 8 ust. 4
art. 10 ust. 2
art. 40 ust. 4
art. 41 ust. 2
art. 39 ust. 2
art. 40 ust. 4
art. 4 ust. 4
art. 5 ust. 1
art. 7 ust. 2
art. 50 ust. 1
art. 57 ust. 1
art. 5 ust. 1
art. 12 ust. 16
art. 26 ust. 1
art. 31 ust. 3
art. 9 ust. 2
art. 11 ust. 3
art. 5 ust. 2
art. 15 ust. 3
art. 49 ust. 2
art. 81 ust. 5
art. 169 ust. 1
art. 21 ust. 1
art. 30 ust. 1
art. 10 ust. 6
art. 61 ust. 12
art. 65 ust. 2
art. 77 ust. 3
art. 79 ust. 1
art. 3 ust. 3
art. 3 
art. 98 ust. 3
art. 109 ust. 3
art. 116 ust. 1
art. 119 ust. 5
art. 140 ust. 1
art. 122 ust. 1
art. 124 ust. 1
art. 150 ust. 1
art. 29 ust. 2
art. 21 ust. 5
art. 22 ust. 1
art. 37 ust. 1
art. 57 ust. 2
art. 23 ust. 2
art. 7 ust. 1
art. 6 ust. 2
art. 35 ust. 3
art. 2 ust. 3
art. 3 ust. 1
art. 2 ust. 1
art. 4 ust. 1
art. 2 ust. 3
art. 43 ust. 1
art. 8 ust. 2
art. 12 ust. 5
art. 4 ust. 1
art. 15 ust. 2
art. 20 ust. 1
art. 26 ust. 1
art. 8 ust. 4
art. 20 ust. 1
art. 31 ust. 4
art. 46 ust. 2
art. 57 ust. 5
art. 77 ust. 1
art. 82 ust. 2
art. 83 ust. 1
art. 89 ust. 2
art. 33 ust. 1
art. 43 ust. 2
art. 4 ust. 1
art. 5 ust. 3
art. 38 ust. 2
art. 91 ust. 6
art. 17 ust. 5
art. 19 ust. 6
art. 19 ust. 1
art. 19 
art. 17 ust. 6
art. 26 ust. 2
art. 26 ust. 4
art. 10 ust. 3
art. 19 ust. 1
art. 19 ust. 1
art. 19 ust. 1
art. 19 ust. 1
art. 19 ust. 1
art. 23 ust. 6
art. 47 ust. 2
art. 49 ust. 3
art. 69 ust. 1
art. 72 ust. 1
art. 96 ust. 1
art. 69 ust. 4
art. 71 ust. 1
art. 96 ust. 2
art. 112 ust. 2
art. 12 ust. 1
art. 90 ust. 3
art. 1 ust. 1
 ust. 4
art. 25 ust. 3
 ust. 3
ust. 3

art. 12 ust. 1
art. 12 ust. 1
ust. 2

art. 65 ust. 1
art. 33 ust. 1
art. 33 
ust. 1
art. 44 ust. 3
art. 63 ust. 2
