
art. 35 ust. 1
art. 38 ust. 2
art. 35 ust. 1
art. 3 ust. 1
art. 2 ust. 2
ust. 1

art. 12 ust. 1
art. 17 ust. 1
art. 12 ust. 1
art. 6 ust. 2
art. 16 ust. 1
ust.1
art. 45 ust. 1
art. 12 ust. 1
art. 9 ust. 2
art. 12 ust. 1
art. 12 ust. 1
art. 13 ust. 1
ust. 1
art. 12 ust. 1
art. 31 ust. 3
art. 63 ust. 2
art. 7 ust. 2
 ust. 1
art. 7 ust. 2
 ust. 1
ust. 1
art. 32 ust. 3
art. 31 ust. 5
art. 32 ust. 3
art. 33 ust. 1
art. 35 ust. 2
art. 37 ust. 1
art. 37 ust. 1
art. 19 ust. 1
art. 2 ust. 3
art. 33 ust. 3
art. 31 ust. 3
art. 12 ust. 1
art. 32 ust. 1
art. 32 
