
art. 30 ust. 6
ust. 2
ust. 1
art. 14 ust. 1
art. 14 ust. 2
art. 17 ust. 2
art. 304 ust. 5
art. 2 ust. 3
art. 30 ust. 6
 ust. 3
 
art. 37 ust. 2
art. 2 ust. 3
art. 2 ust. 1
art. 15 ust. 5
art. 5 ust. 7
art. 6 ust. 3
art. 30 ust. 6
 ust. 1
art. 7 ust. 2
art. 9 ust. 1
art. 14 ust. 1
 ust. 4
ust. 1

ust. 1

 ust. 2
art. 27 ust.1
 ust. 1
art. 27 ust. 1
art. 24 ust. 2
art. 30 ust. 6
 ust. 1
art. 27 ust. 1
art. 5 ust. 3
art. 2 ust. 2
art. 3 ust. 3
art. 97 ust. 2
art. 97 
art. 39 ust. 2
art. 27 ust. 1
art. 38 ust. 2
art. 39 ust. 3
ust. 1
art. 37 ust. 5
ust. 1
art. 39 ust. 1
ust. 2

art. 2 ust. 1
art. 22 ust. 1
art. 22 ust. 1
art. 42 ust. 1
art. 22 ust. 2
art. 22 ust. 2
art. 39 ust. 2
art. 44 ust. 4
art. 45 ust. 1
art. 32 ust. 1
art. 25 ust. 1
art. 38 ust. 4
art. 98 ust. 1
art. 7 ust. 1
art. 7 ust. 1
art. 26 ust. 2
