
art. 16 ust. 1
art. 24 ust. 2
art. 54 ust. 2
art. 67 ust. 2
art. 70 ust. 1
art. 73 ust. 3
art. 76 ust. 2
art. 77 ust. 2
art. 81 ust. 1
art. 82 ust. 1
art. 88 ust. 1
art. 114 ust. 1
art. 54 ust. 1
art. 81 ust. 2
art. 70 ust. 1
art. 73 ust. 1
art. 88 ust. 2
art. 70 ust. 1
art. 73 ust. 1
art. 70 ust. 2
art. 76 ust. 3
art. 78 ust. 1
art. 16 ust. 5
art. 83 ust. 2
art. 18 ust. 4
art. 27 ust. 3
art. 54 ust. 3
art. 56 ust. 2
art. 67 ust. 1
art. 62 ust. 1
art. 67 ust. 2
art. 70 ust. 3
art. 71 ust. 2
art. 83 ust. 2
art. 72 ust. 1
art. 77 ust. 1
art. 73 ust. 2
art. 83 ust. 1
art. 83 ust. 2
art. 85 ust. 4
art. 83 ust. 2
art. 54 ust. 2
art. 114 ust. 1
