
art. 2 ust. 1
art. 4 ust. 1
art. 33 ust 1
art. 12 ust. 1
 ust. 1
art. 20 ust. 7
art. 21 ust. 1
art. 24 ust. 1
art. 31 ust. 4
art. 31 ust. 4
art. 31 ust. 2
art. 33 ust. 1
art. 33 ust. 3
art. 33 ust. 1
art. 33 ust. 1
art. 33 ust. 1
art. 33 ust. 1
art. 33 ust. 1
art. 33 ust. 1
art. 33 ust. 1
art. 33 ust. 1
art. 33 ust. 3
art. 33 ust. 1
art. 33 ust. 1
art. 33 ust. 1
art. 33 ust. 1
art. 33 ust. 3
art. 33 ust 1
art. 33 ust. 1
art. 33 ust. 1
art. 33 ust 1
art. 12 ust. 1
art. 12 ust. 1
art. 33 ust. 3
art. 19 ust. 10
art. 33 ust. 1
art.33 ust. 1
art.33 
 ust. 1
art. 35 ust. 1
art. 47 ust. 5
art. 35 ust. 1
art. 36 ust. 1
art. 33 ust. 3
art. 40 ust. 2
art. 43 ust. 3
art.47 ust.1
art. 51 ust. 1
art. 33 ust. 1
art. 47 ust. 1
art. 49 ust 1
art. 51 ust. 3
art. 12 ust. 5
art. 51 ust. 1
art. 54 ust. 1
art. 55 ust. 1
art. 55 ust. 2
art. 140 ust. 4
art. 139 ust. 1
art. 141 ust. 1
art. 139 ust. 1
art. 33 ust. 6
