
art. 5 ust. 1
art. 1 ust. 2
art. 1 ust. 2
ust. 3
art. 9 ust. 2
 ust. 1
art. 4 ust. 1
art. 4 
art. 14 ust. 1
art. 15 ust. 4
art. 14 ust. 1
art. 10 ust. 1
art. 20 ust. 3
art. 14 ust. 1
art. 13 ust. 1
art. 14 ust. 2
art. 13 ust. 1
art. 14 ust. 1
 ust. 1
art. 10 ust. 1
art. 24 ust. 1
art. 22 ust. 3
art. 26 ust. 3
ust. 5

art. 29 ust. 1
 ust. 1
 
art. 41 ust. 2
art. 44 ust. 1
art. 41 ust. 2
art. 16 ust. 1
art. 1 ust. 2
art. 1 ust. 2
art. 13 ust. 1
 ust. 2
ust. 1
ust. 1

art. 59 ust. 5
art. 59 ust. 1
art. 59 ust. 2
art. 49 ust. 2
art. 59 ust. 1
art. 59 ust. 2
art. 61 ust. 3
art. 63 ust. 2
art. 63 ust. 1
art. 1 ust. 2
art. 63 ust. 2
art. 14 ust. 3
art. 29 ust. 2
art. 20 ust. 2
art. 5 ust. 2
art. 21 ust. 3
art. 10 ust. 2
