
art. 6 ust. 2
art. 6 ust. 2
art. 19 ust. 1
art. 10 ust. 1
art. 10 ust. 2
art. 50 ust. 2
art. 19 ust. 1
 ust. 6
art. 10 ust. 1
art. 11 ust. 4
art. 3 ust. 4
 ust. 4
art. 29 ust. 4
art. 30 ust. 1
art. 10 ust.1
art. 17 ust. 1
ust. 1
art. 8 ust. 2
art. 8 ust. 2
art. 9 ust. 3
ust. 2
ust. 1
art. 29 ust. 2
art. 28 ust. 1
art 31 ust. 1
art. 24 ust. 1
art. 26 ust. 1
art. 28 ust. 1
art. 24 ust. 1
art. 26 ust. 1
art. 41 ust. 1
art. 1 ust. 1
art. 3 ust. 1
art. 7 ust. 1
art. 38 ust. 1
art. 7 ust. 2
art. 9 ust. 4
art. 10 ust. 1
art. 11 ust. 4
art. 8 ust. 2
art. 8 ust. 2
art. 9 ust. 4
