
art. 2 ust. 1
art. 4 ust. 2
art. 5 ust. 1
art. 6 ust. 1
art. 2 ust. 1
art. 10 ust. 1
art. 11 ust. 5
art. 11 
art. 12 ust. 1
art. 6 ust. 1
art. 2 ust. 2
art. 19 ust. 1
art. 20 ust. 2
art. 22 ust. 3
art. 24 ust. 2
art. 24 
art. 2 ust. 1
art. 24 ust. 1
art. 26 ust. 1
art. 5 ust. 1
 ust. 5
art. 27 ust. 1
art. 24 ust. 1
art. 28 ust. 1
art. 29 ust. 2
art. 31 ust. 1
art. 29 ust. 2
art. 32 ust. 1
art. 25 ust. 2
art. 33 ust. 2
art. 34 ust. 2
art. 2 ust. 1
art. 35 ust. 1
 ust. 3
art. 36 ust. 1
art. 32 ust. 1
art. 38 ust. 1
 ust. 3
art. 39 ust. 1
art. 19 ust. 1
art. 36 ust. 3
art. 40 ust. 1
art. 46 ust. 1
art. 6 ust. 1
art. 48 ust. 1
art. 49 ust. 1
art. 52 ust. 1
art. 21 ust. 1
art. 35 ust. 1
art. 35 
art. 35 ust. 1
art. 35 ust. 2
art. 35 ust. 1
art. 35 ust. 1
art. 35 ust. 1
art. 35 ust. 1
art. 35 ust. 1
art. 35 ust. 1
art. 35 ust. 1
art. 8 ust. 2
art. 25 ust. 1
