
art. 2 ust. 2
art. 6 ust. 2
art. 3 ust. 1
art. 9 ust. 1
art. 26 ust. 4
art. 26 
art. 7 ust. 5
art. 7 
art. 7 ust. 2
art. 27 ust. 1
art. 9 ust. 1
art. 2425 ust. 3
art. 10 ust. 1
art. 6 ust. 1
art. 10 ust. 1
 ust. 1
art. 14 ust. 2
art. 11 ust. 1
art. 17 ust. 1
art. 12 ust. 2
 ust. 2
 
 ust. 2
 
art. 12 ust. 2
 ust. 3
 
art. 11 ust. 2
art. 14 ust. 2
art. 14 ust. 1
art. 10 ust. 1
art. 15 ust. 5
art. 12 ust. 2
art. 11 ust. 2
art. 16 ust. 1
art. 12 ust. 3
art. 12 ust. 1
art. 17 ust. 1
art. 12 ust. 3
art. 11 ust. 2
 ust. 1
 ust. 1
art. 10 ust. 1
art. 14 ust. 1
art. 10 ust. 1
 ust. 1
 ust. 1
art. 20 ust. 1
art. 21 ust. 1
art. 27 ust. 1
art. 27 ust. 1
art. 3 ust. 1
art. 10 ust. 1
art. 23 ust. 5
art. 47 ust. 3
art. 47 
art. 23 ust. 5
art. 27 ust. 1
art. 22 ust. 1
art. 11 ust. 2
art. 22 ust. 1
art.17 ust. 1
art. 22 ust. 1
art. 23 ust. 1
 ust. 7
art. 23 ust. 9
art. 26 ust. 1
art. 26 ust. 1
art. 22 ust. 1
art. 14 ust. 5
art. 14 ust. 5
art. 14 ust. 5
art. 22 ust. 2
art. 22 ust. 1
art. 22 ust. 1
art. 22 ust. 1
art. 44 ust. 6
art. 45 ust. 1
 ust. 1
art. 22 ust. 1
art. 22 ust. 2
art. 22 ust. 1
art. 22 ust. 2
 ust. 3
 
 ust. 3
 
art. 22 ust. 1
 ust. 1
 ust. 3
 
art. 22 ust. 4
art. 22 
 ust. 8
 
 ust. 12
 
 ust. 2
 
 ust. 1
 
art. 19 ust. 1
art. 19 
 ust. 1
 
art. 23 ust. 1
art. 22 ust. 2
art. 22 ust. 12
art. 22 ust. 2
art. 22 ust. 1
art. 23 ust. 3
 ust. 1
 ust. 1
 
art. 23 ust. 3
art. 23 ust. 3
art. 22 ust. 1
art. 22 ust. 1
art. 22 ust. 2
art. 22 ust. 1
art. 22 ust. 2
art. 22 ust. 1
art. 22 ust. 1
art. 22 
 ust. 1
 ust.1
 ust. 1
art. 14 ust. 5
art. 22 ust. 4
art. 14 ust. 5
art. 22 ust. 2
art. 22 ust. 1
 ust. 1
art. 22 ust. 10
art. 22 ust. 3
art. 22 ust. 10
 ust. 2
art. 22 ust. 1
art. 22 ust. 10
art. 22 ust. 17
art. 22 ust. 1
art. 23 ust. 1
art. 22 ust. 17
art. 22 ust. 1
art. 10 ust. 1
art. 14 ust. 2
art. 22 ust. 1
art. 22 ust. 3
art. 21 ust. 1
 ust. 2
 
art. 24 ust. 2
art. 22 ust. 1
art. 23 ust. 1
 ust. 11
 
art. 24 ust. 3
art. 14 ust. 4
art. 24 ust. 2
art. 3 ust. 2
art. 25 ust. 1
art. 25 ust. 1
 ust. 1
 ust. 1
 ust. 1
 ust. 1
art. 26 ust. 1
art. 24 ust. 1
art. 12 ust. 6
art. 33 ust. 4
art. 21 ust. 2
art. 27 ust. 5
art. 27 ust. 1
art. 27 ust. 3
art. 26 ust. 2
art. 27 ust. 1
art. 12 ust. 6
art. 33 ust. 4
art. 10 ust. 1
 ust. 6
 ust 1
 ust. 14
art. 13 ust. 1
art. 30 ust. 1
art. 21 ust. 1
art. 32 ust. 1
art. 12 ust. 3
art. 27 ust. 1
art. 33 ust. 2
art. 32 ust. 1
art. 32 ust. 1
art. 27 ust. 1
art. 37 ust. 4
art. 34 ust. 2
art. 32 ust. 1
art. 32 ust. 1
art. 32 ust. 3
art. 27 ust. 1
art. 27 ust. 1
art. 35 ust. 1
art. 26 ust. 1
art. 32 ust. 1
art.32 ust. 1
art. 27 ust. 1
art. 37 ust. 1
art. 22 ust. 11
art. 26 ust. 1
art. 26 ust. 1
art. 26 ust. 1
art. 27 ust. 1
art. 38 ust. 1
art. 27 ust. 1
art. 27 ust. 1
art. 39 ust. 1
art. 27 ust. 1
art. 41 ust. 1
art. 13 ust. 4
art. 22 ust. 9
art. 26 ust. 1
art. 27 ust. 1
art. 42 ust. 1
art. 41 ust. 4
art. 4 ust. 3
art. 41 ust. 1
art. 26 ust. 1
art. 27 ust. 1
art. 20 ust. 1
art. 34 ust. 8
art. 39 ust. 1
art. 42 ust. 3
art. 34 ust. 7
art. 37 ust. 1
art. 44 ust. 3
art. 26 ust. 3
art. 26 ust. 2
art. 45 ust. 6
art. 27 ust. 8
art. 52 ust. 9
art. 52 
art. 45 ust. 3
art. 28 ust. 4
art. 34 ust. 5
art. 35 ust. 7
art. 38 ust. 1
art. 39 ust. 1
art. 42 ust. 2
art. 43 ust. 1
art. 44 ust. 3
art. 34 ust. 7
art. 37 ust. 1
art. 45 ust. 1
art. 32 ust. 3
art. 34 ust. 4
art. 35 ust. 4
art. 37 ust. 1
art. 24 ust. 11
art. 3 ust. 3
art. 90 ust. 2
art. 12 ust. 1
art. 1 ust. 1
art. 11 ust. 1
art. 9 ust. 3
art. 26 ust. 5
art. 7 ust. 1
art. 12 ust. 1
art. 14 ust. 2
art. 14 ust. 2
art. 27 ust. 2
art. 7 ust. 24
art. 21 ust. 2
art. 29 ust. 1
art. 31 ust. 4
art. 44 ust. 1
 ust. 4
art. 52 ust. 3
art. 21 ust. 2
art. 53 ust. 2
art. 29 ust. 3
art. 8 ust. 6
art. 3 ust. 2
art. 22 ust. 19
art. 22 ust. 1
art. 22 ust. 7
art. 23 ust. 1
art. 22 ust. 7
art. 22 ust. 2
art. 22 ust. 7
art. 24 ust. 8
art. 14 ust. 3
art. 23 ust. 1
art. 26 ust. 1
art. 26 ust. 1
art. 1 ust. 12
art. 1 
art. 26 ust. 1
art. 26 ust. 1
art. 26 ust. 10
art. 26 ust. 10
art. 1 ust. 12
art. 27 ust. 8
art. 1 ust. 12
art. 1 ust. 18
art. 10 ust. 1
art. 1 ust. 18
art. 1 ust. 9
art. 1 ust. 22
art. 27 ust. 5
art. 27 ust. 1
art. 27 ust. 1
art. 27 ust. 3
art. 1 ust. 1
art. 6 ust. 1
art. 26 ust. 3
art. 26 ust. 2
art. 22 ust. 2
art. 22 ust. 2
art. 22 ust. 2
