
art. 9 ust. 5
art. 8 ust. 1
art. 8 
art. 12 ust. 1
art. 12 ust. 1
art. 12 
art. 1 ust. 1
art. 3 ust. 1
art. 4 ust. 3
art. 6 ust. 1
art. 3 ust. 1
art. 4 ust. 1
art. 9 ust. 1
art. 2 ust. 1
art. 86 ust. 4
art. 3 ust. 1
art. 5 ust. 1
art. 52 ust. 3
art. 7 ust. 7
art. 7 ust. 1
art. 7 
art. 9 ust. 1
art. 10 ust. 3
art. 128 ust. 3
art. 15 ust. 3
art. 17 ust. 3
art. 17 ust. 5
art. 25 ust. 1
art. 27 ust. 2
art. 30 ust. 1
art. 52 ust. 2
art. 97 ust. 2
art. 97 
art. 31 ust. 1
art. 34 ust. 2
art. 57 ust. 1
 ust. 1
art. 52 ust. 1
art. 52 ust. 1
 ust. 1
 ust. 1
 ust. 1
 ust. 2
 ust. 1
 ust. 1
 ust. 2
 ust. 1
 ust. 2
art. 36 ust. 4
art. 52 ust. 1
art. 52 ust. 1
art. 52 ust. 1
art. 22 ust. 1
art. 30 ust. 2
art. 30 ust. 2
art. 30 ust. 2
art. 30 ust. 2
art. 30 ust. 2
art. 30 ust. 2
art. 30 ust. 2
art. 30 ust. 2
art. 31 ust. 1
art. 31 ust. 1
art. 42 ust. 2
art. 30 ust. 2
art. 40 ust. 3
art. 40 ust. 3
art. 36 ust. 1
art. 52 ust. 7
art. 40 ust. 1
art. 40 ust. 2
art. 22 ust. 1
art. 44 ust. 1
art. 52 ust. 4
art. 52 ust. 1
 ust. 4
art. 45 ust. 1
art. 50 ust. 1
 ust. 4
art. 46 ust. 1
art. 42 ust. 4
art. 476 ust. 5
art. 49 ust. 1
art. 30 ust. 2
art. 50 ust. 5
art. 36 ust. 2
art. 50 ust. 1
art. 51 ust. 3
art. 59 ust. 1
art. 30 ust. 1
art. 52 ust. 1
art. 52 ust. 1
art. 54 ust. 1
art. 53 ust. 1
art. 54 ust. 1
art. 57 ust. 4
art. 77 ust. 2
art. 86 ust. 2
art. 134 ust. 1
art. 147 ust. 3
art. 30 ust. 2
art. 57 ust. 2
 ust. 4
art. 22 ust. 1
art. 57 ust. 1
art. 32 ust. 1
art. 41 ust. 7
art. 59 ust. 1
 ust. 1
art. 60 ust. 1
 ust. 2
art. 9 ust. 1
art. 90 ust. 1
art. 81 ust. 1
art. 90 ust. 1
 ust. 1
art. 73 ust. 1
art. 63 ust. 1
art. 81 ust. 1
art. 67 ust. 1
art. 52 ust. 3
 ust. 1
 ust. 3
art. 68 ust. 2
art. 67 ust. 1
art. 67 ust. 3
art. 70 ust. 1
 ust. 2
art. 71 ust. 1
art. 72 ust. 1
 ust. 1
art. 68 ust. 2
art. 63 ust. 1
art. 68 ust. 1
art. 63 ust. 1
art. 68 ust. 1
art. 63 ust. 1
art. 76 ust. 1
art. 77 ust. 1
art. 77 ust. 2
art. 134 ust. 1
art. 79 ust. 1
art. 81 ust. 1
art. 81 ust. 1
art. 81 ust. 1
 ust. 1
 ust. 5
art. 90 ust. 1
art. 81 ust. 1
art. 90 ust. 1
art. 115 ust. 2
art. 83 ust. 1
art. 85 ust. 1
art. 82 ust. 2
art. 148 ust. 2
art. 86 ust. 1
art. 89 ust. 1
art. 96 ust. 1
art. 60 ust. 1
art. 720 ust. 2
art. 90 ust. 1
 ust. 2
 
art. 95 ust. 1
 ust. 2
art. 98 ust. 3
art. 99 ust. 2
art. 52 ust. 4
art. 100 ust. 1
art. 105 ust. 1
art. 106 ust. 1
art. 109 ust. 1
art. 52 ust. 2
art. 111 ust. 3
art. 112 ust. 2
art. 52 ust. 4
art. 114 ust. 3
art. 117 ust. 1
art. 137 ust. 3
art. 115 ust. 2
art. 30 ust. 2
art. 31 ust. 1
art. 41 ust. 7
art. 30 ust. 2
art. 31 ust. 1
art. 34 ust. 2
art. 121 ust. 4
 ust. 5
 
 ust. 1
 
 ust. 1
 ust. 11
art. 118 ust. 2
 ust. 1
art. 118 ust. 2
art. 118 ust. 2
art. 122 ust. 1
art. 122 ust. 1
art. 122 
art. 99 ust. 1
art. 122 ust. 1
art. 122 ust. 1
art. 123 ust. 3
art. 122 ust. 1
art. 122 ust. 1
art. 122 ust. 1
art. 122 ust. 3
art. 123 ust. 1
art. 122 ust. 2
art. 122 ust. 1
art. 123 ust. 4
art. 122 ust. 3
art. 123 ust. 5
art. 126 ust. 1
art. 118 ust. 1
art. 41 ust. 7
 ust. 1
art. 6 ust. 1
art. 146 ust. 1
art. 147 ust. 2
art. 149 ust. 1
art. 150 ust. 1
art. 151 ust. 1
art. 152 ust. 1
art. 155 ust. 1
art. 158 ust. 3
art. 81 ust. 1
art. 30 ust. 2
art. 30 ust. 2
art. 158 ust. 1
art. 312 ust. 1
art. 158 ust. 3
art. 81 ust. 1
art. 161 ust. 2
art. 14 ust. 5
art. 161 ust. 1
art. 52 ust. 1
art. 3 ust. 1
art. 3 
art. 5 ust. 1
art. 28 ust. 1
art. 28 ust. 2
art. 43 ust. 1
art. 59 ust. 1
art. 91 ust. 3
art. 28 ust. 2
art. 95 ust. 3
art. 112 ust. 2
art. 127 ust. 1
art. 28 ust. 2
art. 15 ust. 1
art. 33 ust. 1
art. 86 ust. 4
art. 4 ust. 2
art. 4 
art. 90 ust. 1
art. 81 ust. 5
art. 115 ust. 2
art. 30 ust. 2
art. 20 ust. 1
art. 111 ust. 3
art. 147 ust. 5
ust. 2

art. 6 ust. 7
art. 44 ust. 4
art. 45 ust. 1
art. 46 ust. 5
art. 50 ust. 5
art. 63 ust. 1
art. 72 ust. 3
art. 73 ust. 2
art. 36 ust. 1
art. 52 ust. 1
art. 112 ust. 2
