
art. 13 ust. 2
art. 15 ust. 1
art. 15 
art. 15 ust. 1
art. 15 ust 2
art. 15 ust. 1
art. 15 ust. 1
art. 16 ust. 3
art. 16 ust. 2
 ust. 3
art. 16 ust. 1
art. 16 ust. 1
art. 16 ust. 1
art. 16 ust. 1
art. 18 ust. 4
art. 20 ust. 2
art. 20 ust. 6
art. 20 
art. 36 ust. 1
art. 15 ust. 1
art. 15 ust. 2
art. 39 ust. 1
art. 15 ust. 1
art. 16 ust. 2
art. 16 ust. 3
art. 33 ust. 3
art. 35 ust. 2
art. 36 ust. 2
art. 38 ust. 1
art. 4 ust. 1
art. 4 
art. 44 ust. 6
art. 53 ust. 1
art. 15 ust. 1
art. 15 ust. 1
art. 16 ust. 1
art. 16 ust. 1
art. 17 ust. 1
art. 20 ust. 1
art. 20 ust. 1
art. 15 ust. 5
art. 15 ust. 4
art. 16 ust. 4
art. 16 ust. 4
art. 17 ust. 8
art. 18 ust. 6
