
ust. 1

art. 5 ust. 1
art. 5 ust. 1
art. 8 ust. 1
ust. 1
art. 7 ust. 1
ust. 1
 ust. 1
art. 12 ust. 2
art. 12 ust. 3
art. 12 ust. 3
art. 12 ust. 1
art. 12 ust. 1
ust. 2
art. 17 ust. 1
art. 19 ust. 2
art. 18 ust. 2
art. 12 ust. 1
art. 17 ust. 1
art. 19 ust. 2
ust. 2
ust. 1

ust. 1
art. 39 ust. 2
art. 63 ust. 1
art. 11 ust. 1
art. 51 ust. 2
ust. 1
art. 59 ust. 1
art. 91 ust. 1
art. 57 ust. 1
art. 65 ust. 3
ust. 1

art. 101 ust. 2
ust. 3

ust. 1

art. 84 ust. 1
art. 84 ust. 2
ust. 1

art. 101 ust. 2
art. 5 ust. 1
ust. 1

art. 57 ust. 2
ust. 2
art. 12 ust. 2
art. 12 ust. 2
art. 12 ust. 2
art. 12 ust. 3
art. 12 ust. 3
art. 12 ust. 3
art. 87 ust. 5
art. 18 ust. 2
art. 19 ust. 1
art. 96 ust. 1
art. 18 ust. 2
art. 97 ust. 1
art. 12 ust. 1
art. 20 ust. 1
art. 98 ust. 1
art. 94 ust. 2
art. 18 ust. 3
art. 59 ust. 2
art. 82 ust. 1
art. 9 ust. 1
art. 19 ust. 1
art. 20 ust. 2
art. 60 ust. 1
art. 47931 ust. 1
art. 59 ust. 1
art. 59 ust. 2
art. 59 ust. 2
art. 101103 ust. 4
art. 25 ust. 1
art. 25 ust. 1
art. 25 ust. 3
ust. 2

art. 24 ust. 5
