
art. 35 ust. 1
art. 42 ust. 1
ust. 4

ust. 2
art. 8 ust. 1
art. 9 ust. 4
art. 15 ust. 1
art. 13 ust. 1
art. 14 ust. 4
art. 9 ust. 4
art. 15 ust. 1
art. 15 ust. 1
ust. 1
ust. 1
art. 14 ust. 1
ust. 2
art. 22 ust. 2
art. 24 ust. 1
art. 48 ust. 1
ust. 1

art. 44 ust. 1
art. 5 ust. 2
art. 50 ust. 1
art. 5 ust. 1
art. 8 ust. 4
art. 34 ust. 1
art. 55 ust. 2
art. 56 ust. 2
art. 14 ust. 2
art. 42 ust. 2
art. 9 ust. 3
art. 27 ust. 3
art. 38 ust. 1
art. 69 ust. 1
art. 38 ust. 1
art. 69 ust. 1
ust. 1

art. 73 ust. 1
art. 69 ust. 2
