
art. 4 ust. 2
art. 6 ust. 2
art. 10 ust. 3
art. 12 ust. 4
art. 3 ust. 3
art. 3 ust. 2
art. 5 ust. 3
art. 6 ust. 5
art. 9 ust. 3
art. 10 ust. 2
art. 11 ust. 3
 ust. 4
art. 12 ust. 4
art. 14 ust. 4
art. 9 ust. 3
art. 21 ust. 2
art. 2 ust. 2
art. 7 ust. 3
art. 8 ust. 2
art. 11 ust. 1
art. 12 ust. 2
art. 17 ust. 4
art. 27 ust. 2
art. 10 ust. 2
art. 21 ust. 2
art. 23 ust. 5
art. 30 ust. 1
art. 72 ust. 3
art. 2 ust. 2
art. 20 ust. 5
art. 34 ust. 2
 ust. 2
art. 42 ust. 3
art. 44 ust. 3
art. 48 ust. 2
art. 50 ust. 2
art. 20 ust. 6
art. 22 ust. 1
art. 1 ust. 1
art. 3 ust. 5
art. 4 ust. 4
art. 6 ust. 3
art. 9 ust. 3
art. 9 ust. 1
art. 45 ust 3
art. 21 ust. 1
art. 22 ust. 3
art. 28 ust. 1
art. 34 ust. 3
art. 19 ust. 2
art. 31 ust. 4
art. 56 ust. 1
 ust. 3
 
 ust. 9
art. 56 ust. 1
art. 56 ust. 1
art. 56 ust. 3
art. 56 ust. 1
art. 56 ust. 1
art. 56 
art. 63 ust. 4
art. 64 ust. 2
art. 117 ust. 5
art. 12 ust. 1
art. 8 ust. 2
art. 6 ust. 1
art. 7 ust. 1
art. 3 ust. 2
art. 10 ust. 2
art. 12 ust 2
art. 15 ust. 6
art. 16 ust. 5
art. 17 ust. 3
art. 25 ust. 2
art. 14 ust. 8
art. 36 ust. 2
art. 10 ust. 2
art. 16 ust. 1
art. 17 ust. 3
art. 29 ust. 3
art. 18 ust. 4
art. 16 ust. 1
art. 27 ust. 2
art. 31 ust. 1
art. 12 ust. 2
art. 15 ust. 2
art. 25 ust. 2
art. 34 ust. 1
art. 36 ust. 4
art. 22 ust. 7
art. 26 ust. 2
art. 21 ust. 2
art. 4 ust. 2
art. 6 ust. 6
art. 7 ust. 2
art. 8 ust. 1
art. 10 ust. 1
 ust. 5
art. 19 ust. 1
art. 20 ust. 4
art. 28 ust. 4
art. 32 ust. 6
art. 40 ust. 3
art. 40 ust. 5
art. 45 ust. 5
art. 24 ust. 2
art. 33 ust. 2
art. 24 ust. 1
art. 80 ust. 2
art. 83 ust. 2
art. 77 ust. 2
art. 109 ust. 5
art. 110 ust. 2
art. 121 ust. 4
art. 140 ust. 2
art. 141 ust. 6
art. 149 ust. 2
art. 32 ust. 3
art. 12 ust. 2
art. 9 ust. 5
art. 16 ust. 2
art. 18 ust. 2
art. 18 ust. 2
art. 44 ust. 3
art. 54 ust. 4
art. 3 ust. 2
art. 45 ust. 1
art. 5 ust. 4
art. 24 ust. 5
art. 8 ust. 1
art. 2 ust. 1
art. 33 ust. 2
art. 18 ust. 1
art. 19 ust. 1
art. 21 ust. 1
art. 38 ust. 1
art. 43 ust. 1
art. 60 ust. 3
art. 43 ust. 2
art. 43 ust. 5
art. 43 ust. 1
art. 36 ust. 2
art. 53 ust. 2
art. 60 ust. 3
art. 50 ust. 4
art. 54 ust. 2
art. 9 ust. 5
art. 22 ust. 2
art. 30 ust. 3
art. 52 ust. 1
art. 55 ust. 6
art. 60 ust. 2
art. 66 ust. 2
art. 68 ust. 2
art. 93 ust. 3
art. 94 ust. 2
art. 32 ust. 3
art. 49 ust. 1
art. 53 ust. 2
art. 57 ust. 2
art. 2 ust. 3
art. 4 ust. 1
art. 5 ust. 2
art. 10 ust. 4
art. 13 ust. 5
art. 15 ust. 3
art. 18 ust. 3
art. 19 ust. 3
art. 29 ust. 3
art. 31 ust. 4
art. 37 ust. 3
art. 39 ust. 2
art. 40 ust. 3
art. 43 ust. 2
art. 49 ust. 2
art. 5 ust. 2
art. 64 ust. 2
art. 5 ust. 2
art. 4 ust. 2
art. 7 ust. 1
art. 10 ust. 1
art. 11 ust. 1
art. 16 ust. 1
art. 10 ust. 1
art. 11 ust. 1
art. 17 ust. 1
art. 20 ust. 1
art. 8 ust. 2
art. 9 ust. 1
art. 16 ust. 1
art. 7 ust. 6
art. 9 ust. 1
art. 31 ust. 2
art. 52 ust. 2
art. 58 ust. 2
art. 64 ust. 6
art. 68 ust. 2
art. 69 ust. 3
art. 70 ust. 3
art. 73 ust. 2
art. 107 ust. 4
art. 108 ust. 4
art. 1 ust. 4
art. 10 ust. 5
art. 19 ust. 2
art. 32 ust. 5
art. 34 ust. 6
art. 45 ust. 4
art. 64 ust. 4
art. 84 ust. 1
art. 5 ust. 3
art. 8 ust. 4
art. 52 ust. 2
art. 6 ust. 1
art. 17 ust. 3
art. 12 ust. 5
art. 8 ust. 3
art. 19 ust. 2
art. 28 ust. 4
art. 30 ust. 3
art. 30 
 ust. 1
art. 41 ust. 3
art. 42 ust. 5
art. 43 ust. 3
art. 13 ust. 1
art. 17 ust. 5
art. 10 ust. 6
art. 19 ust. 3
art. 22 ust. 5
art. 23 ust. 3
art. 24 ust. 3
art. 27 ust. 5
art. 28 ust. 2
art. 42 ust. 3
art. 44 ust. 3
art. 45 ust. 3
art. 46 ust. 3
art. 48 ust. 1
art. 49 ust. 3
art. 50 ust. 2
art. 8 ust. 1
art. 12 ust. 3
art. 5 ust. 2
art. 23 ust. 1
art. 23 ust. 2
art. 29 ust. 2
art. 14 ust. 4
art. 17 ust. 4
art.1 ust. 3
art. 9 ust. 2
art. 31 ust. 1
art. 1 ust. 1
