
art. 7 ust. 1
ust. 1

art. 6 ust. 3
art. 7 ust. 3
art. 6 ust. 1
art. 7 ust. 1
art. 6 ust. 1
art. 7 ust. 1
art. 6 ust. 1
art. 7 ust. 1
art. 6 ust. 1
art. 7 ust. 1
ust. 1
art. 6 ust. 1
art. 7 ust. 1
art. 6 ust. 1
art. 7 ust. 1
art. 6 ust. 1
art. 7 ust. 1
art. 6 ust. 1
art. 7 ust. 1
art. 6 ust. 3
art. 37 ust. 1
art. 19 ust. 1
art. 20 ust. 1
art. 22 ust. 1
art. 57 ust. 2
art. 6 ust. 2
art. 16 ust. 1
art. 15 ust. 3
art. 18 ust. 2
art. 10 ust. 1
art. 3 ust. 1
art. 17 ust. 3
art. 6 ust. 1
art. 20 ust. 1
art. 20 
art. 43 ust. 1
art. 50 ust. 2
art. 75 ust. 1
art. 15 ust. 2
art. 7 ust. 4
art. 6 ust. 2
art. 7 ust. 2
