
art. 1 ust. 1
art. 18 ust. 3
art. 36 ust. 1
art. 36 ust. 1
art. 25 ust. 3
art. 21 ust. 1
art. 27 ust. 2
art. 154 ust. 6
art. 36 ust. 2
art. 36 ust. 1
art. 35 ust. 2
art. 36 ust. 5
art. 37 ust. 1
art. 74 ust. 1
art. 38 ust. 1
art. 39 ust. 1
art. 38 ust. 1
art. 40 ust. 3
art. 37 ust. 7
art. 37 ust. 7
art. 35 ust. 2
art. 41 ust. 2
art. 42 ust. 1
art. 37 ust. 10
art. 44 ust. 1
art. 45 ust. 1
art. 48 ust. 1
art. 42 ust. 5
art. 42 ust. 7
art. 48 ust. 1
art. 48 ust. 1
art. 37 ust. 10
art. 48 ust. 3
art. 48 
art. 48 ust. 1
art. 48 ust. 1
art. 52 ust. 2
art. 54 ust. 3
art. 48 ust. 1
art. 49 ust. 1
art. 53 ust. 2
art. 60 ust. 2
art. 61 ust. 1
art. 60 ust. 2
art. 62 ust. 1
art. 63 ust. 1
art. 65 ust. 1
art. 67 ust. 1
art. 65 ust. 1
art. 14 ust. 3
art. 68 ust. 4
art. 28 ust. 1
art. 68 ust. 3
art. 67 ust. 3
art. 69 ust. 1
art. 71 ust. 2
art. 65 ust. 1
art. 65 ust. 1
art. 65 ust. 1
art. 65 ust. 1
art. 67 ust. 1
art. 65 ust. 1
art. 67 ust. 2
