
art. 5 ust. 3
art. 5 ust. 3
art. 6 ust. 4
art. 6 ust. 4
art. 6 ust. 4
art. 5 ust. 3
art. 5 ust. 3
art. 5 ust. 3
art. 6 ust. 1
art. 6 ust. 3
art. 8 ust. 3
ust. 2
art. 5 ust. 3
art. 5 ust. 3
art. 8 ust. 1
art. 10 ust. 3
art. 8 ust. 2
art. 14 ust. 1
art. 13 ust. 2
art. 15 ust. 4
art. 22 ust. 1
art. 18 ust. 1
art. 22 ust. 1
art. 24 ust. 4
 ust. 6
art. 16 ust. 1
art. 15 ust. 1
art. 15 ust. 3
art. 17 ust. 2
art. 25 ust. 2
art. 17 ust. 2
art. 8 ust. 2
art. 7 ust. 2
art. 33 ust. 1
art. 30 ust. 1
art. 27 ust. 6
art. 17 ust. 2
art. 35 ust. 1
art. 37 ust. 1
art. 38 ust. 1
art. 38 ust. 2
art. 37 ust. 2
art. 38 ust. 1
art. 38 ust. 3
art. 38 ust. 2
art. 17 ust. 2
ust. 1
art. 17 ust. 2
art. 17 ust. 2
art. 17 ust. 2
art. 17 ust. 2
art. 42 ust. 1
art. 17 ust. 2
art. 42 ust. 3
art. 43 ust. 2
art. 43 ust. 1
art. 42 ust. 1
art. 41 ust. 1
art. 68 ust. 1
art. 58 ust. 1
ust. 1
ust. 4

art. 50 ust. 2
ust. 2
art. 25 ust. 1
art. 25 
art. 25 ust. 1
art. 7 ust. 2
art. 18 ust. 1
 ust. 1
art. 87 ust. 1
art. 86 ust. 1
art. 24 ust. 4
art. 38 ust. 3
 ust. 1
art. 89 ust. 1
art. 93 ust. 4
art. 72 ust. 1
art. 13 ust. 2
art. 13 ust. 2
art. 13 ust. 2
art. 40 ust. 4
art. 13 ust. 2
art. 13 ust. 2
art. 40 ust. 2
art. 13 ust. 2
art. 13 ust. 2
art. 13 ust. 2
art. 8 ust. 1
art. 12 ust. 1
art. 6 ust. 1
art. 80 ust. 2
art. 80 ust. 1
art. 100 ust. 2
art. 100 ust. 1
art. 100 ust. 1
art. 100 ust. 1
art. 129 ust. 2
art. 132 ust. 1
art. 139 ust. 4
art. 135 ust. 1
art. 136 ust. 1
art. 27 ust. 2
art. 5 ust. 3
art. 5 ust. 3
art. 18 ust. 2
art. 28 ust. 1
ust. 1

