
art. 5 ust. 1
art. 5 ust. 1
art. 5 ust. 1
 ust. 1
art. 6 ust. 1
art. 9 ust. 3
art. 13 ust. 2
art. 5 ust. 2
 ust. 2
art. 16 ust. 1
art. 5 ust. 1
art. 5 ust. 1
art. 6 ust. 1
art. 22 ust. 1
 ust. 1
 
 ust. 1
 ust. 2
 ust. 2
art. 29 ust. 2
art. 31 ust. 2
art. 31 ust. 1
art. 31 ust. 1
ust. 1
art. 44 ust. 3
art. 44 ust. 4
art. 44 ust. 1
art. 51 ust. 1
art. 46 ust. 2
art. 46 ust. 4
art. 46 ust. 2
art. 46 ust. 4
art. 47 ust. 3
art. 47 ust. 5
art. 47 ust. 5
art. 47 ust. 5
art. 47 ust. 5
art. 47 ust. 2
art. 47 ust. 3
art. 44 ust. 4
art. 60 ust. 1
ust. 1
art. 36 ust. 1
art. 3 ust. 1
art. 3 ust. 2
art. 9 ust. 1
art. 9 ust. 3
