
art. 4 ust. 3
art. 2 ust. 2
 ust. 5
art. 5 ust. 6
art. 2 ust. 1
art. 2 ust. 1
art. 2 ust. 1
art. 2 ust. 1
art. 2 ust. 1
art. 12 ust. 2
art. 2 ust. 1
art. 14 ust. 5
art. 2 ust. 1
art. 12 ust. 2
art. 2 ust. 1
art. 2 ust. 1
art. 14 ust. 1
art. 16 ust. 2
art. 16 ust. 2
art. 2 ust. 1
art. 2 ust. 1
art. 14 ust. 4
art. 20 ust. 6
art. 14 ust. 4
 ust. 1
art. 12 ust. 2
art. 2 ust. 1
art. 14 ust. 1
art. 20 ust. 2
art. 14 ust. 4
art. 4 ust. 3
art. 20 ust. 6
art. 2 ust. 2
art. 5 ust. 5
art. 5 ust. 5
art. 13 ust. 1
 ust. 1
art. 2 ust. 1
art. 2 ust. 2
art. 31 ust. 1
ust. 1

art. 12 ust. 2
art. 12 ust. 3
