
art. 13 ust. 1
 ust. 2
 
 ust. 3
art. 20 ust. 1
art. 11 ust. 1
art. 11 ust. 1
art. 11 ust. 1
art. 11 ust. 1
art. 45 ust. 1
ust. 1
art. 34 ust. 1
ust. 1

ust. 1

art. 9 ust. 1
 ust. 1
 ust. 3
ust. 2

art. 50 ust. 1
art. 53 ust. 3
art. 53 ust. 3
art. 57 ust. 1
art. 52 ust. 3
ust. 1

ust. 3

art. 11 ust. 2
art. 70 ust. 1
art. 70 ust. 1
 ust. 3
 
art. 74 ust. 2
art. 74 ust. 3
art. 74 ust. 2
art. 70 ust. 3
art. 70 ust. 3
art. 11 ust. 2
art. 82 ust. 1
art. 82 ust. 1
art. 82 ust. 2
art. 83 ust. 2
art. 85 ust. 3
art. 415 ust. 5
art. 90 ust. 1
art. 414 ust. 2
art. 92 ust. 3
art. 92 ust. 6
art. 92 ust. 6
art. 113 ust. 1
art. 47 ust. 5
art. 100 ust. 2
 ust. 5
 
art. 45 ust. 1
art. 59 ust. 1
art. 113 ust. 1
art. 113 ust. 1
art. 113 ust. 1
ust. 1

art. 113 ust. 1
art. 113 ust. 1
art. 113 ust. 1
art. 113 ust. 1
art. 114 ust. 1
art. 45 ust. 1
art. 40 ust. 3
art. 83 ust. 2
ust. 3
art. 45 ust. 1
art. 65 ust. 1
ust. 1
art. 45 ust. 1
ust. 2

art. 128 ust. 2
art. 45 ust. 1
art. 122 ust. 2
art. 13 ust. 3
art. 20 ust. 10
art. 145 ust. 1
art. 144 ust. 1
art. 144 ust. 2
art. 146 ust. 1
art. 149 ust. 2
art. 113 ust. 1
art. 90 ust. 1
art. 92 ust. 3
art. 153 ust. 2
art. 153 ust. 2
art. 157 ust. 2
art. 50 ust. 3
art. 78 ust. 1
 ust. 3
art. 180 ust. 3
art. 165 ust. 1
art. 181 ust. 2
art. 16 ust. 3
art. 17 ust. 1
art. 139 ust. 2
art. 16 ust. 3
art. 17 ust. 1
art. 15 ust. 3
art. 33 ust. 1
art. 65 ust. 1
art. 85 ust. 1
art. 107 ust. 2
art. 28 ust. 1
art. 133 ust. 1
art. 40 ust. 1
art. 6 ust. 2
art. 6 ust. 2
art. 4 ust. 2
art. 34 ust. 1
art. 20 ust. 2
art. 25 ust. 1
art. 54 ust. 2
art. 10 ust. 1
art. 40 ust. 4
art. 2 ust. 2
art. 4 ust. 1
art. 73 ust. 1
art. 98 ust. 2
art. 99 ust. 2
art. 130 ust. 1
art. 181 ust. 2
art. 190 ust. 2
art. 190 ust. 1
art. 129 ust. 2
art. 45 ust. 1
art. 122 ust. 1
art. 9 ust. 2
art. 128 ust. 4
art. 50 ust. 3
art. 113 ust. 1
art. 164 ust. 3
art. 3 ust. 3
art. 3 ust. 3
art. 3 ust. 3
art. 3 ust. 3
art. 3 ust. 3
art. 11 ust. 1
art. 11 ust. 1
art. 11 ust. 1
art. 14 ust. 5
art. 11 ust. 1
art. 20 ust. 1
