
art.1 ust.2
art. 5 ust. 1
art. 7 ust. 1
art. 8 ust. 1
art. 6 ust. 1
art. 98 ust. 2
art.7 ust. 2
art. 10 ust. 1
art.10 ust.1
art. 7 ust.1
art. 6 ust.1
art. 79 ust. 3
art. 13 ust. 1
art. 13 ust. 1
art. 15 ust. 1
art. 16 ust. 4
art. 24 ust. 1
art. 17 ust. 2
art. 19 ust. 1
art. 17 ust. 2
art. 23 ust. 2
art. 22 ust. 1
art. 13 ust. 1
art. 17 ust. 2
art. 23 ust. 1
art. 24 ust. 2
art. 24 ust. 1
art. 24 ust.1
art. 7 ust.1
art.6 ust.1
art. 25 ust. 1
art. 98 ust. 2
art. 21 ust. 5
art. 17 ust. 1
art. 34 ust. 3
art. 34 
art. 35 ust. 1
art.36 ust.1
art. 35 ust. 2
art. 35 ust. 2
art. 34 ust. 2
art. 34 ust. 2
art. 40 ust. 1
art. 33 ust. 1
art. 34 ust. 2
art. 45 ust. 1
art. 46 ust.1
art. 48 ust. 2
art. 49 ust. 1
art. 86 ust. 1
art. 51 ust. 1
art. 52 ust. 1
art. 52 ust. 1
art. 51 ust. 1
art. 52 ust.1
art. 13 ust. 1
art. 54 ust. 2
art. 58 ust. 3
art. 59 ust. 3
art.60 ust.3
art.61 ust.1
art.62 ust.4
art.15 ust.6
art. 13 ust. 1
art.13 ust. 1
art. 65 ust. 1
art. 90 ust. 2
art. 90 ust. 2
art. 13 ust. 1
art. 13 ust. 1
 ust. 1
art. 38 ust.1
art.57 ust.2
art. 68 ust. 5
art. 5 ust. 1
art. 5 ust. 1
art. 68 ust. 6
art. 38 ust.1
art. 40 ust. 1
art. 68 ust. 1
art. 68 
art.37 ust.1
art. 27 ust. 1
art. 34 ust. 3
art. 35 ust. 2
art. 38 ust. 3
art. 85 ust. 6
art. 71 ust. 1
art. 72 ust. 1
art. 71 ust. 1
art. 73 ust. 6
art. 73 
art. 85 ust. 6
art. 69 ust. 1
art. 26 ust. 1
art. 75 ust. 1
art. 75 ust.2
art. 75 
art.25 ust.1
art. 76 ust. 2
art. 77 ust. 1
art. 77 
art. 5 ust. 1
art. 6 ust. 1
art. 27 ust. 1
art. 8 ust. 3
art. 6 ust. 1
art. 6 ust. 1
art. 5 ust. 2
art. 5 ust. 2
art. 79 ust.2
art. 14 ust. 1
art. 13 ust. 4
art. 13 ust. 1
art. 85 ust. 3
 ust. 1
art. 17 ust. 2
art. 35 ust. 1
art. 35 ust. 1
art. 38 ust. 1
art. 85 ust. 1
art. 85 ust. 1
art. 85 ust. 1
art. 85 ust. 1
art. 1 ust. 1
art. 34 ust. 3
art. 35 ust. 2
art. 38 ust. 3
art. 1 ust. 2
art. 85 ust. 1
art. 85 ust. 1
art. 38 ust. 1
art. 40 ust.1
art. 40 ust. 1
art. 40 ust. 1
art. 51 ust. 1
art.86 ust. 1
art. 87 ust. 1
art. 88 ust. 2
art. 89 ust. 1
art. 90 ust. 1
art. 13 ust. 1
art. 67 ust. 1
art. 67 ust. 1
art. 67 ust. 1
art. 67 ust. 1
art. 67 ust.1
art. 67 ust. 1
art. 92 ust. 2
art. 68 ust. 6
art. 93 ust. 1
art. 67 ust. 1
art. 94 ust. 1
art. 54 ust. 1
art. 22 ust.1
art. 89 ust. 2
art. 93 ust. 1
art. 96 ust. 1
art. 93 ust. 1
art. 96 ust. 1
art. 16 ust.2
art. 17 ust. 2
art.12 ust.3
art. 18 ust. 1
art.18 ust.1
art.18 ust. 1
art. 18 ust. 2
art.18 ust.1
art.18 ust. 2
art.18 ust.1
art. 23 ust. 1
art. 1 ust. 2
art. 50 ust. 1
art. 64 ust. 2
art. 29 ust. 4
art. 1 ust. 2
art. 4 ust. 1
art. 10 ust. 1
art. 12 ust. 1
art. 13 ust. 1
art. 17 ust. 9
art. 18 ust. 1
art. 30 ust. 1
art. 31 ust. 1
art. 12 ust 2
art. 14 ust. 1
art. 15 ust. 2
art. 15 ust. 4
art. 17 ust. 5
art. 29 ust. 3
art. 30 ust. 1
art. 21 ust. 1
 ust. 2
 
art. 22 ust.1
 ust.1
art. 37 ust.1
art. 37 
art. 68 ust. 3
art.68 ust.1
art.68 
art.41 ust.1
art.41 ust.1
art.68 ust. 1
art.68 
ust.1

art. 64 ust. 1
art. 64 
