
art. 5 ust. 1
art. 5 ust. 1
art. 7 ust. 1
art. 7 
art. 11 ust. 1
art. 25 ust. 1
art. 25 ust. 1
art. 25 ust. 2
art. 25 ust. 1
art. 25 ust. 4
art. 27 ust. 1
art. 28 ust. 1
art. 30 ust. 1
art. 32 ust. 2
art. 20 ust. 1
art. 34 ust. 2
art. 39 ust. 1
art. 48 ust. 2
art. 40 ust. 5
art. 34 ust. 1
art. 48 ust. 1
art. 48 ust. 4
art. 48 ust. 2
art. 48 ust. 2
art. 48 ust. 3
art. 48 ust. 1
art. 5 ust. 2
art. 6 ust. 1
art. 6 
art. 48 ust. 2
art. 48 ust. 1
art. 5 ust. 1
art. 48 ust. 2
art. 40 ust. 1
art. 133 ust. 2
art. 138 ust. 1
art. 139 ust. 1
art. 171 ust. 4
art. 48 ust. 2
art. 23 ust. 3
art. 54 ust. 3
art. 63 ust. 3
art. 63 ust. 6
 ust. 2
art. 63 ust. 4
art. 63 
 ust. 4
 
 ust. 4
 ust. 1
art. 64 ust. 1
art. 111 ust. 1
art. 65 ust. 1
art. 128 ust. 4
art. 79 ust. 3
 ust. 1
art. 79 ust. 1
art. 27 ust. 1
art. 95 ust. 1
art. 101 ust. 1
art. 39 ust. 1
art. 105 ust. 1
art. 139 ust. 1
art. 27 ust. 1
art. 105 ust. 3
art. 105 ust. 4
art. 111 ust. 1
art. 113 ust. 5
art. 117 ust. 6
art. 165 ust. 2
art. 10 ust. 2
art. 20 ust. 1
art. 128 ust. 1
art. 32 ust. 1
art. 105 ust. 4
art. 71 ust. 1
art. 131 ust. 2
art. 135 ust. 2
art. 136 ust. 3
art. 22 ust. 3
art. 22 ust. 4
art. 31 ust. 2
art. 138 ust. 3
art. 141 ust. 4
art. 147 ust. 3
art. 153 ust. 3
art. 22 ust. 6
art. 131 ust. 2
art. 140 ust. 1
art. 138 ust. 3
art. 138 ust. 1
art. 138 ust. 3
art. 127 ust. 2
art. 138 ust. 3
art. 127 ust. 1
art. 141 ust. 2
art. 141 ust. 2
art. 141 ust. 2
art. 141 ust. 1
art. 131 ust. 3
art. 141 ust. 1
art. 141 ust. 1
art. 141 ust. 2
art. 141 ust. 1
art. 141 ust. 1
art. 139 ust. 1
 ust. 2
art. 131 ust. 4
art. 141 ust. 1
art. 141 ust. 1
art. 141 ust. 1
art. 144 ust. 5
art. 145 ust. 4
art. 147 ust. 3
art. 171 ust. 6
art. 178 ust. 1
art. 193 ust. 1
art. 193 
art. 27 ust. 1
art. 81 ust. 2
ust. 1

