
art. 5 ust. 1
art. 5 ust. 1
art. 6 ust. 3
art. 9 ust. 1
art. 8 ust. 2
art. 9 ust. 1
art. 10 ust. 2
art. 12 ust. 1
art. 16 ust. 3
art. 18 ust. 3
art. 7 ust. 1
art. 20 ust. 1
art. 22 ust. 2
art. 22 ust. 1
art. 24 ust. 2
art. 24 
art. 25 ust. 1
art. 26 ust. 1
art. 27 ust. 1
art. 28 ust. 1
art. 34 ust. 3
art. 7 ust. 1
 ust. 1
art. 35 ust. 1
art. 35 ust. 1
 ust. 4
 ust. 3
art. 41 ust. 2
art. 43 ust. 1
art. 35 ust. 1
art. 35 ust. 1
art. 45 ust. 1
art. 45 
art. 47 ust. 1
art. 10 ust. 1
art. 5 ust. 1
art. 4 ust. 4
art. 7 ust. 3
art. 7 ust. 2
art. 16 ust. 4
art. 27 ust. 1
art. 29 ust. 1
art. 46 ust. 1
art. 33 ust. 3
art. 50 ust. 2
art. 51 ust. 2
art. 7 ust. 3
