
ust. 1

 ust. 1
art. 8 ust. 1
art. 8 ust. 1
ust. 1

art. 12 ust. 2
art. 12 ust. 2
art. 11 ust. 2
art. 13 ust. 2
ust. 1

art. 30 ust. 3
art. 50 ust. 1
art. 19 ust. 3
art. 19 ust. 1
art. 20 ust. 2
art. 22 ust. 2
 ust. 3
art. 26 ust. 2
 ust. 1
art. 29 ust. 2
ust. 1
art. 15 ust. 2
art. 30 ust. 4
 ust. 1
 
art. 32 ust. 1
art. 32 ust. 2
art. 32 ust. 1
art. 32 ust. 1
art. 32 ust. 1
art. 32 ust. 1
art. 42 ust. 1
art. 42 ust. 1
art. 42 ust. 1
art. 42 ust. 2
art. 40 ust. 1
art. 29 ust. 2
art. 39 ust. 1
art. 40 ust. 1
art. 60 ust. 3
art. 37 ust. 1
ust. 1

ust. 1

art. 37 ust. 2
art. 37 ust. 3
art. 67 ust. 2
art. 67 ust. 2
art. 37 ust. 2
art. 37 ust. 3
art. 37 ust. 2
art. 37 ust. 3
art. 37 ust. 2
art. 37 ust. 3
art. 30 ust. 3
ust. 1

art. 48 ust. 1
art. 37 ust. 2
art. 37 ust. 3
