
art. 4 ust. 1
art. 4 
art. 69 ust. 3
art. 51 ust. 2
art. 8 ust. 1
 ust. 1
art. 14 ust. 1
art. 16 ust. 3
art. 8 ust. 11
art. 8 ust. 1
art. 20 ust. 2
art. 20 
art. 21 ust. 1
art. 8 ust. 3
art. 8 ust. 3
art. 8 ust. 4
art. 21 ust. 3
art. 25 ust. 1
art. 16 ust. 9
art. 8 ust. 2
art. 25 ust. 1
art. 23 ust. 6
art. 8 ust. 3
art. 29 ust. 1
art. 30 ust. 1
art. 27 ust. 1
 ust. 2
art. 31 ust. 1
art. 31 
art. 31 ust. 1
art. 58 ust. 3
art. 35 ust. 2
art. 38 ust. 2
art. 44 ust. 2
art. 48 ust. 1
art. 50 ust. 2
art. 50 ust. 1
art. 51 ust. 2
 ust. 2
art. 54 ust. 1
art. 56 ust. 1
art. 58 ust. 1
art. 37 ust. 5
art. 39 ust. 2
art. 59 ust. 1
art. 44 ust. 2
art. 60 ust. 2
art. 58 ust. 1
art. 31 ust. 3
art. 58 ust. 5
art. 62 ust. 1
art. 67 ust. 1
art. 69 ust. 1
art. 75 ust. 2
art. 79 ust. 2
art. 81 ust. 1
art. 130 ust. 4
art. 115 ust. 2
art. 117 ust. 2
art. 31 ust. 2
art. 31 ust. 2
art. 131 ust. 2
art. 131 ust. 2
art. 131 ust. 2
art. 131 ust. 7
art. 129 ust. 2
art. 135 ust. 1
art. 141 ust. 1
art. 141 
art. 16 ust. 1
art. 4 ust. 4
art. 151 ust. 4
art. 151 ust. 4
art. 151 ust. 4
art. 151 ust. 4
art. 151 ust. 4
art. 151 ust. 1
art. 67 ust. 1
art. 165 ust. 1
art. 115 ust. 3
art. 115 
art. 166 ust. 2
art. 167 ust. 3
art. 75 ust. 6
art. 75 
art. 2 ust. 2
art. 13 ust. 1
art. 18 ust. 1
art. 14 ust. 3
art. 13 ust. 3
art. 15 ust. 2
art. 13 ust. 3
art. 15 ust. 2
art. 11 ust. 3
art. 13 ust. 2
art. 11 ust. 3
art. 11 ust. 3
art. 14 ust. 3
art. 16 ust. 2
art. 15 ust. 1
art. 20 ust. 1
art. 36 ust. 4
art. 10 ust. 2
art. 78 ust. 1
art. 79 ust. 2
art. 27 ust. 1
art. 30 ust. 4
art. 26 ust. 1
art. 27 ust. 1
art. 27 ust. 1
art. 26 ust. 2
art. 27 ust. 2
art. 27 ust. 2
art. 32 ust. 3
art. 27 ust. 2
art. 33 ust. 3
art. 27 ust. 2
art. 34 ust. 4
art. 27 ust. 2
art. 27 ust. 2
art. 35 ust. 9
art. 27 ust. 2
art. 37 ust. 1
art. 27 ust. 2
art. 38 ust. 1
art. 27 ust. 2
art. 39 ust. 1
art. 27 ust. 2
art. 41 ust. 1
art. 27 ust. 2
art. 42 ust. 3
art. 27 ust. 2
art. 43 ust. 4
art. 27 ust. 2
art. 44 ust. 3
art. 27 ust. 2
art. 8 ust. 1
art. 17 ust. 1
art. 2 ust. 2
art. 10 ust. 3
art. 23 ust. 1
art. 21 ust. 3
art. 26 ust. 6
art. 4 ust. 3
art. 69 ust. 8
art. 69 ust. 3
art. 48 ust. 3
art. 50 ust. 1
art. 50 ust. 2
art. 151 ust. 5
art. 151 ust. 1
art. 69 ust. 4
art. 41 ust. 1
