
art. 1 ust. 1
art. 3 ust. 2
art. 3 ust. 2
art. 3 ust. 2
art. 40 ust. 2
art. 11 ust. 2
art. 4 ust. 1
art. 3 ust. 2
art. 43 ust. 1
art. 4 ust. 2
art. 4 ust. 2
art. 4 ust. 2
art. 17 ust. 1
art. 17 ust. 1
art. 17 ust. 1
art. 17 ust. 1
art. 17 ust. 1
art. 17 ust. 1
art. 17 ust. 1
art. 17 ust. 1
art. 17 ust. 1
art. 17 ust. 1
art. 17 ust. 1
art. 17 ust. 1
art. 17 ust. 1
art. 4 ust. 1
art. 3 ust. 2
art. 30 ust. 2
art. 30 
art. 4 ust. 1
art. 3 ust. 2
 ust. 1
art. 181 ust. 1
art. 181 
art. 321 ust. 1
art. 31 ust. 1
art. 4 ust. 1
art. 3 ust. 2
art. 31 ust. 1
art. 393 ust. 1
art. 31 ust. 1
art. 393 ust. 1
art. 4 ust. 1
art. 3 ust. 2
art. 27 ust. 1
art. 36 ust. 1
art. 37 ust. 1
art. 4 ust. 1
art. 42 ust. 1
art. 4 ust. 1
ust. 1
art. 3 ust. 2
art. 3 ust. 2
art. 46 ust. 1
art. 3 ust. 2
art. 3 ust. 2
art. 48 ust. 1
art. 17 ust. 1
art. 43 ust. 1
art. 46 ust. 1
art. 48 ust. 1
art. 17 ust. 1
art. 45 ust. 2
art. 45 ust. 2
art. 33 ust. 2
art. 3 ust. 4
art. 12 ust. 3
art. 30 ust. 1
art. 32 ust. 4
art. 33 ust. 1
art. 32 ust. 3
art. 30 ust. 1
art. 32 ust. 3
art. 30 ust. 2
art. 32 ust. 4
art. 40 ust. 4
art. 29 ust. 7
art. 6 ust. 1
art. 129 ust. 4
art. 7 ust. 2
art. 17 ust. 2
art. 19 ust. 1
art. 44 ust. 1
art. 4 ust. 1
art. 42 ust. 3
