
ust. 1

 ust. 4
art. 6 ust. 3
art. 6 ust. 1
art. 6 ust. 4
art. 10 ust. 2
art. 15 ust. 1
 ust. 8
art. 9 ust. 1
art. 14 ust. 8
art. 14 ust. 2
art. 14 ust. 2
art. 7 ust. 2
art. 3 ust. 1
art. 3 ust. 1
art. 3 ust. 2
art. 20 ust 7
art. 21 ust. 4
art. 20 ust. 4
art. 21 ust. 2
art. 20 ust. 6
art. 20 ust. 7
art. 21 ust. 4
art. 20 ust. 4
art. 21 ust. 2
art. 20 ust. 6
art. 9 ust. 1
art. 20 ust. 4
art. 6 ust. 1
art. 5 ust. 1
art. 25 ust. 1
art. 27 ust. 2
art. 25 ust. 1
art. 5 ust. 2
 ust. 1
art. 20 ust. 36
art. 21 ust. 13
art. 25 ust. 1
art. 24 ust. 4
art. 165 ust. 1
