
ust. 1

art. 4 ust. 4
 ust. 6
ust. 1
 ust. 2
art. 6 ust. 8
art. 6 ust. 8
art. 8 ust. 2
 ust. 5
 ust. 5
art. 6 ust. 4
ust. 2
art. 19 ust. 2
art. 29 ust. 1
art. 15 ust. 2
art. 16 ust. 2
 ust. 1
ust. 1
art. 17 ust. 2
art. 18 ust. 2
art. 15 ust. 3
art. 20 ust. 1
art. 20 ust. 4
ust. 3
art. 10 ust. 3
art. 11 ust. 2
art. 7 ust. 5
art. 17 ust. 1
art. 17 ust. 1
art. 7 ust. 5
art. 7 ust. 5
art. 7 ust. 5
art. 17 ust. 1
art. 18 ust. 2
art. 17 ust. 1
ust. 1
ust. 1
ust. 1
 ust. 1
 
art. 30 ust. 1
art. 33 ust. 1
ust. 5
art. 39 ust. 1
art. 39 
 ust. 2
art. 21 ust. 2
art. 1 ust. 3
art. 8 ust. 2
