
art. 1 ust. 1
art. 133 ust. 2
art. 133 
art. 12 ust. 1
art. 36 ust. 3
art. 72 ust. 3
art. 75 ust. 2
art. 120 ust. 3
art. 151 ust. 5
art. 154 ust. 1
art. 9 ust. 1
art. 1 ust. 2
art. 9 ust. 2
art. 9 ust. 2
art. 9 ust. 1
art. 9 ust. 2
art. 9 ust. 2
art. 228 ust. 1
 ust. 1
art. 181 ust. 1
art. 181 
art. 321 ust. 1
art. 264 ust. 1
art. 264 
art. 393 ust. 1
art. 9 ust. 1
art. 393 ust. 1
art. 9 ust. 2
art. 9 
art. 9 ust. 1
art. 10 ust. 1
art. 1 ust. 2
 ust. 1
 
 ust. 1
art. 11 ust. 1
art. 14 ust. 2
art. 19 ust. 1
art. 22 ust. 2
art. 30 ust. 2
art. 31 ust. 3
art. 32 ust. 1
art. 33 ust. 2
art. 34 ust. 4
art. 35 ust. 3
art. 37 ust. 2
art. 39 ust. 3
art. 40 ust. 1
art. 41 ust. 1
art. 42 ust. 2
art. 43 ust. 1
art. 44 ust. 1
art. 45 ust. 1
art. 42 ust. 2
art. 44 ust. 2
art. 42 ust. 2
art. 45 ust. 3
art. 47 ust. 1
art. 45 ust. 1
art. 48 ust. 1
art. 45 ust. 1
art. 45 ust. 1
art. 50 ust. 3
art. 53 ust. 1
art. 55 ust. 1
art. 57 ust. 1
art. 58 ust. 3
art. 60 ust. 1
art. 61 ust. 3
art. 58 ust. 3
art. 63 ust. 2
art. 65 ust. 4
art. 66 ust. 1
art. 68 ust. 4
art. 77 ust. 1
art. 81 ust. 1
art. 83 ust. 1
art. 84 ust. 2
art. 85 ust. 1
art. 86 ust. 1
art. 87 ust. 2
art. 91 ust. 1
art. 91 ust. 1
art. 92 ust. 1
art. 94 ust. 1
art. 95 ust. 2
art. 96 ust. 2
art. 97 ust. 2
art. 98 ust. 2
art. 101 ust. 1
art. 107 ust. 2
art. 108 ust. 3
art. 110 ust. 1
art. 111 ust. 3
art. 112 ust. 3
art. 114 ust. 1
art. 115 ust. 2
art. 116 ust. 1
art. 117 ust. 1
art. 117 ust. 1
art. 118 ust. 1
art. 42 ust. 4
art. 11 ust. 1
art. 45 ust. 1
art. 120 ust. 1
art. 118 ust. 1
art. 118 ust. 1
art. 11 ust. 1
art. 121 ust. 3
art. 123 ust. 2
art. 124 ust. 2
art. 125 ust. 1
art. 126 ust. 1
art. 128 ust. 2
art. 129 ust. 2
art. 131 ust. 4
art. 63 ust. 2
art. 136 ust. 2
art. 136 ust. 1
art. 137 ust. 1
art. 136 ust. 1
art. 136 ust. 1
art. 136 ust. 1
art. 136 ust. 1
art. 136 ust. 1
art. 136 ust. 4
art. 138 ust. 6
art. 91 ust. 1
art. 72 ust. 6
art. 86 ust. 4
art. 112 ust. 1
art. 117 ust. 4
art. 124 ust. 7
art. 11 ust. 2
art. 10 ust. 1
art. 81 ust. 2
art. 121 ust. 3
