
art. 3 ust. 1
art. 4 ust. 1
art. 17 ust. 5
art. 35 ust. 1
art. 5 ust. 2
art. 13 ust. 2
art. 8 ust. 1
art. 6 ust. 2
art. 5 ust. 1
art. 9 ust. 1
art. 13 ust. 3
art. 7 ust. 2
art. 8 ust. 2
 ust. 5
art. 9 ust. 1
art. 4 ust. 1
art. 4 ust. 1
art. 4 ust. 1
art. 7 ust. 6
 ust. 2
art. 43 ust. 1
art. 45 ust. 1
art. 16 ust. 1
art. 5 ust. 2
art. 14 ust. 2
art. 17 ust. 5
art. 22 ust. 7
art. 30 ust. 2
art. 34 ust. 2
art. 35 ust. 1
art. 48 ust. 1
art. 16 ust. 2
art. 19 ust. 2
art. 20 ust. 3
art. 22 ust. 3
art. 5 ust. 1
art. 5 ust. 2
art. 23 ust. 2
art. 24 ust. 2
art. 20 ust. 1
art. 26 ust. 3
 ust. 3
art. 27 ust. 1
art. 39 ust. 4
art. 28 ust. 4
art. 28 
art. 28 ust. 2
art. 33 ust. 2
art. 34 ust. 2
art. 35 ust. 1
art. 39 ust. 4
art. 39 ust. 1
art. 42 ust. 1
art. 22 ust. 3
art. 28 ust. 3
art. 45 ust. 1
art. 49 ust. 1
art. 48 ust. 1
art. 49 ust. 1
art. 49 
art. 55 ust. 2
art. 1 ust. 2
art. 55 ust. 2
