
art. 181 ust. 1
ust. 2

art. 17 ust. 1
art. 40 ust. 1
art. 40 ust. 1
art. 46 ust. 4
art. 51 ust. 2
art. 46 ust. 5
art. 66 ust. 1
art. 108 ust. 1
art. 152 ust. 1
art. 181 ust. 1
art. 267 ust. 1
art. 259 ust. 1
art. 286 ust. 1
art. 426 ust. 1
 ust. 8
art. 19 ust. 2
 ust. 2
art. 36 ust. 1
ust. 3
art. 88 ust. 2
art. 89 ust. 1
art. 90 ust. 1
art. 92 ust. 1
art. 109 ust. 2
art. 118 ust. 1
art. 118 ust. 6
art. 119 ust. 1
art. 123 ust. 2
art. 62 ust. 1
art. 62 
art. 117 ust. 2
 ust. 1
art. 32 ust. 1
ust. 3
art. 40 ust. 1
 ust. 2
 
art. 40 ust. 1
art. 45 ust. 1
art. 40 ust. 1
art. 45 ust. 3
art. 40 ust. 1
art. 40 ust. 1
ust. 7
 ust. 4
 
art. 51 ust. 6
art. 52 ust. 4
art. 46 ust. 4
art. 46 ust. 4
art. 46 ust. 4
art. 46 ust. 4
art. 49 ust. 3
art. 46 ust. 4
art. 49 ust. 3
art. 46 ust. 4
art. 46 ust. 5
art. 51 ust. 1
art. 46 ust. 4
art. 52 ust. 1
art. 46 ust. 5
art. 46 ust. 4
art. 51 ust. 1
art. 46 ust. 4
art. 49 ust. 3
art. 46 ust. 4
art. 46 ust. 4
art. 46 ust. 4
art. 49 ust. 3
art. 46 ust. 4
art. 50 ust. 2
art. 143 ust. 1
art. 143 
 ust. 1
 
art. 46 ust. 4
art. 46 ust. 4
art. 46 ust. 4
art. 46 ust. 4
art. 46 ust. 4
art. 46 ust. 4
art. 51 ust. 1
art. 46 ust. 5
art. 46 ust. 4
art. 40 ust. 1
art. 61 ust. 1
art. 49 ust. 3
art. 61 ust. 1
art. 46 ust. 4
art. 46 ust. 4
art. 46 ust. 4
art. 32 ust. 1
art. 46 ust. 4
art. 40 ust. 1
ust. 1
 ust. 1
art. 51 ust. 1
art. 143 ust. 3
art. 90 ust. 3
art. 91 ust. 1
ust. 1
art. 88 ust. 2
art. 88 ust. 2
art. 89 ust. 1
art. 89 ust. 1
art. 89 ust. 1
art. 92 ust. 2
art. 88 ust. 2
art. 90 ust. 1
art. 91 ust. 1
art. 51 ust. 1
ust. 2
ust. 1
 ust. 1
ust. 1
art. 102 ust. 4
art. 113 ust. 2
art. 113 ust. 2
art. 113 ust. 2
art. 114 ust. 2
art. 179 ust. 1
art. 117 ust. 2
art. 179 ust. 1
 ust. 7
art. 113 ust. 2
art. 117 ust. 2
art. 117 ust. 2
ust. 1
 ust. 1
 ust. 3
 ust. 1
 ust. 1
art. 130 ust. 1
art. 130 ust. 1
art. 51 ust. 1
art. 51 ust. 1
art. 139 ust. 1
ust. 1
ust. 2
art. 147 ust. 1
 ust. 1
art. 147 ust. 1
art. 147 ust. 1
art. 56 ust. 1
art. 147 ust. 6
art. 149 ust. 1
ust. 8
art. 188 ust. 2
art. 166 ust. 1
ust. 1
ust. 3

art. 147 ust. 6
art. 175 ust. 1
art. 175 ust. 2
art. 176 ust. 3
art. 175 ust. 1
art. 56 ust. 1
art. 95 ust. 1
art. 107 ust. 1
art. 147 ust. 6
art. 150 ust. 2
art. 177 ust. 1
art. 176 ust. 3
art. 118 ust. 3
art. 181 ust. 1
art. 189 ust. 1
ust. 1

art. 141 ust. 2
art. 143 ust. 1
art. 17 ust. 1
art. 119 ust. 1
art. 194 ust. 1
art. 195 ust. 1
art. 181 ust. 1
art. 181 ust. 1
ust. 1

art. 189 ust. 3
art. 189 ust. 3
art. 190 ust. 1
art. 229 ust. 4
art. 181 ust. 1
art. 190 ust. 1
art. 227 ust. 1
art. 362 ust. 1
ust. 2
art. 181 ust. 1
art. 201 ust. 1
art. 207 ust. 2
art. 201 ust. 2
art. 145 ust. 2
art. 145 ust. 3
art. 145 ust. 3
art. 206 ust. 2
art. 206 ust. 2
art. 181 ust. 1
art. 207 ust. 2
art. 206 ust. 2
art. 213 ust. 1
art. 181 ust. 1
art. 213 ust. 1
art. 206 ust. 2
art. 213 ust. 1
art. 213 ust. 1
art. 213 ust. 1
art. 206 ust. 1
art. 212 ust. 1
 ust. 1
art. 188 ust. 1
ust. 2
art. 51 ust. 1
art. 184 ust. 2
art. 184 ust. 2
art. 184 ust. 2
 ust. 2
 ust. 2
art. 188 ust. 2
ust. 1

art. 225 ust. 1
ust. 2
art. 231 ust. 2
art. 184 ust. 2
art. 184 ust. 2
art. 188 ust. 2
art. 188 ust. 2
art. 184 ust. 2
art. 184 ust. 2
art. 184 ust. 2
art. 188 ust. 2
art. 51 ust. 1
art. 51 ust. 1
ust. 1
 ust. 1
art. 252 ust. 3
art. 259 ust. 1
art. 259 ust. 2
ust. 1

art. 295 ust. 1
art. 284 ust. 2
art. 181 ust. 1
art. 276 ust. 1
art. 287 ust. 3
art. 287 
art. 273 ust. 1
art. 273 ust. 1
 ust. 2
 ust. 1
art. 291 ust. 1
art. 3 ust. 1
 ust. 2
art. 290 ust. 1
art. 290 ust. 2
art. 293 ust. 1
art. 181 ust. 1
art. 181 ust. 1
art. 181 ust. 1
art. 181 ust. 1
art. 305 ust. 1
art. 305 ust. 3
art. 305 
art. 299 ust.1
art. 299 ust. 1
art. 301 ust. 2
art. 301 ust. 2
art. 302 ust. 1
art. 310 ust. 2
art. 311 ust. 2
ust. 1
art. 312 ust. 2
art. 312 
art. 312 ust. 2
art. 310 ust.1
art. 311 ust. 1
art. 310 ust. 2
art. 311 ust. 2
art. 290 ust. 4
art. 298 ust. 1
 ust. 1
 
art. 298 ust. 1
art. 276 ust. 1
art. 317 ust. 1
art. 76 ust. 4
art. 92 ust. 1
art. 102 ust. 1
art. 106 ust. 1
art. 108 ust. 2
art. 116 ust. 1
art. 145 ust. 1
art. 169 ust. 1
art. 146 ust. 2
art. 146 ust. 4
art. 147 ust. 1
art. 147 ust. 2
art. 147 ust. 4
art. 150 ust. 1
art. 149 ust. 1
art. 152 ust. 4
art. 156 ust. 1
art. 157 ust. 1
art. 160 ust. 1
art. 162 ust. 3
art. 162 ust. 2
art. 170 ust. 1
art. 170 ust. 2
art. 169 ust. 1
art. 175 ust. 1
art. 175 ust. 2
art. 175 ust. 3
art. 178 ust. 1
art. 177 ust. 1
art. 245 ust. 1
art. 247 ust. 1
art. 256 ust. 1
art. 261 ust. 1
art. 259 ust. 1
art. 287 ust. 1
ust. 1
art. 51 ust. 1
art. 364 ust. 2
art. 365 ust. 2
art. 367 ust. 2
art. 364 ust. 1
art. 367 ust. 2
art. 367 ust. 1
ust. 1

art. 248 ust. 1
ust. 2

art. 48 ust. 2
art. 51 ust. 2
art. 106 ust. 1
art. 154 ust. 1
art. 178 ust. 1
art. 237 ust. 1
art. 51 ust. 1
art. 150 ust. 1
art. 154 ust. 1
art. 152 ust. 1
art. 396 ust. 1
art. 362 ust. 3
art. 401 ust 1
art. 401 ust. 1
art. 401 ust. 1
art. 409 ust. 1
art. 409 
art. 409 ust. 1
 ust. 1
 ust. 1
 
 ust. 7
 
art. 414 ust. 1
 ust. 1
art. 51 ust. 1
art. 238 ust. 7
art. 238 
art. 208 ust. 2
art. 424 ust. 2
art. 427 ust. 2
art. 210 ust. 1
art. 17 ust. 1
art. 119 ust. 1
ust. 1

art. 424 ust. 2
art. 427 ust. 2
art. 428 ust. 1
art. 362 ust. 1
art. 365 ust. 1
art. 367 ust. 1
art. 435 ust. 5
