
art. 5 ust. 1
ust. 1

ust. 1

art. 11 ust. 2
art. 10 ust. 3
art. 7 ust. 1
art. 10 ust. 1
 ust. 1
art. 13 ust. 2
art. 13 ust. 2
art. 14 ust. 2
art. 14 
art. 11 ust. 2
art. 15 ust. 1
art. 13 ust. 2
 ust. 1
 
art. 18 ust. 1
art. 18 ust. 1
ust. 1

art. 15 ust. 4
art. 3 ust. 3
art. 108 ust. 1
art. 108 
art. 18 ust. 1
art. 18 ust. 1
art. 29 ust. 1
art. 12 ust. 3
art. 27 ust. 1
art. 42 ust. 5
art. 8 ust. 2
art. 10 ust. 1
art. 4 ust. 1
art. 4 
 ust. 1
art. 113 ust. 6
art. 511 ust. 1
art. 35 ust. 1
ust. 1

art. 93 ust. 3
art. 40 ust. 1
art. 3 ust. 3
art. 42 ust. 2
art. 12 ust. 1
 ust. 1
art. 25 ust. 1
art. 6 ust. 3
art. 39 ust. 3
art. 43 ust. 5
ust. 1

art. 27 ust. 1
