
art. 34 ust. 3
art. 40 ust. 2
art. 41 ust. 1
art. 42 ust. 1
art. 44 ust. 1
art. 45 ust. 1
art. 46 ust. 3
art. 47 ust. 2
art. 49 ust. 1
art. 40 ust. 2
art. 42 ust. 1
art. 48 ust. 3
art. 41 ust. 1
art. 44 ust. 1
art. 45 ust. 1
art. 46 ust. 3
art. 47 ust. 1
art. 42 ust. 2
art. 43 ust. 2
art. 48 ust. 2
art. 43 ust. 1
art. 43 ust. 3
art. 46 ust. 5
art. 48 ust. 2
art. 46 ust. 5
art. 48 ust. 2
art. 14 ust. 2
art. 35 ust. 1
art. 36 ust. 1
art. 35 ust. 1
art. 36 ust. 1
art. 35 ust. 2
art. 165 ust. 1
art. 174 ust. 1
art. 175 ust. 1
art. 165 ust. 1
art. 174 ust. 1
art. 176 ust. 2
art. 175 ust. 1
art. 177 ust. 1
