
ust. 2

art. 8 ust. 3
art. 4 ust. 1
art. 14 ust. 2
art. 49 ust. 1
art. 14 ust. 2
art. 14 ust. 1
art. 15 ust. 1
art. 14 ust. 2
 ust. 5
 ust. 5
art. 14 ust. 2
art.17 ust. 5
 ust. 2
art. 15 ust. 1
art. 32 ust. 15
art. 2 ust. 6
art. 22 ust. 1
ust. 1

art. 22 ust. 1
art. 28 ust. 1
art. 15 ust. 3
 ust. 2
art. 22 ust. 1
art. 28 ust. 1
 ust. 3
art. 23 ust. 3
art. 23 ust. 1
art. 24 ust. 1
art. 22 ust. 1
art. 23 ust. 1
art. 24 ust. 1
art. 23 ust. 2
art. 24 ust. 4
art. 23 ust. 2
art. 24 ust. 4
art. 22 ust. 1
art. 24 ust. 1
art. 24 ust. 1
art. 39 ust. 3
art. 81 ust. 1
art. 19 ust. 1
art. 20 ust. 5
 ust. 1
art. 56 ust. 1
 ust. 1
 ust. 1
art. 19 ust. 15
art. 19 
art. 19 ust. 5
 ust. 2
 
art. 32 ust. 5
ust. 1

art. 34 ust. 1
art. 34 ust. 1
art. 34 ust. 1
ust. 2
art. 81 ust. 1
ust. 1
art. 231 ust. 1
art. 44 ust. 2
art. 42 ust. 1
 ust. 1
art. 42 ust. 1
art. 42 ust. 1
art. 1 ust. 1
art. 1 ust. 1
art. 50 ust. 1
art. 50 ust. 1
art. 8 ust. 3
art. 8 ust. 1
art. 8 ust. 1
art. 50 ust. 2
art. 51 ust. 1
art. 51 ust. 1
art. 19 ust. 1
art. 51 ust. 1
art. 52 ust. 1
art. 48 ust. 1
art. 48 ust. 1
art. 48 ust. 1
art. 37 ust. 9
art. 59 ust. 2
art. 59 ust. 2
art. 59 ust. 2
art. 1 ust. 1
art. 10 ust. 1
art. 50 ust. 2
art. 1 ust. 1
art. 50 ust. 2
art. 4 ust. 1
art. 17 ust. 2
art. 8 ust. 1
art. 8 ust. 4
art. 32 ust. 9
art. 1 ust. 2
art. 8 ust. 2
art. 45 ust. 2
art. 69 ust. 1
art. 70 ust. 1
art. 3 ust. 3
art. 5 ust. 1
art. 9 ust. 3
art.10 ust. 8
art. 13 ust. 1
art. 14 ust. 4
art. 17 ust. 4
art. 21 ust. 1
art. 5 ust. 1
art. 22 ust. 3
 ust. 1
art. 96 ust. 3
art. 96 
art. 30 ust. 1
art. 32 ust. 1
art. 7 ust. 1
art. 30 ust. 1
art. 7 ust. 4
art. 30 ust. 4
art. 31 ust. 1
art. 31 ust. 1
art. 20 ust. 1
art. 32 ust. 1
art. 19 ust. 2
art. 33 ust. 2
art. 48 ust. 6
art. 27 ust. 1
art. 42 ust. 1
art. 2 ust. 3
art. 22 ust. 3
art. 69 ust. 1
art. 69 
art. 22 ust. 6
art. 69 ust. 2
art. 42 ust. 1
 ust. 2
ust. 2

art. 46 ust. 1
art. 46 
art. 8 ust. 3
