
art. 2 ust. 2
art. 5 ust. 1
art. 39 ust. 2
art. 6 ust. 1
art. 5 ust. 1
art. 5 ust. 1
art. 5 ust. 1
art. 7 ust. 1
 ust. 1
 ust. 8
art. 8 ust. 1
art. 9 ust. 2
 ust. 1
 
art. 14 ust. 14
art. 11 ust. 1
art. 11 
art. 10 ust. 1
art. 10 
art. 14 ust. 14
art. 14 ust. 14
art. 10 ust. 1
art. 22 ust. 11
art. 18 ust. 2
art. 15 ust. 1
art. 11 ust. 1
art. 17 ust. 1
art. 5 ust. 3
art. 31 ust. 4
art. 18 ust. 2
art. 19 ust. 1
art. 20 ust. 1
art. 3 ust. 1
art. 3 ust. 2
art. 3 ust. 2
art. 23 ust. 1
art. 25 ust. 1
art. 25 ust. 1
art. 26 ust. 1
art. 29 ust. 3
art. 30 ust. 1
art. 31 ust. 1
art. 31 ust. 1
art. 31 ust. 1
art. 31 ust. 3
art. 31 ust. 1
art. 27 ust. 2
art. 31 ust. 1
art. 29 ust. 3
art. 34 ust. 4
art. 35 ust. 1
art. 36 ust. 1
art. 37 ust. 3
art. 39 ust. 1
art. 39 
art. 39 ust. 1
art. 39 ust. 5
art. 39 ust. 6
art. 39 ust. 1
art. 41 ust. 1
art. 43 ust. 1
art. 44 ust. 1
art. 44 ust. 1
art. 45 ust. 1
art. 44 ust. 3
art. 44 ust. 1
art. 48 ust. 1
art. 48 ust. 1
art. 49 ust. 5
art. 11 ust. 2
art. 5 ust. 1
art. 49 ust. 1
art. 49 
art. 50 ust. 1
art. 51 ust. 2
art. 7 ust. 14
art. 7 ust. 4
art. 29 ust. 3
art. 29 ust. 4
art. 2 ust. 1
art. 5 ust. 2
art. 12 ust. 2
 ust. 11
art. 20 ust. 3
art. 22 ust. 1
 ust. 2
 ust. 2
art. 23 ust. 2
art. 24 ust. 1
art. 26 ust. 1
art. 29 ust. 1
art. 36 ust. 2
art. 6 ust. 2
art. 6 
art. 14 ust. 1
art. 20 ust. 1
art. 24 ust. 2
art. 26 ust. 2
art. 36 ust. 2
art. 29 ust. 1
art. 33 ust. 2
art. 23 ust. 2
art. 40 ust. 3
art. 41 ust. 1
ust. 2
art. 14 ust. 14
art. 29 ust. 1
art. 35 ust. 1
art. 39 ust. 1
art. 51 ust. 2
art. 14 ust. 3
art. 20 ust. 3
art. 31 ust. 3
art. 5 ust. 1
art. 6 ust. 1
art. 25 ust. 3
art. 29 ust. 4
art. 51 ust. 2
art. 5 ust. 1
art. 11 ust. 7
art. 12 ust. 1
art. 14 ust. 4
art. 15 ust. 1
art. 29 ust. 3
art. 24 ust. 3
art. 11 ust. 1
