
art. 4 ust. 1
art. 3 ust. 1
 ust. 4
art. 37 ust. 8
 ust. 2
art. 7 ust. 2
art. 10 ust. 2
art. 10 ust. 2
art. 11 ust. 2
art. 10 ust. 2
 ust. 1
art. 10 ust. 1
art. 3 ust. 2
art. 7 ust. 3
 ust. 1
art. 10 ust. 2
art. 10 ust. 2
art. 19 ust. 1
 ust. 1
art. 10 ust. 1
art. 8 ust. 1
art. 23 ust. 2
art. 7 ust. 3
art. 24 ust. 4
art. 7 ust. 4
art. 19 ust. 1
ust. 1
ust. 1

art. 10 ust. 1
art. 114 ust. 4
 ust. 1
 ust. 1
art. 38 ust. 1
art. 39 ust. 1
art. 42 ust. 1
art. 42 ust. 1
art. 38 ust. 1
art. 10 ust. 2
art. 48 ust. 1
ust. 1
art. 2 ust. 1
art. 87 ust. 1
art. 87 ust. 1
art. 87 ust. 4
art. 57 ust. 2
 ust. 4
art. 62 ust. 2
ust. 4

art. 48 ust. 2
art. 122 ust. 1
ust. 2
art. 70 ust. 1
art. 71 ust. 1
art. 71 ust. 1
art. 99 ust. 2
art. 100 ust. 1
ust. 3
ust. 8
ust. 3

art. 76 ust. 1
art. 78 ust. 1
art. 77 ust. 1
art. 32 ust. 1
art. 76 ust. 1
art. 77 ust. 1
art. 72 ust. 5
art. 86 ust. 8
art. 86 ust. 1
art. 86 ust. 2
art. 95 ust. 4
art. 90 ust. 5
art. 90 
art. 86 ust. 3
art. 88 ust. 2
art. 87 ust. 1
art. 88 ust. 2
art. 88 ust. 2
art. 88 ust. 2
art. 99 ust. 4
art. 100 ust. 2
art. 32 ust. 1
art. 88 ust. 1
art. 88 ust. 2
 ust. 3
ust. 2
art. 71 ust. 1
art. 108 ust. 4
art. 65 ust. 8
art. 22 ust. 2
art. 22 ust. 2
art. 119 ust. 3
art. 120 ust. 1
art. 121 ust. 1
art. 123 ust. 1
art. 46 ust. 1
art. 46 ust. 3
art. 72 ust. 5
 ust. 1
