
art. 2 ust. 1
art. 4 ust. 1
art. 6 ust. 1
art. 6 ust. 1
art. 6 ust. 1
art. 6 ust. 1
art. 8 ust. 2
art. 10 ust. 1
art. 18 ust. 1
art. 50 ust. 3
art. 63 ust. 1
art. 69 ust. 4
art. 72 ust. 2
art. 83 ust. 1
art. 84 ust. 1
art. 10 ust. 1
art. 6 ust. 1
art. 6 ust. 1
art. 6 ust. 1
art. 6 ust. 1
art. 11 ust. 2
art. 13 ust. 1
art. 4 ust. 1
art. 4 ust. 1
art. 4 ust. 1
art. 19 ust. 1
art. 20 ust. 3
art. 21 ust. 1
art. 6 ust. 1
art. 6 ust. 1
art. 6 ust. 1
art. 6 ust. 1
art. 6 ust. 1
art. 24 ust. 3
art. 25 ust. 2
art. 4 ust. 1
art. 27 ust. 1
art. 31 ust. 1
art. 27 ust. 1
art. 28 ust. 3
art. 34 ust. 1
art. 37 ust. 3
art. 4 ust. 1
art. 38 ust. 2
art. 4 ust. 1
art. 2 ust. 1
art. 4 ust. 1
art. 40 ust. 2
art. 2 ust. 1
art. 43 ust. 1
art. 2 ust. 1
art. 31 ust. 2
art. 44 ust. 3
art. 27 ust. 1
art. 48 ust. 3
art. 49 ust. 2
art. 50 ust. 3
art. 51 ust. 1
art. 49 ust. 1
art. 52 ust. 1
art. 53 ust. 2
art. 55 ust. 1
art. 60 ust. 1
art. 62 ust. 1
art. 65 ust. 1
art. 69 ust. 1
art. 75 ust. 1
art. 75 ust. 1
art. 75 ust. 1
art. 82 ust. 1
art. 83 ust. 3
art. 11 ust. 1
 ust. 1
art. 84 ust. 4
art. 86 ust. 2
art. 6 ust. 1
art. 6 ust. 1
art. 6 ust. 1
art. 6 ust. 2
art. 6 ust. 1
art. 24 ust. 3
art. 19 ust. 1
art. 8 ust. 1
art. 1 ust. 1
art. 1 
art. 83 ust. 3
art. 27 ust. 1
