
art. 3 ust. 2
art. 31 ust. 3
art. 37 ust. 3
art. 28 ust. 2
art. 3 ust. 3
art. 4 ust. 1
art. 13 ust. 2
art. 13 
art. 9 ust. 2
art. 9 ust. 1
 ust. 1
art. 9 ust. 1
art. 9 ust. 1
 ust. 3
 
 ust. 4
 
art. 9 ust. 1
 ust. 6
 
art. 9 ust. 1
art. 9 ust. 1
art. 4 ust. 1
art. 9 ust. 1
art. 9 ust. 1
art. 9 ust. 5
art. 9 ust. 1
art. 9 ust. 1
art. 11 ust. 3
art. 11 ust. 2
 ust. 3
 
art. 12 ust. 1
art. 13 ust. 2
art. 13 ust. 1
art. 14 ust. 1
art. 15 ust. 1
art. 16 ust. 3
art. 18 ust. 4
art. 18 ust. 3
art. 18 ust. 2
art. 11 ust. 2
art. 33 ust. 2
art. 40 ust. 1
art. 41 ust. 1
art. 40 ust. 1
art. 43 ust. 1
art. 14 ust. 1
art. 45 ust. 1
art. 13 ust. 5
art. 45 ust. 1
art. 46 ust. 1
art. 47 ust. 2
art. 16 ust. 1
art. 13 ust. 1
art. 17 ust. 6
art. 16 ust. 1
art. 16 ust. 1
art. 13 ust. 5
art. 13 ust. 1
art. 13 ust. 4
