
art. 5 ust. 2
art. 12 ust. 1
art. 12 ust. 1
art. 12 
art. 14 ust. 2
art. 7 ust. 2
art. 15 
art. 16 ust. 1
art. 15 
art. 5 ust. 2
art. 5 ust. 6
art. 15 ust. 1
art. 15 ust. 1
art. 18 ust. 1
art. 20 ust. 1
art. 20 ust. 2
art. 16 ust. 2
art. 18 ust. 1
art. 25 ust. 1
art. 22 ust. 3
art. 15 ust. 1
art. 20 ust. 3
art. 15 ust. 1
ust. 2

art. 16 ust. 2
 ust. 2
art. 28 ust. 1
art. 29 ust. 1
art. 31 ust. 1
art. 32 ust. 1
art. 33 ust. 2
art. 35 ust. 1
art. 39 ust. 1
art. 41 ust. 1
art. 42 ust. 1
art. 43 ust. 1
art. 45 ust. 1
art. 46 ust. 2
art. 47 ust. 3
 ust. 1
 
art. 16 ust. 2
art. 51 ust. 3
art. 52 ust. 1
art. 2 ust. 3
art. 53 ust. 3
art. 20 ust. 2
art. 53 ust. 2
art. 16 ust. 2
art. 57 ust. 1
art. 57 
art. 64 ust. 1
art. 65 ust. 1
art. 64 ust. 5
art. 16 ust. 2
art. 64 ust. 2
art. 68 ust. 2
art. 31 ust. 3
art. 70 ust. 4
art. 31 ust. 3
art. 72 ust. 2
art. 72 
art. 73 ust. 1
art. 74 ust. 1
art. 75 ust. 2
 ust. 4
art. 78 
art. 78 ust. 1
art. 80 ust. 1
art. 109 ust. 1
art. 81 ust. 1
art. 84 ust. 2
art. 84 
art. 86 ust. 9
art. 86 
art. 85 ust. 1
art. 85 ust. 1
art. 85 
art. 5 ust. 2
art. 85 ust. 2
art. 85 ust. 1
art. 85 ust. 3
art. 87 ust. 1
art. 97 ust. 2
art. 102 ust. 1
art. 2 ust. 2
art. 103 ust. 2
art. 45 ust. 1
art. 5 ust. 2
art. 5 ust. 6
art. 5 ust. 2
art. 5 ust. 2
art. 5 ust. 2
art. 5 ust. 6
art. 45 
art. 103 ust. 3
art. 103 
art. 31 ust. 1
art. 105 ust. 1
art. 108 ust. 1
art. 109 ust. 1
art. 78 ust. 1
art. 78 ust. 1
art. 78 ust. 3
art. 111 ust. 2
art. 111 
art. 113 ust. 1
art. 68 ust. 1
art. 70 ust. 1
art. 114 ust. 2
art. 118 ust. 1
art. 122 ust. 4
art. 75 ust. 1
art. 23 ust. 1
art. 26 ust. 1
art. 16 ust. 1
art. 18 ust. 1
ust. 2

art. 102 ust. 2
ust. 1

art. 1 ust. 2
art. 1 
art. 16 ust. 5
art. 1 ust. 2
