
art. 7 ust. 1
art. 21 ust. 1
art. 11 ust. 1
art. 12 ust. 1
art. 12 ust. 4
art. 13 ust. 1
art. 13 ust. 1
art. 13 ust. 1
art. 23 ust. 5
art. 13 ust. 1
art. 13 ust. 1
art. 23 ust. 3
art. 14 ust. 4
 ust. 7
 
art. 23 ust. 7
 ust. 8
art. 16 ust. 2
art. 52 ust. 4
art. 17 ust. 2
art. 17 ust. 2
art. 18 ust. 2
art. 21 ust. 2
art. 52 ust. 3
art. 23 ust. 1
art. 23 ust. 1
art. 23 ust. 1
art. 23 ust. 1
art. 23 ust. 3
art. 26 ust. 1
art. 52 ust. 5
art. 13 ust. 2
art. 26 ust. 1
art. 27 ust. 1
art. 27 ust. 1
art. 27 ust. 5
art. 27 
art. 27 ust. 1
art. 27 ust. 1
art. 27 ust. 2
art. 27 ust. 2
art. 27 ust. 1
art. 27 ust. 2
art. 27 ust. 1
art. 27 ust. 2
art. 27 ust. 1
 ust. 1
art. 27 ust. 1
art. 30 ust. 1
art. 26 ust. 1
art. 33 ust. 1
art. 34 ust. 1
art. 13 ust. 1
art. 36 ust. 1
art. 36 ust. 1
 ust. 2
art. 37 ust. 1
art. 23 ust. 1
art. 26 ust. 1
art. 39 ust. 1
art. 23 ust. 5
art. 41 ust. 3
art. 42 ust. 1
art. 46 ust. 2
art. 49 ust. 6
art. 50 ust. 1
art. 52 ust. 4
art. 52 ust. 5
art. 58 ust. 1
art. 37 ust. 1
 ust. 3
art. 33 ust. 1
art. 36 ust. 2
art. 2 ust. 2
art. 13 ust. 5
art. 1 ust. 1
art. 1 
art. 27 ust. 5
