
art. 24 ust. 1
 ust. 1
ust. 1
art. 7 ust. 3
 ust. 1
 ust. 1
art. 3 ust. 1
ust. 2
ust. 1
art. 15 ust. 2
art. 3 ust. 1
art. 44 ust. 5
art. 12 ust. 7
art. 13 ust. 7
art. 13 ust. 2
art. 11 ust. 1
art. 3 ust. 1
ust. 2

art. 17 ust. 3
art. 17 ust. 2
art. 17 ust. 2
art. 17 ust. 3
art. 17 ust. 3
art. 17 ust. 3
 ust. 2
 ust. 1
 ust. 1
 ust. 1
 ust. 1
art. 40 ust. 5
ust. 1

 ust. 1
 ust. 4
 ust. 1
 ust. 1
ust. 2
art. 37 ust. 2
art. 35 ust. 1
ust. 2

 ust. 5
ust. 2
 ust. 1
 ust. 1
 ust. 1
art. 47 ust. 4
 ust. 1
 ust. 1
art. 41 ust. 6
art. 43 ust. 1
ust. 1
art. 46 ust. 1
ust. 1
art. 17 ust. 3
art. 10 ust. 2
art. 35 ust. 1
art. 39 ust. 3
art. 13 ust. 7
art. 22 ust. 2
art. 27 ust. 2
art. 39 ust. 4
art. 2 ust. 2
art. 5 ust. 2
art. 37 ust. 9
art. 20 ust. 1
art. 25 ust. 1
art. 36 ust. 13
art. 5 ust. 1
art. 6 ust. 1
art. 7 ust. 1
art. 27 ust. 1
art. 33 ust. 1
art. 59 ust. 1
art. 41 ust. 5
art. 10 ust. 2
art. 28 ust. 2
art. 36 ust. 6
