
art. 3 ust. 2
art. 7 ust. 6
art. 10 ust. 2
art. 15 ust. 2
art. 18 ust. 2
art. 30 ust. 5
art. 48 ust. 2
art. 65 ust. 6
art. 99 ust. 4
art. 5 ust. 3
art. 1 ust. 2
art. 28 ust. 3
art. 1 ust. 2
art. 4 ust. 1
art. 7 ust. 2
art. 9 ust. 4
art. 65 ust. 1
art. 8 ust. 1
art. 45 ust. 1
art. 45 
art. 37 ust. 8
art. 47 ust. 3
art. 22 ust. 1
art. 33 ust. 1
art. 30 ust. 1
art. 29 ust. 5
art. 29 ust. 5
art. 26 ust. 2
art. 1 ust. 1
art. 99 ust. 3
art. 1 ust. 1
art. 88 ust. 2
art. 98 ust. 5
art. 98 ust. 1
art. 71 ust. 1
art. 71 ust. 3
art. 5 ust. 2
art. 14 ust. 8
art. 19 ust. 1
art. 114 ust. 3
art. 5 ust. 3
art. 1 ust. 2
art. 1 ust. 2
art. 1 ust. 1
