
art. 35 ust. 2
art. 35 ust. 1
art. 35 ust. 2
art. 35 ust. 1
art. 35 ust. 2
art. 83 ust. 2
art. 35 ust. 2
art. 35 ust. 1
art. 35 ust. 2
art. 35 ust. 1
art. 35 ust. 1
art. 35 ust. 4
art. 35 ust. 1
art. 35 ust. 4
art. 35 ust. 1
art. 35 ust. 1
art. 35 ust. 1
art. 35 ust. 1
art. 35 ust. 2
art. 91 ust. 3
art. 35 ust. 2
art. 127 ust. 2
art. 35 ust. 2
art. 39 ust. 3
art. 8 ust. 2
art. 41 ust. 1
art. 59 ust. 5
art. 64 ust. 2
art. 72 ust. 2
art. 41 ust. 1
art. 73 ust. 2
art. 74 ust. 1
art. 75 ust. 1
art. 74 ust. 1
art. 90 ust. 5
art. 106 ust. 2
art. 108 ust. 4
art. 114 ust. 2
art. 117 ust. 1
art. 35 ust. 2
