
art. 41 ust. 1
art. 6 ust. 9
art. 4 ust. 3
art. 64 ust. 1
art. 69 ust. 1
art. 49 ust. 1
art. 70 ust. 1
art. 76 ust. 2
art. 1 ust. 3
art. 44 ust. 1
art. 47 ust. 3
art. 83 ust. 2
 ust. 1
art. 42 ust. 5
art. 24 ust. 4
art. 41 ust. 8
 ust. 1
art. 47 ust. 3
art. 12 ust. 3
art. 15 ust. 2
art. 17 ust. 3
art. 20 ust. 1
art. 20 ust. 2
art. 21 ust. 1
art. 24 ust. 3
art. 22 
art. 26 ust. 2
art. 27 ust. 2
art. 22 ust. 5
art. 21 ust. 7
art. 23 ust. 7
art. 13 ust. 3
art. 95 ust. 1
art. 96 ust. 1
art. 97 ust. 1
art. 13 ust. 1
art. 99 ust. 1
art. 96 ust. 2
art. 95 ust. 1
art. 101 ust. 1
art. 104 ust. 1
art. 2 ust. 1
art. 76 ust. 1
art. 76 ust. 1
art. 3 ust. 2
art. 10 ust. 1
art. 9 ust. 2
art. 13 ust. 1
art. 16 ust. 3
 ust. 4
art. 78 ust. 1
art. 26 ust. 2
art. 21 ust. 1
art. 21 ust. 1
art. 27 ust. 1
art. 76 ust. 1
art. 76 ust. 1
art. 3 ust. 2
art. 4 ust. 1
art. 3 ust. 2
art. 16 ust. 3
art. 40 ust. 7
art. 47 ust. 1
art. 88 ust. 1
 ust. 6
art. 7 ust. 4
art. 4 ust. 2
art. 11 ust. 1
art. 41 ust. 8
art. 41 ust. 1
art. 24 ust. 4
art. 11 ust. 1
art. 11 
art. 41 ust. 11
art. 24 ust. 6
art. 16 ust. 3
