
art. 1 ust. 3
art. 6 ust. 2
art. 6 ust. 6
art. 6 ust. 3
art. 7 ust. 1
art. 10 ust. 5
art. 13 ust. 4
art. 33 ust. 2
art. 33 ust. 2
art. 15 ust. 1
art. 16 ust. 1
art. 20 ust. 1
art. 20 
 ust. 1
art. 181 ust. 1
art. 181 
art. 321 ust. 1
art. 20 ust. 3
art. 19 ust. 1
art. 393 ust. 1
art. 19 ust. 1
art. 393 ust. 1
art. 27 ust. 1
art. 19 ust. 1
art. 19 ust. 11
art. 19 ust. 11
 ust. 2
art. 20 ust. 3
art. 22 
art. 20 ust. 2
art. 20 ust. 1
art. 28 ust. 1
art. 32 ust. 1
art. 28 ust. 1
art. 32 ust. 1
art. 32 ust. 1
art. 33 ust. 2
art. 33 
art. 112 ust. 3
art. 13 ust. 4
art. 13 ust. 4
art. 13 ust. 4
art. 41 ust. 1
art. 28 ust. 4
art. 48 ust. 1
art. 32 ust. 1
art. 32 ust. 1
art. 25 ust. 1
art. 25 ust. 1
art. 25 ust. 1
art. 25 ust. 1
art. 56 ust. 2
art. 34 ust. 3
art. 82 ust. 2
art. 88 ust. 3
art. 95 ust. 1
art. 90 ust. 1
art. 94 ust. 1
art. 90 ust. 1
art. 90 ust. 1
art. 97 ust. 5
art. 91 ust. 2
art. 104 ust. 2
art. 105 ust. 5
art. 108 ust. 1
art. 13 ust. 4
art. 114 ust. 2
art. 33 ust. 3
art. 41 ust. 1
art. 41 ust. 1
art. 33 ust. 3
art. 116 ust. 1
art. 114 ust. 1
art. 114 ust. 1
art. 127 ust. 1
art. 127 
art. 112 ust. 3
art. 104 ust. 3
art. 104 ust. 6
art. 105 ust. 3
art. 131 ust. 1
art. 139 ust. 1
art. 19 ust. 1
art. 19 ust. 1
art. 1 ust. 2
art. 145 ust. 1
art. 145 ust. 1
art. 145 ust. 1
art. 145 ust. 2
art. 145 ust. 1
art. 145 ust. 1
art. 145 ust. 2
art. 9 ust. 2
art. 20 ust. 4
art. 9 ust. 2
art. 104 ust. 1
art. 20 ust. 4
art. 20 ust. 13
art. 105 ust. 1
art. 104 ust. 1
art. 38 ust. 3
art. 38 
art. 32 ust. 1
art. 1 ust. 8
art. 1 
