
art. 2 ust. 2
art. 4 ust. 1
art. 5 ust. 1
art. 8 ust. 3
art. 10 ust. 1
art. 12 ust. 1
art. 15 ust. 3
art. 18 ust. 1
art. 20 ust. 2
art. 25 ust. 2
art. 18 ust. 1
art. 31 ust. 2
art. 26 ust. 2
art. 18 ust. 1
art. 31 ust. 2
art. 27 ust. 2
art. 28 ust. 2
art. 18 ust. 1
art. 18 ust. 1
art. 29 ust. 1
art. 29 ust. 2
art. 29 ust. 1
art. 22 ust. 1
art. 10 ust. 3
art. 15 ust. 3
art. 30 ust. 1
art. 29 ust. 1
art. 38 ust. 1
art. 39 ust. 4
art. 42 ust. 2
art. 38 ust. 1
art. 46 ust. 1
art. 47 ust. 1
art. 49 ust. 1
art. 38 ust. 1
art. 50 ust. 1
art. 49 ust. 1
art. 49 ust. 1
art. 49 ust. 1
art. 51 ust. 2
art. 74 ust. 2
art. 22 ust. 2
art. 54 ust. 1
art. 18 ust. 1
art. 18 ust. 1
art. 19 ust. 1
art. 37 ust. 1
art. 18 ust. 1
art. 54 ust. 3
art. 49 ust. 1
art. 50 ust. 1
art. 51 ust. 1
art. 55 ust. 1
art. 54 ust. 3
art. 54 ust. 3
art. 51 ust. 1
art. 54 ust. 3
art. 50 ust. 1
art. 51 ust. 1
art. 56 ust. 1
art. 57 ust. 2
art. 76 ust. 1
art. 59 ust. 2
art. 22 ust. 1
art. 22 ust. 1
art. 59 ust. 1
art. 61 ust. 1
art. 63 ust. 1
art. 68 ust. 1
art. 68 ust. 1
art. 68 
art. 69 ust. 2
art. 53 ust. 1
art. 68 ust. 2
art. 54 ust. 2
art. 53 ust. 1
art. 70 ust. 2
art. 57 ust. 2
art. 54 ust. 2
art. 72 ust. 1
art. 72 ust. 1
art. 72 ust. 2
art. 18 ust. 1
art. 57 ust. 3
art. 76 ust. 1
art. 76 ust. 2
art. 59 ust. 2
art. 77 ust. 1
art. 22 ust. 1
art. 59 ust. 4
art. 59 ust. 2
art. 57 ust. 3
art. 57 ust. 3
art. 82 ust. 1
art. 82 
art. 83 ust. 2
art. 88 ust. 1
art. 22 ust. 1
art. 89 ust. 1
art. 88 ust. 3
art. 94 ust. 2
art. 37 ust. 1
art. 99 ust. 3
art. 100 ust. 2
art. 101 ust. 1
art. 104 ust. 1
art. 35 ust. 2
art. 106 ust. 1
art. 108 ust. 2
art. 111 ust. 1
art. 109 ust. 2
art. 34 ust. 1
art. 78 ust. 1
art. 80 ust. 1
art. 81 ust. 2
art. 75 ust. 1
art. 102 ust. 1
art. 103 ust. 1
art. 40 ust. 1
art. 42 ust. 1
