
art. 3 ust. 1
art. 22 ust. 1
ust. 1

art. 3 ust. 1
art. 8 ust. 1
art. 36 ust. 1
art. 3 ust. 1
 ust. 1
ust. 2

 ust. 4
 ust. 6
art. 47 ust. 6
art. 22 ust. 1
art. 15 ust. 1
art. 15 ust. 1
art. 2 ust. 1
art. 16 ust. 4
art. 22 ust. 1
art. 18 ust. 1
art. 22 ust. 1
art. 33 ust. 1
art. 4 ust. 5
art. 22 ust. 1
art. 4 ust. 5
art. 4 ust. 5
art. 23 ust. 2
art. 28 ust. 1
art. 28 ust. 1
art. 28 ust. 1
art. 28 ust. 1
art. 30 ust. 1
ust. 1
 ust. 1
art. 33 ust. 1
art. 33 ust. 1
art. 33 ust. 1
art. 33 ust. 1
art. 33 ust. 1
art. 33 ust. 1
art. 33 ust. 1
art. 13 ust. 1
art. 24 ust. 2
