
art. 30 ust. 1
ust. 1

art. 12 ust. 1
ust. 1

art. 10 ust. 1
 ust. 3
art. 10 ust. 1
art. 14 ust. 2
art. 14 ust. 7
ust. 1

art. 18 ust. 4
art. 18 ust. 4
art. 14 ust. 1
art. 20 ust. 1
art. 15 ust. 2
art. 10 ust. 3
art. 10 ust. 3
art. 23 ust. 4
art. 24 ust. 2
art. 10 ust. 4
art. 17 ust. 2
art. 18 ust. 3
art. 24 ust. 2
art. 10 ust. 3
art. 10 ust. 1
art. 10 ust. 1
art. 23 ust. 2
art. 23 ust. 2
art. 24 ust. 2
art. 13 ust. 2
art. 23 ust. 2
art. 23 ust. 4
art. 28 ust. 2
art. 38 ust. 1
art. 23 ust. 2
art. 23 ust. 2
art. 7 ust. 2
art. 31 ust. 2
ust. 1

art. 23 ust. 5
art. 18 ust. 4
art. 35 ust. 1
art. 35 ust. 1
art. 35 ust. 1
art. 20 ust. 1
art. 21 ust. 2
art. 6 ust. 1
art. 7 ust. 4
art. 9 ust. 2
art. 24 ust. 2
art. 11 ust. 4
