
art. 9 ust. 2
art. 29 ust. 2
art. 30 ust. 3
art. 44 ust. 2
art. 30 ust. 4
art. 44 ust. 3
art. 96 ust. 3
art. 97 ust. 4
art. 98 ust. 4
art. 137 ust. 3
art. 142 ust. 3
art. 143 ust. 1
art. 102 ust. 3
art. 147 ust. 3
art. 149 ust. 3
art. 150 ust. 1
art. 151 ust. 1
art. 11 ust. 4
art. 11 ust. 4
art. 12 ust. 2
art. 13 ust. 3
art. 11 ust. 4
art. 25 ust. 1
art. 26 ust. 1
art. 53 ust. 1
art. 11 ust. 4
art. 11 ust. 4
art. 11 ust. 4
art. 20 ust. 1
art. 21 ust. 1
art. 23 ust. 1
art. 23 ust. 1
art. 25 ust. 1
art. 26 ust. 1
art. 30 ust. 1
art. 31 ust. 1
art. 30 ust. 1
art. 53 ust. 1
art. 36 ust. 7
art. 35 ust. 1
art. 35 ust. 6
art. 34 ust. 2
art. 44 ust. 7
art. 74 ust. 2
art. 35 ust. 1
art. 35 ust. 6
art. 29 ust. 2
art. 48 ust. 2
art. 34 ust. 2
art. 48 ust. 3
ust. 1
ust. 1

ust. 2

art. 20 ust. 1
ust. 3

ust. 1

art. 71 ust. 1
 ust. 6
art. 73 ust. 2
art. 47 ust. 1
art. 75 ust. 1
art. 162 ust. 1
art. 203 ust. 1
art. 73 ust. 6
art. 74 ust. 1
ust. 1
art. 78 ust. 2
art. 18 ust. 1
art. 18 
art. 82 ust. 3
art. 10 ust. 3
art. 83 ust. 2
 ust. 1
 
ust. 1

ust. 1
art. 109 ust. 2
art. 100 ust. 2
art. 109 ust. 2
ust. 3
art. 109 ust. 6
art. 100 ust. 6
art. 109 ust. 2
art. 109 ust. 2
art. 100 ust. 2
art. 109 ust. 2
ust. 4
art. 134 ust. 1
art. 96 ust. 2
art. 97 ust. 6
art. 98 ust. 2
art. 96 ust. 2
art. 97 ust. 7
art. 98 ust. 4
art. 96 ust. 2
art. 97 ust. 7
art. 98 ust. 4
art. 96 ust. 2
art. 97 ust. 7
art. 98 ust. 4
art. 123 ust. 1
art. 123 ust. 2
art. 96 ust. 2
art. 97 ust. 7
art. 98 ust. 4
ust. 3

art. 128 ust. 1
 ust. 1
 
art. 114 ust. 1
art. 123 ust. 1
art. 123 ust. 1
art. 123 ust. 1
art. 111 ust. 1
art. 113 ust. 2
art. 96 ust. 2
art. 97 ust. 7
ust. 1

 ust. 6
art. 120 ust. 1
art. 122 ust. 5
 ust. 5
art. 123 ust. 1
art. 128 ust. 1
art. 110 ust. 4
art. 111 ust. 1
art. 112 ust. 1
art. 114 ust. 1
art. 115 ust. 1
art. 114 ust. 2
 ust. 1
ust. 2

art. 133 ust. 1
art. 133 ust. 1
ust. 4

art. 140 ust. 2
 ust. 2
art. 142 ust. 3
art. 6 ust. 1
art. 144 ust. 5
art. 144 ust. 5
art. 143 ust. 2
art. 143 ust. 1
art. 143 ust. 1
art. 143 ust. 1
 ust. 2
 
art. 150 ust. 3
art. 150 ust. 1
art. 6 ust. 1
art. 11 ust. 2
art. 142 ust. 1
art. 106 ust. 3
art. 153 ust. 1
 ust. 1
art. 153 ust. 3
ust. 4

art. 160 ust. 2
 ust. 1
art. 70 ust. 2
art. 76 ust. 1
art. 59 ust. 2
art. 162 ust. 1
art. 164 ust. 6
art. 134 ust. 1
art. 134 ust. 1
art. 165 ust. 2
art. 168 ust. 2
art. 168 ust. 1
art. 168 ust. 1
art. 168 ust. 2
art. 144 ust. 5
ust. 3

art. 144 ust. 5
art. 178 ust. 2
art. 181 ust. 2
art. 181 ust. 2
art. 181 ust. 1
art. 181 ust. 2
art. 182 ust. 1
art. 182 ust. 3
art. 196 ust. 3
art. 142 ust. 2
art. 202 ust. 1
art. 59 ust. 2
art. 203 ust. 1
ust. 2

art. 205 ust. 3
art. 144 ust. 5
ust. 3

art. 144 ust. 5
art. 190 ust. 1
art. 9 ust. 2
art. 216 ust. 1
art. 88 ust. 1
art. 88 ust. 4
art. 88 ust. 5
art. 110 ust. 1
art. 110 ust. 4
art. 114 ust. 1
art. 111 ust. 2
art. 112 ust. 2
art. 113 ust. 1
art. 113 ust. 2
art. 113 ust. 3
art. 112 ust. 1
art. 120 ust. 1
art. 141 ust. 1
art. 197 ust. 1
ust. 1

art. 114 ust. 2
art. 11 ust. 1
art. 25 ust. 2
art. 24 ust. 4
art. 28 ust. 1
 ust. 1
art. 28 ust. 2
art. 28 
art. 29 ust. 1
art. 29 
art. 28 ust. 1
art. 31 ust. 1
art. 29 ust. 3
art. 29 ust. 3
art. 34 ust. 5
 ust. 5
art. 34 ust. 1
art. 34 ust. 2
art. 34 ust. 1
art. 35 ust. 1
 ust. 1
art. 36 ust. 1
art. 36 ust. 1
art. 38 ust. 3
art. 34 ust. 2
art. 34 ust. 2
art. 38 ust. 1
 ust. 1
art. 34 ust. 2
art. 24 ust. 3
art. 35 ust. 2
art. 36 ust. 1
art. 36 ust. 1
art. 24 ust. 4
art. 24 ust. 6
art. 24 ust. 8
art. 24 ust. 2
art. 24 ust. 3
art. 34 ust. 1
art. 35 ust. 1
art. 36 ust. 3
art. 36 ust. 1
art. 36 ust. 3
art. 63 ust. 1
art. 69 ust. 2
art. 9 ust. 2
art. 10 ust. 2
art. 213 ust. 1
art. 138 ust. 3
art. 24 ust. 3
