
art. 2 ust. 1
art. 2 ust. 1
art. 2 ust. 1
 ust. 1
art. 13 ust. 1
art. 14 ust. 1
art. 12 ust. 1
art. 12 ust. 1
art. 2 ust. 1
art. 2 ust. 1
art. 2 ust. 1
ust. 1
art. 12 ust. 1
art. 9 ust. 2
ust. 1

art. 2 ust. 1
ust. 2
art. 35 ust. 1
art. 35 ust. 1
art. 35 ust. 2
art. 35 ust. 2
art. 46 ust. 2
ust. 1
ust. 1

ust. 1

art. 77 ust. 1
art. 80 ust. 2
art. 80 ust. 3
art. 76 ust. 1
 ust. 1
 
art. 83 ust. 1
art. 80 ust. 3
art. 83 ust. 1
art. 83 ust. 1
art. 83 ust. 1
art. 76 ust. 1
art. 76 ust. 1
ust. 3

art. 35 ust. 1
art. 104 ust. 1
art. 105 ust. 1
art. 111 ust. 1
art. 111 ust. 1
art. 123 ust. 1
ust. 1
art. 118 ust. 2
art. 120 ust. 5
art. 13 ust. 1
art. 14 ust. 1
art. 127 ust. 1
art. 20 ust. 1
art. 14 ust. 1
art. 3 ust. 1
art. 3 ust. 2
art. 13 ust. 1
art. 39 ust. 1
art. 42 ust. 2
art. 32 ust. 1
art. 53 ust. 1
art. 26 ust. 3
art. 27 ust. 3
art. 6 ust. 1
art. 8 ust. 15
art. 9 ust. 1
art. 6 ust. 1
art. 6 ust. 1
art. 6 ust. 1
art. 6 ust. 1
art. 6 ust. 1
art. 6 ust. 1
art. 16 ust. 1
art. 18 ust. 1
art. 6 ust. 1
art. 6 ust. 1
art. 36 ust. 2
art. 6 ust. 1
art. 6 ust. 1
art. 1 ust. 2
art. 32 ust. 3
art. 6 ust. 1
art. 45 ust. 2
art. 1 ust. 1
art. 16 ust. 2
art. 62 ust. 1
art. 122 ust. 1
art. 15 ust. 1
art. 16 ust. 1
art. 17 ust. 1
