
art. 2 ust. 2
art. 5 ust. 2
art. 6 ust. 1
art. 5 ust. 1
art. 6 ust. 1
art. 5 ust. 1
art. 5 ust. 1
art. 5 ust. 3
art. 5 ust. 3
art. 5 ust. 1
art. 5 ust. 1
art. 5 ust. 1
art. 5 ust. 1
art. 5 ust. 1
art. 6 ust. 1
art. 6 
art. 7 ust. 1
art. 5 ust. 1
art. 16 ust. 1
art. 5 ust. 1
art. 3 ust. 3
art. 9 ust. 2
art. 30 ust. 2
art. 6 ust. 4
art. 10 ust. 4
art. 15 ust. 1
art. 19 ust. 3
art. 64 ust. 1
art. 30 ust. 7
art. 5 ust. 1
art. 5 ust. 3
art. 15 ust. 5
art. 5 ust. 3
art. 45 ust. 1
art. 45 
art. 50 ust. 1
art. 54 ust. 1
art. 50 ust. 3
art. 50 ust. 2
art. 50 ust. 1
art. 51 ust. 1
art. 50 ust. 1
art. 50 ust. 3
art. 52 ust. 1
art. 57 ust. 1
art. 7 ust. 1
art. 57 ust. 1
art. 57 ust. 1
art. 12 ust. 6
art. 16 ust. 2
art. 17 ust. 2
art. 18 ust. 2
art. 19 ust. 2
art. 29 ust. 5
art. 41 ust. 2
art. 45 ust. 3
art. 50 ust. 3
art. 2 ust. 4
art. 4 ust. 2
art. 17 ust. 1
art. 4 ust. 1
art. 35 ust. 1
art. 65 ust. 2
art. 4 ust. 2
art. 66 ust. 1
art. 66 ust. 1
