
art. 14 ust. 2
art. 23 ust. 4
art. 22 ust. 1
art. 23 ust. 2
art. 22 ust. 1
art. 23 ust. 2
art. 22 ust. 4
 ust. 1
art. 22 ust. 1
 ust. 1
art. 22 ust. 1
art. 23 ust. 1
art. 22 ust. 1
art. 22 ust. 1
art. 23 ust. 2
art. 23 
art. 23 ust. 1
art. 23 ust. 1
art. 23 ust. 1
 ust. 1
art. 23 ust. 1
art. 23 ust. 1
art. 23 ust. 1
art. 23 ust. 1
art. 23 ust. 1
art. 23 ust. 2
art. 23 ust. 1
art. 23 ust. 1
art. 23 ust. 1
art. 23 ust. 1
art. 23 ust. 1
art. 23 ust. 1
art. 27 ust. 2
art. 7 ust. 3
art. 11 ust. 7
art. 12 ust. 1
art. 17 ust. 4
art. 16 ust. 1
art. 16 ust. 1
art. 17 ust. 2
art. 16 ust. 1
art. 17 ust. 2
art. 16 ust. 4
 ust. 1
art. 16 ust. 1
 ust. 1
art. 16 ust. 1
art. 17 ust. 1
art. 16 ust. 1
art. 16 ust. 1
art. 17 ust. 2
art. 17 
art. 17 ust. 1
art. 17 ust. 1
art. 12 ust. 1
 ust. 1
art. 17 ust. 1
art. 17 ust. 1
art. 17 ust. 1
art. 17 ust. 1
art. 17 ust. 1
art. 17 ust. 2
art. 17 ust. 1
art. 17 ust. 1
art. 17 ust. 1
art. 17 ust. 1
art. 17 ust. 1
art. 17 ust. 1
art. 21 ust. 9
art. 25 ust. 1
