
ust. 1
ust. 4

art. 12 ust. 2
art. 12 ust. 2
ust. 2

ust. 1

art. 16 ust. 1
art. 21 ust. 1
art. 36 ust. 2
art. 43 ust. 1
art. 52 ust. 3
ust. 4
art. 15 ust. 2
art. 23 ust. 2
ust. 1

art. 24 ust. 2
art. 19 ust. 5
art. 21 ust. 1
art. 19 ust. 5
art. 14 ust. 2
art. 19 ust. 5
art. 24 ust. 1
art. 25 ust. 1
art. 38 ust. 2
art. 14 ust. 2
art. 24 ust. 1
art. 25 ust. 1
art. 41 ust. 1
ust. 3
 ust. 1
ust. 1
art. 14 ust. 2
art. 24 ust. 1
art. 37 ust. 1
ust. 1
art. 14 ust. 2
art. 51 ust. 5
art. 51 
art. 8 ust. 1
art. 2 ust. 1
art. 40 ust. 1
art. 28 ust. 1
art. 33 ust. 1
art. 5 ust. 2
