
art. 2 ust. 1
art. 5 ust. 1
art. 7 ust. 3
art. 5 ust. 1
art. 5 ust. 1
art. 5 ust. 1
art. 5 ust. 1
art. 7 ust. 3
art. 6 ust. 1
art. 5 ust. 1
art. 5 ust. 1
art. 10 ust. 1
art. 13 ust. 4
art. 13 ust. 4
art. 11 ust. 1
art. 11 
art. 12 ust. 1
art. 37 ust. 5
art. 38 ust. 8
art. 39 ust. 1
art. 39 ust. 1
art. 39 ust. 1
art. 37 ust. 5
art. 39 ust. 2
art. 7 ust. 4
art. 7 
art. 39 ust. 1
art. 39 ust. 1
art. 37 ust. 5
art. 39 ust. 2
art. 37 ust. 5
art. 39 ust. 2
art. 37 ust. 5
art. 39 ust. 2
art. 15 ust. 1
art. 15 
