
art. 10 ust. 1
art. 7 ust. 2
art. 9 ust. 3
art. 3 ust. 1
art. 3 
art. 6 ust. 1
art. 3 ust. 1
art. 3 
 ust. 1
 
 ust. 1
art. 3 ust. 5
art. 3 
 ust. 6
art. 3 ust. 2
art. 3 ust. 1
art. 6 ust. 1
art. 3 ust. 1
art. 16 ust. 1
art. 23 ust. 1
art. 3 ust. 4
art. 4 ust. 1
art. 2 ust. 1
art. 2 
art. 38 ust. 1
art. 38 
art. 35 ust. 1
art. 35 
art. 37 ust. 1
art. 37 
art. 169 ust. 1
art. 169 
art. 37 ust. 1
art. 37 
art. 12 ust. 1
 ust. 1
art. 13 ust. 1
art. 31 ust. 6
art. 37 ust. 3
art. 16 ust. 2
art. 82 ust. 1
art. 82 ust. 1
ust. 1
art. 774 ust. 2
art. 35 ust. 2
art. 3 ust. 1
art. 4 ust. 1
art. 3 ust. 1
art. 5 ust. 1
art. 3 ust. 1
art. 6 ust. 5
art. 3 ust. 1
art. 4 ust. 5
art. 18 ust. 2
art. 18 ust. 1
art. 4 ust. 5
art. 4 ust. 5
