
art. 19 ust. 1
art. 83 ust. 2
art. 66 ust. 2
art. 24 ust. 1
art. 25 ust. 3
art. 33 ust. 1
art. 51 ust. 1
art. 62 ust. 2
art. 33 ust. 1
art. 46 ust. 2
art. 1 ust. 2
art. 11 ust. 1
art. 14 ust.1
art. 16 ust. 5
art. 16 ust. 1
art. 11 ust. 1
art.17 ust. 1
art. 44 ust. 4
art. 45 ust. 4
art. 46 ust. 1
art. 49 ust. 1
art. 49 ust. 1
 ust. 1
art. 50 ust. 1
art. 62 ust. 2
art. 56 ust. 2
art.67 ust. 1
art. 58 ust. 1
art. 62 ust. 1
art. 8 ust. 7
art. 16 ust. 1
art. 19 ust. 1
art. 62 ust. 2
art. 104 ust. 2
art. 104 
art. 62 ust. 1
art. 62 ust. 1
art. 62 ust. 1
art. 65 ust. 1
art. 65 ust. 1
art. 46 ust. 1
art. 62 ust. 1
art. 100 ust. 1
art. 50 ust. 3
art. 62 ust. 1
art. 15 ust. 1
art. 20 ust. 2
art. 20 ust. 1
art. 24 ust. 1
art. 12 ust. 1
art. 17 ust. 1
art. 82 ust. 1
art. 16 ust. 1
 ust. 2
 ust. 2
art. 9 ust. 3
art. 67 ust. 4
art. 83 ust. 2
art. 83 ust. 2
art. 105 ust. 2
art. 83 ust. 2
art. 1 ust. 1
art. 4 ust. 2
art. 11 ust. 2
art. 62 ust. 1
art. 62 ust. 1
art. 116 ust. 2
