
art. 21 ust. 2
 ust. 6
 ust. 1
art. 21 ust. 4
art. 10 ust. 4
 ust. 4
 ust. 4
 ust. 2
art. 32 ust. 2
art. 11 ust. 2
 ust. 1
art. 11 ust. 2
 ust. 2
 ust. 1
art. 83 ust. 1
ust. 3
art. 4 ust. 3
art. 21 ust. 1
 ust. 2
art. 14 ust. 1
art. 21 ust. 3
art. 18 ust. 1
art. 5 ust. 1
ust. 1

art. 9 ust. 2
art. 11 ust. 2
 ust. 1
 ust. 1
art. 18 ust. 3
art. 14 ust. 4
art. 34 ust. 1
art. 34 
art. 14 ust. 6
art. 14 ust. 4
art. 34 ust. 2
art. 34 
art. 34 ust. 5
art. 39 ust. 1
ust. 1

art. 39 ust. 3
art. 18 ust. 4
