
ust. 2

art. 25 ust. 2
art. 5 ust. 7
 ust. 5
art. 31 ust. 1
art. 33 ust. 2
art. 43 ust. 5
art. 32 ust. 1
 ust. 4
art. 17 ust. 1
art. 26 ust. 1
art. 28 ust. 1
art. 187 ust. 2
ust. 2

art. 7 ust. 1
art. 7 
 ust. 4
 ust. 7
art. 37 ust. 4
art. 43 ust. 1
 ust. 1
ust. 1
ust. 2
art. 37 ust. 1
art. 33 ust. 5
art. 42 ust. 3
 ust. 1
 ust. 1
art. 44 ust. 1
art. 45 ust. 4
art. 46 ust. 2
ust. 2
art. 35 ust. 2
ust. 1

ust. 3
art. 17 ust. 1
art. 17 ust. 1
art. 17 ust. 1
art. 26 ust. 1
art. 28 ust. 1
 ust. 10
 ust. 6
 ust. 4
 ust. 10
ust. 1
art. 24 ust. 5
