
art. 4 ust. 1
art. 4 ust. 1
art. 58 ust. 1
art. 4 ust. 3
art. 8 ust. 1
art. 11 ust. 1
art. 16 ust. 1
art. 20 ust. 1
art. 20 ust. 1
ust. 1
art. 20 ust. 1
art. 49 ust. 3
art. 31 ust. 1
art. 21 ust. 1
art. 29 ust. 1
art. 4 ust. 2
art. 8 ust. 1
art. 13 ust. 4
art. 20 ust. 2
art. 25 ust. 1
art. 26 ust. 1
ust. 1
art. 43 ust. 1
art. 45 ust. 1
art. 45 ust. 1
art. 45 ust. 2
ust. 3
 ust. 2
art. 51 ust. 1
art. 50 ust. 3
art. 50 ust. 3
 ust. 2
art. 70 ust. 1
art. 34 ust. 2
art. 45 ust. 1
art. 74 ust. 1
art. 10 ust. 1
art. 22 ust. 1
ust. 1

art. 50 ust. 3
art. 57 ust. 1
