
art. 71 ust. 7
art. 71 ust. 2
art. 71 ust. 7
art. 5 ust. 3
 ust. 5
 ust. 5
art. 5 ust. 9
art. 58 ust. 6
art. 59 ust. 1
art. 62 ust. 1
art. 5 ust. 7
art. 36 ust. 2
art. 36 ust. 1
art. 38 ust. 1
art. 39 ust. 4
art. 62 ust. 6
art. 71 ust. 1
art. 34 ust. 2
art. 37 ust. 1
art. 39 ust. 6
art. 41 ust. 3
art. 58 ust. 3
art. 59 ust. 3
art. 71 ust. 2
art. 77 ust. 6
art. 82 ust. 1
art. 85 ust. 3
art. 7 ust. 1
art. 9 ust. 1
art. 9 ust. 2
art. 9 ust. 1
art. 9 ust. 2
art. 9 ust. 1
art. 9 ust. 1
art. 9 ust. 2
art. 10 ust. 2
art. 11 ust. 1
art. 9 ust. 1
art. 14 ust.1
art. 16 ust. 3
art. 2 ust. 6
art. 2 
art. 17 ust. 3
art. 71 ust. 5
art. 58 ust. 2
art. 22 ust. 1
art. 5 ust. 3
art. 23 ust. 3
art. 24 ust. 3
art. 30 ust. 1
art. 32 ust. 4
art. 22 ust. 1
art. 34 ust. 1
art. 34 ust. 1
art. 35 ust. 2
art. 36 ust. 2
art. 36 ust. 3
art. 36 ust. 2
art. 34 ust. 2
art. 34 ust. 2
art. 36 ust. 2
art. 39 ust. 1
art. 36 ust. 2
art. 51 ust. 1
art. 58 ust. 1
art. 59 ust. 2
 ust. 4
art. 60 ust. 3
art. 62 ust. 1
art. 5 ust. 3
art. 35 ust. 2
art. 5 ust. 9
art. 58 ust. 6
art. 68 ust. 2
art. 70 ust. 1
art. 70 
 ust. 2
art. 71 ust. 1
art. 71 ust. 1
art. 2 ust. 2
art. 2 ust. 3
art. 82 ust. 5
art. 2 ust. 6
art. 2 ust. 1
art. 71 ust. 1
art. 77 ust. 1
art. 78 ust. 1
art. 78 ust. 1
art. 79 ust. 2
 ust. 3
 
art. 80 ust. 1
art. 2 ust. 3
art. 2 
 ust. 5
art. 79 ust. 5
art. 82 ust. 2
art. 83 ust. 2
art. 85 ust. 3
art. 90 ust. 2
 ust. 2
 ust. 4
 ust. 4
 
 ust. 4
art. 90 ust. 1
art. 90 
art. 9 ust. 3
art. 32 ust. 1
art. 36 ust. 3
art. 47 ust. 1
art. 58 ust. 5
art. 82 ust. 3
art. 85 ust. 2
art. 1 ust. 1
art. 2 ust. 3
art. 9 ust. 1
art. 6 ust. 1
art. 9 ust. 1
art. 1 ust. 2
art. 9 ust. 1
art. 9 ust. 1
art. 1 ust. 1
art. 9 ust. 1
art. 1 ust. 1
art. 2 ust. 6
art. 3 ust. 1
art. 6 ust. 3
art. 2 ust. 1
art. 6 ust. 1
art. 7 ust. 1
art. 2 ust. 3
art. 39 ust. 4
art. 2 ust. 3
art. 2 ust. 3
art. 5 ust. 3
art. 1 ust. 1
art. 9 ust. 1
art. 6 ust. 6
art. 1 ust. 2
art. 1 ust. 2
art. 9 ust. 1
art. 1 ust. 1
art. 9 ust. 3
art. 9 ust. 1
art. 9 ust. 1
art. 9 ust. 1
art. 9 ust. 3
art. 9 ust. 10
art. 9 ust. 1
art. 9 ust. 11
art. 9 ust. 8
art. 9 ust. 1
art. 9 ust. 1
art. 9 ust. 4
art. 9 ust. 2
art. 9 ust. 1
art. 9 ust. 1
art. 9 ust. 3
art. 10 ust. 2
art. 20 ust. 4
art. 23 ust. 1
art. 26 ust. 1
art. 10 ust. 5
art. 10 ust. 9
art. 28 ust. 1
art. 1 ust. 1
art. 30 ust. 7
art. 33 ust. 1
art. 1 ust. 2
art. 42 ust. 3
art. 1 ust. 2
art. 49 ust. 1
art. 61 ust. 1
art. 70 ust. 2
art. 72 ust. 2
art. 73 ust. 3
art. 88 ust. 1
art. 91 ust. 1
art. 9 ust. 1
art. 51 ust. 2
art. 9 ust. 1
art. 51 ust. 2
art. 1 ust. 2
art. 42 ust. 1
art. 91 ust. 2
art. 6 ust. 3
art. 6 ust. 3
art. 26 ust. 1
art. 51 ust. 3
art. 6 ust. 3
art. 6 ust. 3
art. 26 ust. 1
art. 51 ust. 3
art. 30 ust. 6
art. 42 ust. 7
art. 49 ust. 1
art. 54 ust. 7
art. 72 ust. 1
art. 9 ust. 2
art. 29 ust. 1
art. 53 ust. 3
art. 6 ust. 1
art. 9 ust. 4
art. 9 ust. 1
art. 9 ust. 3
art. 18 ust. 4
art. 19 ust. 1
art. 22 ust. 1
art. 26 ust. 2
art. 31 ust. 1
art. 54 ust. 2
art. 56 ust. 2
art. 61 ust. 2
art. 63 ust. 1
art. 82 ust. 2
art. 83 ust. 1
art. 39 ust. 1
art. 50 ust. 2
art. 3 ust. 6
art. 48 ust. 1
art. 101 ust. 1
art. 141 ust. 1
art. 27 ust. 2
art. 2 ust. 1
art. 4 ust. 3
art. 5 ust. 1
art. 8 ust. 1
art. 97 ust. 2
art. 71 ust. 2
art. 5 ust. 1
art. 8 ust. 1
art. 6 ust. 4
art. 58 ust. 3
art. 9 ust. 1
art. 63 ust. 2
art. 7 ust. 1
art. 88 ust. 1
art. 1 ust. 2
art. 9 ust. 1
art. 1 ust. 4
art. 10 ust. 2
art. 10 ust. 2
art. 1 ust. 1
art. 1 
art. 10 ust. 1
art. 1 ust. 2
art. 1 ust. 2
art. 9 ust. 3
art. 9 ust. 2
art. 1 ust. 2
art. 1 ust. 6
art. 1 ust. 2
art. 1 ust. 7
art. 91 ust. 1
art. 9 ust. 2
art. 9 ust. 6
art. 17 ust. 2
art. 5 ust. 5
art. 5 ust. 3
ust. 1

art. 7 ust. 2
ust. 1

art. 88 ust. 1
art. 10 ust. 2
ust. 1

art. 9 ust. 1
