
ust. 2
art. 12 ust. 1
art. 10 ust. 2
art. 27 ust. 2
art. 7 ust. 2
art. 18 ust. 1
art. 40 ust. 2
art. 38 ust. 1
art. 2 ust. 2
art. 11 ust. 2
art. 52 ust. 2
art. 12 ust. 1
art. 31 ust. 1
art. 29 ust. 4
art. 18 ust. 1
art. 107 ust. 2
art. 12 ust. 1
 ust. 2
art. 12 ust. 1
art. 12 ust. 1
art. 40 ust. 2
ust. 1
art. 2 ust. 1
art. 19 ust. 1
art. 23 ust. 1
art. 28 ust. 1
art. 6 ust. 1
art. 5 ust. 2
art. 6 ust. 2
art. 7 ust. 2
art. 111 ust. 1
art. 5 ust. 5
art. 2 ust. 2
art. 54 ust. 1
art. 54 
art. 2 ust. 2
art. 12 ust. 1
art. 12 ust. 1
art. 12 ust. 1
art. 12 ust. 1
art. 54 ust. 1
