
art. 1 ust. 2
art. 2 ust. 1
art. 4 ust. 4
art. 5 ust. 1
art. 6 ust. 3
art. 6 ust. 1
art. 7 ust. 2
art. 8 ust. 2
art. 9 ust. 3
art. 15 ust. 5
art. 18 ust. 1
art. 10 ust. 3
art. 12 ust. 3
art. 14 ust. 1
art. 15 ust. 1
art. 16 ust. 1
art. 16 ust. 1
art. 17 ust. 3
art. 18 ust. 1
art. 19 ust. 3
art. 23 ust. 1
art. 54 ust. 2
art. 24 ust. 4
art. 25 ust. 1
art. 28 ust. 1
art. 29 ust. 1
art. 31 ust. 8
art. 37 ust. 6
art. 37 ust. 1
art. 37 ust. 2
art. 37 ust. 1
art. 24 ust. 1
art. 37 ust. 2
art. 37 ust. 3
art. 37 ust. 4
art. 37 ust. 3
art. 37 ust. 1
art. 37 ust. 8
art. 37 ust. 1
art. 37 ust. 1
art. 37 ust. 1
art. 37 ust. 1
art. 44 ust. 1
art. 43 ust. 2
art. 48 ust. 2
art. 49 ust. 2
art. 50 ust. 4
art. 51 ust. 2
art. 6 ust. 1
art. 51 ust. 1
art. 6 ust. 1
art. 55 ust. 1
art. 56 ust. 2
art. 57 ust. 1
art. 31 ust. 1
art. 37 ust. 1
art. 60 ust. 1
art. 50 ust. 1
art. 50 ust. 1
art. 31 ust. 4
art. 23 ust. 1
art. 37 ust. 1
art. 1 ust. 1
art. 1 
art. 37 ust. 2
art. 1 ust. 1
art. 6 ust. 1
art. 50 ust. 2
art. 60 ust. 1
art. 37 ust. 1
art. 37 ust. 1
