
art. 12 ust. 2
art. 16 ust. 8
art. 17 ust. 1
art. 16 ust. 8
art. 18 ust. 4
art. 9 ust. 1
art. 19 ust. 4
art. 29 ust. 1
art. 33 ust. 1
art. 43 ust. 7
art. 36 ust. 2
art. 18 ust. 12
art. 6 ust. 1
art. 6 ust. 1
art. 39 ust. 2
 ust. 2
art. 22 ust. 3
art. 47 ust. 9
art. 40 ust. 7
art. 41 ust. 3
art. 18 ust. 12
art. 43 ust. 4
art. 35 ust. 5
art. 35 ust. 5
art. 46 ust. 4
art. 47 ust. 4
art. 49 ust. 3
art. 49 ust. 3
art. 118 ust. 10
 ust. 11
 
art. 36 ust. 10
art. 41 ust. 3
art. 43 ust. 4
art. 46 ust. 4
art. 48 ust. 1
art. 49 ust. 3
art. 47 ust. 5
art. 50 ust. 1
art. 52 ust. 1
art. 59 ust. 1
art. 112 ust. 1
art. 112 ust. 1
art. 61 ust. 3
art. 65 ust. 3
art. 59 ust. 3
art. 69 ust. 1
art. 71 ust. 1
art. 74 ust. 3
art. 61 ust. 3
art. 76 ust. 1
art. 47 ust. 10
art. 84 ust. 6
art. 86 ust. 2
art. 87 ust. 1
art. 88 ust. 1
art. 89 ust. 5
art. 91 ust. 1
art. 91 ust. 1
art. 98 ust. 1
art. 47 ust. 1
art. 114 ust. 4
art. 30 ust. 1
art. 41 ust. 4
art. 3 ust. 1
art. 3 ust. 1
art. 16 ust. 7
art. 24 ust. 9
art. 111 ust. 3
art. 22 ust. 3
art. 22 ust. 3
 ust. 1
art. 132 ust. 1
art. 82 ust. 1
art. 51 ust. 1
art. 3 ust. 1
art. 50 ust. 3
art. 6 ust. 1
art. 7 ust. 2
art. 130 ust. 1
art. 47 ust. 4
art. 47 ust. 9
art. 47 ust. 1
art. 1 ust. 1
art. 50 ust. 1
art. 1 ust. 2
art. 90 ust. 6
