
art. 1 ust. 1
art. 4 ust. 1
art. 4 ust. 1
art. 4 ust. 1
art. 12 ust. 2
art. 15 ust. 3
art. 19 ust. 1
art. 20 ust. 2
ust. 1
art. 20 ust. 1
ust. 1
art. 30 ust. 3
art. 31 ust. 2
 ust. 2
 ust. 2
art. 31 ust. 2
art. 31 ust. 2
art. 17 ust. 3
art. 19 ust. 1
art. 20 ust. 1
art. 21 ust. 1
art. 17 ust. 8
art. 31 ust. 2
ust. 1

ust. 2
art. 41 ust. 3
art. 43 ust. 1
art. 47 ust. 1
art. 4 ust. 1
ust. 1

art. 4 ust. 1
art. 63 ust. 2
art. 11 ust. 3
art. 4 ust. 1
art. 66 ust. 1
 ust. 2
art. 72 ust. 2
art. 83 ust. 1
art. 92 ust. 3
art. 4 ust. 1
art. 84 ust. 5
art. 84 ust. 5
art. 82 ust. 1
ust. 2
ust. 1
art. 97 ust. 3
art. 98 ust. 1
art. 98 ust. 1
art. 98 ust. 2
ust. 1

art. 120 ust. 2
art. 119 ust. 1
art. 118 ust. 2
art. 4 ust. 1
art. 62 ust. 1
art. 14 ust. 1
art. 19 ust. 1
art. 20 ust. 1
 ust. 1
 
art. 123 ust. 1
art. 114 ust. 1
art. 33 ust. 3
art. 4 ust. 2
art. 9 ust. 3
art. 21 ust. 2
