
art. 1 ust. 2
art. 190 ust. 2
art. 8 ust. 1
art. 9 ust. 1
art. 229 ust. 5
art. 181 ust. 18
art. 9 ust. 1
art. 9 ust. 1
 ust. 1
 ust. 1
 
art. 9 
art. 9 ust. 12
art. 11 ust. 1
art. 24 ust. 1
art. 31 ust. 1
art. 61 ust. 1
art. 31 ust. 1
art. 174 ust. 1
art. 37 ust. 3
art. 39 ust. 1
art. 55 ust. 1
art. 31 ust. 1
art. 44 ust. 3
art. 18 ust. 1
art. 43 ust. 1
art. 45 ust. 1
art. 45 ust. 3
art. 46 ust. 4
art. 35 ust. 2
art. 74 ust. 1
art. 86 ust. 2
art. 115 ust. 1
art. 119 ust. 1
art. 45 ust. 2
art. 17 ust. 1
art. 57 ust. 1
art. 91 ust. 6
art. 98 ust. 1
art. 258 ust. 2
art. 99 ust. 1
art. 102 ust. 1
art. 103 ust. 5
art. 107 ust. 1
art. 108 ust. 1
art. 111 ust. 4
art. 118 ust. 1
art. 45 ust. 1
art. 45 ust. 1
art. 37 ust. 3
art. 45 ust. 1
art. 128 
art. 17 ust. 3
art. 134 ust. 2
art. 117 ust. 1
art. 137 ust. 2
art. 147 ust. 1
art. 147 ust. 3
art. 147 ust. 2
art. 2 ust. 1
art. 6 ust. 2
art. 2 ust. 1
art. 2 ust. 1
art. 3 ust. 1
art. 258 ust. 2
art. 258 
art. 10 ust. 2
art. 10 ust. 3
art. 16 ust. 2
art. 39 ust. 1
art. 10 ust. 2
art. 2 ust. 2
art. 173 ust. 1
art. 186 ust. 1
art. 775 ust. 2
art. 38 ust. 3
art. 31 ust. 1
art. 45 ust. 2
art. 98 ust. 2
art. 99 ust. 1
art. 102 ust. 2
art. 10 ust. 1
art. 118 ust. 2
art. 3 ust. 1
art. 16 ust. 2
art. 31 ust. 1
art. 44 ust. 3
art. 39 ust. 4
art. 11 ust. 2
art. 11 ust. 2
art. 103 ust. 5
