
art. 19 ust. 2
art. 13 ust. 3
art. 16 ust. 4
art. 19 ust. 1
art. 19 ust. 1
art. 13 ust. 3
art. 19 ust. 1
art. 13 ust. 3
art. 19 ust. 2
art. 13 ust. 3
art. 19 ust. 2
art. 110 ust. 1
art. 110 
art. 19 ust. 1
art. 22 ust. 1
art. 57 ust. 1
art. 13 ust. 3
art. 19 ust. 1
art. 68 ust. 1
art. 70 ust. 3
art. 68 ust. 1
art. 66 ust. 1
art. 68 ust. 1
art. 13 ust. 1
art. 16 ust. 1
art. 13 ust. 3
art. 16 ust. 4
art. 19 ust. 1
art. 49 ust. 4
art. 19 ust. 1
art. 19 ust. 1
art. 13 ust. 1
art. 13 ust. 1
art. 88 ust. 1
art. 19 ust. 1
art. 13 ust. 1
art. 19 ust. 2
art. 88 ust. 1
art. 91 ust. 1
art. 13 ust. 1
art. 13 ust. 1
art. 13 ust. 1
art. 102 ust. 1
art. 49 ust. 7
art. 66 ust. 1
art. 68 ust. 1
art. 38 ust. 2
art. 122 ust. 1
art. 118 ust. 2
art. 124 ust. 3
art. 126 ust. 8
art. 126 ust. 8
art. 126 ust. 8
art. 132 ust. 7
art. 125 ust. 1
art. 126 ust. 8
art. 135 ust. 1
art. 109 ust. 1
