
art. 5 ust. 3
art. 32 ust. 1
art. 32 ust. 1
art. 8 ust. 1
art. 9 ust. 1
art. 100 ust. 1
art. 13 ust. 3
art. 89 ust. 2
art. 32 ust. 4
art. 79 ust. 1
art. 8 ust. 2
art. 8 ust. 2
art. 8 ust. 2
art. 8 ust. 2
art. 9 ust. 1
art. 54 ust. 1
art. 8 ust. 1
art. 42 ust. 4
art. 82 ust. 1
art. 89 ust. 2
art. 85 ust. 2
art. 13 ust. 5
art. 48 ust. 1
art. 48 ust. 1
art. 48 ust. 1
art. 52 ust. 3
art. 16 ust. 1
 ust. 3
art. 16 ust. 1
art. 19 ust. 1
art. 62 ust. 2
art. 78 ust. 1
art. 30 ust. 3
art. 13 ust. 3
art. 53 ust. 5
art. 23 ust. 4
art. 27 ust. 2
art. 47 ust. 1
art. 13 ust. 3
art. 47 ust. 1
art. 85 ust. 1
art. 47 ust. 1
art. 21 ust. 1
art. 21 ust. 1
art. 13 ust. 3
art. 21 ust. 1
art. 13 ust. 3
art. 21 ust. 1
art. 9 ust. 1
art. 9 ust. 1
art. 13 ust. 5
art. 21 ust. 1
art. 23 ust. 2
art. 85 ust. 1
art. 32 ust. 4
art. 32 ust. 4
 ust. 2
art. 30 ust. 9
art. 30 ust. 9
 ust. 3
art. 85 ust. 1
art. 16 ust. 3
art. 33 ust. 3
 ust. 1
 
 ust. 1
 ust. 1
art. 32 ust. 4
art. 32 ust. 5
art. 32 ust. 3
art. 31 ust. 1
art. 31 ust. 1
art. 31 ust. 1
art. 47 ust. 1
art. 47 ust. 1
art. 31 ust. 1
art. 31 ust. 1
art. 40 ust. 6
art. 40 ust. 3
art. 8 ust. 1
art. 85 ust. 1
art. 40 ust. 6
art. 42 
art. 64 ust. 1
art. 64 ust. 1
art. 21 ust. 2
art. 16 ust. 3
art. 64 ust. 1
art. 84 ust. 1
art. 2 ust. 1
art. 2 ust. 1
art. 48 ust. 1
ust. 1
art. 48 ust. 1
art. 48 ust. 1
art. 48 ust. 3
art. 48 ust. 4
art. 13 ust. 2
art. 48 ust. 3
art. 13 ust. 3
art. 48 ust. 1
art. 48 ust. 1
art. 13 ust. 3
art. 13 ust. 3
 ust. 1
art. 13 ust. 3
art. 13 ust. 3
art. 48 ust. 1
art. 48 ust. 1
art. 48 ust. 1
art. 13 ust. 3
art. 13 ust. 3
art. 53 ust. 5
art. 48 ust. 5
art. 48 ust. 3
art. 84 ust. 1
 ust. 1
art. 2 ust. 1
art. 48 ust. 1
art. 48 ust. 1
 ust. 1
ust. 2
art. 48 ust. 1
art. 48 ust. 1
ust. 2

art. 78 ust. 1
art. 78 ust. 1
art. 67 ust. 1
art. 67 ust. 1
art. 2 ust. 1
 ust. 1
art. 78 ust. 1
art. 32 ust. 1
art. 32 
art. 64 ust. 1
art. 64 ust. 3
art. 64 ust. 10
art. 64 ust. 1
art. 32 ust. 5
art. 65 ust. 6
art. 63 ust. 4
art. 63 ust. 1
art. 65 ust. 8
art. 67 ust. 1
art. 67 ust. 1
art. 46 ust. 1
art. 62 ust. 2
art. 78 ust. 1
art. 47 ust. 5
art. 34 ust. 1
art. 48 ust. 1
art. 48 ust. 1
 ust. 1
 ust. 8
art. 77 ust. 2
art. 47 ust. 5
art. 3 ust. 1
art. 32 ust. 4
art. 89 ust. 2
art. 90 ust. 1
art. 90 ust. 1
 ust. 3
art. 85 ust. 2
art. 85 ust. 1
 ust. 8
art. 9 ust. 1
art. 13 ust. 5
art. 95 ust. 1
art. 94 ust. 1
ust. 4

 ust. 2
 
art. 8 ust. 5
art. 14 ust. 1
art. 18 ust. 1
art. 21 ust. 5
art. 100 ust. 5
art. 100 ust. 5
art. 100 ust. 1
art. 100 ust. 1
art. 101 ust. 2
art. 101 ust. 2
art. 101 ust. 2
 ust. 2
 ust. 1
art. 100 ust. 1
art. 110 ust. 6
art. 111 ust. 4
art. 110 ust. 6
art. 111 ust. 4
art. 110 ust. 1
art. 110 ust. 8
art. 110 ust. 8
art. 112 ust. 1
art. 110 ust. 7
art. 47 ust. 1
art. 13 ust. 3
art. 13 ust. 2
art. 47 ust. 1
art. 47 ust. 1
art. 47 ust. 1
art. 13 ust. 3
 ust. 1
art. 47 ust. 1
art. 13 ust. 3
art. 78 ust. 1
art. 13 ust. 3
art. 13 ust. 3
art. 13 ust. 3
art. 13 ust. 3
art. 13 ust. 3
art. 13 ust. 3
art. 126 ust. 1
art. 16 ust. 1
art. 136 ust. 4
art. 126 ust. 1
art. 134 ust. 1
art. 13 ust. 3
art. 47 ust. 1
art. 23 ust. 1
art. 16 ust. 1
art. 37 ust. 3
art. 37 ust. 1
art. 6 ust. 1
art. 96 ust. 1
art. 16 ust. 1
art. 41 ust. 2
art. 72 ust. 1
art. 47 ust. 1
art. 47 ust. 1
art. 47 ust. 1
art. 3 ust. 1
art. 10 ust. 3
art. 13 ust. 2
art. 23 ust. 2
art. 24 ust. 2
art. 113 ust. 13
art. 75 ust. 1
art. 9 ust. 2
art. 8 ust. 1
art. 16 ust. 2
art. 168 ust. 1
art. 168 
art. 14 ust. 1
art. 14 ust. 1
art. 16 ust. 1
art. 89 ust. 2
art. 16 ust. 1
art. 85 ust. 2
art. 14 ust. 1
art. 64 ust. 7
art. 13 ust. 3
art. 56 ust. 1
art. 56 ust. 1
art. 5 ust. 3
art. 5 ust. 3
art. 87 ust. 2
art. 30 ust. 1
art. 89 ust. 1
art. 89 ust. 1
art. 89 ust. 1
art. 89 ust. 1
