
art. 1 ust. 1
art. 6 ust. 1
art. 9 ust. 1
art. 10 ust. 1
art. 10 ust. 1
art. 9 ust. 1
art. 9 ust. 1
art. 9 ust. 1
art. 38 ust. 2
art. 39 ust. 1
art. 39 ust. 2
art. 41 ust. 3
art. 30 ust. 1
art. 31 ust. 1
art. 41 ust. 3
art. 41 ust. 10
art. 40 ust. 1
art. 6 ust. 1
art. 40 ust. 2
art. 40 ust. 2
art. 40 ust. 4
art. 40 ust. 1
art. 41 ust. 1
art. 41 ust. 1
art. 38 ust. 2
art. 40 ust. 2
art. 41 ust. 2
art. 41 ust. 1
art. 40 ust. 2
art. 42 ust. 2
art. 2 
art. 8 ust. 2
art. 8 ust. 1
art. 9 ust. 2
art. 8 ust. 4
art. 19 ust. 3
art. 14 ust. 3
art. 153 ust. 1
art. 154 ust. 1
art. 155 ust. 1
art. 157 ust. 4
art. 158 ust. 1
art. 199 ust. 2
art. 200 ust. 1
art. 209 ust. 1
art. 155 ust. 2
art. 6 ust. 1
art. 6 ust. 2
art. 43 ust. 4
art. 8 ust. 6
