
art. 9 ust. 1
art. 12 ust. 4
art. 20 ust. 1
art. 21 ust. 2
art. 6 ust. 2
art. 6 ust. 6
art. 6 ust. 1
art. 7 ust. 2
art. 7 ust. 1
art. 8 ust. 3
art. 10 ust. 1
art. 19 ust. 1
art. 26 ust. 2
art. 27 ust. 5
art. 32 ust. 6
art. 40 ust. 3
art. 40 ust. 2
art. 47 ust. 5
art. 40 ust. 5
art. 20 ust. 2
art. 97 ust. 1
art. 101 ust. 1
art. 37 ust. 4
art. 37 ust. 1
art. 37 ust. 3
art. 7 ust. 2
art. 19 ust. 2
art. 21 ust. 4
art. 31 ust. 2
art. 32 ust. 1
art. 34 ust. 6
art. 43 ust. 4
art. 45 ust. 4
art. 59 ust. 3
art. 64 ust. 4
art. 72 ust. 1
art. 82 ust. 8
art. 84 ust. 5
art. 88 ust. 3
art. 88 ust. 6
art. 2 ust. 1
art. 15 ust. 4
art. 4 ust. 3
art. 7 ust. 2
art. 2 ust. 4
art. 3 ust. 1
art. 175 ust. 5
art. 177 ust. 4
art. 178 ust. 5
art. 181 ust. 4
art. 186 ust. 4
art. 191 ust. 1
art. 193 ust. 1
art. 194 ust. 1
art. 195 ust. 3
art. 196 ust. 1
art. 5 ust. 5
art. 6 ust. 3
art. 29 ust. 6
art. 86 ust. 5
art. 72 ust. 6
art. 110 ust. 2
art. 17 ust. 2
art. 27 ust. 2
art. 7 ust. 15
art. 4 ust. 4
art. 43 ust. 4
art. 18 ust. 1
art. 5 ust. 5
art. 11 ust. 4
art. 12 ust. 2
art. 8 ust. 4
art. 8 ust. 1
art. 10 ust. 4
art. 16 ust. 2
art. 49 ust. 5
art. 61 ust. 6
art. 67 ust. 2
art. 16 ust. 3
art. 41 ust. 1
art. 48 ust. 1
art. 47 ust. 1
art. 9 ust. 5
art. 11 ust. 1
art. 31 ust. 4
art. 33 ust. 3
art. 3 ust. 2
art. 6 ust. 1
art. 8 ust. 6
art. 9 ust. 6
art. 14 ust. 4
art. 15 ust. 6
art. 27 ust. 1
art. 10 ust. 4
art. 11 ust. 1
art. 8 ust. 3
art. 24 ust. 5
art. 52 ust. 3
art. 27 ust. 1
art. 12 ust. 1
art. 17 ust. 2
art. 5 ust. 3
art. 7 ust. 1
art. 12 ust. 3
art. 50 ust. 3
art. 58 ust. 1
art. 81 ust. 3
art. 5 ust. 2
art. 61 ust. 4
art. 9 ust. 2
art. 11 ust. 1
art. 4 ust. 4
art. 33 ust. 1
art. 40 ust. 5
art. 18 ust. 1
art. 21 ust. 8
art. 36 ust. 3
art. 37 ust. 8
art. 15 ust. 2
art. 18 ust. 1
art. 20 ust. 1
art. 24 ust. 2
art. 31 ust. 1
art. 33 ust. 1
art. 36 ust. 1
art. 39 ust. 1
art. 5 ust. 4
art. 6 ust. 1
art. 9 ust. 1
art. 29 ust. 3
art. 231 ust. 2
art. 231 
art. 231 ust. 2
art. 231 
art. 58 ust. 2
