
art. 1 ust. 2
art. 14 ust. 2
art. 18 ust. 3
art. 20 ust. 2
art. 30 ust. 2
art. 70 ust. 3
art. 20 ust. 5
 ust. 1
art. 20 ust. 1
art. 21 ust. 1
 ust. 3
art. 108 ust. 5
art. 22 ust. 2
art. 24 ust. 2
art. 30 ust. 1
art. 40 ust. 1
art. 111 ust. 1
art. 74 ust. 4
art. 78 ust. 1
art. 79 ust. 2
art. 89 ust. 1
art. 95 ust. 2
art. 21 ust. 1
art. 21 ust. 3
art. 1 ust. 4
art. 79 ust. 1
art. 108 ust. 5
art. 21 ust. 3
art. 111 ust. 3
art. 115 ust. 3
art. 20 ust. 1
art. 20 ust. 1
art. 94 ust. 2
art. 94 ust. 4
art. 51 ust. 1
art. 51 ust. 3
