
art. 2 ust. 4
art. 4 ust. 1
art. 6 ust. 4
art. 18 ust. 3
art. 46 ust. 2
 ust. 5
art. 6 ust. 1
art. 6 ust. 2
art. 18 ust. 1
art. 3 ust. 6
art. 3 
art. 18 ust. 3
art. 18 ust. 5
art. 36 ust. 1
art. 38 ust. 1
art. 43 ust. 2
art. 45 ust. 1
art. 36 ust. 3
art. 38 ust. 2
art. 23 ust. 4
art. 46 ust. 3
art. 38 ust. 2
art. 39 ust. 3
art. 14 ust. 1
 ust. 5
 ust. 7
art. 16 ust. 1
art. 17 ust. 3
art. 21 ust. 1
art. 22 ust. 1
art. 23 ust. 1
art. 22 ust. 1
art. 28 ust. 1
art. 31 ust. 1
art. 34 ust. 4
art. 35 ust. 3
art. 31 ust. 2
art. 33 ust. 2
art. 30 ust. 1
art. 32 ust. 3
art. 39 ust. 3
art. 34 ust. 2
art. 35 ust. 2
art. 36 ust. 1
art. 37 ust. 2
art. 403 ust. 1
art. 42 ust. 12
art. 431 ust. 3
art. 47 ust. 1
art. 15 
art. 70 ust. 1
art. 2 ust. 7
art. 4 
art. 18 ust. 11
art. 22 ust. 3
art. 22 ust. 3
art. 47 ust. 2
art. 47 ust. 2
