
art. 16 ust. 7
art. 14 ust. 3
art. 2 ust. 1
art. 9 ust. 5
art. 5 ust. 3
art. 29 ust. 3
art. 2 ust. 3
 ust. 6
art. 5 ust. 2
art. 5 ust. 5
art. 5 ust. 5
art. 5 ust. 6
art. 7 ust. 3
art. 24 ust. 1
art. 24 ust. 6
art. 9 ust. 1
art. 9 ust. 2
art. 9 ust. 1
art. 9 ust. 1
art. 9 ust. 1
art. 9 ust. 2
art. 9 ust. 1
art. 9 ust. 2
art. 9 ust. 1
art. 9 ust. 1
art. 10 ust. 5
art. 9 ust. 1
art. 9 ust. 1
art. 9 ust. 1
art. 9 ust. 1
art. 10 ust. 1
 ust. 1
 ust. 2
art. 11 ust. 4
art. 9 ust. 1
art. 13 ust. 4
art. 14 ust. 1
art. 14 ust. 3
art. 16 ust. 7
art. 14 ust. 3
art. 14 ust. 3
art. 14 ust. 3
art. 14 ust. 3
art. 16 ust. 2
art. 14 ust. 3
art. 83 ust. 2
art. 68 ust. 7
art. 14 ust. 3
art. 14 ust. 2
art. 14 ust. 3
art. 17 ust. 3
art. 16 ust. 7
art. 19 ust. 1
art. 14 ust. 3
art. 21 ust. 1
art. 22 ust. 1
art. 5 ust. 3
art. 22 ust. 4
 ust. 8
art. 22 ust. 2
art. 22 ust. 8
art. 24 ust. 1
art. 24 ust. 2
art. 32 ust. 4
art. 11 ust. 2
art. 22 ust. 1
art. 33 ust. 2
art. 34 ust. 2
art. 34 ust. 2
art. 35 ust. 2
art. 36 ust. 2
art. 36 ust. 5
art. 2 ust. 10
art. 39 ust. 1
art. 9 ust. 1
art. 41 ust. 1
art. 50 ust. 2
art. 51 ust. 9
art. 52 ust. 1
art. 54 ust. 1
art. 56 ust. 1
art. 94 ust. 5
art. 58 ust. 2
 ust. 5
art. 59 ust. 1
 ust. 2
art. 32 ust. 2
art. 62 ust. 1
art. 5 ust. 3
art. 35 ust. 2
art. 64 ust. 1
art. 66 ust. 1
art. 67 ust. 1
art. 83 ust. 2
art. 68 ust. 1
art. 83 ust. 2
art. 68 ust. 1
art. 83 ust. 2
art. 70 ust. 5
art. 71 ust. 1
art. 2 ust. 2
art. 2 ust. 3
art. 82 ust. 5
art. 2 ust. 5
art. 77 ust. 4
art. 77 ust. 3
art. 5 ust. 3
art. 78 ust. 1
art. 5 ust. 3
art. 79 ust. 1
art. 80 ust. 2
art. 82 ust. 2
art. 24 ust. 1
art. 7 ust. 3
art. 90 ust. 1
art. 90 ust. 1
art. 84 ust. 4
art. 86 ust. 1
art. 24 ust. 1
 ust. 2
art. 7 ust. 3
art. 86 ust. 2
art. 90 ust. 2
art. 14 ust. 3
art. 16 ust. 7
art. 91 ust. 2
art. 93 ust. 1
art. 93 
art. 94 ust. 1
art. 1 ust. 1
art. 9 ust. 1
art. 42 ust. 2
art. 3 ust. 3
 ust. 3
 
art. 4 ust. 2
art. 4 ust. 2
art. 141 ust. 1
art. 2 ust. 1
art. 4 ust. 4
art. 5 ust. 1
art. 14 ust. 3
art. 17 ust. 3
art. 4 ust. 6
art. 5 ust. 1
art. 5 ust. 3
art. 71 ust. 2
art. 64 ust. 3
ust. 2
ust. 1

art. 22 ust. 2
art. 22 ust. 2
art. 22 ust. 4
art. 22 ust. 2
art. 22 ust. 8
art. 62 ust. 5
art. 62 ust. 5
art. 16 ust. 5
art. 1 ust. 1
art. 1 
art. 7 ust. 3
art. 1 ust. 1
art. 1 
art. 9 ust. 3
art. 10 ust. 2
art. 22 ust. 1
art. 52 ust. 1
art. 68 ust. 1
art. 71 ust. 7
art. 78 ust. 1
art. 93 ust. 3
art. 94 ust. 2
art. 9 ust. 3
art. 10 ust. 2
art. 22 ust. 1
art. 22 ust. 8
art. 52 ust. 1
art. 68 ust. 4
art. 68 ust. 1
art. 71 ust. 7
art. 78 ust. 1
art. 93 ust. 3
art. 94 ust. 2
art. 3 ust. 4
art. 3 ust. 4
art. 4 ust. 2
art. 4 ust. 2
art. 13 ust. 5
art. 22 ust. 2
art. 24 ust. 2
art. 71 ust. 4
art. 80 ust. 2
art. 90 ust. 2
art. 1 ust. 1
art. 9 ust. 1
art. 42 ust. 3
art. 9 ust. 1
art. 14 ust. 1
art. 14 ust. 7
art. 4 ust. 2
art. 4 ust. 2
art. 5 ust. 3
art. 78 ust. 2
art. 68 ust. 2
