
art. 13 ust. 1
 ust. 1
art. 22 ust. 6
art. 22 ust. 1
art. 16 ust. 2
art. 18 ust. 1
art. 22 ust. 1
 ust. 2
art. 22 ust. 11
 ust. 9
 ust. 9
art. 22 ust. 1
art. 28 ust. 2
art. 28 ust. 2
 ust. 4
 
art. 22 ust. 21
 ust. 8
 
art. 71 ust. 10
art. 71 
 ust. 1
 
 ust. 5
art. 22 ust. 1
art. 229 ust. 18
art. 229 ust. 9
art. 28 ust. 2
art. 28 ust. 18
art. 17 ust. 7
art. 22 ust. 1
art. 22 
art. 22 ust. 1
art. 25 ust. 2
art. 19 ust. 1
art. 21 ust. 3
art. 25 ust. 1
art. 28 ust. 5
art. 65 ust. 1
art. 22 ust. 1
art. 66 ust. 1
art. 22 ust. 1
art. 3 ust. 1
art. 22 ust. 2
art. 22 ust. 2
art. 22 ust. 1
art. 22 ust. 1
art. 22 ust. 1
art. 22 ust. 1
art. 22 ust. 2
art. 22 ust. 2
art. 22 ust. 1
art. 22 ust. 2
art. 22 ust. 11
art. 22 ust. 21
art. 22 ust. 11
art. 22 ust. 21
