
art. 2 ust. 1
art. 2 ust. 1
art. 2 ust. 1
art. 2 ust. 1
art. 2 ust. 1
art. 2 ust. 1
art. 2 ust. 1
art. 11 ust. 3
art. 111 ust. 1
art. 111 
 ust. 1
art. 17 ust. 1
art. 19 ust. 1
art. 191 ust. 1
art. 21 ust. 3
art. 25 ust. 1
art. 74 ust. 1
art. 74 
 ust. 6
art. 251 ust. 1
art. 252 ust. 1
art. 252 
art. 253 ust. 1
art. 253 
art. 3 ust. 1
art. 3 
art. 3 ust. 3
art. 3 
art. 253 ust. 1
art. 3 ust. 3
art. 3 
art. 253 ust. 1
art. 3 ust. 3
art. 3 
art. 27 ust. 2
art. 28 ust. 1
art. 29 ust. 1
art. 2 ust. 1
art. 3 ust. 1
art. 3 
art. 8 ust. 2
art. 253 ust. 1
art. 31 ust. 1
 ust. 4
art. 32 ust. 1
art. 5 ust. 7
art. 253 ust. 1
art. 253 ust. 1
art. 33 ust. 1
art. 31 ust. 1
art. 34 ust. 2
art. 31 ust. 4
art. 253 ust. 1
art. 32 ust. 1
art. 32 ust. 3
art. 32 ust. 3
art. 253 ust. 1
art. 32 ust. 1
art. 35 ust. 1
art. 3 ust. 1
art. 261 ust. 1
art. 261 ust. 3
art. 341 ust. 1
art. 341 ust. 1
art. 24 ust. 1
art. 341 ust. 2
art. 342 ust. 1
art. 36 ust. 1
art. 39 ust. 1
art. 253 ust. 1
art. 252 ust. 1
art. 253 ust. 1
art. 253 ust. 3
art. 251 ust. 2
art. 252 ust. 1
art. 252 ust. 1
art. 253 ust. 1
art. 253 ust. 1
art. 252 ust. 1
art. 252 ust. 1
art. 1 ust. 2
art. 21 ust. 1
art. 21 
 ust. 1
art. 16 ust. 1
art. 19 ust. 1
art. 2 ust. 5
art. 16 ust. 4
art. 253 ust. 1
art. 8 ust. 2
art. 27 ust. 1
art. 30 ust. 6
art. 8 ust. 2
art. 253 ust. 1
art. 253 ust. 3
art. 3 ust. 3
art. 253 ust. 1
art. 23 ust. 1
art. 253 ust. 1
art. 11 ust. 8
art. 253 ust. 1
art. 65 ust. 1
art. 253 
art. 253 ust. 3
art. 41 ust. 1
art. 253 ust. 1
art. 253 ust. 3
art. 10 ust. 1
art. 253 ust. 1
art. 253 ust. 3
art. 4 ust. 1
art. 253 ust. 1
art. 1 ust. 1
art. 23 ust. 2
art. 11 ust. 3
art. 11 
art. 24 ust. 2
art. 11 ust. 3
art. 11 
art. 44 ust. 1
art. 19 ust. 1
art. 16 ust. 1
art. 25 ust. 1
art. 31 ust. 1
art. 32 ust. 2
art. 25 ust. 1
