
art. 42 ust. 3
art. 44 ust. 1
art. 45 ust. 1
art. 46 ust. 3
art. 45 ust. 1
art. 46 ust. 3
art. 47 ust. 1
art. 45 ust. 1
art. 46 ust. 3
art. 47 ust. 1
art. 45 ust. 1
art. 46 ust. 3
art. 47 ust. 1
art. 85 ust. 1
art. 45 ust. 1
art. 46 ust. 3
art. 44 ust. 1
art. 44 ust. 1
art. 44 ust. 1
art. 45 ust. 1
art. 46 ust. 3
art. 45 ust. 1
art. 46 ust. 3
art. 47 ust. 3
art. 47 ust. 3
art. 85 ust. 3
art. 85 ust. 1
art. 45 ust. 1
art. 46 ust. 3
art. 47 ust. 1
art. 45 ust. 1
art. 46 ust. 3
art. 47 ust. 1
art. 48 ust. 3
art. 61 ust. 1
