
art. 4 ust. 2
art. 15 ust. 3
art. 44 ust. 2
art. 18 ust. 1
art. 39 ust. 1
art. 18 ust. 1
art. 6 ust. 3
art. 5 ust. 6
art. 25 ust. 4
art. 18 ust. 1
art. 18 ust. 1
art. 18 ust. 1
art. 25 ust. 1
art. 18 ust. 1
art. 5 ust. 1
art. 5 ust. 2
art. 11 ust. 2
art. 12 ust. 1
art. 13 ust. 1
art. 52 ust. 1
art. 18 ust. 1
art. 19 ust. 7
art. 23 ust. 1
art. 23 ust. 1
art. 25 ust. 6
art. 18 ust. 1
art. 28 ust. 1
art. 23 ust. 1
art. 5 ust. 1
art. 42 ust. 3
art. 18 
art. 18 ust. 4
art. 18 ust. 4
art. 2 ust. 1
art. 2 
art. 5 ust. 1
art. 37 ust. 1
art. 37 ust. 2
art. 14 ust. 1
art. 13 ust. 1
art. 52 ust. 2
art. 13 ust. 1
art. 15 ust. 3
art. 18 ust. 1
art. 42 ust. 3
art. 19 ust. 7
art. 42 ust. 3
 ust. 5
 
art. 42 ust. 3
art. 19 ust. 1
art. 18 ust. 1
art. 18 ust. 1
art. 18 ust. 7
art. 18 ust. 1
art. 18 ust. 1
 ust. 7
art. 18 ust. 1
art. 18 ust. 1
 ust. 8
art. 23 ust. 1
 ust. 1
art. 25 ust. 1
art. 8 ust. 4
art. 8 
 ust. 5
art. 6 ust. 1
 ust. 1
art. 26 ust. 2
 ust. 3
art. 187 ust. 3
art. 187 
art. 2 ust. 3
 ust. 4
art. 27 ust. 1
art. 13 ust. 1
art. 13 ust. 1
art. 29 ust. 1
art. 30 ust. 1
art. 34 ust. 1
art. 18 ust. 1
 ust. 3
art. 8 ust. 1
art. 37 ust. 3
art. 42 ust. 2
art. 41 ust. 1
art. 47 ust. 1
art. 50 ust. 1
art. 50 ust. 1
art. 50 ust. 2
art. 50 ust. 3
art. 50 ust. 1
art. 52 ust. 2
art. 27 ust. 3
art. 30 ust. 1
art. 37 ust. 2
art. 38 ust. 2
art. 27 ust. 2
art. 40 ust. 2
art. 37 ust. 2
art. 41 ust. 4
art. 49 ust. 1
art. 11 ust. 11
art. 18 ust. 1
art. 13 ust. 2
art. 27 ust. 4
art. 33 ust. 2
art. 27 ust. 3
art. 34 ust. 4
art. 41 ust. 1
art. 39 ust. 2
art. 43 ust. 7
art. 91 ust. 5
art. 4 ust. 6
art. 4 ust. 3
