
art. 8 ust. 5
art. 8 ust. 5
art. 8 ust. 2
 ust. 6
art. 8 ust. 1
art. 16 ust. 2
art. 16 ust. 3
art. 10 ust. 2
art. 11 ust. 2
art. 12 ust. 3
art. 13 ust. 1
art. 14 ust. 2
art. 16 ust. 1
art. 5 ust. 1
art. 3 ust. 1
art. 3 
art. 18 ust. 1
art. 16 ust. 1
art. 14 ust. 2
art. 20 ust. 1
art. 21 ust. 1
art. 8 
art. 22 ust. 3
art. 22 ust. 1
art. 8 ust. 4
art. 21 ust. 1
art. 24 ust. 7
art. 24 ust. 3
art. 24 ust. 2
art. 26 ust. 1
art. 21 ust. 1
art. 22 ust. 3
art. 56 ust. 1
art. 231 ust. 1
art. 231 
art. 12 ust. 3
art. 14 ust. 2
art. 5 
