
art. 28 ust. 1
art. 153 ust. 7
art. 115 ust. 1
art. 55 ust. 2
art. 55 ust. 2
art. 55 ust. 2
art. 55 ust. 2
art. 55 ust. 1
art. 14 ust. 2
art. 14 
art. 56 ust. 1
art. 28 ust. 1
 ust. 6
art. 57 ust. 1
art. 142 ust. 2
art. 146 ust. 1
art. 56 ust. 1
art. 55 ust. 2
art. 55 ust. 2
art. 69 ust. 1
art. 55 ust. 2
art. 153 ust. 7
art. 55 ust. 2
art. 55 ust. 2
art. 55 ust. 2
art. 7 ust. 1
art. 6 ust. 1
art. 55 ust. 2
art. 4 ust. 1
art. 55 ust. 2
art. 26 ust. 4
art. 42 ust. 1
art. 55 ust. 2
art. 46 ust. 3
art. 55 ust. 2
art. 56 ust. 1
art. 28 ust. 1
art. 55 ust. 6
art. 55 ust. 6
art. 55 ust. 2
art. 55 ust. 2
