
art. 1 ust. 2
art. 34 ust. 1
art. 6 ust. 4
art. 5 ust. 1
art. 8 ust. 7
art. 52 ust. 1
art. 5 ust. 1
art. 6 ust. 1
art. 23 ust. 1
art. 36 ust. 1
art. 3 ust. 3
art. 3 ust. 3
art. 9 ust. 1
art. 9 ust. 1
art. 9 ust. 2
art. 9 ust. 1
art. 8 ust. 4
art. 8 ust. 4
art. 8 ust. 4
art. 8 ust. 4
art. 23 ust. 1
art. 14 ust. 2
art. 17 ust. 2
art. 14 ust. 2
art. 18 ust. 2
art. 32 ust. 1
 ust. 1
art. 3 ust. 3
art. 5 ust. 1
art. 24 ust. 1
art. 23 ust. 1
art. 23 ust. 1
art. 3 ust. 3
art. 23 ust. 1
art. 24 ust. 1
art. 24 ust. 3
art. 12 ust. 2
art. 31 ust. 1
art. 3 ust. 3
art. 10 ust. 6
art. 23 ust. 5
art. 19 ust. 7
art. 23 ust. 8
art. 27 ust. 6
art. 27 ust. 3
art. 28 ust. 1
art. 29 ust. 1
art. 33 ust. 1
art. 35 ust. 1
art. 36 ust. 2
art. 22 ust. 6
art. 22 ust. 1
art. 27 ust. 2
art. 27 ust. 2
art. 27 ust. 4
art. 27 
art. 33 ust. 2
art. 33 ust. 1
art. 23 ust. 2
art. 27 ust. 3
art. 33 ust. 1
art. 27 ust. 4
art. 23 ust. 1
art. 27 ust. 1
art. 29 ust. 3
art. 33 ust. 1
art. 3 ust. 3
art. 34 ust. 4
art. 34 ust. 1
art. 39 ust. 1
art. 18 ust. 1
art. 5 ust. 1
art. 21 ust. 2
art. 21 ust. 1
art. 88 ust. 1
art. 34 ust. 1
art. 22 ust. 9
art. 27 ust. 2
art. 27 ust. 4
art. 33 ust. 2
art. 33 ust. 1
art. 23 ust. 1
 ust. 1
art. 169 ust. 6
art. 27 ust. 1
art. 231 ust. 2
art. 231 
art. 10 ust. 6
art. 19 ust. 7
art. 23 ust. 5
art. 27 ust. 10
art. 27 ust. 6
art. 27 ust. 3
art. 10 ust. 6
art. 19 ust. 7
art. 27 ust. 10
art. 27 ust. 6
art. 27 ust. 3
art. 36 ust. 1
art. 8 ust. 5
art. 12 ust. 1
art. 14 ust. 2
art. 17 ust. 1
art. 19 ust. 1
art. 3 ust. 3
art. 39 ust. 1
art. 43 ust. 1
