
art. 2 ust. 1
art. 762 ust. 6
art. 759 ust. 2
art. 11 ust. 2
art. 8 ust. 5
art. 11 ust. 8
art. 11 
art. 39 ust. 2
art. 10 ust. 1
art. 10 
art. 8 ust. 1
art. 11 ust. 1
art. 10 ust. 1
art. 12 ust. 1
art. 10 ust. 1
art. 13 ust. 4
art. 14 ust. 1
art. 15 ust. 1
art. 15 
art. 24 ust. 2
art. 17 ust. 1
art. 20 ust. 3
art. 24 ust. 1
art. 24 ust. 2
art. 15 ust. 1
art. 27 ust. 4
art. 10 ust. 1
art. 29 ust. 1
art. 11 ust. 1
art. 11 ust. 5

art. 29 ust. 1
art. 29 
art. 29 
art. 30 ust. 1
art. 30 
art. 30 ust. 1
art. 10 ust. 5
art. 29 ust. 3
art. 29 ust. 2
ust. 1

art. 10 ust. 1
art. 10 ust. 1
art. 11 ust. 1
art. 32 ust. 1
art. 32 
art. 32 ust. 1
art. 33 ust. 1
art. 5 ust. 7
 ust. 1
art. 33 ust. 2
art. 30 ust. 2
art. 36 ust. 2
art. 29 ust. 3
art. 37 ust. 1
art. 39 ust. 2
art. 8 ust. 11
art. 40 ust. 3
art. 40 ust. 2
art. 49 
art. 823 ust. 2
art. 49 ust. 1
art. 7971 ust. 1
 ust. 1
art. 49 ust. 3
art. 63 ust. 2
art. 64 ust. 3
art. 66 ust. 2
art. 72 ust. 1
art. 75 ust. 2
art. 78 ust. 1
art. 85 ust. 1
art. 85 
art. 86 ust. 3
art. 93 ust. 1
art. 85 ust. 1
art. 15 
art. 105 ust. 1
art. 50 ust. 8
 ust. 10
art. 54 ust. 1
art. 19 ust. 2
art. 10 ust. 1
art. 66 ust. 3
art. 66 ust. 3
