
art. 1 ust. 1
art. 2 ust. 1
art. 26 ust. 2
art. 3 ust. 2
art. 5 ust. 1
art. 12 ust 1
art. 16 ust. 1
art. 16 ust. 2
art. 16 ust. 3
art. 16 ust. 1
art. 26 ust. 1
art. 27 ust. 1
art. 16 ust. 1
art. 17 ust. 8
art. 18 ust. 6
art. 20 ust. 1
art. 22 ust. 6
art. 25 ust. 3
art. 27 ust. 7
art. 25 ust. 1
art. 31 ust. 1
art. 25 ust. 1
art. 27 ust. 7
art. 31 ust. 1
art. 29 ust. 1
art. 25 ust. 8
art. 25 ust. 11
art. 25 ust. 11
art. 27 ust. 1
art. 26 ust. 4
art. 26 ust. 5
art. 26 ust. 8
art. 26 ust. 1
art. 26 ust. 1
art. 26 ust. 2
art. 26 ust. 4
 ust. 6
art. 26 ust. 2
art. 26 ust. 2
art. 26 ust. 4
art. 26 ust. 4
art. 26 ust. 2
art. 28 ust. 3
art. 31 ust. 1
art. 26 ust. 8
art. 26 ust. 6
art. 29 ust. 1
art. 34 ust. 4
 ust. 1
art. 34 ust. 1
art. 35 ust. 1
art. 26 ust. 4
art. 31 ust. 1
art. 31 
art. 26 ust. 2
art. 16 ust. 1
art. 26 ust. 4
art. 36 ust. 1
art. 37 ust. 1
art. 36 ust. 1
art. 37 ust. 1
art. 36 ust. 1
art. 37 ust. 1
art. 36 ust. 1
art. 37 ust. 1
art. 36 ust. 1
art. 37 ust. 1
art. 36 ust. 1
art. 37 ust. 1
art. 34 ust. 1
art. 37 ust. 2
art. 37 ust. 3
art. 39 ust. 3
art. 26 ust. 2
art. 26 ust. 1
art. 41 ust. 6
art. 26 ust. 1
art. 36 ust. 4
art. 42 ust. 3
ust. 1

art. 26 ust. 1
art. 22 ust. 6
art. 35 ust. 11
art. 36 ust. 7
art. 22 ust. 6
art. 35 ust. 11
art. 36 ust. 7
art. 27 ust. 6
art. 37 ust.11
art. 27 ust. 6
art. 37 ust. 11
