
art. 61 ust. 1
ust. 1
art. 25 ust. 1
art. 32 ust. 1
art. 32 ust. 1
art. 32 ust. 1
art. 2 ust. 1
ust. 1
art. 42 ust. 2
art. 47 ust. 2
art. 47 ust. 2
art. 41 ust. 3
ust. 1
ust. 1

 ust. 1
art. 82 ust. 2
art. 82 ust. 2
art. 80 ust. 1
art. 80 
ust. 1

art. 85 ust. 3
ust. 1
art. 79 ust. 5
art. 79 ust. 5
art. 31 ust. 1
art. 2 ust. 1
art. 49 ust. 4
art. 18 ust. 1
art. 105 ust. 1
art. 19 ust. 2
art. 8 ust. 1
art. 281 ust. 1
art. 9 ust. 1
ust. 2

art. 111 ust. 1
art. 111 
art. 49 ust. 4
art. 105 ust. 1
art. 19 ust. 2
art. 281 ust. 1
art. 9 ust. 1
