
art. 3 ust. 3
art. 4 ust. 3
 ust. 3
art. 6 ust. 1
art. 6 ust. 1
art. 6 ust. 7
art. 6 ust. 3
art. 7 ust. 3
 ust. 5
art. 8 ust. 1
 ust. 5
art. 9 ust. 1
art. 6 ust. 2
art. 9 ust. 2
art. 10 ust. 1
art. 10 ust. 1
art. 11 ust. 3
art. 12 ust. 1
art. 13 ust. 1
art. 6 ust. 1
art. 6 ust. 1
art. 14 ust. 1
art. 19 ust. 2
art. 29 ust. 1
art. 15 ust. 2
art. 16 ust. 2
 ust. 1
art. 18 ust. 1
art. 17 ust. 2
art. 18 ust. 2
art. 22 ust. 3
art. 10 ust. 4
art. 12 ust. 4
art. 24 ust. 3
art. 31 ust. 2
art. 33 ust. 1
art. 37 ust. 3
art. 38 ust. 1
art. 39 ust. 1
art. 39 
art. 39 ust. 1
art. 43 ust. 1
