
art. 2 ust. 1
art. 68 ust. 1
art. 68 
art. 68 ust. 1
art. 66 ust. 1
art. 66 ust. 2
art. 66 ust. 1
art. 66 ust. 2
art. 20 ust. 1
art. 10 ust. 1
art. 7 ust. 1
art. 9 ust. 2
art. 11 ust. 1
art. 15 ust. 3
art. 187 ust. 1
art. 94 ust. 1
art. 94 
art. 2 ust. 1
art. 15 ust. 2
art. 16 ust. 1
art. 21 ust. 1
art. 44 ust. 3
art. 44 
art. 23 ust. 1
art. 20 ust. 1
art. 190 ust. 1
art. 190 ust. 1
art. 12 ust. 2
art. 12 
art. 25 ust. 1
art. 25 
art. 25 ust. 2
art. 26 ust. 1
art. 25 ust. 3
art. 26 ust. 1
art. 36 ust. 4
art. 4 ust. 4
art. 4 
art. 4 ust. 2
art. 7 ust. 5
art. 7 
art. 39 ust. 1
art. 37 ust. 2
art. 39 ust. 1
art. 38 ust. 4
art. 36 ust. 5
art. 37 ust. 2
art. 36 ust. 1
art. 37 ust. 1
art. 36 ust. 5
art. 37 ust. 2
art. 39 ust. 1
art. 36 ust. 5
art. 37 ust. 2
art. 36 ust. 5
art. 37 ust. 2
art. 36 ust. 5
art. 37 ust. 2
art. 36 ust. 5
art. 37 ust. 2
art. 36 ust. 5
art. 37 ust. 2
art. 36 ust. 5
art. 37 ust. 2
art. 36 ust. 5
art. 37 ust. 2
art. 36 ust. 5
art. 37 ust. 2
art. 36 ust. 5
art. 37 ust. 2
art. 6 ust. 1
art. 5 ust. 4
art. 36 ust. 5
art. 37 ust. 2
art. 5 ust. 4
art. 5 ust. 4
art. 36 ust. 5
art. 37 ust. 2
art. 20 ust. 2
art. 20 
art. 39 ust. 2
art. 39 ust. 3
art. 39 ust. 5
art. 39 ust. 3
art. 39 ust. 1
art. 38 ust. 1
art. 36 ust. 5
art. 44 ust. 5
art. 45 ust. 5
art. 46 ust. 1
art. 43 ust. 1
art. 48 ust. 4
art. 49 ust. 3
 ust. 6
art. 109 ust. 9
art. 51 ust. 1
art. 66 ust. 1
art. 67 ust. 7
art. 49 ust. 9
art. 53 ust. 1
art. 50 ust. 2
art. 2 ust. 1
art. 12 ust. 1
art. 12 
art. 7 ust. 2
art. 7 ust. 2
art. 32 ust. 1
art. 57 ust. 2
art. 63 
art. 189 ust. 1
art. 63 ust. 1
art. 64 ust. 1
art. 5 ust. 6
art. 66 ust. 1
art. 68 ust. 1
art. 66 ust. 1
art. 66 ust. 1
art. 13 ust. 2
art. 69 ust. 3
art. 66 ust. 1
art. 66 ust. 1
art. 75 ust. 3
art. 66 ust. 1
art. 66 ust. 1
art. 77 ust. 2
art. 3 ust. 2
art. 80 ust. 2
art. 66 ust. 1
art. 66 ust. 1
art. 81 ust. 8
art. 66 ust. 1
art. 66 ust. 1
art. 66 ust. 1
art. 66 ust. 1
art. 82 ust. 2
art. 66 ust. 1
art. 83 ust. 4
art. 84 ust. 3
art. 85 ust. 16
art. 66 ust. 1
art. 87 ust. 7
art. 188 ust. 4
art. 77 ust. 1
art. 188 ust. 4
art. 77 ust. 1
art. 97 ust. 3
art. 2 ust. 1
art. 26 ust. 3
art. 11 ust. 1
art. 11 ust. 1
art. 117 ust. 1
art. 99 ust. 1
art. 112 ust. 1
art. 100 ust. 1
art. 129 ust. 2
art. 102 ust. 3
art. 120 ust. 1
art. 103 ust. 6
art. 112 ust. 1
art. 106 ust. 7
art. 112 ust. 1
art. 107 ust. 1
art. 68 ust. 6
art. 112 ust. 1
art. 108 ust. 1
art. 2 ust. 1
art. 33 ust. 1
art. 109 ust. 3
art. 112 ust. 1
art. 116 ust. 1
art. 97 ust. 3
art. 117 ust. 1
art. 97 ust. 3
art. 117 ust. 1
art. 121 ust. 3
art. 123 ust. 3
art. 121 ust. 3
art. 123 ust. 3
art. 120 ust. 1
art. 121 ust. 1
art. 121 ust. 4
art. 121 ust. 1
art. 121 ust. 5
art. 123 
art. 118 ust. 2
art. 118 ust. 2
art. 118 ust. 4
art. 129 ust. 3
art. 118 
art. 117 ust. 1
art. 118 ust. 2
art. 117 ust. 1
art. 118 ust. 2
art. 121 ust. 3
art. 123 ust. 3
art. 126 ust. 1
art. 128 ust. 4
art. 118 
art. 118 ust. 2
art. 124 ust. 11
art. 118 ust. 1
art. 118 ust. 4
art. 118 ust. 2
art. 130 ust. 1
art. 126 ust. 4
art. 135 ust. 2
art. 136 ust. 1
art. 137 ust. 1
art. 146 ust. 1
art. 149 ust. 1
art. 146 ust. 1
art. 150 ust. 1
art. 153 ust. 3
art. 154 ust. 4
art. 145 ust. 6
art. 158 ust. 2
art. 161 ust. 2
art. 165 ust. 1
art. 163 ust. 1
art. 163 ust. 1
art. 163 ust. 1
art. 128 ust. 5
art. 165 ust. 1
art. 165 ust. 1
art. 170 ust. 1
art. 165 ust. 1
art. 163 ust. 1
art. 165 ust. 1
art. 170 ust. 1
art. 163 ust. 1
art. 173 ust. 1
 ust. 10
 
art. 181 ust. 2
art. 163 ust. 2
art. 187 ust. 1
art. 188 ust. 1
art. 2 ust. 1
art. 116 ust. 1
art. 2 ust. 1
art. 97 ust. 3
art. 2 ust. 1
art. 43 ust. 1
art. 44 ust. 1
art. 45 
art. 46 ust. 1
art. 2 ust. 1
art. 190 ust. 1
art. 192 ust. 1
art. 192 ust. 1
art. 54 ust. 2
art. 67 ust. 6
art. 25 ust. 1
art. 2 ust. 3
art. 5 ust. 4
art. 7 ust. 1
art. 7 ust. 3
art. 42 ust. 1
art. 7 
art. 6 ust. 1
art. 39 ust. 7
art. 6 ust. 1
art. 7 ust. 2
art. 6 ust. 1
art. 39 ust. 1
art. 5 ust. 1
art. 5 ust. 1
art. 7 ust. 3
art. 5 ust. 1
art. 5 ust. 1
art. 7 ust. 3
art. 28 ust. 1
art. 7 ust. 2
art. 103 ust. 2
art. 16 ust. 1
art. 1 ust. 1
art. 1 
art. 1 ust. 1
art. 39 ust. 1
art. 39 ust. 2
art. 1 ust. 1
art. 1 
art. 39 ust. 4
art. 1 ust. 1
art. 39 ust. 2
art. 39 ust. 2
art. 1 ust. 1
art. 1 
art. 2 ust. 1
art. 2 
 ust. 1
art. 124 ust. 7
art. 129 ust. 6
art. 118 ust. 2
art. 11 ust. 1
art. 99 ust. 1
art. 13 ust. 4
art. 36 ust. 5
art. 38 ust. 6
art. 39 ust. 9
art. 49 ust. 5
art. 190 ust. 1
art. 36 ust. 5
art. 37 ust. 2
art. 38 ust. 6
art. 39 ust. 9
art. 49 ust. 9
art. 137 
art. 190 ust. 1
art. 5 ust. 4
art. 5 ust. 4
art. 66 ust. 1
art. 75 ust. 17
art. 77 ust. 3
art. 81 ust. 8
art. 82 ust. 2
art. 84 ust. 3
art. 87 ust. 7
art. 118 ust. 1
art. 124 ust. 1
art. 129 ust. 1
art. 118 ust. 2
art. 124 ust. 10
art. 129 ust. 5
