
art. 1 ust. 1
art. 27 ust. 1
art. 24 ust. 1
art. 2 ust. 1
art. 91 ust. 1
art. 3 ust. 1
art. 4 ust. 3
art. 23 ust. 1
art. 7 ust. 2
art. 10 ust. 2
art. 10 ust. 2
art. 7 ust. 1
art. 11 ust. 4
art. 15 ust. 1
art. 15 ust. 1
art. 15 ust. 5
art. 8 ust. 1
art. 10 ust. 2
art. 36 ust. 1
 ust. 3
art. 11 ust. 1
art. 17 ust. 3
art. 20 ust. 10
art. 20 ust. 3
art. 21 ust. 7
art. 36 ust. 1
art. 21 ust. 3
art. 23 ust. 1
art. 29 ust. 3
art. 33 ust. 1
art. 36 ust. 1
art. 23 ust. 1
art. 24 ust. 1
art. 29 ust. 3
art. 33 ust. 1
art. 35 ust. 8
art. 233 ust. 10
art. 233 
art. 8 ust. 1
art. 8 ust. 1
art. 8 ust. 1
art. 23 ust. 1
art. 23 ust. 1
 ust. 1
art. 108 ust. 1
art. 31 ust. 1
art. 31 ust. 1
art. 36 ust. 1
art. 35 ust. 6
art. 24 ust. 1
art. 36 ust. 1
art. 24 ust. 1
art. 29 ust. 2
 ust. 2
art. 31 ust. 1
art. 33 ust. 1
art. 36 ust. 1
art. 24 ust. 7
art. 36 ust. 1
art. 33 ust. 1
art. 35 ust. 2
art. 4 ust. 8
art. 4 ust. 1
art. 36 ust. 1
art. 21 ust. 8
ust. 1
art. 10 ust. 1
art. 27 ust. 1
art. 36 ust. 1
art. 36 
art. 36 ust. 1
art. 31 ust. 1
art. 15 ust. 1
art. 16 ust. 1
art. 20 ust. 1
art. 31 ust. 1
art. 31 ust. 1
art. 4 
art. 31 ust. 1
art. 36 ust. 1
art. 36 ust. 6
art. 36 ust. 1
art. 19 ust. 3
art. 107 ust. 2
art. 107 ust. 2
art. 36 ust. 1
art. 37 ust. 4
art. 37 ust. 3
art. 37 ust. 4
art. 37 ust. 1
art. 37 ust. 1
art. 37 
art. 68 ust. 4
art. 78 ust. 1
art. 81 ust. 1
art. 89 ust. 4
art. 91 ust. 2
art. 119 ust. 1
art. 22 ust. 2
art. 122 ust. 3
art. 37 ust. 2
art. 122 ust. 2
art. 37 ust. 2
art. 37 ust. 1
art. 37 ust. 4
art. 37 ust. 1
art. 129 ust. 2
art. 24 ust. 1
art. 36 ust. 1
art. 24 ust. 6
art. 36 ust. 1
art. 133 ust. 1
art. 24 ust. 3
art. 36 ust. 1
art. 7 ust. 1
art. 2 ust. 1
art. 5 ust. 1
art. 45 ust. 1
art. 27 ust. 1
art. 16 ust. 1
art. 11 ust. 1
art. 4 ust. 3
art. 4 ust. 1
art. 6 ust. 1
art. 10 ust. 2
art. 18 ust. 1
art. 1 ust. 2
art. 1 
art. 31 ust. 1
art. 36 ust. 1
art. 1 ust. 1
art. 1 
art. 24 ust. 2
art. 36 ust. 1
art. 24 ust. 2
art. 36 ust. 1
