
art. 59 ust. 2
art. 62 ust. 1
art. 59 ust. 2
art. 62 ust. 1
art. 59 ust. 2
art. 59 ust. 2
art. 59 ust. 2
art. 62 ust. 2
art. 62 
art. 59 ust. 2
art. 58 ust. 2
art. 92 ust. 1
 ust. 1
art. 62 ust. 4
art. 62 ust. 2
art. 75 ust. 2
art. 76 ust. 1
art. 75 ust. 1
art. 75 
art. 89 ust. 3
art. 92 ust. 1
art. 92 ust. 1
art. 94 ust. 1
art. 92 ust. 1
art. 62 ust. 4
art. 76 ust. 3
art. 76 ust. 4
art. 92 ust. 1
art. 93 ust. 1
art. 117 ust. 1
art. 14 ust. 1
art. 18 ust. 3
art. 14 ust. 1
art. 19 ust. 1
art. 14 ust. 1
art. 2 ust. 6
art. 4 ust. 1
art. 74 ust. 1
art. 94 ust. 2
