
art. 22 ust. 1
ust. 2
art. 13 ust. 1
art. 22 ust. 1
art. 24 ust. 1
ust. 1
art. 44 ust. 1
 ust. 4
ust. 2
 ust. 1
 
art. 43 ust. 2
art. 46 ust. 1
ust. 1
art. 44 ust. 1
art. 20 ust. 3
art. 4 ust. 4
 ust. 2
 ust. 2
art. 112 ust. 5
art. 52 ust. 3
 ust. 1
 
art. 54 ust. 1
 ust. 1
 ust. 1
art. 10 ust. 1
ust. 3

art. 62 ust. 1
art. 60 ust. 5
 ust. 7
 
art. 62 ust. 1
art. 62 ust. 3
art. 62 ust. 11
ust. 3

ust. 2

art. 3 ust. 3
art. 73 ust. 2
art. 73 ust. 2
ust. 1
art. 71 ust. 2
art. 83 ust. 5
art. 92 ust. 2
art. 96 ust. 6
art. 73 ust. 5
ust. 3

ust. 1

art. 25 ust. 1
art. 90 ust. 1
art. 62 ust. 12
art. 94 ust. 1
art. 111 ust. 1
art. 95 ust. 2
art. 94 ust. 3
art. 95 ust. 1
art. 94 ust. 5
art. 81 ust. 1
art. 94 ust. 1
art. 95 ust. 1
art. 113 ust. 2
art. 98 ust. 1
ust. 1

art. 72 ust. 1
art. 94 ust. 1
ust. 3
 ust. 1
 ust. 1
art. 45 ust. 1
art. 44 ust. 1
art. 44 ust. 1
art. 111 ust. 2
art. 112 ust. 2
art. 112 ust. 1
art. 119 ust. 1
art. 114 ust. 2
art. 124 ust. 4
ust. 2
art. 2 ust. 1
art. 30 ust. 2
art. 38 ust. 2
art. 45 ust. 1
art. 66 ust. 2
art. 26 ust. 2
art. 128 ust. 1
art. 131 ust. 1
art. 134 ust. 1
 ust. 1
art. 135 ust. 1
art. 44 ust. 1
art. 8 ust. 1
ust. 2

art. 143 ust. 2
art. 48 ust. 2
art. 48 ust. 2
art. 21 ust. 2
art. 24 ust. 1
art. 111 ust. 3
art. 111 
art. 58 ust. 1
art. 74 ust. 1
art. 78 ust. 1
art. 103 ust. 1
art. 2 ust. 2
art. 3 ust. 2
art. 4 ust. 1
art. 8 ust. 1
art. 9 ust. 5
art. 27 ust. 1
art. 30 ust. 2
art. 31 ust. 2
art. 33 ust. 2
art. 40 ust. 2
art. 43 ust. 1
art. 27 ust. 1
art. 27 ust. 1
art. 27 ust. 2
art. 27 ust. 2
art. 41 ust. 2
art. 43 ust. 1
art. 32 ust. 2
art. 32 ust. 2
art. 42 ust. 1
art. 32 ust. 1
art. 45 ust. 2
art. 3 ust. 1
art. 6 ust. 1
art. 6 
art. 18 ust. 1
art. 18 
art. 19 ust. 1
art. 22 ust. 1
art. 21 ust. 1
art. 22 ust. 1
art. 21 ust. 1
art. 23 ust. 1
art. 58 ust. 5
art. 24 ust. 3
art. 25 ust. 1
art. 49 ust. 1
art. 23 ust. 1
art. 49 ust. 1
art. 26 ust. 1
art. 41 ust. 1
art. 23 ust. 1
art. 44 ust. 1
art. 47 ust. 7
art. 49 ust. 1
art. 26 ust. 2
art. 24 ust. 1
art. 51 ust. 1
art. 52 ust. 2
art. 7 ust. 1
art. 8 ust. 6
art. 22 ust. 1
art. 59 ust. 2
art. 88 ust. 3
art. 22 ust. 1
art. 99 ust. 1
art. 2 ust. 2
art. 8 ust. 3
 ust. 1
art. 82 ust. 1
art. 44 ust. 1
art. 189 ust. 3
art. 31 ust. 1
art. 176 ust. 1
art. 176 ust. 1
art. 71 ust. 2
art. 4 ust. 4
art. 78 ust. 4
