
art. 1 ust. 1
art. 38 ust. 1
art. 1 ust. 2
art. 1 ust. 2
art. 148 ust. 2
art. 1 ust. 2
art. 168 ust. 4
art. 1 ust. 2
art. 148 
art. 168 ust. 4
art. 148 ust. 3
art. 168 ust. 5
art. 38 ust. 1
art. 148 ust. 2
art. 168 ust. 4
art. 5 ust. 2
art. 5 ust. 1
art. 23 ust. 1
art. 4 ust. 1
art. 23 ust. 6
art. 4 ust. 1
art. 23 ust. 1
art. 4 ust. 1
art. 5 ust. 2
art. 5 ust. 1
art. 23 ust. 8
art. 23 ust. 3
art. 38 ust. 1
art. 23 ust. 10
art. 23 ust. 10
art. 5 ust. 1
art. 5 ust. 1
art. 5 ust. 1
art. 40 ust. 1
art. 38 ust. 1
art. 38 ust. 1
art. 29 ust. 1
 ust. 1
art. 38 ust. 1
art. 38 ust. 1
art. 148 ust. 2
art. 168 
art. 29 ust. 1
art. 38 ust. 1
art. 38 ust. 1
art. 148 ust. 2
art. 1 ust. 2
art. 168 ust. 4
art. 1 ust. 2
art. 29 ust. 1
art. 38 ust. 1
art. 38 ust. 1
art. 1 ust. 2
art. 29 ust. 1
art. 38 ust. 1
art. 29 ust. 1
art. 40 ust. 1
art. 40 ust. 1
art. 38 ust. 1
art. 9 ust. 1
art. 3 ust. 1
art. 45 ust. 2
 ust. 2
 
art. 55 ust. 2
art. 9 ust. 2
art. 9 ust. 3
art. 10 ust. 1
art. 6 ust. 1
art. 38 ust. 1
art. 38 ust. 1
art. 38 ust. 3
art. 38 ust. 1
art. 38 ust. 1
art. 40 ust. 1
art. 38 ust. 3
art. 38 ust. 2
art. 38 ust. 1
art. 38 ust. 1
art. 40 ust. 1
art. 2 ust. 1
art. 151 ust. 2
art. 42 ust. 1
art. 42 
art. 43 ust. 1
art. 48 ust. 1
art. 48 ust. 2
art. 48 ust. 2
art. 48 ust. 1
art. 48 ust. 1
art. 48 ust. 1
art. 54 ust. 1
art. 55 ust. 4
art. 6 ust. 1
 ust. 2
art. 7 ust. 1
art. 52 ust. 1
art. 7 ust. 3
art. 22 ust. 1
art. 40 ust. 6
art. 7 ust. 3
art. 60 ust. 1
art. 19 ust. 2
art. 21 ust. 2
art. 19 ust. 2
art. 20 ust. 9
art. 27 ust. 3
art. 38 ust. 1
art. 38 ust. 2
art. 48 ust. 7
art. 1 ust. 2
art. 3 ust. 4
art. 7 ust. 1
art. 6 ust. 1
art. 5 ust. 1
art. 23 ust. 3
art. 5 ust. 1
art. 23 ust. 3
