
art. 69 ust. 2
art. 3 ust. 1
art. 15 ust. 2
art. 4 ust. 1
art. 299 ust. 1
art. 4 ust. 1
art. 21 ust. 1
art. 8 ust. 1
 ust. 1
art. 9 ust. 1
 ust. 2
 ust. 3
 ust. 4
art. 76 ust. 4
art. 76 
art. 2 ust. 1
art. 9 ust. 3
art. 21 ust. 3
art. 8 ust. 3
art. 8 ust. 3
art. 8 ust. 3
art. 8 ust. 3
art. 9 ust. 1
art. 8 ust. 3
art. 8 ust. 1
art. 8 ust. 3
art. 8 ust. 3
art. 8 ust. 3
art. 9 ust. 1
art. 8 ust. 3
art. 9 ust. 2
art. 10 ust. 1
art. 8 ust. 3
art. 8 ust. 3
art. 9 ust. 1
art. 9 
art. 10 ust. 1
art. 9 ust. 5
art. 8 ust. 3
art. 9 ust. 1
art. 10 ust. 1
art. 10 ust. 1
art. 11 ust. 2
art. 12 ust. 1
art. 9 ust. 1
art. 8 ust. 3
art. 8 ust. 3
art. 8 ust. 4
art. 8 ust. 1
art. 8 
art. 13 ust. 1
art. 3 ust. 4
art. 14 ust. 2
art. 299 ust. 4
art. 8 ust. 3
art. 16 ust. 1
art. 299 ust. 1
art. 299 ust. 1
art. 21 ust. 5
art. 21 
art. 16 ust. 1
art. 12 ust. 1
art. 11 ust. 4
art. 18 ust. 1
art. 16 ust. 2
art. 18 ust. 1
art. 16 ust. 1
art. 16 ust. 2
art. 18 ust. 1
art. 16 ust. 1
art. 19 ust. 3
art. 20 ust. 4
art. 20 ust. 1
 ust. 4
art. 20 ust. 4
 ust. 1
 ust. 1
 ust. 3
 ust. 1
 
art. 21 ust. 1
art. 24 ust. 1
art. 3 ust. 4
art. 25 ust. 1
 ust. 4
art. 3 ust. 4
art. 3 ust. 4
art. 3 ust. 4
art. 299 ust. 1
art. 8 ust. 3
art. 16 ust. 1
art. 15 ust. 1
art. 33 ust. 1
art. 71 ust. 1
 ust. 5
art. 4 ust. 1
 ust. 1
art. 8 ust. 1
art. 20 ust. 1
art. 35 ust. 1
art. 10 ust. 1
art. 16 ust. 1
art. 10 ust. 1
art. 10 ust. 1
art. 37 ust. 2
art. 6 ust. 4
art. 3 ust. 6
art. 5 ust. 3
art. 19 ust. 1
art. 29 ust. 1
art. 31 ust. 1
art. 34 ust. 1
art. 15 ust. 2
art. 37 ust. 4
art. 63 ust. 9
art. 104 ust. 2
art. 106 ust. 1
art. 106 ust. 1
art. 299 ust. 3
art. 299 ust. 3
art. 307 ust. 5
art. 105 ust. 4
art. 106 ust. 3
art. 16 ust. 1
art. 19 ust. 2
art. 150 ust. 1
art. 8 ust. 1
art. 8 ust. 1
ust. 1

