
art. 7 ust. 5
ust. 1

 ust. 1
ust. 3

art. 9 ust. 1
art. 9 ust. 1
art. 23 ust. 2
art. 21 ust. 1
art. 31 ust. 2
 ust. 1
 ust. 1
 ust. 1
art. 4 ust. 2
art. 38 ust. 1
art. 41 ust. 2
art. 132 ust. 1
art. 131 ust. 1
art. 3 ust. 3
art. 21 ust. 1
art. 57 ust. 1
art. 31 ust. 4
art. 21 ust. 5
art. 2 ust. 3
art. 6 ust. 1
art. 11 ust. 1
art. 6 ust. 1
art. 16 ust. 1
art. 18 ust. 4
art. 6 ust. 1
art. 3 ust. 3
art. 5 ust. 1
art. 9 ust. 4
art. 9 ust. 1
art. 13 ust. 1
art. 9 ust. 1
art. 23 ust. 1
art. 9 ust. 1
art. 27 ust. 1
art. 102 ust. 5
art. 9 ust. 1
art. 9 ust. 1
art. 9 ust. 1
art. 103 ust. 2
art. 9 ust. 1
art. 9 ust. 1
art. 5 ust. 5
art. 191 ust. 4
art. 189 ust. 5
