
art. 2 ust. 1
art. 4 ust. 1
art. 6 ust. 1
art. 11 ust. 2
art. 8 ust. 1
art. 4 ust. 1
art. 21 ust. 1
art. 6 ust. 1
art. 9 ust. 3
art. 26 ust. 1
art. 26 ust. 1
art. 26 
art. 9 ust. 3
art. 26 ust. 5
art. 12 ust. 1
art. 6 ust. 1
art. 14 ust. 2
art. 22 ust. 1
art. 22 ust. 8
art. 22 
art. 22 ust. 1
art. 28 ust. 1
art. 28 ust. 10
art. 28 
art. 21 ust. 1
art. 13 ust. 1
art. 27 ust. 1
art. 15 ust. 1
 ust. 3
art. 21 ust. 2
art. 11 ust. 11
art. 23 ust. 1
art. 25 ust. 4
art. 23 ust. 1
art. 26 ust. 1
art. 27 ust. 4
art. 23 ust. 1
art. 23 ust. 1
art. 23 ust. 1
art. 55 ust. 2
art. 21 ust. 2
art. 21 ust. 2
 ust. 1
art. 6 ust. 1
art. 7 ust. 1
art. 3 ust. 1
art. 8 ust. 1
art. 6 ust. 1
art. 1 ust. 1
art. 7 ust. 1
art. 21 ust. 3
art. 3 ust. 1
art. 21 ust. 3
art. 1 ust. 1
art. 27 ust. 14
art. 21 ust. 2
art. 21 ust. 1
art. 53 ust. 17
art. 27 ust. 6
art. 53 ust. 6
art. 3 ust. 2
