
art. 5 ust. 2
art. 5 ust. 7
art. 15 ust. 4
art. 16 ust. 1
art. 16 ust. 1
art. 26 ust. 1
art. 26 ust. 1
art. 26 ust. 1
art. 8 
art. 108 ust. 1
art. 2 ust. 1
art. 8 ust. 1
art. 9 ust. 1
art. 9 ust. 1
art. 100 ust. 1
art. 9 ust. 2
art. 13 ust. 1
art. 16 ust. 3
art. 16 ust. 3
art. 16 ust. 3
art. 16 ust. 3
art. 21 ust. 7
art. 9 ust. 1
art. 78 ust. 1
art. 40 ust. 7
art. 47 ust. 1
art. 96 ust. 4
art. 99 ust. 2
art. 99 ust. 4
art. 99 
art. 116 ust. 1
art. 16 ust. 1
art. 9 
art. 117 ust. 1
art. 9 ust. 1
art. 47 ust. 1
art. 125 ust. 1
art. 9 ust. 1
art. 5 ust. 3
art. 5 ust. 3
art. 107 ust. 1
art. 226 ust. 1
 ust. 1
art. 227 ust. 1
art. 230 ust. 8
art. 230 ust. 2
art. 226 ust. 1
art. 230 ust. 2
art. 230 ust. 2
art. 94 ust. 2
art. 3 ust. 1
art. 7 ust. 1
art. 3 ust. 3
art. 26 ust. 1
art. 30 ust. 1
art. 70 ust. 1
art. 70 ust. 3
art. 30 ust. 3
art. 70 ust. 4
art. 30 ust. 3
art. 53 ust. 1
art. 5 ust. 1
art. 139 ust. 2
art. 24 ust. 3
art. 24 ust. 3
art. 9 ust. 1
art. 9 
art. 16 ust. 1
art. 5 ust. 1
art. 5 ust. 1
art. 5 ust. 1
art. 16 ust. 1
art. 5 ust. 1
art. 16 ust. 1
art. 5 ust. 1
art. 16 ust. 1
art. 5 ust. 1
art. 5 ust. 1
art. 5 ust. 1
art. 5 ust. 1
art. 121 ust. 4
art. 5 ust. 1
art. 23 ust. 1
art. 18 ust. 6
art. 70 ust. 1
ust. 1
 ust. 1
art. 16 ust. 1
art. 16 ust. 2
art. 70 ust. 3
art. 27 ust. 7
art. 27 ust. 1
art. 39 ust. 1
art. 39 
art. 169 ust. 1
art. 227 ust. 1
