
art. 4 ust. 1
art. 69 ust. 2
art. 31 ust. 2
art. 4 ust. 3
art. 45 
art. 4 ust. 3
art. 45 ust. 2
art. 16 ust. 1
art. 18 ust. 1
art. 21 ust. 3
art. 22 ust. 1
art. 24 ust. 1
art. 25 ust. 2
art. 25 ust. 2
art. 27 ust. 2
art. 29 ust. 1
art. 29 ust. 1
art. 30 ust. 1
art. 47 ust. 2
art. 53 ust. 2
art. 93 ust. 5
art. 165 ust. 1
art. 16 ust. 2
art. 83 ust. 4
art. 94 ust. 1
art. 94 ust. 1
art. 18 ust. 2
art. 32 ust. 2
art. 21 ust. 1
art. 22 ust. 3
art. 24 ust. 4
art. 27 ust. 6
art. 28 ust. 3
art. 31 ust. 1
art. 165 ust. 1
art. 21 ust. 2
 ust. 5
art. 22 ust. 2
 ust. 4
art. 24 ust. 3
art. 25 ust. 1
art. 25 ust. 1
art. 25 ust. 1
art. 529 ust. 1
art. 529 
art. 492 ust. 3
art. 492 
art. 27 ust. 1
 ust. 3
art. 18 ust. 1
art. 28 ust. 1
art. 29 ust. 1
art. 30 ust. 1
art. 31 ust. 4
art. 32 ust. 1
art. 28 ust. 2
art. 28 ust. 2
art. 32 ust. 1
art. 46 ust. 3
art. 53 ust. 1
art. 4 ust. 3
art. 69 ust. 4
art. 73 ust. 3
art. 79 ust. 1
 ust. 1
art. 81 ust. 2
art. 82 ust. 1
art. 98 ust. 2
art. 4 ust. 1
art. 83 ust. 4
art. 94 ust. 1
art. 70 ust. 2
art. 95 ust. 2
art. 110 ust. 1
art. 103 ust. 1
art. 106 
art. 119 ust. 1
 ust. 1
 ust. 4
art. 1 ust. 2
 ust. 5
 ust. 9
art. 122 ust. 1
art. 83 ust. 4
art. 124 ust. 2
 ust. 3
art. 125 ust. 2
art. 132 ust. 3
art. 135 ust. 1
art. 69 ust. 2
 ust. 2
art. 69 ust. 1
art. 163 ust. 1
 ust. 2
 
art. 165 ust. 1
art. 165 ust. 1
art. 168 ust. 1
art. 94 ust. 1
art. 94 ust. 1
art. 167 ust. 4
art. 167 ust. 4
art. 169 ust. 1
art. 165 ust. 1
art. 169 ust. 1
art. 167 ust. 1
art. 173 ust. 3
art. 176 ust. 2
art. 96 ust. 5
art. 96 ust. 5
art. 21 ust. 4
art. 184 ust. 1
art. 30 ust. 1
art. 90 ust. 2
art. 214 ust. 2
art. 215 ust. 2
art. 39 ust. 5
art. 4 ust. 1
art. 5 ust. 2
art. 25 ust. 2
art. 25 
art. 2 ust. 1
art. 3 ust. 2
art. 3 
art. 334 ust. 4
art. 56 ust. 1
art. 60 ust. 2
art. 60 ust. 2
art. 69 ust. 2
art. 79 ust. 9
art. 80 ust. 2
art. 90 ust. 1
art. 28 ust. 1
art. 12 ust. 2
art. 5 ust. 3
art. 33 ust. 2
art. 138 ust. 3
art. 71 ust. 2
art. 72 ust. 1
art. 34 ust. 3
art. 17 ust. 1
art. 18 ust. 1
art. 35 ust. 2
art. 34 ust. 3
art. 17 ust. 1
art. 18 ust. 1
art. 194 ust. 1
art. 133 ust. 3
art. 26 ust. 1
art. 318 ust. 4
art. 34 ust. 3
art. 79 ust. 1
art. 95 ust. 6
art. 175 ust. 6
art. 79 ust. 1
art. 95 ust. 6
art. 175 ust. 6
art. 338 ust. 2
art. 4 ust. 1
art. 25 ust. 1
art. 25 
art. 1 ust. 1
art. 1 
art. 21 ust. 7
art. 5 ust. 2
art. 1 ust. 3
art. 1 
art. 21 ust. 3
art. 24 ust. 3
art. 27 ust. 1
art. 29 ust. 1
art. 33 ust. 3
art. 37 ust. 3
art. 24 ust. 3
art. 27 ust. 1
art. 29 ust. 1
art. 21 ust. 3
art. 24 ust. 3
art. 27 ust. 1
art. 29 ust. 1
art. 33 ust. 3
art. 25 ust. 1
art. 36 
art. 25 ust. 1
art. 1 ust. 2
art. 1 
art. 94 ust. 1
art. 94 ust. 1
art. 60 ust. 2
art. 60 ust. 2
