
art. 4 ust. 2
art. 4 ust. 2
art. 23 ust. 4
art. 4 ust. 2
ust. 1
art. 11 ust. 1
art. 5 ust. 2
art. 5 ust. 3
art. 5 ust. 1
art. 18 ust. 1
art. 5 ust. 1
art. 5 ust. 1
 ust. 2
 
art. 5 ust. 1
art. 5 ust. 1
art. 5 ust. 1
art. 11 ust. 4
art. 11 
art. 23 ust. 1
art. 23 ust. 1
art. 23 ust. 1
art. 4 ust. 4
art. 33 ust. 1
art. 31 ust. 2
art. 27 ust. 1
art. 31 ust. 4
art. 4 ust. 1
art. 31 ust. 1
art. 6 ust. 3
art. 4 ust. 6
art. 35 ust. 1
art. 37 ust. 5
art. 21 ust. 1
art. 2 ust. 2
art. 3 ust. 3
art. 13 ust. 8
art. 15 ust. 4
art. 15 ust. 1
art. 2 ust. 1
art. 16 ust. 10
art. 24 ust. 4
art. 23 ust. 2
art. 53 ust. 1
art. 6 ust. 2
art. 16 ust. 6
art. 18 ust. 5
art. 36 ust. 2
art. 50 ust. 9
art. 76 ust. 1
art. 87 ust. 4
art. 6 ust. 2
art. 139 ust. 1
art. 141 ust. 3
art. 9 ust. 1
art. 11 ust. 3
art. 7 ust. 1
art. 9 ust. 1
art. 17 ust. 11
art. 9 ust. 1
art. 9 ust. 1
art. 22 ust. 3
art. 9 ust. 1
art. 9 ust. 1
art. 23 ust. 5
art. 9 ust. 1
art. 9 ust. 1
art. 9 ust. 1
art. 9 ust. 1
art. 9 ust. 1
art. 9 ust. 1
art. 9 ust. 1
art. 9 ust. 1
art. 9 ust. 1
art. 9 ust. 1
art. 27 ust. 13
art. 28 ust. 1
art. 9 ust. 1
 ust. 1
art. 49 ust. 1
art. 9 ust. 2
art. 9 
art. 49 ust. 1
art. 48 ust. 5
ust. 1

art. 6 ust. 3
art. 17 ust. 1
art. 6 ust. 3
art. 10 ust. 1
art. 5 ust. 1
ust. 3

