
art. 72 ust. 4
art. 1 ust. 1
art. 1 ust. 1
art. 3 ust. 4
art. 4 ust. 3
art. 3 ust. 1
art. 3 ust. 1
art. 7 ust. 3
art. 7 ust. 1
art. 8 ust. 1
art. 10 ust. 2
art. 10 ust. 2
art. 7 ust. 1
art. 11 ust. 4
art. 15 ust. 1
art. 15 
art. 15 ust. 5
art. 8 ust. 1
art. 10 ust. 1
art. 15 ust. 1
art. 16 ust. 1
art. 15 ust. 2
art. 16 ust. 1
art. 7 ust. 3
art. 7 
art. 15 ust. 3
art. 31 ust. 2
art. 15 ust. 3
art. 31 ust. 2
art. 10 ust. 2
art. 10 ust. 2
art. 13 ust. 1
art. 10 ust. 3
art. 10 ust. 1
art. 5 ust. 2
art. 5 
art. 10 ust. 2
art. 10 ust. 2
art.16 ust. 1
art.16 
art. 10 ust. 2
art. 10 ust. 2
art. 17 ust. 1
art. 10 ust. 2
art. 10 ust. 2
art. 10 ust. 2
art. 10 ust. 2
art. 10 ust. 2
art. 21 ust. 1
art. 21 ust. 4
art. 10 ust. 2
art. 18 ust. 1
art. 18 
art. 16 ust. 5
art. 16 ust. 3
art. 16 ust. 5
art. 16 ust. 3
art. 31 ust. 1
art. 21 ust. 1
art. 16 ust. 1
art. 10 ust. 1
art. 10 ust. 2
art. 18 ust. 6
art. 19 ust. 4
art. 18 ust. 6
art. 19 ust. 4
art. 20 ust. 1
art. 20 ust. 5
art. 20 
art. 10 ust. 2
art. 20 ust. 5
art. 20 ust. 5
art. 16 ust. 1
art. 20 ust. 5
art. 21 ust. 2
 ust. 4
 ust. 6
art. 21 ust. 3
art. 33 ust. 1
art. 29 ust. 1
art. 37 ust. 8
art. 23 ust. 1
art. 23 ust. 3
art. 23 ust. 1
art. 23 ust. 1
art. 24 ust. 1
 ust. 1
art. 25 ust. 1
art. 26 ust. 1
art. 23 ust. 1
art. 29 ust. 2
art. 31 ust. 2
art. 24 ust. 4
art. 18 ust. 5
art. 30 ust. 6
art. 31 ust. 1
art. 18 ust. 6
art. 19 ust. 4
art. 33 ust. 1
art. 36 ust. 2
art. 16 ust. 1
art. 20 ust. 5
art. 24 ust. 3
art. 31 ust. 1
art. 33 ust. 1
art. 18 ust. 2
art. 19 ust. 2
art. 19 ust. 2
art. 33 ust. 2
art. 29 ust. 2
art. 21 ust. 1
art. 36 ust. 1
art. 4 ust. 8
art. 37 ust. 3
art. 37 ust. 2
art. 37 ust. 1
art. 37 ust. 2
art. 37 ust. 1
art. 37 ust. 1
art. 37 ust. 1
art. 37 ust. 2
art. 37 ust. 1
art. 37 ust. 1
art. 37 ust. 1
art. 37 ust. 1
art. 38 ust. 2
art. 39 ust. 4
art. 42 ust. 1
art. 43 ust. 4
art. 46 ust. 3
art. 47 ust. 3
art. 47 ust. 1
art. 46 ust. 1
art. 46 ust. 1
art. 46 ust. 6
art. 46 ust. 6
art. 47 ust. 1
art. 38 ust. 4
art. 46 ust. 6
art. 47 ust. 1
art. 2 ust. 1
art. 48 ust. 1
art. 52 ust. 1
art. 2 ust. 1
art. 87 ust. 1
art. 87 ust. 1
art. 87 ust. 4
art. 57 ust. 2
art. 57 ust. 1
art. 14 ust. 9
art. 58 ust. 3
art. 60 ust. 5
art. 61 ust. 3
art. 52 ust. 2
art. 65 ust. 4
art. 39 ust. 1
art. 68 ust. 2
art. 69 ust. 1
art. 69 
art. 70 ust. 6
art. 71 ust. 1
art. 72 ust. 3
art. 3 ust. 2
art. 2 ust. 2
art. 74 ust. 3
art. 75 ust. 1
art. 78 ust. 1
art. 78 ust. 1
 ust. 4
art. 81 ust. 5
art. 84 ust. 2
art. 103 ust. 2
art. 94 ust. 3
art. 62 ust. 2
art. 104 ust. 1
art. 99 ust. 3
art. 101 ust. 1
art. 105 ust. 1
art. 108 ust. 1
art. 108 ust. 4
art. 123 ust. 1
art. 39 ust. 4
art. 10 ust. 2
art. 114 ust. 2
art. 2 ust. 3
art. 2 
art. 3 ust. 1
art. 108 ust. 4
art. 118 ust. 2
art. 119 ust. 3
art. 120 ust. 1
art. 120 ust. 2
art. 121 ust. 1
art. 121 ust. 1
art. 123 ust. 1
art. 123 ust. 6
art. 119 ust. 1
art. 46 ust. 1
art. 47 ust. 1
art. 120 ust. 1
art. 120 ust. 1
art. 42 ust. 1
art. 18 ust. 6
art. 19 ust. 4
art. 33 ust. 1
art. 24 ust. 1
art. 24 ust. 1
art. 24 ust. 3
art. 71 ust. 1
art. 6 ust. 1
art. 14 ust. 2
art. 16 ust. 2
art. 97 ust. 5
art. 98 ust. 1
art. 9 ust. 2
art. 16 ust. 1
art. 3 ust. 2
art. 1 ust. 2
art. 1 
art. 33 ust. 1
art. 1 ust. 1
art. 1 
art. 14 ust. 2
art. 3 ust. 1
art. 47 ust. 1
art. 9 ust. 2
art. 10 ust. 7
art. 17 ust. 3
art. 23 ust. 3
art. 26 ust. 2
art. 39 ust. 4
art. 47 ust. 2
art. 69 ust. 1
art. 70 ust. 7
art. 71 ust. 3
art. 74 ust. 7
art. 118 ust. 4
art. 9 ust. 2
art. 10 ust. 7
art. 23 ust. 3
art. 26 ust. 2
art. 39 ust. 4
art. 47 ust. 3
art. 70 ust. 7
art. 71 ust. 3
art. 74 ust. 7
art. 118 ust. 4
art. 54 ust. 1
art. 55 ust. 1
