
art. 8 ust. 7
art. 9 ust. 9
art. 21 ust. 1
art. 7 ust. 6
art. 7 
art. 22 ust. 9
art. 2 ust. 2
art. 23 ust. 1
art. 22 ust. 12
art. 22 ust. 3
art. 22 ust. 15
art. 24 ust. 12
art. 106 ust. 2
art. 8 ust. 1
art. 25 ust. 9
art. 45 
art. 45 ust. 1
art. 30 ust. 15
art. 30 
art. 23 
art. 22 ust. 1
art. 23 ust. 1
art. 23 
art. 45 ust. 3
art. 52 ust. 1
art. 52 
art. 12 ust. 1
art. 14 ust. 2
art. 106 ust. 2
art. 5 ust. 1
art. 11 ust. 9
art. 27 
art. 27 ust. 1
art. 19 ust. 15
art. 19 
art. 17 
art. 16 ust. 1
art. 17 ust. 1
art. 17 
art. 24 ust. 9
art. 27 ust. 1
art. 38 ust. 1
art. 38 
art. 9 ust. 7
art. 12 ust. 8
art. 52 ust. 3
art. 21 ust. 1
art. 22 ust. 9
art. 23 ust. 1
art. 24 ust. 12
art. 30 ust. 15
art. 45 ust. 3
art. 24 ust. 15
art. 30 ust. 1
art. 24 ust. 1
art. 30 ust. 1
art. 24 ust. 1
art. 30 ust. 1
art. 30 ust. 1
art. 24 ust. 1
art. 12 ust. 1
art. 52 ust. 3
art. 52 ust. 3
