
art. 56 ust. 7
art. 11 ust. 1
art. 11 ust. 1
art. 14 ust. 1
art. 17 ust. 1
ust. 1
art. 17 ust. 2
art. 17 ust. 2
art. 33 ust. 1
art. 11 ust. 1
ust. 1

 ust. 7
 
art. 52 ust. 1
art. 17 ust. 2
art. 51 ust. 4
art. 44 
art. 17 ust. 1
art. 17 ust. 2
art. 61 ust. 1
art. 6 ust. 1
ust. 1
art. 4 ust. 1
ust. 2

art. 44 ust. 2
art. 23 ust. 1
art. 24 ust. 3
art. 68 ust. 1
art. 4 ust. 1
art. 71 ust. 1
art. 22 ust. 1
art. 78 ust. 2
art. 76 ust. 2
art. 24 ust. 1
art. 24 
ust. 1
 ust. 3
art. 11 ust. 1
art. 86 ust. 1
art. 85 ust. 1
art. 24 ust. 5
art. 83 ust. 1
art. 86 ust. 3
art. 23 ust. 2
art. 87 ust. 1
art. 114 ust. 2
art. 4 ust. 2
art. 17 ust. 1
art. 23 ust. 1
art. 45 ust. 1
art. 46 ust. 1
