
art. 11 ust. 3
art. 6 ust. 3
art. 11 ust. 1
art. 11 ust. 3
art. 11 
art. 20 ust. 3
art. 9 ust. 3
art. 19 ust. 3
art. 145 ust. 1
art. 2 ust. 1
art. 49 ust. 1
art. 11 ust. 1
art. 25 ust. 4
art. 11 ust. 5
art. 11 ust. 2
art. 11 ust. 5
art. 11 ust. 2
art. 11 ust. 3
art. 12 ust. 3
art. 11 ust. 3
art. 15 ust. 8
art. 11 ust. 3
art. 299 ust. 1
art. 299 
 ust. 5
art. 393 ust. 16
art. 180 ust. 17
art. 240 ust. 18
art. 321 ust. 23
art. 19 ust. 1
art. 11 ust. 1
art. 20 ust. 3
art. 11 ust. 1
art. 393 ust. 1
art. 11 ust. 1
art. 79 ust. 1
art. 13 ust. 1
art. 50 ust. 3
art. 50 
art. 11 ust. 11
art. 11 ust. 11
art. 11 ust. 3
art. 12 ust. 1
art. 47 ust. 1
art. 47 
art. 11 ust. 3
art. 11 ust. 3
art. 11 ust. 1
art. 11 
art. 11 ust. 1
art. 11 ust. 1
art. 11 
art. 82 ust. 1
art. 18 ust. 1
 ust. 1
art. 11 ust. 1
art. 11 ust. 1
art. 179 ust. 9
art. 161 ust. 1
art. 161 
art. 11 
art. 11 ust. 1
art. 9 ust. 1
art. 9 ust. 1
art. 22 ust. 4
art. 11 ust. 1
art. 364 ust. 8
art. 365 ust. 3
art. 364 ust. 8
art. 1 ust. 2
art. 4 ust. 1
art. 296 ust. 1
art. 5 ust. 2
art. 6 ust. 1
art. 6 ust. 1
art. 6 ust. 1
art. 8 ust. 2
art. 11 ust. 3
art. 6 ust. 1
art. 5 ust. 4
art. 5 ust. 4
art. 6 ust. 1
art. 6 ust. 1
art. 6 ust. 1
art. 11 
art. 145 ust. 1
art. 12 ust. 3
art. 7 ust. 1
art. 10 ust. 6
art. 11 ust. 7
art. 12 ust. 2
art. 14 ust. 5
art. 19 ust. 1
art. 19 ust. 3
art. 19 ust. 1
art. 19 ust. 1
art. 20 ust. 2
art. 14 ust. 4
art. 20 ust. 5
art. 20 ust. 1
art. 9 ust. 3
art. 20 ust. 2
art. 21 ust. 2
art. 22 ust. 1
art. 20 ust. 1
art. 32 ust. 1
art. 34 ust. 2
art. 35 ust. 3
art. 36 ust. 2
art. 36 ust. 5
art. 36 ust. 1
art. 36 ust. 4
art. 36 ust. 1
art. 11 ust. 4
art. 36 ust. 2
art. 36 ust. 4
art. 36 ust. 2
art. 41 ust. 1
art. 36 ust. 1
art. 36 ust. 2
art. 36 
art. 36 ust. 1
 ust. 1
art. 36 ust. 1
art. 36 ust. 2
art. 36 ust. 2
art. 45 ust. 1
art. 41 ust. 2
art. 48 ust. 3
art. 56 ust. 3
art. 11 ust. 3
art. 52 ust. 3
art. 62 ust. 4
art. 71 ust. 1
art. 110 ust. 15
art. 133 ust. 3
art. 32 ust. 1
art. 135 ust. 2
art. 135 ust. 4
art. 135 ust. 9
art. 135 ust. 5
art. 135 ust. 2
art. 135 ust. 2
art. 135 ust. 4
art. 135 ust. 9
art. 135 ust. 5
art. 1 ust. 2
art. 3 ust. 2
art. 3 ust. 2
art. 5 ust. 2
art. 11 ust. 3
art. 296 ust. 2
art. 39 ust. 1
art. 5 ust. 3
art. 11 ust. 3
art. 12 ust. 3
art. 6 ust. 2
art. 9 ust. 1
art. 9 ust. 2
art. 9 ust. 1
art. 9 ust. 1
art. 9 ust. 5
art. 9 ust. 1
art. 9 ust. 3
art. 9 ust. 1
art. 1 ust. 2
art. 9 ust. 1
art. 1 ust. 2
art. 1 ust. 2
art. 9 ust. 1
art. 9 ust. 1
art. 10 ust. 2
art. 10 ust. 4
art. 9 ust. 12
art. 1 ust. 2
art. 36 ust. 1
art. 39 ust. 2
art. 41 ust. 2
art. 41 ust. 3
art. 41 ust. 1
art. 41 
art. 41 ust. 1
art. 41 ust. 1
art. 41 ust. 1
art. 41 ust. 1
art. 41 ust. 1
art. 41 ust. 1
art. 41 ust. 1
art. 41 ust. 2
art. 41 ust. 1
art. 41 
art. 41 ust. 1
art. 41 ust. 3
art. 41 ust. 1
art. 41 ust. 1
art. 45 ust. 1
art. 53 ust. 1
art. 11 ust. 3
art. 75 ust. 1
art. 91 ust. 1
art. 94 ust. 1
art. 113 ust. 13
art. 118 ust. 1
art. 120 ust. 1
art. 11 ust. 1
art. 136 ust. 1
art. 136 ust. 1
art. 30 ust. 1
art. 8 ust. 1
art. 10 ust. 2
art. 18 ust. 1
art. 32 ust. 1
art. 34 ust. 2
art. 51 ust. 3
art. 73 ust. 1
art. 95 ust. 3
art. 121 ust. 1
art. 9 ust. 1
art. 12 ust. 1
art. 13 
art. 11 ust. 3
art. 11 ust. 3
art. 49 ust. 1
art. 12 ust. 3
art. 18 ust. 1
art. 28 ust. 2
art. 35 ust. 12
art. 37 ust. 1
art. 37 ust. 2
art. 37 ust. 2
art. 43 ust. 2
art. 38 ust. 4
art. 43 ust. 2
art. 38 ust. 1
art. 43 ust. 3
art. 43 ust. 2
art. 37 ust. 1
art. 80 ust. 1
art. 93 ust. 1
art. 93 ust. 1
art. 93 ust. 2
art. 37 ust. 1
art. 37 
art. 37 
art. 49 ust. 2
art. 106 ust. 1
art. 57 ust. 8
art. 73 ust. 1
art. 11 ust. 3
art. 15 ust. 2
art. 80 ust. 1
art. 100 ust. 1
art. 11 ust. 3
art. 105 ust. 1
art. 50 ust. 3
art. 45 ust. 9
art. 45 
art. 54 ust. 1
art. 6 ust. 1
art. 6 ust. 3
art. 11 
art. 11 ust. 3
art. 2 ust. 1
art. 12 ust. 3
art. 19 ust. 2
art. 12 ust. 1
art. 12 ust. 1
art. 19 ust. 1
art. 9 ust. 3
art. 31 ust. 2
art. 31 ust. 4
art. 31 ust. 1
art. 31 ust. 1
art. 31 ust. 1
art. 31 
art. 31 ust. 1
art. 31 ust. 1
art. 31 ust. 1
art. 35 ust. 1
art. 56 ust. 3
art. 281 ust. 1
art. 179 ust. 3
art. 2 ust. 1
art. 9 ust. 1
art. 23 ust. 3
art. 72 ust. 1
art. 1 ust. 2
art. 82 ust. 1
art. 35 ust. 4
art. 12 ust. 1
art. 34 ust. 2
art. 35 ust. 2
art. 95 ust. 5
art. 11 ust. 2
art. 11 ust. 3
art. 1 ust. 2
art. 11 ust. 3
art. 32 ust. 2
art. 7 ust. 4
art. 14 ust. 6
art. 15 ust. 8
art. 20 ust. 19
art. 14 ust. 6
art. 15 
art. 20 ust. 19
art. 9 ust. 1
art. 11 ust. 2
art. 9 ust. 1
art. 11 ust. 2
