
art. 143 ust. 1
art. 192 ust. 1
art. 209 ust. 1
art. 10 ust. 1
art. 22 ust. 1
art. 19 ust. 2
art. 16 ust. 2
art. 19 ust. 3
art. 72 ust. 3
art. 22 ust. 1
art. 22 ust. 1
art. 1 ust. 2
art. 23 ust. 1
art. 24 ust. 1
art. 19 ust. 3
art. 23 ust. 1
art. 23 ust. 1
art. 27 ust. 1
art. 28 ust. 1
art. 27 ust. 2
art. 27 ust. 2
art. 31 ust. 2
art. 34 ust. 2
art. 176 ust. 2
art. 51 ust. 1
art. 53 ust. 5
art. 53 ust. 5
art. 53 
art. 53 ust. 5
art. 53 ust. 5
art. 24 ust. 1
art. 24 
art. 56 ust. 5
 ust. 3
 ust. 3
art. 57 ust. 4
art. 56 ust. 2
art. 59 ust. 1
art. 56 ust. 3
art. 56 ust. 3
art. 59 ust. 1
art. 60 ust. 1
art. 57 ust. 6
art. 61 ust. 5
art. 57 ust. 6
art. 64 ust. 3
art. 56 ust. 2
art. 71 ust. 1
art. 72 ust. 3
art. 24 ust. 1
art. 81 ust. 3
art. 82 ust. 4
art. 83 ust. 2
art. 91 ust. 1
art. 48 ust. 1
art. 82 ust. 4
art. 83 ust. 2
art. 153 ust. 4
art. 159 ust. 1
art. 161 ust. 2
art. 165 ust. 1
art. 166 ust. 5
art. 169 ust. 1
art. 171 ust. 2
art. 176 ust. 5
art. 177 ust. 3
 ust. 5
art. 177 ust. 1
art. 176 ust. 2
art. 178 ust. 1
art. 179 ust. 1
art. 159 ust. 1
art. 161 ust. 3
 ust. 5
art. 106 ust. 6
art. 242 ust. 3
art. 180 ust. 2
art. 180 ust. 3
art. 159 ust. 1
art. 180 ust. 1
art. 180 ust. 1
art. 180 ust. 1
art. 159 ust. 1
art. 179 ust. 9
art. 180 ust. 1
art. 180 ust. 1
art. 179 ust. 4
art. 179 ust. 3
art. 190 ust. 2
art. 192 ust. 1
art. 180 ust. 1
art. 71 ust. 4
art. 180 ust. 2
art. 23 ust. 1
art. 206 ust. 2
art. 201 ust. 3
art. 209 ust. 1
art. 56 ust. 5
art. 60 ust. 2
art. 61 ust. 6
art. 3 ust. 2
art. 34 ust. 1
art. 37 ust. 1
art. 38 ust. 1
art. 42 ust. 1
art. 43 ust. 3
art. 25 ust. 4
art. 46 ust. 1
art. 18 ust. 1
art. 20 ust. 1
art. 180 ust. 2
art. 180 
 ust. 3
art. 10 ust. 1
art. 180 ust. 1
art. 180 
 ust. 1
art. 1 ust. 2
art. 180 ust. 1
art. 180 
 ust. 2
art. 36 ust. 10
art. 2 ust. 1
art. 30 ust. 1
art. 180 ust. 2
art. 180 
 ust. 3
art. 4 ust. 1
art. 5 ust. 1
art. 27 ust. 1
art. 5 ust. 1
art. 180 ust. 1
art. 180 
 ust. 1
art. 53 ust. 6
art. 180 ust. 1
art. 180 
 ust. 1
art. 5 ust. 1
art. 31 ust. 11
art. 31 ust. 1
art. 180 ust. 1
art. 180 
ust. 2

art. 179 ust. 6
art. 40 ust. 2
art. 176 ust. 4
art. 176 ust. 5
art. 179 ust. 12
art. 165 ust. 1
art. 166 ust. 5
art. 180 ust. 2
art. 179 ust. 4
art. 179 ust. 4
art. 1 
art. 179 ust. 4
art. 71 ust. 4
art. 180 ust. 2
