
art. 3 ust. 1
art. 24 ust. 2
art. 24 
art. 5 ust. 1
art. 5 
art. 8 ust. 2
art. 9 ust. 1
art. 10 ust. 1
art. 11 ust. 1
art. 24 ust. 2
art. 13 ust. 4
art. 13 ust. 7
art. 13 ust. 7
art. 13 ust. 1
art. 14 ust. 1
art. 13 ust. 7
art. 18 ust. 1
art. 10 ust. 3
art. 9 ust. 4
art. 18 ust. 1
art. 3 ust. 1
art. 19 ust. 1
art. 19 ust. 1
art. 18 ust. 1
art. 18 ust. 1
art. 24 ust. 2
art. 9 ust. 4
art. 10 ust. 3
art. 27 ust. 1
art. 27 ust. 2
art. 28 ust. 2
art. 29 ust. 1
art. 29 
art. 30 ust. 1
art. 30 ust. 2
art. 40 ust. 1
art. 30 ust. 2
art. 33 ust. 1
art. 35 ust. 1
art. 36 ust. 1
art. 39 ust. 3
art. 35 ust. 1
art. 40 ust. 2
 ust. 3
art. 40 ust. 1
art. 40 ust. 3
art. 40 ust. 2
art. 39 ust. 1
art. 40 ust. 1
art. 41 ust. 2
 ust. 1
 ust. 1
 ust. 1
art. 42 ust. 2
art. 44 ust. 1
art. 43 ust. 3
art. 48 ust. 1
art. 51 ust. 2
art. 10 ust. 2
art. 35 ust. 1
art. 39 ust. 3
art. 10 ust. 3
art. 28 ust. 2
art. 48 ust. 1
art. 36 ust. 3
art. 40 ust. 1
art. 35 ust. 1
art. 39 ust. 1
art. 35 ust. 1
art. 39 ust. 3
art. 17 ust. 1
art. 14 ust. 1
art. 9 ust. 4
art. 9 ust. 5
art. 10 ust. 3
art. 41 ust. 6
art. 44 ust. 4
art. 9 ust. 4
art. 9 ust. 5
art. 10 ust. 3
art. 20 ust. 2
art. 28 ust. 4
art. 41 ust. 6
art. 44 ust. 4
art. 20 ust. 3
art. 5 ust. 3
