
art. 2 ust. 2
art. 5 ust. 1
art. 6 ust. 1
art. 7 ust. 1
art. 8 ust. 2
art. 9 ust. 2
art. 10 ust. 1
art. 15 ust. 2
art. 16 ust. 1
art. 19 ust. 1
art. 50 ust. 5
art. 2 ust. 2
art. 5 ust. 1
art. 5 ust. 2
art. 5 ust. 2
art. 5 ust. 1
art. 5 ust. 1
art. 6 ust. 3
art. 6 ust. 2
art. 5 ust. 1
art. 5 ust. 1
art. 5 ust. 1
art. 7 ust. 3
art. 10 ust. 4
art. 15 ust. 3
art. 16 ust. 2
art. 16 ust. 3
art. 19 ust. 1
art. 20 ust. 2
art. 43 ust. 2
art. 57 ust. 1
art. 9 ust. 1
art. 63 ust. 2
art. 6 ust. 3
art. 6 ust. 7
art. 5 ust. 3
art. 15 ust. 3
art. 7 ust. 2
