
art. 24 ust. 2
art. 6 ust. 1
art. 8 ust. 1
 ust. 1
 
art. 3 ust. 1
art. 3 ust. 1
art. 3 ust. 1
art. 4 ust. 1
art. 4 
art. 3 ust. 4
art. 103 ust. 3
art. 29 ust. 2
art. 3 ust. 1
art. 103 ust. 3
art. 107 ust. 2
art. 107 
art. 174 ust. 2
art. 174 
 ust. 2
art. 40 ust. 2
art. 17 ust. 2
ust. 1
art. 61 ust. 1
art. 3 ust. 1
art. 18 ust. 1
art. 19 ust. 1
art. 46 ust. 2
art. 33 ust. 3
art. 33 
art. 38 ust. 1
art. 31 ust. 4
art. 31 
art. 24 ust. 6
art. 46 ust. 4
art. 46 
 ust. 1
art. 5 ust. 3
art. 36 ust. 10
art. 35 ust. 1
art. 40 ust. 2
art. 46 ust. 4
art. 47 ust. 4
art. 49 ust. 2
art. 76 ust. 1
art. 83 ust. 1
art. 32 ust. 2
art. 184 ust. 2
 ust. 3
art. 3 ust. 3
art. 10 ust. 1
art. 41 ust. 4
art. 41 ust. 4
art. 33 ust. 1
art. 3 ust. 1
art. 3 ust. 1
art. 38 ust. 1
art. 38 ust. 1
art. 3 ust. 1
art. 3 ust. 1
art. 33 ust. 2
art. 51 ust. 1
art. 51 
art. 5 ust. 6
art. 49 ust. 2
art. 55 ust. 1
