
art. 1 ust. 4
art. 42 ust. 2
art. 25 ust. 3
art. 43 ust. 5
art. 24 ust. 5
art. 24 ust. 2
art. 25 ust. 3
art. 50 ust. 1
art. 42 ust. 2
art. 4 ust. 2
art. 8 ust. 2
art. 9 ust. 1
art. 11 ust. 1
art. 23 ust. 1
art. 24 ust. 1
art. 57 ust. 1
art. 55 ust. 3
art. 56 ust. 1
art. 59 ust. 4
art. 9 ust. 1
art. 9 ust. 3
art. 12 ust. 1
art. 8 ust. 2
art. 9 ust. 3
art. 12 ust. 1
art. 9 ust. 2
art. 25 ust. 3
art. 9 ust. 2
art. 25 ust. 3
art. 9 ust. 2
art. 24 ust. 2
art. 10 ust. 1
art. 9 ust. 2
art. 32 ust. 1
art. 34 ust. 1
art. 34 ust. 2
art. 4 ust. 2
art. 8 ust. 2
art. 9 ust. 1
art. 11 ust. 1
art. 23 ust. 1
art. 24 ust. 1
ust. 1

