
art. 4 ust. 1
art. 7 ust. 2
art. 4 ust. 1
 ust. 3
art. 13 ust. 1
art. 13 ust. 1
art. 13 ust. 2
art. 14 ust. 2
art. 16 ust. 1
art. 4 ust. 1
art. 4 ust. 1
art. 20 ust. 2
art. 4 ust. 1
art. 20 ust. 2
 ust. 4
 ust. 3
 ust. 5
art. 16 ust. 3
art. 16 ust. 3
art. 18 ust. 3
art. 22 ust. 3
 ust. 2
 
art. 4 ust. 1
art. 16 ust. 4
art. 19 ust. 1
art. 9 ust. 1
art. 4 ust. 1
art. 6 ust. 2
art. 19 ust. 1
art. 4 ust. 2
art. 13 ust. 1
art. 26 ust. 2
art. 38 ust. 4
art. 16 ust. 1
art. 3 ust. 2
art. 4 ust. 1
art. 8 ust. 1
art. 10 ust. 4
art. 3 ust. 1
art. 4 ust. 1
art. 6 ust. 1
art. 18 ust. 1
art. 14 ust. 2
