
art. 22 ust. 1
art. 22 ust. 1
art. 31 ust. 1
art. 32 ust. 1
art. 23 ust. 1
art. 55 ust. 1
art. 35 ust. 1
art. 35 ust. 1
art. 35 ust. 1
art. 37 ust. 1
art. 42 ust. 2
art. 42 ust. 2
art. 42 ust. 2
art. 51 ust. 1
art. 52 ust. 1
art. 51 ust. 1
art. 50 ust. 1
art. 10 ust. 1
art. 41 ust. 2
art. 57 ust. 2
art. 20 ust. 1
art. 32 ust. 4
art. 33 ust. 2
art. 34 ust. 1
art. 35 ust. 1
art. 38 ust. 1
art. 59 ust. 6
art. 7 ust. 1
art. 11 ust. 3
art. 12 ust. 6
art. 6 ust. 1
art. 9 ust. 2
art. 4 ust. 1
art. 51 ust. 1
art. 57 ust. 3
art. 60 ust. 3
art. 31 ust. 1
art. 32 ust. 1
