
art. 2 ust. 1
art. 2 ust. 1
art. 2 ust. 1
art. 2 ust. 1
art. 2 ust. 1
art. 2 ust. 1
art. 2 ust. 1
art. 11 ust. 1
art. 11 ust. 3
art. 10 ust. 1
art. 11 ust. 3
art. 19 ust. 1
art. 22 ust. 5
art. 22 
art. 6 ust. 5
art. 6 ust. 5
art. 13 ust. 5
art. 2 ust. 1
art. 23 ust. 2
art. 9 ust. 2
art. 10 ust. 1
art. 11 ust. 2
art. 23 ust. 1
art. 23 ust. 2
art. 7 ust. 1
art. 11 ust. 2
art. 13 ust. 5
art. 13 ust. 1
art. 13 ust. 6
art. 7 ust. 1
art. 13 ust. 6
art. 18 ust. 2
art. 22 ust. 1
art. 25 ust. 2
art. 36 ust. 1
art. 5 ust. 2
art. 6 ust. 3
art. 11 ust. 1
art. 11 ust. 2
art. 13 ust. 1
art. 16 ust. 3
art. 13 ust. 3
art. 15 ust. 1
art. 18 ust. 1
art. 18 ust. 1
art. 19 ust. 1
art. 20 ust. 1
art. 23 ust. 1
art. 6 ust. 2
art. 6 ust. 4
art. 6 ust. 7
art. 4 ust. 1
art. 27 ust. 2
art. 36 ust. 3
art. 8 ust. 4
art. 33 ust. 1
art. 4 ust. 2
art. 3 ust. 1
art. 55 ust. 2
art. 72 ust. 5
art. 2 ust. 1
art. 31 ust. 5
art. 30 ust. 1
art. 7 ust. 2
art. 1 ust. 4
art. 22 ust. 1
art. 11 ust. 2
art. 20 ust. 1
art. 13 ust. 3
art. 25 ust. 3
