
art. 17 ust. 1
art. 109 ust. 14
art. 118 ust. 1
art. 119 ust. 3
art. 151 ust. 1
art. 152 ust. 1
art. 154 ust. 1
art. 171 ust. 4
art. 349 ust. 7
art. 351 ust. 1
art. 352 ust. 1
art. 37 ust. 12
art. 39 ust. 7
art. 108 ust. 1
art. 109 ust. 1
art. 111 ust. 2
art. 282 ust. 8
art. 283 ust. 4
art. 296 ust. 1
art. 300 ust. 1
art. 325 ust. 6
art. 349 ust. 3
art. 400 ust. 9
art. 416 ust. 4
art. 99 ust. 1
art. 99 ust. 1
art. 99 ust. 1
art. 101 ust. 1
art. 166 ust. 13
art. 187 ust. 3
art. 196 ust. 11
art. 201 ust. 2
art. 216 ust. 6
art. 240 ust. 2
art. 335 ust. 1
art. 343 ust. 2
art. 388 ust. 1
art. 53 ust. 4
art. 264 ust. 1
art. 261 ust. 1
art. 261 ust. 1
 ust. 9
art. 261 ust. 1
art. 265 ust. 7
art. 258 ust. 5
art. 269 ust. 4
art. 270 ust. 2
art. 272 ust. 16
 ust. 16
art. 273 ust. 1
art. 278 ust. 1
art. 279 ust. 1
art. 279 
art. 272 ust. 17
art. 275 ust. 13
art. 303 ust. 2
art. 304 ust. 1
art. 331 ust. 1
art. 335 ust. 5
art. 102 ust. 1
art. 388 ust. 2
art. 394 ust. 4
art. 397 ust. 5
art. 400 ust. 1
art. 401 ust. 4
art. 403 ust. 6
art. 411 ust. 1
art. 412 ust. 3
art. 393 ust. 1
art. 61 ust. 1
art. 439 ust. 1
art. 304 ust. 1
art. 552 ust. 2
 ust. 2
art. 272 
art. 275 ust. 8
art. 272 ust. 8
 ust. 2
art. 272 ust. 1
art. 272 ust. 3
art. 272 ust. 4
art. 272 ust. 5
art. 272 ust. 6
art. 272 ust. 7
art. 272 ust. 8
art. 272 ust. 9
art. 275 ust. 8
art. 275 ust. 8
art. 275 ust. 8
art. 275 ust. 8
art. 7 ust. 7
art. 147 ust. 1
art. 148 ust. 1
art. 147 ust. 1
art. 185 ust. 1
art. 212 ust. 1
art. 202 ust. 1
art. 181 ust. 1
art. 203 ust. 3
art. 201 ust. 1
art. 181 ust. 1
art. 208 ust. 1
art. 181 ust. 1
art. 211 ust. 1
art. 181 ust. 1
art. 400 ust. 2
art. 14 ust. 1
art. 6 ust. 1
art. 552 ust. 2
art. 273 ust. 1
art. 271 ust. 1
art. 272 ust. 1
art. 275 ust. 8
art. 7 ust. 1
art. 2 ust. 1
art. 7 ust. 1
art. 7 ust. 1
art. 2 ust. 1
art. 2 
 ust. 1
 
art. 403 ust. 6
art. 187 ust. 6
art. 412 ust. 3
art. 202 ust. 1
art. 203 ust. 3
art. 208 ust. 1
art. 211 ust. 1
art. 185 
art. 64 ust. 1
art. 77 ust. 1
art. 90 ust. 2
art. 4 ust. 1
art. 4 
art. 148 ust. 1
art. 148 ust. 1
art. 7 ust. 1
