
art. 8 ust. 1
ust. 1
art. 16 ust. 2
art. 8 ust. 1
art. 28 ust. 1
art. 28 ust. 1
ust. 1
art. 16 ust. 1
ust. 1

art. 16 ust. 2
art. 17 
art. 39 ust. 1
ust. 3

art. 61 ust. 1
ust. 1
art. 12 ust. 3
art. 8 ust. 1
art. 58 ust. 1
art. 8 ust. 1
art. 21 ust. 1
art. 22 ust. 9
art. 10 ust. 1
art. 26 ust. 1
art. 44 ust. 1
art. 10 
art. 27 ust. 1
art. 22 ust. 9
art. 27 ust. 1
art. 2 ust. 1
art. 44 ust. 1
art. 1 ust. 2
art. 48 ust. 1
art. 1 ust. 1
art. 5 ust. 5
art. 4 ust. 3
art. 5 ust. 3
art. 6 ust. 2
art. 16 ust. 1
art. 6 ust. 2
art. 6 ust. 2
art. 17 ust. 2
art. 16 ust. 1
art. 18 ust. 5
art. 6 ust. 2
art. 36 ust. 2
art. 8 ust. 11
art. 47 ust. 2
art. 6 ust. 2
art. 3 ust. 3
art. 5 ust. 1
art. 104 ust. 1
art. 66 ust. 1
art. 81 ust. 2
art. 66 ust. 1
art. 85 ust. 4
art. 86 ust. 1
art. 86 ust. 1
art. 157 ust. 4
art. 58 ust. 2
art. 66 ust. 2
art. 66 
art. 47 ust. 1
