
art. 3 ust. 2
art. 48 ust. 1
art. 5 ust. 2
art. 775 ust. 8
art. 13 ust. 1
art. 25 ust. 1
art. 25 ust. 1
art. 25 ust. 1
art. 16 ust. 1
art. 3 ust. 2
art. 24 
art. 16 ust. 1
art. 16 ust. 4
art. 3 
art. 25 ust. 2
art. 25 ust. 1
art. 25 ust. 2
art. 25 
art. 25 ust. 1
art. 25 ust. 1
art. 33 ust. 1
art. 23 ust. 1
art. 31 ust. 2
art. 9 ust. 2
art. 4 ust. 3
art. 11 ust. 3
art. 12 ust. 1
art. 1 ust. 2
art. 4 ust. 3
art. 52 ust. 2
art. 25 ust. 2
art. 57 ust. 6
art. 64 ust. 2
art. 65 ust. 1
art. 65 ust. 1
art. 71 ust. 1
art. 72 ust. 1
art. 73 ust. 2
art. 79 ust. 1
art. 11 ust. 3
art. 19 ust. 2
art. 48 
art. 78 ust. 1
art. 12 ust. 2
art. 25 ust. 3
art. 25 ust. 5
art. 1 ust. 1
art. 1 
art. 6 ust. 2
art. 6 ust. 2
art. 57 ust. 7
art. 57 ust. 7
art. 24 ust. 7
art. 25 ust. 1
art. 25 ust. 6
art. 25 ust. 2
art. 16 ust. 6
