
ust. 1

 ust. 1
art. 9 ust. 1
art. 9 ust. 1
art. 9 ust. 1
art. 9 ust. 1
art. 9 ust. 1
art. 9 ust. 1
art. 9 ust. 1
art. 18 ust. 2
art. 21 ust. 2
art. 4 ust. 1
 ust. 1
art. 5 ust. 1
art. 5 
 ust. 1
 
art. 4 ust. 1
art. 4 ust. 1
art. 4 ust. 1
art. 4 ust. 1
art. 4 ust. 1
art. 4 ust. 1
art. 4 ust. 1
art. 4 ust. 1
art. 4 ust. 1
art. 4 ust. 1
art. 4 ust. 1
art. 7 ust. 1
art. 4 ust. 1
art. 4 ust. 1
art. 4 ust. 1
art. 4 ust. 1
art. 19 ust. 1
art. 4 ust. 1
art. 4 ust. 1
art. 4 ust. 1
art. 4 ust. 1
art. 4 ust. 1
art. 4 ust. 1
art. 4 ust. 1
art. 4 ust. 1
art. 4 ust. 1
art. 4 ust. 1
art. 4 ust. 1
 ust. 1
art. 4 ust. 1
art. 20 ust. 1
art. 4 ust. 1
art. 9 ust. 5
art. 9 
art. 20 ust. 2
art. 6268 ust. 1
art. 6268 
art. 14 ust. 1
art. 15 ust. 1
art. 15 
art. 26 ust. 2
art. 40 ust. 3
art. 4 ust. 1
art. 4 ust. 1
 ust. 3
art. 12 ust. 1
art. 14 ust. 1
art. 15 ust. 2
art. 15 ust. 5
art. 15 
art. 12 
 ust. 7
 
art. 47 ust. 1
art. 47 
art. 47 ust. 6
art. 4 ust. 1
art. 4 ust. 1
art. 102 ust. 3
art. 47 ust. 2
 ust. 2
art. 4 ust. 1
 ust. 1
art. 26 ust. 2
art. 113 ust. 1
 ust. 2
art. 6 ust. 1
art. 114 ust. 3
art. 6 ust. 1
art. 113 ust. 1
art. 42 ust. 2
art. 9 ust. 1
art. 13 ust. 2
art. 47 ust. 1
art. 19 ust. 1
art. 26 ust. 2
art. 40 ust. 5
art. 19 ust. 1
art. 40 ust. 8
art. 47 ust. 5
