
art. 38 ust. 1
art. 79 ust. 3
art. 24 ust. 1
art. 33 
art. 25 ust. 1
art. 33 ust. 3
art. 80 
art. 80 ust. 1
art. 80 ust. 1
art. 80 ust. 1
art. 80 ust. 4
art. 80 ust. 5
art. 129 ust. 2
art. 106 ust. 1
art. 129 ust. 3
art. 132 ust. 1
 ust. 1
art. 129 ust. 2
 ust. 1
art. 133 ust. 4
art. 133 ust. 1
art. 132 ust. 1
art. 132 
art. 132 ust. 1
art. 129 ust. 1
art. 132 ust. 1
art. 33 ust. 3
art. 38 ust. 3
art. 43 ust. 2
art. 44 ust. 3
art. 67 ust. 2
art. 92 ust. 2
art. 99 ust. 2
art. 102 ust. 1
art. 103 ust. 2
art. 58 ust. 3
art. 71 ust. 2
art. 77 ust. 3
art. 86 ust. 3
art. 87 ust. 4
art. 116 ust. 3
art. 117 ust. 6
art. 118 ust. 6
art. 124 ust. 10
 ust. 12
art. 136 ust. 1
art. 12 ust. 2
art. 12 ust. 2
art. 12 ust. 2
art. 12 ust. 2
art. 28 ust. 8
art. 31 ust. 3
art. 33 ust. 2
art. 38 ust. 2
art. 58 ust. 2
art. 77 ust. 2
art. 85 
art. 87 ust. 3
art. 101 ust. 1
art. 109 ust. 1
art. 117 ust. 3
art. 100 ust. 1
art. 138 ust. 1
art. 33 ust. 2
art. 38 ust. 2
art. 58 ust. 2
art. 77 ust. 2
art. 87 ust. 3
art. 117 ust. 3
art. 138 ust. 2
art. 30 ust. 1
art. 86 ust. 4
art. 116 ust. 4
art. 28 ust. 1
art. 85 ust. 1
art. 114 ust. 1
art. 138 ust. 2
art. 8 ust. 4
art. 10 ust. 2
art. 7 ust. 1
art. 5 ust. 3
art. 135 ust. 1
art. 130 ust. 1
art. 80 ust. 1
art. 80 ust. 1
art. 80 ust. 1
art. 80 ust. 1
art. 79 ust. 6
art. 79 
art. 80 ust. 1
art. 100 ust. 1
art. 100 ust. 1
art. 100 ust. 1
art. 100 ust. 4
art. 100 ust. 4
art. 100 ust. 1
art. 100 ust. 2
art. 100 ust. 4
art. 100 ust. 7
art. 100 ust. 1
art. 100 ust. 7
art. 100 ust. 1
art. 100 ust. 7
art. 100 ust. 1
art. 100 ust. 4
art. 100 ust. 2
art. 100 ust. 4
art. 100 ust. 2
 ust. 2
 ust. 3
art. 100 ust. 1
art. 100 ust. 1
art. 100 ust. 1
art. 100 ust. 4
art. 100 ust. 2
art. 100 ust. 2
art. 8 ust. 5
art. 100 ust. 2
 ust. 2
 ust. 3
art. 100 ust. 1
art. 9 ust. 3
art. 100 ust. 5
art. 100 ust. 1
art. 100 ust. 4
art. 100 ust. 3
art. 100 ust. 1
art. 1 ust. 1
art. 1 
art. 1 ust. 1
art. 1 
art. 1 ust. 1
art. 1 
art. 39 ust. 2
art. 39 ust. 3
art. 39 ust. 10
art. 39 ust. 4
art. 100 ust. 1
art. 1 ust. 1
art. 1 
art. 26 ust. 1
art. 26 ust. 2
art. 7 ust. 1
art. 7 
art. 11 ust. 4
art. 10 ust. 2
art. 10 ust. 2
art. 100 ust. 1
art. 1 ust. 5
art. 1 
art. 10 ust. 1
art. 100 ust. 1
art. 10 ust. 1
art. 13 ust. 1
art. 4 ust. 4
art. 4 ust. 4
art. 100 ust. 1
art. 100 ust. 4
art. 100 ust. 1
art. 100 ust. 3
art. 100 ust. 3
art. 16 ust. 1
art. 100 ust. 1
art. 1 ust. 3
art. 1 
art. 38 ust. 3
art. 80 ust. 2
art. 80 ust. 3
art. 132 ust. 1
art. 80 ust. 1
art. 132 ust. 1
art. 132 ust. 1
art. 132 ust. 1
art. 132 ust. 1
art. 80 ust. 1
art. 79 ust. 3
art. 80 ust. 1
art. 80 ust. 1
art. 1 ust. 1
art. 1 
art. 80 ust. 1
art. 80 ust. 1
art. 80 ust. 1
art. 80 ust. 1
art. 1 ust. 1
art. 1 
art. 80 ust. 1
art. 80 ust. 2
art. 1 ust. 1
art. 80 ust. 1
art. 80 ust. 1
art. 80 ust. 1
art. 80 ust. 4
art. 1 ust. 1
art. 1 
art. 80 ust. 3
art. 1 ust. 1
art. 1 
art. 1 ust. 1
art. 13 ust. 1
art. 43 ust. 2
art. 44 ust. 3
art. 67 ust. 2
art. 82 ust. 1
art. 99 
art. 102 ust. 1
art. 103 ust. 1
art. 124 ust. 7
art. 2 ust. 1
art. 102 ust. 1
art. 102 
art. 2 ust. 1
art. 1 ust. 1
art. 129 ust. 2
art. 129 ust. 3
art. 129 ust. 2
art. 1 ust. 1
art. 1 
art. 80 ust. 4
art. 80 ust. 4
