
art. 3 ust. 1
art. 1 ust. 1
art. 3 ust. 1
art. 8 ust. 1
art. 10 ust. 1
art. 11 ust. 1
art. 22 ust. 7
art. 8 ust. 2
art. 9 ust. 2
art. 10 ust. 1
art. 10 
art. 11 ust. 3
art. 22 ust. 1
art. 30 ust. 1
art. 1 ust. 2
art. 13 ust. 1
art. 32 ust. 3
art. 14 ust. 2
art. 20 ust. 1
art. 38 ust. 1
art. 38 ust. 2
art. 39 ust. 1
art. 40 ust. 1
art. 41 ust. 3
art. 11 ust. 2
art. 12 ust. 1
art. 16 ust. 1
art. 17 ust. 1
art. 18 ust. 1
art. 24 ust. 13
art. 29 ust. 3
art. 30 ust. 4
art. 33 ust. 3
art. 17 ust. 4
art. 18 ust. 5
art. 19 ust. 3
art. 11 ust. 2
art. 69 ust. 2
art. 2 ust. 1
art. 12 ust. 5
art. 12 ust. 2
art. 16 ust. 3
art. 18 ust. 1
art. 22 ust. 3
art. 3 ust. 2
art. 4 ust. 2
art. 5 ust. 2
art. 6 ust. 3
art. 25 ust. 1
art. 27 ust. 1
art. 28 ust. 2
art. 12 ust. 2
art. 35 ust. 1
art. 62 ust. 4
art. 64 ust. 4
