
art. 25 ust. 4
art. 32 ust. 1
art. 41 ust. 3
art. 41 ust. 1
art. 42 ust. 4
art. 42 ust. 4
art. 42 ust. 1
art. 42 ust. 4
art. 42 ust. 4
art. 42 ust. 4
art. 42 ust. 4
art. 42 ust. 4
art. 42 ust. 4
art. 42 ust. 4
art. 12 ust. 1
art. 12 
art. 42 ust. 1
art. 48 ust. 2
art. 48 ust. 3
art. 189 ust. 2
ust. 3
art. 4 ust. 2
art. 41 ust. 1
art. 4 ust. 2
art. 11 ust. 2
art. 43 ust. 1
art. 46 ust. 1
art. 47 ust. 2
art. 47 ust. 2
art. 189 ust. 2
art. 189 ust. 2
art. 42 ust. 1
art. 47 ust. 1
art. 13 ust. 1
art. 26 ust. 4
art. 26 ust. 2
art. 47 ust. 5
art. 47 ust. 5
art. 48 ust. 1
art. 48 
art. 129 ust. 3
art. 8 ust. 5
art. 23 ust. 4
art. 31 ust. 1
art. 41 ust. 3
art. 47 ust. 1
art. 48 ust. 10
art. 102 ust. 1
art. 102 ust. 1
art. 129 ust. 1
art. 131 ust. 4
art. 135 ust. 3
art. 144 ust. 3
art. 146 ust. 2
art. 148 ust. 1
art. 151 ust. 8
art. 165 ust. 1
art. 167 ust. 2
art. 174 ust. 2
art. 194 ust. 1
art. 48 ust. 11
art. 48 ust. 8
art. 41 ust. 4
art. 194 ust. 4
art. 194 ust. 4
art. 24 ust. 4
art. 23 ust. 3
art. 129 ust. 2
art. 129 ust. 1
art. 42 ust. 4
art. 42 ust. 4
art. 184 ust. 1
art. 42 ust. 4
art. 42 ust. 4
art. 42 ust. 4
art. 42 ust. 4
art. 42 ust. 4
art. 42 ust. 4
art. 42 ust. 4
art. 184 ust. 2
art. 42 ust. 4
art. 43 ust. 8
art. 42 ust. 4
art. 186 ust. 1
art. 187 ust. 4
art. 188 ust. 2
art. 42 ust. 4
art. 24 ust. 7
art. 24 ust. 7
art. 5 ust. 1
art. 6 ust. 1
art. 7 ust. 2
art. 14 ust. 3
art. 33 ust. 1
art. 25 ust. 4
art. 14 ust. 1
art. 25 ust. 6
art. 25 ust. 8
art. 1 ust. 1
art. 42 ust. 4
art. 42 ust. 3
art. 42 ust. 3
art. 42 ust. 4
art. 4 ust. 2
art. 48 ust. 7
art. 1 ust. 1
art. 41 ust. 4
art. 46 ust. 1
art. 1 ust. 1
art. 20 ust. 3
art. 20 ust. 3
art. 43 ust. 8
art. 118 ust. 1
 ust. 1
 ust. 1
art. 194 ust. 4
art. 194 ust. 4
