
ust. 2

art. 11 ust. 1
art. 11 
art. 5 ust. 1
 ust. 2
art. 14 ust. 1
ust. 1
art. 21 ust. 2
art. 21 
art. 21 ust. 2
art. 10 ust. 2
art. 21 ust. 2
art. 23 ust. 4
art. 23 ust. 2
art. 16 ust. 1
art. 22 ust. 1
ust. 1

art. 16 ust. 3
art. 17 ust. 1
art. 25 ust. 4
art. 25 ust. 4
art. 25 ust. 4
art. 80 ust. 5
art. 110 ust. 3
art. 110 ust. 6
art. 1 ust. 1
art. 9 ust. 1
art. 9 ust. 6
art. 9 ust. 2
art. 9 ust. 3
art. 4 ust. 1
art. 9 ust. 6
art. 39 ust. 8
art. 15 ust. 4
art. 13 ust. 6
art. 22 ust. 4
art. 46 ust. 3
art. 80 ust. 1
art. 100 ust. 1
art. 9 ust. 2
art. 9 ust. 3
art. 9 ust. 3
art. 4 ust. 1
