
art. 1 ust. 1
art. 6 ust. 1
art. 6 ust. 2
art. 12 ust. 3
art. 38 ust. 1
art. 12 ust. 1
art. 12 ust. 3
art. 15 ust. 1
art. 12 ust. 1
art. 12 ust. 3
art. 17 ust. 3
art. 12 ust. 3
art. 12 ust. 1
art. 12 ust. 3
art. 19 ust. 5
art. 34 ust. 3
art. 12 ust. 1
art. 34 ust. 1
art. 34 ust. 1
art. 8 ust. 1
art. 36 ust. 1
art. 12 ust. 2
art. 19 ust. 6
art. 38 ust. 1
art. 12 ust. 3
art. 6 ust. 4
art. 6 ust. 1
art. 38 ust. 5
 ust. 1
art. 44 ust. 2
 ust. 7
 
art. 44 ust. 2
art. 44 ust. 1
art. 44 ust. 1
art. 44 
art. 44 ust. 1
art. 44 ust. 1
art. 44 ust. 1
art. 44 ust. 1
art. 44 ust. 2
art. 44 ust. 4
art. 44 ust. 2
art. 44 ust. 1
art. 44 ust. 1
art. 44 ust. 1
art. 44 ust. 1
art. 44 
 ust. 4
 ust. 1
 
art. 44 ust. 1
art. 44 ust. 1
art. 44 
art. 44 ust. 1
art. 44 ust. 1
art. 44 ust. 7
art. 44 ust. 10
art. 46 ust. 1
art. 6 ust. 1
art. 6 ust. 2
art. 6 ust. 2
art. 6 ust. 4
art. 6 ust. 5
art. 69 ust. 1
art. 30 ust. 1
