
art. 6 ust. 5
art. 6 ust. 4
art. 10 ust. 1
art. 7 ust. 3
art. 10 ust. 2
art. 7 ust. 1
art. 9 ust. 1
art. 10 ust. 1
art. 11 ust. 4
art. 10 ust. 1
art. 12 ust. 1
 ust. 4
art. 29 ust. 4
art. 30 ust. 1
art. 10 ust. 1
art. 15 ust. 1
art. 17 ust. 1
art. 19 ust. 1
art. 8 ust. 2
art. 8 ust. 2
art. 21 ust. 2
art. 21 ust. 2
art. 21 ust. 1
 ust. 1
art. 22 ust. 2
art. 9 ust. 35
art. 24 ust. 1
art. 25 ust. 1
art. 26 ust. 1
art. 29 ust. 2
art. 30 ust. 1
art. 31 ust. 2
art. 21 ust. 2
art. 24 ust. 1
art. 26 ust. 1
art. 6 ust. 2
art. 9 ust. 6
art. 21 ust. 4
art. 29 ust. 5
art. 6 ust. 5
art. 9 ust. 6
art. 21 ust. 4
