
art. 29 ust. 1
art. 4 ust. 2
art. 28 ust. 1
art. 28 ust. 1
art. 28 ust. 1
art. 7 ust. 1
art. 28 ust. 1
art. 63 ust. 3
art. 27 ust. 5
art. 63 ust. 3
art. 6 ust. 6
art. 27 ust. 9
art. 92 ust. 2
art. 17 ust. 1
art. 7 ust. 2
art. 30 ust. 2
art. 8 ust. 2
art. 27 ust. 8
art. 28 ust. 1
art. 6 ust. 3
art. 9 ust. 6
art. 6 ust. 7
art. 92 ust. 2
art. 17 ust. 1
art. 92 ust. 1
art. 10 ust. 1
art. 11 ust. 1
art. 29 
art. 17 ust. 1
 ust. 1
art. 17 ust. 1
art. 17 
 ust. 1
art. 8 ust. 1
art. 28 ust. 1
art. 7 ust. 1
art. 7 ust. 1
art. 65 ust. 2
art. 33 ust. 3
art. 28 ust. 1
art. 21 ust. 1
art. 7 ust. 1
art. 27 ust. 5
art. 24 ust. 2
art. 7 ust. 1
art. 21 ust. 1
art. 21 ust. 4
art. 21 ust. 13
art. 21 ust. 13
