
art. 3 ust. 1
art. 122 ust. 1
art. 122 
art. 3 ust. 1
ust. 1

 ust. 1
 
ust. 6

ust. 1
ust. 1
ust. 1

art. 22 ust. 1
ust. 1
art. 67 ust. 1
ust. 1

 ust. 1
 
art. 67 ust. 1
 ust. 1
art. 42 ust. 2
art. 58 ust. 7
ust. 1
art. 40 ust. 1
 ust. 2
ust. 4
art. 6 ust. 3
ust. 2
art. 36 ust. 1
 ust. 2
 ust. 2
art. 36 ust. 1
art. 99 ust. 1
art. 62 ust. 1
art. 45 ust. 3
art. 36 ust. 1
art. 57 ust. 5
art. 59 ust. 1
art. 99 ust. 2
art. 26 ust. 1
art. 36 ust. 1
art. 64 ust. 1
ust. 1
ust. 2
 ust. 2
 ust. 3
art. 91 ust. 5
art. 93 ust 1
art. 38 ust. 3
art. 86 ust. 4
art. 136 ust. 1
ust. 1
art. 18 ust. 1
ust. 1
art. 40 ust. 5
art. 48 ust. 2
art. 100 ust. 1
art. 100 ust. 1
art. 100 ust 1
ust. 2
art. 100 ust. 1
art. 100 ust. 1
art. 91 ust. 3
 ust. 1
 
art. 3 ust. 1
art. 3 ust. 1
art. 49 ust. 1
art. 52 ust. 1
art. 7 ust. 1
art. 3 ust. 1
art. 3 ust. 1
 ust. 2
art. 122 ust. 1
art. 67 ust. 2
art. 62 ust 2
art. 62 ust. 1
art. 67 ust. 1
art. 67 ust. 1
art. 67 ust. 2
art. 123 ust. 1
art. 12 ust. 3
art. 43 ust. 4
art. 122 ust. 1
art. 122 ust. 1
art. 122 ust. 1
art. 122 ust. 1
art. 122 ust. 1
art. 178 ust. 1
art. 26 ust. 4
art. 40 ust. 4
art. 167 ust. 2
art. 136 ust. 1
art. 29 ust. 3
art. 167 ust. 2
art. 136 ust. 1
art. 29 ust. 3
art. 136 ust. 2
art. 67 ust. 1
art. 136 ust. 2
art. 23 ust. 1
art. 142 ust. 2
 ust. 1
art. 167 ust. 1
art. 167 
art. 140 ust. 2
art. 144 ust. 1
art. 142 ust. 4
art. 6 ust. 3
art. 148 ust. 1
art. 148 ust. 2
 ust. 3
 
ust. 2
 ust. 6
art. 153 ust. 2
art. 158 ust. 3
art. 167 ust. 3
art. 164 ust. 2
ust. 2
art. 167 ust. 3
art. 24 ust. 2
art. 46 ust. 5
art. 173 ust. 2
art. 179 ust. 2
art. 173 ust. 1
 ust. 1
art. 179 ust. 2
art. 195 ust. 1
art. 172 ust. 1
ust. 3

art. 136 ust. 1
ust. 1
art. 9 ust. 1
art. 3 ust. 1
art. 10 ust. 3
art. 189 ust. 2
art. 6 ust. 2
art. 33 ust. 1
art. 64 ust. 2
art. 68 ust. 2
art. 28 ust. 4
art. 28 ust. 4
art. 138 ust. 1
art. 28 ust. 4
art. 9 ust. 1
art. 24 ust. 1
art. 24 ust. 1
art. 67 ust. 2
art. 41 ust. 6
art. 16 ust. 2
art. 5 ust. 2
art. 29 ust. 6
art. 213 ust. 2
art. 11 ust. 2
art. 76 ust. 2
art. 12 ust. 2
art. 153 ust. 1
art. 157 ust. 1
art. 173 ust. 2
art. 14 ust. 6
art. 22 ust. 9
art. 25 ust. 3
art. 35 ust. 3
art. 86 ust. 2
art. 92 ust. 1
art. 11 ust. 6
art. 26 ust. 4
art. 33 ust. 3
art. 96 ust. 5
art. 152 ust. 4
art. 30 ust. 2
art. 31 ust. 4
art. 34 ust. 1
art. 40 ust. 3
art. 43 ust. 3
art. 49 ust. 3
art. 49 ust. 4
art. 52 ust. 3
art. 62 ust. 3
art. 90 ust. 4
art. 95 ust. 2
art. 104 ust. 3
art. 116 ust. 2
art. 118 ust. 4
art. 132 ust. 1
art. 146 ust. 1
