
art. 10 ust. 3
art. 10 
art. 8 ust. 2
art. 4 ust. 2
art. 3 ust. 1
art. 4 ust. 1
art. 3 ust. 2
art. 8 ust. 2
art. 3 ust. 1
art. 3 ust. 1
art. 3 ust. 2
 ust. 2
art. 4 ust. 3
art. 4 ust. 3
art. 3 ust. 2
art. 10 ust. 1
art. 10 ust. 1
art. 47 ust. 8
art. 3 ust. 3
art. 3 ust. 3
art. 11 ust. 1
art. 13 ust. 1
art. 20 ust. 1
art. 3 ust. 1
art. 20 ust. 1
art. 20 ust. 1
art. 11 ust. 1
art. 11 ust. 1
art. 3 ust. 1
art. 21 ust. 2
art. 21 ust. 2
art. 8 ust. 2
art. 6 ust. 3
art. 21 ust. 1
art. 29 ust. 2
ust. 3

art. 1 ust. 1
