
ust. 1

ust. 3

ust. 1

 ust. 4
 
ust. 1

art. 17 ust. 1
art. 51 ust. 1
art. 51 
art. 2 ust. 1
art. 2 
ust. 1

art. 24 ust. 1
art. 24 ust. 1
art. 51 ust. 1
art. 51 
art. 6 ust 1
art. 29 ust. 1
art. 27 ust. 1
art. 34 ust. 1
ust. 2
art. 33 ust. 6
art. 33 ust. 3
ust. 1

art. 45 ust. 1
ust. 1

art. 51 ust. 1
art. 51 ust. 2
art. 52 ust. 1
art. 52 ust. 2
art. 51 ust. 1
art. 51 ust. 2
 ust. 1
ust. 1
art. 51 ust. 1
art. 52 ust. 1
art. 51 ust. 2
art. 52 ust. 2
ust. 1

art. 50 ust. 3
art. 61 ust. 1
art. 61 ust. 1
art. 61 ust. 1
art. 61 ust. 1
art. 67 ust. 1
art. 69 ust. 1
art. 67 ust. 1
art. 67 ust. 1
ust. 2

art. 89 ust. 8
art. 84 ust. 1
ust. 1

art. 88 ust. 1
art. 85 ust. 4
art. 88 ust. 1
ust. 3

art. 5 ust. 2
art. 9 ust. 1
art. 13 ust. 1
art. 14 ust. 1
art. 26 ust. 3
art. 35 ust. 2
ust. 2

art. 12 ust. 3
 ust. 5
 
art. 16 ust. 4
art. 16 
art. 6 ust. 1
art. 114 ust. 2
art. 6 ust. 1
art. 6 ust. 1
art. 6 ust. 1
art. 113 ust. 2
art. 6 ust. 1
art. 6 ust. 1
art. 6 ust. 1
 ust. 1
 
art. 26 ust. 1
art. 26 
 ust. 1
 
art. 64 ust. 1
art. 61 ust. 1
ust. 1
art. 61 ust. 1
art. 8 ust. 1
art. 10 ust. 1
art. 12 ust. 1
art. 20 ust. 1
art. 23 ust. 6
art. 7 ust. 1
art. 45 ust. 1
art. 35 ust. 6
art. 6 ust. 1
art. 50 ust. 1
art. 33 ust. 1
art. 37 ust. 1
art. 12 ust. 1
art. 13 ust. 1
art. 15 ust. 1
art. 17 ust. 1
art. 22 ust. 1
art. 24 ust. 1
art. 28 ust. 1
art. 29 ust. 1
art. 83 ust. 3
art. 19 ust. 2
art. 413 ust. 5
art. 83 ust. 2
art. 85 ust. 4
art. 132 ust. 2
art. 101 ust. 2
art. 108 ust. 2
art. 67 ust. 1
art. 75 ust. 1
art. 61 ust. 1
art. 64 ust. 1
art. 56 ust. 1
art. 6 ust. 1
art. 160 ust. 4
art. 160 
art. 96 ust. 2
art. 159 ust. 3
art. 159 ust. 3
