
art. 4 ust. 4
art. 5 ust. 3
art. 6 ust. 1
 ust. 2
art. 7 ust. 1
art. 8 ust. 3
art. 9 ust. 3
art. 44 ust. 1
art. 13 ust. 2
art. 14 ust. 1
 ust. 4
art. 20 ust. 1
 ust. 3
 ust. 1
art. 50 
art. 22 ust. 9
art. 24 ust. 2
art. 25 ust. 1
art. 26 ust. 2
art. 29 ust. 2
art. 31 ust. 1
art. 32 ust. 4
art. 9 ust. 3
art. 35 ust. 1
art. 36 ust. 1
art. 37 ust. 2
art. 40 ust. 1
art. 42 ust. 2
art. 45 ust. 1
art. 25 ust. 3
art. 20 ust. 3
art. 4 ust. 4
art. 50 ust. 6
art. 112 ust. 1
art. 52 ust. 5
art. 54 ust. 1
art. 56 ust. 3
art. 58 ust. 1
art. 60 ust. 2
art. 60 
art. 60 ust. 1
art. 176 ust. 4
art. 80 ust. 5
art. 83 ust. 1
art. 20 ust. 1
art. 89 ust. 1
art. 45 ust. 1
art. 90 ust. 2
art. 85 ust. 1
art. 20 ust. 1
art. 91 ust. 1
art. 94 ust. 4
art. 96 ust. 2
art. 95 ust. 1
art. 103 ust. 2
art. 109 ust. 1
art. 112 ust. 1
art. 113 ust. 3
art. 114 ust. 4
 ust. 5
art. 112 ust. 1
art. 44 ust. 1
art. 111 ust. 2
art. 112 ust. 1
art. 119 ust. 1
art. 112 ust. 1
art. 120 ust. 1
art. 119 ust. 1
art. 114 ust. 2
art. 58 ust. 1
art. 58 
art. 123 ust. 3
art. 124 ust. 3
art. 33 ust. 1
 ust. 1
art. 134 ust. 1
art. 137 ust. 1
art. 34 ust. 1
art. 78 ust. 4
art. 81 ust. 2
art. 143 ust. 2
art. 144 ust. 1
art. 147 ust. 1
art. 154 ust. 1
art. 155 ust. 2
art. 172 ust. 2
art. 175 ust. 4
art. 176 ust. 1
art. 177 ust. 2
art. 180 ust. 3
art. 158 ust. 1
art. 71 ust. 2
art. 76 ust. 13
art. 32 ust. 2
art. 37 ust. 2
art. 40 ust. 1
art. 41 ust. 1
art. 47 ust. 1
art. 47 
art. 7 ust. 2
art. 22 ust. 1
art. 26 ust. 1
art. 18 ust. 1
art. 59 ust. 2
art. 77 ust. 2
art. 89 ust. 1
art. 88 ust. 3
art. 22 ust. 1
art. 22 ust. 1
art. 22 ust. 1
art. 22 ust. 1
art. 22 ust. 1
art. 4 ust. 1
art. 31 ust. 5
art. 9 ust. 3
art. 119 ust. 1
art. 15 ust. 1
art. 6 ust. 1
art. 7 ust. 2
art. 44 ust. 1
art. 1 ust. 1
art. 1 
art. 7 ust. 1
art. 9 ust. 2
art. 94 ust. 1
art. 96 ust. 1
art. 4 ust. 4
art. 22 ust. 9
art. 46 ust. 1
art. 55 ust. 1
art. 56 ust. 5
art. 60 ust. 5
art. 91 ust. 4
art. 120 ust. 4
art. 137 ust. 1
art. 4 ust. 4
art. 22 ust. 9
art. 46 ust. 1
art. 55 ust. 1
art. 56 ust. 5
art. 60 ust. 5
art. 91 ust. 4
art. 120 ust. 4
art. 137 ust. 1
art. 26 ust. 10
art. 26 ust. 14
