
art. 2 ust. 1
art. 10 ust. 1
art. 11 ust. 1
art. 18 ust. 1
art. 6 ust. 2
art. 7 ust. 1
art. 7 
art. 23 ust. 4
 ust. 6
 
art. 21 ust. 2
art. 8 ust. 4
art. 8 
art. 4 ust. 1
art. 9 ust. 1
art. 2 ust. 1
art. 11 ust. 1
art. 21 ust. 4
 ust. 7
art. 30 ust. 5
art. 14 ust. 4
art. 13 ust. 6
art. 18 ust. 3
art. 20 ust. 1
art. 4 ust. 2
art. 4 ust. 2
art. 21 ust. 1
art. 23 ust. 2
art. 14 ust. 1
art. 21 ust. 3
art. 11 ust. 2
art. 36 ust. 2
art. 39 ust. 1
art. 30 ust. 5
art. 28 ust. 2
art. 3 ust. 1
art. 14 ust. 7
