
art. 21 ust. 1
 ust. 3
art. 21 ust. 1
art. 4 ust. 2
art. 4 ust. 2
art. 10 ust. 1
art. 34 ust. 1
art. 4 ust. 3
art. 4 ust. 3
art. 33 ust. 1
art. 11 ust. 1
art. 23 ust. 1
art. 27 ust. 2
art. 28 ust. 3
 ust. 7
art. 14 ust. 2
art. 15 ust. 1
 ust. 1
 ust. 2
art. 33 ust. 1
 ust. 2
ust. 1
art. 22 ust. 1
art. 22 ust. 1
art. 22 ust. 1
ust. 1
ust. 1
 ust. 4
art. 33 ust. 6
 ust. 1
art. 10 ust. 1
art. 11 ust. 3
art. 35 ust. 2
art. 36 ust. 1
art. 35 ust. 2
art. 36 ust. 2
art. 37 ust. 1
art. 35 ust. 1
art. 36 ust. 1
art. 37 ust. 1
art. 42 ust. 1
art. 42 ust. 3
art. 43 ust. 1
ust. 4

 ust. 3
art. 51 ust. 1
art. 4 ust. 1
art. 33 ust. 1
art. 11 ust. 3
art. 33 ust. 1
art. 10 ust. 1
art. 11 ust. 3
art. 54 ust. 1
art. 4 ust. 4
art. 7 ust. 10
art. 7 ust. 2
art. 18 ust. 6
art. 22 ust. 6
art. 10 ust. 2
art. 11 ust. 4
art. 21 ust. 2
art. 38 ust. 1
art. 38 ust. 1
art. 34 ust. 1
art. 36 ust. 1
