
art. 5 ust. 1
 ust. 1
art. 5 ust. 1
 ust. 3
 ust. 1
art. 7 ust. 4
art. 5 ust. 1
art. 8 ust. 1
art. 5 ust. 3
art. 5 ust. 3
art. 9 ust. 3
art. 5 ust. 1
art. 5 ust. 1
art. 5 ust. 3
art. 5 ust. 1
art. 5 ust. 1
art. 5 ust. 5
art. 5 
art. 5 ust. 3
art. 5 
art. 10 ust. 1
art. 5 ust. 1
art. 5 ust. 1
art. 10 ust. 2
art. 10 ust. 1
art. 10 ust. 1
art. 5 ust. 1
art. 9 ust. 3
art. 5 ust. 1
art. 5 ust. 1
art. 5 ust. 1
art. 10 ust. 1
art. 14 ust. 2
art. 5 ust. 1
art. 119 ust. 1
art. 10 ust. 3
art. 10 
art. 8 ust. 8
art. 8 ust. 8
art. 119 ust. 4
art. 119 ust. 4
art. 5 ust. 1
art. 1 ust. 3
