
ust. 1
 ust. 1
art. 111 ust. 1
art. 4 ust. 2
art. 43 ust. 2
art. 43 
art. 27 ust. 3
art. 30 ust. 1
 ust. 1
 
art. 27 ust. 2
art. 4 ust. 2
ust. 2

art. 43 ust. 1
art. 41 ust. 1
art. 41 ust. 1
ust. 1

ust. 1
art. 52 ust. 1
art. 51 ust. 2
art. 48 ust. 2
art. 51 ust. 1
art. 52 ust. 1
art. 56 ust. 1
art. 58 ust. 1
art. 54 ust. 1
art. 54 ust. 1
ust. 1

art. 71 ust. 1
art. 65 ust. 1
art. 71 ust. 1
ust. 1

art. 13 ust. 1
art. 91 ust. 1
art. 90 ust. 1
art. 89 ust. 1
art. 96 ust. 2
art. 97 ust. 1
art. 96 ust. 2
art. 95 ust. 1
art. 97 ust. 2
art. 91 ust. 2
