
art. 13 ust. 1
art. 3 ust. 1
art. 3 ust. 1
art. 3 ust. 1
art. 3 ust. 1
art. 30 ust. 1
art. 3 ust. 3
art. 3 ust. 3
art. 30 ust. 24
art. 3 ust. 3
art. 3 ust. 3
art. 30 ust. 5
art. 30 ust. 1
art. 30 
art. 100 ust. 1
art. 61 ust. 4
art. 3 ust. 1
art. 3 ust. 3
art. 3 ust. 3
art. 64 ust. 2
art. 80 ust. 1
art. 3 ust. 3
art. 86 ust. 2
art. 61 ust. 4
art. 61 ust. 4
art. 91 ust. 1
art. 3 ust. 1
art. 3 ust. 3
art. 92 ust. 2
art. 100 ust. 3
art. 90 ust. 3
art. 93 ust. 1
art. 57 ust. 1
art. 57 
art. 113 ust. 3
art. 114 ust. 1
 ust. 1
art. 113 ust. 1
art. 124 ust. 1
art. 3 ust. 3
art. 3 ust. 1
art. 3 ust. 1
art. 3 ust. 3
art. 3 ust. 3
art. 3 ust. 1
art. 3 ust. 3
art. 3 ust. 1
art. 3 ust. 3
art. 3 ust. 3
art. 3 ust. 3
art. 30 ust. 1
art. 3 ust. 3
art. 3 ust. 3
art. 3 ust. 1
art. 138 ust. 1
art. 13 ust. 3
