
art. 34 ust. 1
art. 23 ust. 1
art. 14 ust. 1
art. 7 ust. 1
art. 14 ust. 1
ust. 1

 ust. 1
art. 28 ust. 1
art. 34 ust. 1
art. 46 ust. 3
art. 8 ust. 1
art. 8 ust. 1
art. 21 ust. 2
ust. 2
art. 34 ust. 1
art. 46 ust. 1
art. 8 ust. 1
ust. 1
art. 14 ust. 2
art. 8 ust. 1
art. 3 ust. 3
 ust. 2
art. 8 ust. 1
 ust. 2
 ust. 1
art. 21 ust. 2
 ust. 1
 ust. 4
art. 14 ust. 1
art. 14 ust. 1
art. 34 ust. 2
art. 14 ust. 1
art. 40 ust. 1
ust. 1
ust. 1

art. 127 ust. 1
art. 127 
art. 21 ust. 1
art. 30 ust. 1
art. 30 ust. 1
art. 30 ust. 3
art. 31 ust. 1
art. 34 ust. 1
 ust. 1
 
art. 866 ust. 1
art. 38 ust. 2
art. 37 ust. 3
art. 13 ust. 4
art. 13 ust. 4
