
art. 2 ust. 1
art. 6 ust. 1
art. 19 ust. 3
art. 19 
art. 8 ust. 1
 ust. 1
art. 12 ust. 1
art. 14 ust. 1
art. 15 ust. 4
art. 5 ust. 3
art. 8 ust. 1
art. 12 ust. 6
art. 32 ust. 1
art. 83 ust. 6
art. 84 ust. 1
art. 84 
art. 5 ust. 3
art. 18 ust. 1
art. 132 ust. 2
art. 8 ust. 1
art. 12 ust. 2
art. 127 ust. 7
art. 127 ust. 7
art. 49 ust. 1
art. 8 ust. 1
art. 127 ust. 7
art. 8 ust. 1
art. 12 ust. 3
art. 20 ust. 2
art. 6 ust. 1
art. 24 ust. 1
art. 22 ust. 1
art. 10 ust. 1
art. 23 ust. 2
art. 10 ust. 1
art. 124 ust. 2
 ust. 1
 
art. 27 ust. 2
art. 5 ust. 1
art. 15 ust. 1
art. 27 ust. 2
art. 7 ust. 3
art. 37 ust. 2
art. 2 ust. 2
art. 8 ust. 3
art. 16 ust. 1
art. 83 ust. 6
art. 5 ust. 1
art. 8 ust. 3
art. 5 ust. 1
art. 8 ust. 1
art. 8 ust. 3
art. 27 ust. 2
