
art. 9 ust. 1
art. 101 ust. 5
art. 4 ust. 1
art. 17 ust. 1
art. 14 ust. 1
art. 18 ust. 3
art. 76 ust. 2
art. 208 ust. 2
art. 211 ust. 6
art. 217 ust. 1
art. 101 ust. 6
art. 101 ust. 8
art. 101 ust. 1
art. 101 ust. 8
art. 101 ust. 1
art. 101 ust. 1
art. 101 ust. 1
art. 101 ust. 1
art. 101 ust. 6
art. 101 ust. 1
art. 101 ust. 1
art. 101 ust. 1
art. 101 
art. 101 ust. 1
art. 101 ust. 1
art. 101 ust. 1
art. 101 ust. 1
art. 101 ust. 2
art. 101 ust. 4
art. 101 ust. 2
art. 147 ust. 1
ust. 1
art. 147 ust. 1
art. 147 ust. 1
art. 101 ust. 6
art. 101 ust. 1
art. 147 ust. 1
art. 101 ust. 1
art. 147 ust. 1
art. 101 ust. 4
art. 101 ust. 1
art. 101 ust. 1
art. 147 ust. 1
art. 147 ust. 1
art. 147 ust. 1
art. 101 ust. 2
art. 147 ust. 1
art. 147 ust. 1
art. 101 ust. 5
art. 362 ust. 1
art. 101 ust. 2
art. 147 ust. 1
art. 147 ust. 1
art. 101 ust. 5
art. 101 ust. 3
art. 101 ust. 2
art. 101 ust. 2
art. 101 ust. 1
art. 101 ust. 5
art. 135 ust. 5
art. 144 ust. 4
art. 146 ust. 3
art. 146 ust. 3
art. 146 
art. 146 ust. 3
art. 169 ust. 3
art. 146 ust. 3
art. 146 ust. 3
art. 146 ust. 3
art. 146 ust. 3
art. 146 ust. 3
art. 146 ust. 1
art. 146 ust. 3
art. 146 ust. 1
art. 146 
 ust. 1
art. 146 ust. 1
art. 146 
art. 146 ust. 2
art. 146 ust. 3
art. 146 ust. 3
art. 146 ust. 2
art. 147 ust. 1
art. 148 ust. 1
art. 147 ust. 1
art. 150 ust. 1
art. 147 ust. 1
art. 147 ust. 6
art. 152 ust. 6
 ust. 1
art. 153 ust. 2
art. 157 ust. 1
art. 157 
art. 169 ust. 1
art. 169 ust. 1
art. 168 ust. 2
art. 168 ust. 3
art. 168 ust. 4
art. 146 ust. 3
art. 175 ust. 5
art. 178 ust. 1
art. 181 ust. 3
art. 188 ust. 3
art. 193 ust. 2
art. 183 ust. 3
art. 183 ust. 1
art. 184 ust. 1
art. 183 ust. 4
art. 71 ust. 1
art. 185 ust. 2
art. 204 ust. 2
art. 187 ust. 1
art. 181 ust. 1
art. 188 ust. 1
art. 189 ust. 1
art. 193 ust. 1
art. 195 ust. 1
art. 215 ust. 4
art. 216 ust. 3
art. 201 ust. 1
art. 202 ust. 1
art. 181 ust. 1
art. 224 ust. 3
art. 204 ust. 2
art. 207 ust. 1
art. 181 ust. 1
art. 113 ust. 2
art. 202 ust. 6
art. 248 
art. 207 ust. 1
art. 204 ust. 2
 ust. 2
art. 113 ust. 2
art. 147 ust. 1
art. 135 ust. 6
art. 209 ust. 1
art. 213 ust. 1
art. 210 ust. 3
art. 181 ust. 1
art. 148 ust. 1
art. 113 ust. 2
art. 248 ust. 1
art. 146 ust. 3
art. 135 ust. 6
art. 204 ust. 2
art. 213 ust. 1
art. 211 ust. 1
art. 214 ust. 1
art. 201 ust. 2
art. 204 
art. 204 ust. 2
art. 195 ust. 1
art. 215 ust. 2
ust. 1
art. 211 ust. 6
art. 211 ust. 6
art. 147 ust. 1
art. 193 ust. 1
art. 211 ust. 6
art. 101 ust. 5
art. 217 ust. 3
art. 101 ust. 4
art. 101 ust. 2
art. 101 ust. 2
art. 13 ust. 3
art. 15 ust. 2
art. 17 ust. 2
art. 101 ust. 4
art. 101 ust. 1
art. 101 ust. 2
art. 13 ust. 3
art. 15 ust. 1
art. 17 ust. 2
art. 204 ust. 2
art. 216 ust. 1
art. 108 ust. 1
art. 305 ust. 2
art. 319 ust. 5
art. 101 ust. 1
art. 101 ust. 4
art. 101 ust. 2
art. 101 ust. 1
art. 101 ust. 1
art. 101 ust. 1
art. 101 ust. 2
art. 101 ust. 6
art. 101 ust. 7
art. 101 ust. 1
art. 340 ust. 2
art. 147 ust. 1
art. 362 ust. 6
art. 362 ust. 2
art. 95 ust. 1
art. 378 ust. 2
art. 378 ust. 4
art. 91 
art. 92 ust. 1
art. 94 ust. 2
art. 95 ust. 1
art. 119 ust. 2
art. 135 ust. 2
art. 162 ust. 3
art. 400 ust. 1
art. 400 ust. 2
art. 400 ust. 1
art. 400 ust. 2
art. 14 ust. 1
art. 400 ust. 1
art. 101 ust. 1
art. 401 ust. 11
art. 14 ust. 1
art. 2 ust. 1
art. 168 ust. 1
art. 5 ust. 4
art. 5 ust. 2
art. 83 ust. 4
art. 9 ust. 2
art. 18 ust. 1
art. 28 ust. 3
art. 2 ust. 1
art. 22 ust. 1
art. 23 ust. 2
art. 157 ust. 2
art. 3 ust. 1
art. 168 ust. 1
art. 14 ust. 1
art. 27 ust. 3
art. 35 ust. 1
art. 35 
art. 50 ust. 1
art. 50 
art. 37 ust. 1
art. 27 
art. 37 ust. 1
art. 37 ust. 1
art. 27 ust. 3
art. 3 ust. 2
art. 3 
art. 37 ust. 1
art. 118 ust. 2
art. 2 ust. 1
art. 71 ust. 1
art. 90 ust. 1
art. 98 ust. 1
art. 7 ust. 3
art. 9 ust. 2
art. 12 ust. 4
art. 13 ust. 2
art. 147 ust. 1
art. 147 ust. 1
art. 217 ust. 3
art. 147 ust. 1
 ust. 6
art. 12 ust. 2
art. 217 ust. 3
art. 147 ust. 1
art. 147 ust. 1
art. 13 ust. 4
art. 11 ust. 1
art. 24 ust. 1
art. 17 ust. 2
art. 217 ust. 3
art. 147 ust. 1
art. 147 ust. 1
art. 13 ust. 4
art. 13 ust. 2
art. 15 ust. 2
art. 17 
art. 2 ust. 1
 ust. 1
art. 147 ust. 1
 ust. 5
 ust. 1
art. 13 ust. 3
art. 15 ust. 1
art. 17 ust. 2
art. 20 ust. 1
art. 24 ust. 5
art. 23 ust. 1
art. 15 ust. 1
art. 12 ust. 2
art. 24 ust. 2
art. 15 ust. 1
art. 24 ust. 5
art. 25 ust. 1
art. 26 ust. 1
art. 11 ust. 1
art. 24 ust. 1
art. 26 ust. 1
art. 26 ust. 1
art. 26 ust. 1
 ust. 1
art. 29 ust. 3
art. 19 ust. 1
art. 20 ust. 1
art. 20 ust. 4
art. 20 ust. 2
art. 101 ust. 5
art. 21 ust. 2
art. 26 ust. 1
art. 24 ust. 1
art. 25 ust. 1
art. 181 ust. 1
art. 181 ust. 1
art. 181 ust. 1
art. 157 ust. 1
art. 3 ust. 1
art. 34 ust. 1
art. 42 ust. 7
art. 163 ust. 2
art. 155 ust. 3
art. 101 ust. 5
art. 101 ust. 2
art. 101 ust. 5
art. 105 ust. 1
art. 101 ust. 5
art. 1 ust. 1
art. 20 ust. 1
art. 106 ust. 2
art. 35 ust. 2
art. 362 ust. 6
art. 13 ust. 3
art. 15 ust. 1
art. 101 ust. 4
art. 13 
art. 9 ust. 1
art. 9 
art. 101 
art. 13 ust. 2
art. 102 
art. 35 ust. 2
art. 106 ust. 2
art. 35 ust. 2
art. 107 ust. 1
art. 35 ust. 2
art. 108 ust. 1
art. 35 ust. 2
art. 362 ust. 6
art. 13 ust. 3
art. 15 ust. 1
art. 17 ust. 2
art. 20 ust. 1
art. 23 ust. 4
art. 9 ust. 1
art. 9 
art. 101 ust. 2
art. 13 ust. 2
art. 9 ust. 2
art. 101 ust. 1
art. 15 ust. 1
art. 135 ust. 2
art. 135 ust. 2
art. 157 ust. 1
art. 157 ust. 2
art. 1 ust. 1
art. 157 ust. 2
art. 146 ust. 3
art. 146 ust. 1
art. 152 ust. 4
art. 190 ust. 3
art. 201 ust. 2
art. 181 ust. 1
art. 201 ust. 2
art. 188 ust. 1
art. 211 ust. 5
art. 201 ust. 2
art. 201 ust. 2
art. 1 ust. 2
art. 201 ust. 2
art. 1 ust. 3
art. 28 ust. 2
art. 208 ust. 2
art. 1 ust. 1
art. 1 
 ust. 1
art. 195 ust. 1
art. 157 ust. 2
art. 23 ust. 2
art. 215 ust. 1
art. 215 ust. 4
art. 215 ust. 5
art. 28 ust. 1
art. 25 ust. 1
art. 11 ust. 1
art. 24 ust. 1
art. 26 ust. 1
art. 26 ust. 1
art. 26 ust. 1
art. 11 ust. 1
art. 24 ust. 1
art. 26 ust. 1
art. 26 ust. 2
art. 201 ust. 2
art. 210 ust. 4
art. 101 ust. 5
art. 201 ust. 2
art. 210 ust. 4
art. 145 ust. 1
art. 146 ust. 2
art. 146 ust. 3
art. 148 ust. 1
art. 148 ust. 1
art. 153 ust. 1
art. 153 ust. 1
art. 169 ust. 1
art. 169 ust. 1
art. 169 ust. 1
art. 28 ust. 3
art. 26 ust. 7
