
art. 20 ust. 1
art. 33 ust. 5
art. 59 ust. 3
art. 66 ust. 1
art. 68 ust. 1
art. 80 ust. 1
art. 66 ust. 19
art. 66 ust. 19
art. 80 ust. 1
 ust. 17
art. 68 ust. 1
art. 68 ust. 1
art. 68 ust. 1
art. 71 ust. 5
art. 59 ust. 2
art. 72 ust. 2
art. 77 ust. 3
 ust. 1
art. 73 ust. 4
art. 78 ust. 1
art. 73 ust. 5
art. 73 ust. 5
art. 73 ust. 5
art. 46 ust. 5
art. 79 ust. 1
art. 80 ust. 1
art. 81 ust. 4
art. 110 ust. 1
art. 111 ust. 1
art. 110 ust. 1
art. 113 ust. 1
art. 110 ust. 1
art. 132 ust. 1
art. 9 ust. 4
art. 12 ust. 1
art. 12 
art. 66 ust. 1
art. 1 ust. 1
art. 68 ust. 13
art. 68 ust. 19
