
art. 24 ust. 7
art. 32 ust. 2
art. 21 ust. 1
art. 23 ust. 1
art. 70 ust. 4
art. 70 
art. 36 ust. 1
art. 70 ust. 6
art. 70 
art. 70 ust. 7
art. 70 ust. 1
art. 36 ust. 6
art. 24 ust. 3
art. 70 ust. 2
art. 70 ust. 1
art. 24 ust. 6
art. 24 ust. 1
art. 24 ust. 4
art. 70 ust. 4
art. 70 ust. 1
art. 70 ust. 1
art. 33 ust. 1
art. 33 ust. 1
art. 1 ust. 1
art. 1 
art. 1 ust. 2
art. 1 
 ust. 1
 ust. 1
art. 1 ust. 1
art. 1 
art. 1 ust. 1
art. 1 
art. 33 ust. 1
art. 1 ust. 2
art. 1 
art. 70 ust. 4
art. 1 ust. 4
art. 1 
art. 2 ust. 4
