
art. 77 ust. 2
art. 85 ust. 1
art. 24 ust. 6
art. 54 ust. 2
art. 35 ust. 1
art. 93 ust. 2
art. 100 ust. 1
art. 102 ust. 1
art. 104 ust. 4
art. 116 ust. 1
art. 118 ust. 1
art. 119 ust. 1
art. 122 ust. 1
art. 129 ust. 1
art. 130 ust. 1
art. 3 ust. 1
art. 2 ust. 1
art. 5 ust. 4
art. 3 ust. 2
art. 7 ust. 1
art. 1 ust. 1
art. 1 
art. 7 ust. 1
art. 104 ust. 8
art. 6 ust. 1
art. 3 ust. 1
art. 2 ust. 1
art. 7 ust. 1
art. 1 ust. 1
art. 5 ust. 1
art. 90 ust. 1
art. 15 ust. 1
art. 2 ust. 1
art. 3 ust. 1
art. 75 ust. 2
art. 76 ust. 2
art. 7 ust. 1
art. 6 ust. 1
art. 6 ust. 1
art. 7 ust. 1
art. 7 ust. 1
art. 7 ust. 1
art. 7 ust. 2
art. 6 ust. 8
art. 90 ust. 5
art. 15 ust. 6
art. 2 ust. 3
art. 3 ust. 3
art. 94 ust. 2
art. 29 ust. 10
