
art. 3 ust. 2
art. 775 ust. 8
art. 3 ust. 2
art. 3 ust. 2
art. 5 ust. 2
art. 16 ust. 6
art. 36 ust. 1
art. 1 ust. 2
art. 1 ust. 2
art. 3 ust. 2
art. 1 ust. 4
ust. 3

art. 16 ust. 3
art. 30 ust. 2
art. 775 ust. 1
art. 16 ust. 6
art. 16 ust. 3
art. 16 
art. 19 ust. 3
ust. 1

art. 23 ust. 7
art. 16 ust. 1
art. 13 ust. 1
art. 14 ust. 1
ust. 1

art. 30 ust. 1
art. 30 ust. 1
art. 30 ust. 1
art. 30 ust. 1
art. 12 ust. 1
art. 12 ust. 1
art. 12 ust. 1
art. 5 ust. 2
art. 31 ust. 1
art. 2 ust. 1
art. 41 ust. 1
art. 42 ust. 3
art. 41 ust. 1
art. 48 ust. 2
art. 48 ust. 4
art. 41 ust. 1
art. 41 ust. 2
