
art. 2 ust. 1
art. 2 ust. 1
art. 3 ust. 4
art. 37 ust. 2
art. 37 ust. 2
art. 38 ust. 2
art. 38 ust. 1
art. 25 ust. 9
art. 25 
art. 25 ust. 1
art. 25 
art. 191 ust. 1
art. 38 ust. 1
art. 38 ust. 14
art. 38 ust. 1
art. 38 ust. 1
art. 39 ust. 5
art. 42 ust. 1
art. 48 ust. 3
art. 43 ust. 1
art. 46 ust. 3
art. 191 ust. 1
art. 38 ust. 1
art. 38 ust. 1
art. 167 ust. 3
art. 54 ust. 3
art. 48 ust. 2
art. 48 ust. 5
art. 48 ust. 2
art. 48 ust. 5
art. 72 ust. 2
art. 73 ust. 1
art. 100 ust. 1
art. 100 ust. 1
art. 73 ust. 1
art. 100 ust. 1
art. 75 ust. 1
art. 100 ust. 1
art. 73 ust. 3
art. 76 ust. 4
art. 76 ust. 3
art. 80 ust. 1
art. 73 ust. 3
art. 100 ust. 1
art. 81 ust. 1
art. 80 ust. 1
art. 87 ust. 1
art. 4 ust. 3
art. 4 ust. 3
art. 86 ust. 2
art. 88 ust. 5
art. 96 ust. 1
art. 7 ust. 8
art. 7 
art. 100 ust. 2
art. 100 ust. 1
art. 73 
art. 73 ust. 3
art. 100 ust. 1
art. 103 ust. 1
art. 101 ust. 3
art. 108 ust. 4
art. 111 ust. 3
art. 114 ust. 2
art. 114 ust. 1
art. 114 ust. 2
art. 3 ust. 2
art. 3 ust. 3
art. 34 ust. 1
art. 34 
art. 233 ust. 6
art. 233 
art. 122 ust. 2
art. 122 ust. 2
art. 122 ust. 2
art. 2 ust. 1
art. 42 ust. 2
art. 38 ust. 2
art. 35 ust. 1
art. 31 ust. 1
art. 4 ust. 1
art. 100 ust. 2
art. 73 ust. 3
art. 108 ust. 1
art. 73 ust. 3
art. 111 ust. 1
art. 38 ust. 1
art. 38 ust. 1
art. 38 ust. 1
art. 1 ust. 1
art. 1 
art. 48 ust. 1
art. 1 ust. 1
art. 1 
art. 48 ust. 1
art. 114 ust. 2
art. 114 ust. 6
art. 114 ust. 6
art. 114 ust. 1
art. 1 ust. 2
art. 1 
art. 114 ust. 1
art. 114 ust. 6
art. 114 ust. 1
art. 114 ust. 6
art. 1 ust. 1
art. 1 
art. 114 ust. 8
art. 114 ust. 6
art. 100 ust. 1
art. 100 ust. 1
art. 100 ust. 1
art. 100 ust. 1
art. 38 ust. 6
art. 38 ust. 16
art. 95 ust. 1
art. 36 ust. 2
art. 95 ust. 1
art. 36 ust. 2
art. 95 ust. 1
art. 95 ust. 1
art. 127 ust. 1
art. 36 ust. 2
art. 95 ust. 1
art. 48 ust. 5
