
art. 4 ust. 1
art. 7 ust. 3
art. 3 
art. 3 ust. 2
art. 9 ust. 5
art. 3 ust. 2
art. 15 ust. 3
 ust. 1
art. 10 ust. 1
art. 15 ust. 1
art. 16 ust. 1
art. 12 ust. 4
art. 15 ust. 1
art. 16 ust. 1
art. 3 ust. 1
art. 3 ust. 2
art. 3 ust. 1
art. 11 ust. 4
art. 9 ust. 6
art. 14 ust. 8
art. 3 ust. 2
art. 12 ust. 1
art. 14 ust. 2
art. 15 ust. 1
art. 16 ust. 1
art. 17 ust. 1
art. 33 ust. 4
art. 16 ust. 1
art. 16 ust. 1
art. 27 ust. 1
art. 16 ust. 1
 
 ust. 1
 ust. 2
 
 ust. 10
 ust. 10
 ust. 9
 ust. 1
art. 16 ust. 3
 ust. 3
art. 16 ust. 1
art. 16 ust. 1
 ust. 2
 ust. 4
 
 ust. 7
art. 16 ust. 4
art. 16 ust. 1
 ust. 7
art. 16 
art. 14 ust. 7
art. 17 ust. 1
 ust. 8
 
art. 25 ust. 8
art. 18 ust. 1
art. 3 ust. 2
art. 7 ust. 3
art. 7 ust. 1
art. 27 ust. 1
art. 3 ust. 2
art. 20 ust. 1
art. 3 ust. 1
art. 17 ust. 1
art. 27 ust. 1
art. 21 ust. 3
art. 22 ust. 1
art. 25 ust. 1
art. 16 ust. 11
 ust. 1
art. 17 
art. 27 ust. 1
art. 25 ust. 1
art. 10 ust. 2
art. 22 ust. 1
art. 26 ust. 1
art. 21 ust. 1
art. 21 
art. 22 ust. 1
art. 21 ust. 3
art. 22 ust. 4
art. 21 ust. 3
art. 22 ust. 4
art. 21 ust. 1
art. 3 ust. 2
art. 3 ust. 2
art. 3 ust. 2
art. 3 ust. 1
art. 3 ust. 2
art. 21 ust. 1
art. 22 ust. 1
art. 17 ust. 1
art. 10 ust. 1
art. 22 ust. 1
art. 3 ust. 2
art. 22 ust. 4
art. 26 
art. 3 ust. 2
art. 28 ust. 1
art. 26 
art. 16 ust. 1
art. 16 ust. 4
art. 16 ust. 1
art. 16 ust. 1
art. 12 ust. 3
art. 12 ust. 3
art. 10 ust. 2
art. 3 ust. 1
art. 22 ust. 4
art. 17 ust. 1
