
art. 7 ust. 1
art. 19 ust. 1
ust. 1

art. 10 ust. 1
art. 12 ust. 1
art. 32 ust. 1
art. 18 ust. 2
ust. 1

art. 286 ust. 1
art. 286 
art. 18 ust. 2
art. 19 ust. 1
art. 18 ust. 2
art. 19 ust. 1
art. 25 ust. 1
art. 15 ust. 1
art. 25 ust. 1
ust. 1
art. 50 ust. 1
art. 7 ust. 2
 ust. 4
art. 50 ust. 1
art. 50 ust. 1
art. 2 ust. 1
art. 18 ust. 3
art. 19 ust. 2
art. 50 ust. 1
art. 15 ust. 1
art. 25 ust. 1
art. 15 ust. 1
art. 14 ust. 4
art. 15 ust. 2
art. 1620 ust. 1
art. 57 ust. 1
art. 57 ust. 1
art. 57 ust. 1
art. 25 ust. 1
art. 57 ust. 3
art. 25 ust. 1
art. 57 ust. 3
