
art. 3 ust. 1
art. 5 ust. 1
art. 62 ust. 1
art. 67 ust. 1
art. 13 ust. 1
art. 11 ust. 8
art. 24 ust. 1
art. 154 ust. 1
art. 38 ust. 6
art. 40 ust. 5
art. 11 ust. 8
art. 11 ust. 8
art. 11 ust. 8
art. 46 ust. 3
art. 50 ust. 2
art. 11 ust. 8
art. 11 ust. 8
art. 11 ust. 8
art. 11 ust. 8
art. 11 ust. 8
art. 11 ust. 8
art. 62 ust. 2
art. 67 ust. 1
art. 11 ust. 8
art. 84 ust. 2
art. 11 ust. 8
art. 11 ust. 8
art. 90 ust. 1
art. 91 ust. 2
art. 92 ust. 1
art. 94 ust. 1
art. 93 ust. 1
art. 27 ust. 2
art. 11 ust. 8
art. 27 ust. 2
art. 11 ust. 8
art. 11 ust. 8
art. 93 ust. 1
art. 95 ust. 3
art. 96 ust. 3
art. 101 ust. 1
art. 60 ust. 2
art. 64 ust. 1
art. 132 ust. 1
art. 3 ust. 1
art. 3 ust. 1
art. 3 ust. 1
art. 134 ust. 3
art. 12 ust. 2
art. 140 ust. 3
art. 143 ust. 1
art. 144 ust. 2
art. 140 ust. 3
art. 144 ust. 1
art. 146 ust. 1
art. 94 ust. 1
art. 183 ust. 1
art. 94 ust. 1
art. 101 ust. 1
 ust. 1
art. 94 ust. 1
art. 192 ust. 3
art. 189 ust. 1
art. 189 
art. 165 ust. 2
art. 169 ust. 3
art. 170 ust. 2
art. 171 
art. 167 ust. 6
art. 170 ust. 1
art. 183 ust. 2
art. 172 ust. 1
art. 11 ust. 8
art. 27 ust. 2
art. 180 ust. 2
art. 27 
art. 11 ust. 8
art. 27 
art. 11 ust. 8
art. 11 ust. 8
art. 11 ust. 8
art. 11 ust. 8
art. 183 ust. 1
art. 188 ust. 3
art. 186 ust. 3
art. 186 ust. 2
art. 186 ust. 2
art. 186 
art. 180 ust. 3
art. 188 ust. 2
art. 11 ust. 8
art. 180 ust. 2
art. 180 ust. 5
art. 146 ust. 1
 ust. 3
 
art. 189 
art. 186 ust. 6
art. 192 ust. 3
art. 94 ust. 1
art. 183 ust. 1
art. 192 ust. 3
art. 3 ust. 1
art. 200 ust. 1
art. 202 ust. 1
art. 17 ust. 1
art. 27 ust. 1
art. 21 ust. 1
art. 29 ust. 1
 ust. 3
 ust. 3
art. 29 ust. 2
art. 21 ust. 1
art. 29 
art. 30 ust. 1
art. 30 
art. 30 ust. 7
art. 30 ust. 4
