
art. 2 ust. 5
art. 10 ust. 1
art. 3 ust. 1
 ust. 1
art. 2 ust. 1
art. 2 ust. 1
art. 2 ust. 1
art. 2 ust. 2
art. 46 ust. 5
art. 47 ust. 4
art. 48 ust. 4
art. 48 ust. 4
art. 48 ust. 5
art. 49 ust. 5
art. 46 ust. 5
art. 47 ust. 4
art. 48 ust. 4
art. 48 ust. 4
art. 48 ust. 5
art. 49 ust. 5
art. 2 ust. 1
art. 2 ust. 1
 ust. 1
art. 2 ust. 1
art. 4 ust. 1
art. 4 ust. 1
art. 8 ust. 2
art. 81 ust. 2
art. 3 ust. 1
art. 33 ust. 3
art. 37 ust. 10
art. 3 ust. 1
art. 42 ust. 1
 ust. 4
art. 43 ust. 4
art. 44 ust. 4
art. 43 ust. 4
art. 44 ust. 10
art. 46 ust. 5
art. 47 ust. 4
art. 48 ust. 4
art. 48 ust. 4
art. 48 ust. 5
art. 49 ust. 1
 ust. 2
art. 60 ust. 2
art. 61 ust. 5
art. 61 
art. 50 ust. 2
art. 55 ust. 2
art. 49 ust. 2
art. 49 ust. 2
art. 56 ust. 1
art. 60 ust. 2
art. 60 ust. 2
art. 69 ust. 4
art. 3 ust. 1
art. 59 ust. 2
art. 56 ust. 3
art. 58 ust. 5
art. 3 ust. 1
art. 63 ust. 2
art. 63 ust. 1
art. 55 ust. 1
art. 63 ust. 2
art. 55 ust. 1
art. 63 ust. 1
art. 63 ust. 2
art. 63 ust. 1
art. 63 ust. 1
art. 63 ust. 1
art. 63 ust. 1
art. 52 ust. 1
art. 64 ust. 1
art. 65 ust. 1
art. 49 ust. 2
art. 60 ust. 2
art. 61 ust. 8
art. 61 
art. 66 ust. 4
art. 69 ust. 1
art. 63 ust. 1
art. 63 ust. 1
art. 56 ust. 2
art. 74 ust. 2
art. 24 ust. 6
art. 4 ust. 2
art. 3 ust. 3
art. 4 ust. 1
art. 2 ust. 5
art. 3 ust. 3
art. 3 ust. 3
art. 44 ust. 10
