
art. 19 ust. 1
art. 5 ust. 4
art. 9 ust. 2
art. 6 ust. 2
art. 6 ust. 2
art. 13 ust. 5
art. 14 ust. 1
art. 477 ust. 1
art. 477 
art. 15 ust. 3
art. 15 ust. 1
art. 21 ust. 1
art. 15 ust. 5
art. 22 ust. 1
art. 22 
ust. 1
art. 25 ust. 9
art. 25 ust. 5
art. 25 
 ust. 5
 ust. 6
 
art. 27 ust. 1
art. 32 ust. 1
art. 53 ust. 1
art. 19 ust. 3
art. 55 ust. 2
art. 21 ust. 1
art. 62 ust. 1
art. 53 ust. 3
art. 70 ust. 5
art. 87 ust. 3
art. 6 ust. 2
art. 98 ust. 2
art. 139 ust. 1
art. 111 ust. 1
art. 114 ust. 1
art. 115 ust. 2
art. 118 ust. 1
art. 119 ust. 1
art. 134 ust. 1
art. 127 ust. 1
art. 104 ust. 1
art. 104 ust. 1
art. 130 ust. 2
art. 131 ust. 1
art. 131 ust. 1
art. 131 ust. 1
art. 74 ust. 2
art. 134 ust. 2
art. 144 ust. 1
art. 139 ust. 1
art. 98 ust. 3
art. 140 ust. 3
art. 139 ust. 1
art. 139 ust. 1
art. 139 ust. 1
art. 139 ust. 1
art. 141 ust. 1
art. 139 ust. 1
art. 139 ust. 1
art. 139 ust. 1
art. 134 ust. 1
art. 144 ust. 1
art. 104 ust. 1
art. 173 ust. 4
art. 25 ust. 3
art. 25 ust. 5
art. 25 ust. 3
art. 25 ust. 6
art. 174 ust. 2
art. 5 ust. 2
art. 17 ust. 1
art. 15 ust. 1
art. 7 ust. 4
art. 175 ust. 1
art. 85 ust. 1
art. 6 ust. 2
art. 6 ust. 2
art. 20 ust. 2
art. 20 
art. 85 ust. 1
art. 7 ust. 4
art. 80 ust. 1
art. 6 ust. 1
art. 9 ust. 4
 ust. 8
art. 8 ust. 15
art. 6 ust. 1
art. 12 ust. 2
art. 6 ust. 1
art. 16 ust. 1
art. 17 ust. 1
art. 16 ust. 1
art. 18 ust. 1
art. 22 ust. 3
art. 23 ust. 1
art. 24 ust. 2
art. 25 ust. 2
art. 25 
art. 26 ust. 5
art. 27 ust. 1
art. 28 ust. 3
art. 36 ust. 2
art. 40 ust. 1
 ust. 1
art. 24 ust. 1
 ust. 1
art. 41 ust. 6
art. 47 ust. 10
art. 49 ust. 1
art. 50 ust. 2
art. 36 ust. 10
art. 61 ust. 4
art. 68 ust. 1
art. 77 ust. 3
art. 83 ust. 4
art. 84 ust. 4
art. 24 ust. 5
art. 85 ust. 1
art. 139 ust. 2
art. 138 ust. 1
art. 6 ust. 2
art. 10 ust. 2
art. 13 ust. 1
art. 4 ust. 1
art. 15 ust. 2
art. 18 ust. 3
art. 10 ust. 2
art. 23 ust. 5
art. 10 ust. 2
art. 53 ust. 2
art. 59 ust. 9
art. 61 ust. 1
art. 66 ust. 2
art. 59 ust. 6
art. 70 ust. 2
art. 3 ust. 3
art. 5 ust. 1
art. 6 ust. 2
art. 47 ust. 3
art. 9 ust. 3
art. 11 ust. 2
art. 15 ust. 2
art. 6 ust. 1
art. 31 ust. 7
art. 28 ust. 2
art. 34 ust. 5
art. 49 ust. 3
art. 49 
art. 53 ust. 5
art. 2 ust. 1
art. 2 ust. 2
art. 13 ust. 5
art. 50 ust. 2
art. 1 ust. 6
art. 33 ust. 2
art. 215 ust. 2
art. 273 ust. 1
art. 14 ust. 1
