
art. 2 ust. 1
art. 6 ust. 7
art. 2 ust. 1
art. 2 ust. 1
art. 4 ust. 1
art. 4 ust. 2
art. 4 ust. 1
art. 4 ust. 1
art. 47 ust. 1
art. 9 ust. 1
art. 9 ust. 3
 ust. 1
art. 4 ust. 3
 ust. 3
 ust. 6
art. 5 ust. 4
 ust. 6
 ust. 8
 ust. 8
art. 11 ust. 4
art. 2 ust. 1
art. 23 ust. 2
art. 5 ust. 4
art. 5 ust. 2
art. 6 ust. 1
art. 97 ust. 8
art. 97 
art. 6 ust. 1
art. 6 ust. 3
art. 6 ust. 3
art. 6 ust. 1
art. 6 ust. 4
art. 6 ust. 1
art. 6 ust. 1
art. 7 ust. 2
art. 7 ust. 8
art. 233 ust. 8
art. 233 
art. 7 ust. 1
art. 9 ust. 3
art. 9 ust. 4
art. 9 ust. 1
art. 9 ust. 1
art. 9 ust. 1
 ust. 1
art. 2 ust. 1
art. 2 
 ust. 1
 ust. 1
art. 9 ust. 1
art. 9 ust. 1
art. 4 ust. 2
art. 9 ust. 3
art. 9 ust. 7
art. 9 ust. 1
art. 4 ust. 2
art. 4 
art. 9 ust. 8
art. 9 ust. 7
art. 9 ust. 7
art. 9 ust. 3
art. 4 ust. 1
art. 9 ust. 6
art. 9 ust. 1
art. 9 ust. 6
art. 9 ust. 1
art. 9 ust. 1
art. 9 ust. 7
art. 9 ust. 7
art. 16 ust. 2
art. 16 ust. 2
art. 16 ust. 13
art. 79 ust. 1
art. 9 ust. 1
art. 9 ust. 3
art. 9 ust. 3
art. 9 
art. 9 ust. 1
art. 9 ust. 1
art. 9 ust. 1
art. 9 ust. 7
art. 9 ust. 3
art. 16 ust. 2
art. 9 ust. 11
art. 9 ust. 1
art. 9 ust. 1
art. 9 ust. 1
art. 9 ust. 1
 ust. 1
 ust. 1
art. 9 ust. 1
art. 9 ust. 1
art. 23 ust. 2
art. 9 ust. 1
art. 11 
ust. 2

art. 11 ust. 1
art. 11 ust. 3
art. 11 ust. 1
art. 11 ust. 2
art. 11 ust. 1
art. 11 
art. 18 ust. 1
art. 8 ust. 3
art. 8 ust. 3
art. 9 ust. 3
art. 15 ust. 5
art. 20 ust. 1
art. 20 ust. 2
art. 20 ust. 2
art. 2 ust. 2
art. 2 
art. 20 ust. 2
art. 20 ust. 3
 ust. 1
art. 23 ust. 2
art. 20 ust. 1
art. 20 ust. 1
art. 20 ust. 3
art. 20 
art. 20 ust. 2
art. 20 ust. 1
art. 20 ust. 3
art. 20 ust. 1
art. 233 ust. 1
art. 233 
art. 20 ust. 3
art. 20 ust. 3
art. 20 ust. 3
art. 20 ust. 1
art. 233 ust. 1
art. 233 
art. 20 ust. 1
art. 20 
art. 20 ust. 1
art. 20 ust. 1
art. 20 ust. 3
art. 20 ust. 1
art. 20 ust. 2
art. 20 ust. 2
art. 20 ust. 1
art. 20 ust. 1
art. 20 ust. 1
art. 20 ust. 4
art. 20 ust. 1
art. 20 ust. 2
art. 20 ust. 1
art. 20 ust. 1
art. 20 ust. 1
art. 20 ust. 3
art. 20 ust. 1
art. 20 ust. 2
art. 20 ust. 1
art. 20 ust. 1
art. 20 ust. 2
art. 20 ust. 2
art. 20 ust. 1
art. 20 ust. 2
art. 20 ust. 1
art. 20 ust. 1
art. 21 ust. 2
 ust. 2
art. 49 ust. 1
 ust. 5
art. 23 ust. 2
art. 49 ust. 1
art. 49 ust. 1
art. 9 ust. 3
art. 18 ust. 2
art. 16 ust. 2
art. 15 ust. 3
art. 24 ust. 1
art. 23 ust. 2
art. 32 ust. 1
art. 48 ust. 2
art. 44 ust. 1
art. 49 ust. 1
art. 49 
art. 24 ust. 1
art. 24 
art. 4 ust. 1
art. 4 
art. 49 ust. 1
ust. 1

art. 20 ust. 2
art. 55 ust. 1
art. 20 ust. 2
art. 20 ust. 2
art. 55 ust. 1
art. 20 ust. 2
art. 55 ust. 1
art. 20 ust. 2
art. 20 ust. 2
art. 20 ust. 2
art. 56 ust. 1
art. 7 ust. 8
art. 9 ust. 3
art. 9 ust. 8
art. 11 ust. 3
art. 11 ust. 5
art. 16 ust. 21
art. 9 ust. 8
art. 9 ust. 12
art. 9 ust. 11
art. 9 ust. 5
art. 16 ust. 18
art. 16 ust. 2
art. 49 ust. 1
art. 49 ust. 1
art. 49 ust. 1
art. 9 ust. 1
art. 5 ust. 2
art. 29 ust. 2
art. 9 ust. 3
art. 33 ust.1
art. 38 ust. 2
art. 2 ust. 1
art. 2 ust. 1
art. 3 ust. 1
art. 5 ust. 2
art. 25 ust. 2
art. 25 
art. 2 ust. 1
art. 2 ust. 1
art. 21 ust. 3
art. 9 ust. 3
art. 2 ust. 5
art. 9 ust. 2
art. 5 ust. 3
art. 48 ust. 2
art. 50 ust. 1
art. 14 ust. 2
art. 15 ust. 5
art. 2 ust. 3
art. 15 ust. 2
art. 9 ust. 3
art. 50 ust. 1
art. 16 ust. 2
art. 18 ust. 3
art. 14 ust. 2
art. 17 ust. 1
art. 17 
art. 16 ust. 2
art. 24 ust. 1
art. 7 ust. 3
art. 7 ust. 3
art. 50 ust. 1
art. 9 ust. 3
art. 2 ust. 1
art. 9 ust. 3
art. 56 ust. 1
art. 3 ust. 1
art. 37 ust. 3
art. 37 ust. 3
art. 3 ust. 3
art. 67 ust. 5
art. 68 ust. 2
art. 139 ust. 1
art. 138 ust. 1
art. 132 ust. 1
art. 68 ust. 14
art. 24 ust.1
art. 7 ust. 2
art. 1 ust. 1
art. 1 
art. 7 ust. 2
art. 1 ust. 1
art. 1 
art. 9 ust. 1
art. 9 ust. 2
art. 9 ust. 1
art. 21 ust. 6
art. 6 ust. 4
art. 9 ust. 3
art. 6 ust. 8
art. 9 ust. 3
ust. 1

art. 4 ust. 3
art. 49 ust. 1
art. 11 ust. 1
art. 23 ust. 2
art. 9 ust. 1
art. 9 ust. 1
art. 1 ust. 1
art. 1 
art. 9 ust. 1
art. 9 ust. 1
art. 9 ust. 8
art. 9 ust. 1
art. 1 ust. 1
art. 1 
art. 9 ust 1
ust.1

