
art. 6 ust. 2
art. 3 ust. 1
art. 9 ust. 1
art. 6 ust. 1
art. 6 ust. 2
art. 6 ust. 3
art. 6 ust. 4
art. 9 ust. 1
art. 14 ust. 2
art. 91 ust. 2
art. 91 
art. 91 ust. 7
art. 17 ust. 1
art. 21 ust. 1
art. 24 ust. 15
art. 143 ust. 2
art. 22 ust. 1
art. 11 ust. 2
art. 11 ust. 2
art. 11 ust. 2
art. 22 ust. 1
art. 22 ust. 1
art. 11 ust. 2
art. 23 ust. 1
art. 12 ust. 1
art. 21 ust. 1
art. 91 ust. 7
art. 24 ust. 5
art. 22 ust. 1
art. 23 ust. 1
 ust. 10
 ust. 15
 
art. 26 ust. 1
art. 24 ust. 3
art. 24 ust. 1
art. 24 ust. 1
art. 21 ust. 5
art. 45 ust. 1
art. 27 ust. 1
art. 44 ust. 4
art. 27 ust. 1
art. 27 ust. 1
art. 45 ust. 1
art. 30 ust. 1
art. 30 ust. 1
art. 52 ust. 3
art. 3 ust. 1
art. 3 ust. 1
art. 42 ust. 5
art. 45 ust. 1
art. 30 ust. 1
 ust. 2
art. 22 ust. 1
art. 23 ust. 1
art. 3 ust. 1
art. 3 ust. 1
art. 3 ust. 1
art. 42 ust. 5
art. 30 ust. 10
art. 32 ust. 1
art. 34 ust. 7
art. 3 ust. 2
art. 3 ust. 2
art. 21 ust. 1
art. 37 ust. 1
art. 35 ust. 1
art. 41 ust. 1
art. 42 ust. 3
art. 20 ust. 1
art. 3 ust. 2
art. 12 ust. 1
art. 22 ust. 2
art. 26 ust. 1
art. 32 ust. 3
art. 27 ust. 1
art. 38 ust. 1
art. 39 ust. 1
art. 44 ust. 3
art. 45 ust. 3
art. 28 ust. 3
art. 6 ust. 1
art. 8 ust. 1
art. 8 ust. 1
art. 6 ust. 1
art. 21 ust. 1
art. 11 ust. 2
art. 9 ust. 3
art. 26 ust. 57
art. 26 ust. 3
art. 26 
art. 6 ust. 1
art. 14 ust. 1
art. 21 ust. 2
 ust. 5
art. 15 ust. 1
 ust. 3
art. 6 ust. 1
art. 6 ust. 1
art. 20 ust. 1
art. 21 ust. 2
art. 21 ust. 1
art. 21 ust. 1
art. 42 ust. 7
art. 42 ust. 5
art. 42 ust. 1
art. 42 ust. 5
art. 21 ust. 1
art. 27 ust. 9
art. 45 ust. 1
art. 1 ust. 1
art. 27 ust. 5
art. 1 ust. 1
art. 1 
art. 26 ust. 1
art. 2 ust. 1
art. 14 ust. 5
art. 2 ust. 1
art. 2 
art. 26 ust. 1
art. 30 ust. 10
art. 30 ust. 5
art. 6 ust. 1
art. 45 ust. 1
art. 30 ust. 10
art. 30 ust. 5
