
art. 3 ust. 2
 ust. 2
 ust. 2
art. 8 ust. 7
art. 9 ust. 8
art. 10 ust. 4
art. 14 ust. 2
art. 17 ust. 1
art. 21 ust. 1
art. 27 ust. 1
art. 3 ust. 2
art. 59 
art. 59 ust. 3
 ust. 1
art. 22 ust. 1
art. 17 ust. 1
art. 18 ust. 1
art. 23 ust. 1
art. 10 ust. 4
art. 24 ust. 5
 ust. 1
art. 27 ust. 1
art. 27 ust. 1
art. 27 ust. 1
art. 22 ust. 1
art. 22 ust. 1
art. 22 ust. 1
art. 22 ust. 3
art. 22 ust. 17
art. 22 ust. 9
art. 23 ust. 1
art. 14 ust. 2
art. 17 ust. 1
art. 22 ust. 1
art. 22 ust. 1
art. 24 ust. 5
art. 22 ust. 1
art. 23 ust. 1
art. 5 ust. 8
 ust. 8
art. 3 ust. 1
art. 13 ust. 11
art. 23 ust. 1
art. 3 ust. 1
art. 3 ust. 12
art. 3 
art. 21 ust. 1
art. 24 ust. 3
art. 25 ust. 4
art. 17 ust. 1
art. 19 ust. 8
art. 25 ust. 2
art. 26 ust. 1
art. 11 ust. 2
art. 6 
art. 27 ust. 1
art. 30 ust. 1
art. 21 ust. 1
art. 30 ust. 2
art. 3 ust. 1
art. 3 ust. 1
art. 3 ust. 1
art. 3 ust. 1
art. 15 ust. 1
art. 22 ust. 16
art. 25 ust. 5
art. 45 ust. 1
art. 3 ust. 2
art. 30 ust. 1
art. 22 ust. 1
 ust. 1
 
 ust. 1
art. 25 ust. 1
art. 22 ust. 11
 ust. 6
art. 25 ust. 1
art. 44 ust. 1
art. 44 ust. 1
art. 45 ust. 1
art. 44 ust. 15
art. 8 ust. 3
art. 9 
art. 1 ust. 2
art. 9 ust. 1
art. 7 ust. 1
art. 8 ust. 3
art. 7 ust. 1
art. 27 ust. 1
art. 2 ust. 1
art. 3 ust. 3
 ust. 4
 ust. 3
art. 45 ust. 1
art. 2 ust. 3
art. 5 ust. 1
art. 6 ust. 4
art. 24 ust. 1
art. 17 ust. 1
art. 7 ust. 1
art. 3 ust. 2
art. 21 ust. 5
art. 7 ust. 1
art. 7 ust. 2
art. 12 ust. 1
art. 1 ust. 3
art. 1 ust. 3
art. 1 ust. 3
art. 1 ust. 3
art. 12 ust. 4
art. 1 ust. 3
art. 1 ust. 3
art. 1 ust. 3
art. 1 ust. 3
art. 1 ust. 3
art. 16 ust. 1
art. 15 ust. 16
art. 4 ust. 1
art. 9 ust. 2
art. 11 ust. 4
art. 7 ust. 1
art. 14 ust. 1
art. 12 ust. 1
art. 16 ust. 1
art. 14 ust. 2
 ust. 1
 ust. 3
art. 7 ust. 1
 ust. 4
 ust. 1
 ust. 1
 ust. 1
art. 3 ust. 1
art. 3 ust. 1
art. 3 ust. 2
art. 3 ust. 1
art. 14 ust. 1
 ust. 1
 ust. 6
art. 3 ust. 2
art. 15 ust. 1
art. 16 ust. 1
art. 130 ust. 1
art. 130 
art. 12 ust. 1
 ust. 1
art. 12 ust. 1
art. 16 ust. 1
 ust. 1
art. 27 ust. 1
art. 7 ust. 3
art. 3 ust. 1
art. 16 ust. 1
art. 7 ust. 3
art. 15 ust. 1
art. 5 ust. 1
 ust. 1
art. 4 ust. 1
art. 4 ust. 1
art. 3 ust. 1
art. 3 ust. 1
art. 5 ust. 1
art. 5 
art. 3 ust. 2
art. 15 ust. 12
art. 16 ust. 1
art. 9 ust. 6
art. 4 ust. 1
art. 7 ust. 3
art. 5 ust. 1
art. 3 ust. 2
art. 9 ust. 6
art. 8 ust. 2
art. 15 ust. 16
art. 15 ust. 16
 ust. 11
art. 16 ust. 1
art. 15 ust. 12
art. 43 ust. 1
 ust. 3
 
 ust. 2
art. 12 ust. 1
art. 16 ust. 1
art. 16 ust. 1
art. 24 ust. 2
 ust. 1
 
 ust. 2
 ust. 1
 ust. 3
 ust. 1
art. 12 ust. 4
 ust. 6
art. 16 ust. 1
art. 16 ust. 1
art. 16 ust. 1
art. 16 ust. 3
art. 16 ust. 13
art. 16 ust. 9
art. 17 ust. 1
art. 24 ust. 1
art. 6 ust. 4
art. 6 ust. 1
art. 18 ust. 1
art. 16 ust. 1
art. 19 ust. 1
art. 22 ust. 1
art. 7 ust. 1
art. 7 ust. 1
art. 1 ust. 3
art. 24 ust. 2
art. 3 ust. 1
art. 3 ust. 1
art. 3 ust. 1
art. 3 ust. 1
art. 9 ust. 1
art. 16 ust. 14
art. 11 ust. 5
art. 27 ust. 2
art. 3 ust. 2
art. 24 ust. 1
art. 16 ust. 1
 ust. 1
 
 ust. 1
art. 11 ust. 1
art. 16 ust. 8
 ust. 6
art. 11 ust. 1
art. 25 ust. 1
art. 25 ust. 1
art. 27 ust. 1
art. 24 ust. 3
art. 24 ust. 6
art. 25 ust. 2
art. 2 ust. 2
art. 25 ust. 1
art. 7 ust. 1
art. 22 ust. 1
art. 26 ust. 1
art. 7 ust. 1
art. 9 ust. 6
art. 7 ust. 1
 ust. 6
art. 7 ust. 1
art. 22 ust. 1
art. 3 ust. 2
art. 4 ust. 7
art. 27 ust. 1
art. 6 ust. 1
art. 17 ust. 1
art. 40 ust. 2
art. 24 ust. 1
art. 24 ust. 2
art. 28 ust. 2
art. 8 ust. 1
art. 9 ust. 7
art. 52 
art. 52 ust. 3
art. 12 ust. 1
art. 6 ust. 1
art. 52 
art. 6 ust. 1
art. 15 ust. 4
art. 52 ust. 3
art. 9 ust. 1
art. 12 ust. 6
art. 21 ust. 1
art. 25 ust. 4
art. 26 ust. 1
art. 11 ust. 4
art. 2 ust. 1
art. 1 ust. 10
art. 7 ust. 1
art. 16 ust. 1
art. 23 ust. 1
art. 16 ust. 1
art. 22 ust. 1
art. 22 ust. 1
art. 22 ust. 3
art. 22 ust. 17
art. 16 ust. 1
art. 16 ust. 3
art. 16 ust. 13
art. 16 ust. 9
art. 2 ust. 2
art. 2 
art. 2 ust. 4
art. 25 ust. 8
art. 11 ust. 9
art. 25 ust. 8
art. 11 ust. 9
art. 52 ust. 3
art. 52 ust. 3
art. 22 ust. 2
art. 22 ust. 2
art. 22 ust. 2
art. 22 ust. 2
art. 16 ust. 2
art. 16 ust. 2
art. 16 ust. 2
