
art. 2 ust. 1
art. 41 ust. 3
art. 8 ust. 1
art. 9 ust. 1
art. 10 ust. 1
art. 35 ust. 5
art. 12 ust. 4
art. 14 ust. 1
art. 14 ust. 1
art. 12 ust. 1
art. 18 ust. 2
art. 85 ust. 2
art. 85 ust. 2
art. 22 ust. 6
art. 33 ust. 4
art. 50 ust. 2
art. 40 
art. 1 ust. 3
art. 34 ust. 3
art. 33 ust. 1
art. 35 ust. 2
art. 36 ust. 5
art. 40 ust. 1
art. 41 ust. 1
art. 72 ust. 1
art. 72 ust. 1
art. 72 ust. 1
art. 40 ust. 3
art. 42 ust. 1
art. 42 ust. 3
art. 72 ust. 1
art. 43 ust. 1
art. 41 ust. 4
art. 42 ust. 1
art. 41 ust. 4
art. 42 ust. 1
art. 46 ust. 1
art. 48 ust. 1
art. 53 ust. 1
art. 53 ust. 3
art. 41 ust. 3
art. 53 ust. 1
art. 42 ust. 5
art. 55 ust. 4
art. 72 ust. 1
art. 41 ust. 3
art. 59 ust. 3
art. 59 ust. 1
art. 46 ust. 1
art. 47 ust. 1
art. 51 ust. 1
art. 53 ust. 1
art. 53 ust. 1
art. 57 ust. 1
art. 59 ust. 1
art. 66 ust. 12
art. 24 ust. 1
art. 71 ust. 1
art. 104 ust. 2
art. 72 ust. 7
art. 48 ust. 1
art. 73 ust. 3
art. 72 ust. 6
art. 75 ust. 1
art. 1 ust. 3
art. 79 ust. 1
art. 41 ust. 1
art. 53 ust. 6
art. 53 ust. 1
art. 80 ust. 2
art. 87 ust. 2
art. 53 ust. 1
art. 88 ust. 8
art. 64 ust. 4
art. 88 ust. 1
art. 88 ust. 3
art. 88 ust. 1
art. 88 ust. 1
art. 88 ust. 1
art. 12 ust. 1
art. 90 ust. 4
art. 92 ust. 2
art. 94 ust. 2
art. 96 ust. 2
art. 97 ust. 2
art. 98 ust. 2
art. 99 ust. 2
art. 92 ust. 2
art. 92 ust. 2
art. 106 ust. 1
art. 106 ust. 2
art. 1 ust. 3
 ust. 4
art. 106 ust. 2
art. 108 ust. 1
art. 12 ust. 3
art. 85 ust. 2
art. 85 ust. 2
art. 21 ust. 1
art. 6 ust. 1
art. 12 ust. 2
art. 1 ust. 1
art. 6 ust. 1
art. 3 ust. 3
art. 5 ust. 1
art. 81 ust. 8
art. 66 ust. 1
art. 72 ust. 1
art. 86 ust. 1
art. 66 ust. 1
art. 10 ust. 1
art. 19 ust. 2
art. 18 ust. 1
art. 10 ust. 1
art. 19 ust. 2
art. 30 ust. 3
art. 4 ust. 5
art. 4 ust. 5
art. 92 ust. 2
art. 73 ust. 6
art. 90 ust. 4
art. 73 ust. 6
art. 90 ust. 4
art. 71 ust. 1
art. 1 ust. 2
art. 1 
