
art. 1 ust. 1
art. 1 ust. 3
art. 2 ust. 1
art. 3 ust. 1
art. 6 ust. 3
art. 7 ust. 3
art. 6 ust. 1
art. 7 ust. 1
art. 6 ust. 1
art. 7 ust. 1
art. 6 ust. 1
art. 7 ust. 1
art. 6 ust. 1
art. 7 ust. 1
art. 12 ust. 4
art. 17 ust. 1
art. 2 ust. 3
art. 19 ust. 2
art. 19 ust. 1
art. 19 
art. 33 ust. 1
art. 34 ust. 2
art. 25 ust. 1
art. 31 ust. 1
art. 16 ust. 1
art. 16 
art. 16 ust. 1
art. 16 
art. 11 ust. 1
art. 11 
art. 11 ust. 5
art. 11 ust. 3
art. 3 ust. 3
art. 3 ust. 13
art. 43 ust. 1
art. 50 ust. 2
art. 7 ust. 5
art. 3 ust. 13
art. 4 ust. 2
art. 2 ust. 5
art. 3 ust. 13
art. 11 ust. 1
art. 11 ust. 3
