
art. 67 ust. 1
art. 23 ust. 1
art. 8 ust. 1
art. 9 ust. 1
art. 8 ust. 1
art. 9 ust. 1
art. 3 ust. 3
art. 11 ust. 2
art. 9 ust. 1
art. 11 ust. 2
art. 15 ust. 1
art. 19 ust. 1
art. 19 
art. 16 ust. 1
art. 6 ust. 5
art. 20 ust. 2
art. 17 ust. 1
art. 17 ust. 1
art. 17 ust. 1
art. 17 ust. 1
art. 17 ust. 1
art. 20 ust. 2
art. 17 ust. 1
art. 16 ust. 2
art. 17 ust. 1
art. 3 ust. 2
art. 9 ust. 2
art. 9 ust. 2
art. 16 ust. 1
art. 16 ust. 1
art. 11 ust. 8
art. 11 ust. 4
 ust. 1
art. 8 ust. 1
art. 9 ust. 1
art. 12 ust. 1
art. 8 ust. 4
art. 8 ust. 1
art. 8 ust. 5
art. 13 ust. 1
art. 411 ust. 1
art. 8 ust. 1
art. 9 ust. 1
art. 8 ust. 4
art. 8 ust. 1
art. 8 ust. 5
art. 12 ust. 1
art. 8 ust. 1
art. 9 ust. 1
art. 13 ust. 1
 ust. 3
art. 8 ust. 1
art. 9 ust. 1
art. 23 ust. 10
 ust. 10
art. 411 ust. 1
art. 29 ust. 1
art. 29 ust. 2
art. 8 ust. 1
art. 9 ust. 1
art. 8 ust. 1
art. 9 ust. 1
art. 411 ust. 1
 ust. 3
art. 29 ust. 1
