
art. 35 ust. 10
art. 21 ust. 1
art. 45 ust. 4
art. 37 ust. 3
art. 45 ust. 4
art. 3 ust. 2
art. 39 ust. 1
art. 45 ust. 4
art. 3 ust. 2
art. 45 ust. 4
art. 3 ust. 2
art. 30 ust. 2
art. 42 ust. 2
art. 45 ust. 4
art. 20 ust. 1
art. 45 ust. 4
art. 3 ust. 2
art. 42 ust. 1
art. 42 ust. 6
art. 45 ust. 4
art. 3 
art. 35 ust. 10
art. 37 ust. 1
art. 38 ust. 1
art. 39 ust. 1
art. 42 ust. 1
art. 42 ust. 5
art. 35 ust. 10
art. 37 ust. 1
art. 39 ust. 1
art. 42 ust. 2
art. 42 ust. 6
art. 39 ust. 3
art. 42 ust. 2
art. 42 
art. 26 ust. 8
art. 27 ust. 1
art. 27 ust. 1
art. 26 ust. 3
art. 45 ust. 2
art. 36 ust. 7
art. 25 ust. 6
art. 52 ust. 3
art. 36 ust. 7
art. 27 ust. 1
