
art. 7 ust. 2
art. 20 ust. 1
art. 28 ust. 1
art. 29 ust. 4
art. 29 ust. 1
 ust. 2
art. 30 ust. 1
art. 29 ust. 3
art. 29 ust. 1
art. 29 ust. 1
art. 29 ust. 2
art. 29 ust. 2
art. 29 ust. 1
art. 29 ust. 2
art. 29 ust. 1
art. 33 ust. 2
art. 35 ust. 1
art. 29 ust. 2
art. 33 ust. 2
art. 35 ust. 1
art. 29 ust. 1
art. 29 ust. 2
art. 391 ust. 7
art. 29 ust. 1
art. 30 ust. 5
art. 32 ust. 4
art. 23 ust. 5
art. 23 
art. 33 ust. 2
art. 35 ust. 1
art. 34 ust. 3
art. 35 ust. 1
art. 20 ust. 1
art. 12 ust. 7
art. 36 ust. 1
art. 29 ust. 1
art. 29 ust. 2
art. 37 ust. 2
art. 28 ust. 1
art. 36 ust. 2
art. 51 ust. 4
art. 38 ust. 1
art. 29 ust. 1
art. 29 ust. 2
art. 71 ust. 1
art. 40 ust. 4
art. 41 ust. 4
art. 29 ust. 1
art. 29 ust. 2
art. 42 ust. 3
art. 29 ust. 1
art. 43 ust. 1
art. 29 ust. 1
art. 29 ust. 1
art. 48 ust. 1
art. 29 ust. 1
art. 49 ust. 3
art. 48 ust. 1
art. 49 ust. 2
art. 49 ust. 2
art. 29 ust. 1
art. 30 ust. 1
art. 29 ust. 1
art. 49 ust. 2
art. 49 ust. 1
art. 49 ust. 4
art. 50 ust. 1
art. 51 ust. 1
art. 36 ust. 1
art. 29 ust. 1
art. 30 ust. 6
art. 49 ust. 5
art. 51 ust. 4
art. 56 ust. 1
art. 57 ust. 1
 ust. 3
art. 56 ust. 1
art. 59 ust. 1
art. 59 ust. 5
art. 71 ust. 2
art. 30 ust. 6
art. 82 ust. 1
art. 29 ust. 1
art. 29 ust. 1
art. 35 ust. 3
art. 35 ust. 8
art. 35 ust. 6
art. 29 ust. 1
art. 30 ust. 5
art. 30 ust. 6
art. 29 ust. 1
 ust. 1
art. 29 ust. 1
art. 83 ust. 1
art. 37 ust. 3
art. 40 ust. 2
art. 41 ust. 4
art. 57 ust. 4
art. 59 ust. 1
art. 59 ust. 1
art. 59 ust. 1
art. 62 ust. 1
art. 67 ust. 1
art. 70 ust. 2
art. 75 ust. 1
art. 97 ust. 1
art. 84 ust. 1
art. 50 ust. 2
art. 29 ust. 1
art. 59 ust. 2
art. 29 ust. 1
art. 29 ust. 1
art. 29 ust. 1
art. 29 ust. 2
art. 29 ust. 1
art. 16 ust. 2
art. 3 ust. 1
art. 29 ust. 1
art. 30 ust. 5
art. 49 ust. 1
art. 49 ust. 4
art. 1 ust. 2
art. 1 
art. 29 ust. 1
art. 82 ust. 7
art. 32 ust. 5
art. 82 ust. 4
art. 32 ust. 5
art. 82 ust. 8
